0:0:0:0:0:0:0:1 -  -  [06/May/2015:21:35:43 +0000] "GET / HTTP/1.1" 200 - "-" "Mozilla/5.0 (Macintosh; Intel Mac OS X 10_9_4) AppleWebKit/537.36 (KHTML, like Gecko) Chrome/42.0.2311.135 Safari/537.36"
0:0:0:0:0:0:0:1 -  -  [06/May/2015:21:35:43 +0000] "GET /favicon.ico HTTP/1.1" 200 - "http://localhost:8081/" "Mozilla/5.0 (Macintosh; Intel Mac OS X 10_9_4) AppleWebKit/537.36 (KHTML, like Gecko) Chrome/42.0.2311.135 Safari/537.36"
0:0:0:0:0:0:0:1 -  -  [06/May/2015:21:35:43 +0000] "GET /files/error.html HTTP/1.1" 200 - "http://localhost:8081/" "Mozilla/5.0 (Macintosh; Intel Mac OS X 10_9_4) AppleWebKit/537.36 (KHTML, like Gecko) Chrome/42.0.2311.135 Safari/537.36"
0:0:0:0:0:0:0:1 -  -  [06/May/2015:21:35:44 +0000] "GET /login HTTP/1.1" 200 - "http://localhost:8081/" "Mozilla/5.0 (Macintosh; Intel Mac OS X 10_9_4) AppleWebKit/537.36 (KHTML, like Gecko) Chrome/42.0.2311.135 Safari/537.36"
0:0:0:0:0:0:0:1 -  -  [06/May/2015:21:35:48 +0000] "POST /userLoginManager HTTP/1.1" 200 - "http://localhost:8081/login" "Mozilla/5.0 (Macintosh; Intel Mac OS X 10_9_4) AppleWebKit/537.36 (KHTML, like Gecko) Chrome/42.0.2311.135 Safari/537.36"
0:0:0:0:0:0:0:1 -  -  [06/May/2015:21:35:49 +0000] "GET /welcome HTTP/1.1" 200 - "http://localhost:8081/login" "Mozilla/5.0 (Macintosh; Intel Mac OS X 10_9_4) AppleWebKit/537.36 (KHTML, like Gecko) Chrome/42.0.2311.135 Safari/537.36"
0:0:0:0:0:0:0:1 -  -  [06/May/2015:21:35:51 +0000] "POST /afterWelcomeBeforeInboxManager HTTP/1.1" 200 - "http://localhost:8081/welcome" "Mozilla/5.0 (Macintosh; Intel Mac OS X 10_9_4) AppleWebKit/537.36 (KHTML, like Gecko) Chrome/42.0.2311.135 Safari/537.36"
0:0:0:0:0:0:0:1 -  -  [06/May/2015:21:35:51 +0000] "GET /inbox HTTP/1.1" 200 - "http://localhost:8081/welcome" "Mozilla/5.0 (Macintosh; Intel Mac OS X 10_9_4) AppleWebKit/537.36 (KHTML, like Gecko) Chrome/42.0.2311.135 Safari/537.36"
0:0:0:0:0:0:0:1 -  -  [06/May/2015:21:37:37 +0000] "GET / HTTP/1.1" 200 - "-" "Mozilla/5.0 (Macintosh; Intel Mac OS X 10_9_4) AppleWebKit/537.36 (KHTML, like Gecko) Chrome/42.0.2311.135 Safari/537.36"
0:0:0:0:0:0:0:1 -  -  [06/May/2015:21:37:38 +0000] "GET /favicon.ico HTTP/1.1" 200 - "http://localhost:8080/" "Mozilla/5.0 (Macintosh; Intel Mac OS X 10_9_4) AppleWebKit/537.36 (KHTML, like Gecko) Chrome/42.0.2311.135 Safari/537.36"
0:0:0:0:0:0:0:1 -  -  [06/May/2015:21:37:38 +0000] "GET /files/error.html HTTP/1.1" 200 - "http://localhost:8080/" "Mozilla/5.0 (Macintosh; Intel Mac OS X 10_9_4) AppleWebKit/537.36 (KHTML, like Gecko) Chrome/42.0.2311.135 Safari/537.36"
0:0:0:0:0:0:0:1 -  -  [06/May/2015:21:40:27 +0000] "GET / HTTP/1.1" 200 - "-" "Mozilla/5.0 (Macintosh; Intel Mac OS X 10_9_4) AppleWebKit/537.36 (KHTML, like Gecko) Chrome/42.0.2311.135 Safari/537.36"
0:0:0:0:0:0:0:1 -  -  [06/May/2015:21:40:37 +0000] "GET / HTTP/1.1" 200 - "-" "Mozilla/5.0 (Macintosh; Intel Mac OS X 10_9_4) AppleWebKit/537.36 (KHTML, like Gecko) Chrome/42.0.2311.135 Safari/537.36"
0:0:0:0:0:0:0:1 -  -  [06/May/2015:21:40:42 +0000] "GET / HTTP/1.1" 200 - "-" "Mozilla/5.0 (Macintosh; Intel Mac OS X 10_9_4) AppleWebKit/537.36 (KHTML, like Gecko) Chrome/42.0.2311.135 Safari/537.36"
0:0:0:0:0:0:0:1 -  -  [06/May/2015:21:40:44 +0000] "GET /login HTTP/1.1" 200 - "http://localhost:8081/" "Mozilla/5.0 (Macintosh; Intel Mac OS X 10_9_4) AppleWebKit/537.36 (KHTML, like Gecko) Chrome/42.0.2311.135 Safari/537.36"
0:0:0:0:0:0:0:1 -  -  [06/May/2015:21:41:45 +0000] "GET / HTTP/1.1" 200 - "-" "Mozilla/5.0 (Macintosh; Intel Mac OS X 10_9_4) AppleWebKit/537.36 (KHTML, like Gecko) Chrome/42.0.2311.135 Safari/537.36"
0:0:0:0:0:0:0:1 -  -  [06/May/2015:21:41:47 +0000] "GET /login HTTP/1.1" 200 - "http://localhost:8080/" "Mozilla/5.0 (Macintosh; Intel Mac OS X 10_9_4) AppleWebKit/537.36 (KHTML, like Gecko) Chrome/42.0.2311.135 Safari/537.36"
0:0:0:0:0:0:0:1 -  -  [06/May/2015:21:41:47 +0000] "GET /files/images/amail.png HTTP/1.1" 200 - "http://localhost:8080/login" "Mozilla/5.0 (Macintosh; Intel Mac OS X 10_9_4) AppleWebKit/537.36 (KHTML, like Gecko) Chrome/42.0.2311.135 Safari/537.36"
0:0:0:0:0:0:0:1 -  -  [06/May/2015:21:41:47 +0000] "GET /files/images/blank_person.png HTTP/1.1" 200 - "http://localhost:8080/login" "Mozilla/5.0 (Macintosh; Intel Mac OS X 10_9_4) AppleWebKit/537.36 (KHTML, like Gecko) Chrome/42.0.2311.135 Safari/537.36"
0:0:0:0:0:0:0:1 -  -  [06/May/2015:21:41:52 +0000] "POST /userLoginManager HTTP/1.1" 200 - "http://localhost:8080/login" "Mozilla/5.0 (Macintosh; Intel Mac OS X 10_9_4) AppleWebKit/537.36 (KHTML, like Gecko) Chrome/42.0.2311.135 Safari/537.36"
0:0:0:0:0:0:0:1 -  -  [06/May/2015:21:41:52 +0000] "GET /welcome HTTP/1.1" 200 - "http://localhost:8080/login" "Mozilla/5.0 (Macintosh; Intel Mac OS X 10_9_4) AppleWebKit/537.36 (KHTML, like Gecko) Chrome/42.0.2311.135 Safari/537.36"
0:0:0:0:0:0:0:1 -  -  [06/May/2015:21:41:54 +0000] "POST /afterWelcomeBeforeInboxManager HTTP/1.1" 200 - "http://localhost:8080/welcome" "Mozilla/5.0 (Macintosh; Intel Mac OS X 10_9_4) AppleWebKit/537.36 (KHTML, like Gecko) Chrome/42.0.2311.135 Safari/537.36"
0:0:0:0:0:0:0:1 -  -  [06/May/2015:21:41:54 +0000] "GET /inbox HTTP/1.1" 200 - "http://localhost:8080/welcome" "Mozilla/5.0 (Macintosh; Intel Mac OS X 10_9_4) AppleWebKit/537.36 (KHTML, like Gecko) Chrome/42.0.2311.135 Safari/537.36"
0:0:0:0:0:0:0:1 -  -  [06/May/2015:21:41:54 +0000] "GET /files/images/left.png HTTP/1.1" 200 - "http://localhost:8080/inbox" "Mozilla/5.0 (Macintosh; Intel Mac OS X 10_9_4) AppleWebKit/537.36 (KHTML, like Gecko) Chrome/42.0.2311.135 Safari/537.36"
0:0:0:0:0:0:0:1 -  -  [06/May/2015:21:41:54 +0000] "GET /files/images/right.png HTTP/1.1" 200 - "http://localhost:8080/inbox" "Mozilla/5.0 (Macintosh; Intel Mac OS X 10_9_4) AppleWebKit/537.36 (KHTML, like Gecko) Chrome/42.0.2311.135 Safari/537.36"
0:0:0:0:0:0:0:1 -  -  [06/May/2015:21:42:28 +0000] "GET /viewEmail?emailID=140&infolder=inbox HTTP/1.1" 200 - "http://localhost:8080/inbox" "Mozilla/5.0 (Macintosh; Intel Mac OS X 10_9_4) AppleWebKit/537.36 (KHTML, like Gecko) Chrome/42.0.2311.135 Safari/537.36"
0:0:0:0:0:0:0:1 -  -  [06/May/2015:21:42:37 +0000] "GET /returnManager?folder=inbox HTTP/1.1" 200 - "http://localhost:8080/viewEmail?emailID=140&infolder=inbox" "Mozilla/5.0 (Macintosh; Intel Mac OS X 10_9_4) AppleWebKit/537.36 (KHTML, like Gecko) Chrome/42.0.2311.135 Safari/537.36"
0:0:0:0:0:0:0:1 -  -  [06/May/2015:21:42:37 +0000] "GET /inbox HTTP/1.1" 200 - "http://localhost:8080/viewEmail?emailID=140&infolder=inbox" "Mozilla/5.0 (Macintosh; Intel Mac OS X 10_9_4) AppleWebKit/537.36 (KHTML, like Gecko) Chrome/42.0.2311.135 Safari/537.36"
0:0:0:0:0:0:0:1 -  -  [06/May/2015:21:53:13 +0000] "GET / HTTP/1.1" 200 - "-" "Mozilla/5.0 (Macintosh; Intel Mac OS X 10_9_4) AppleWebKit/537.36 (KHTML, like Gecko) Chrome/42.0.2311.135 Safari/537.36"
0:0:0:0:0:0:0:1 -  -  [06/May/2015:21:53:15 +0000] "GET /login HTTP/1.1" 200 - "http://localhost:8080/" "Mozilla/5.0 (Macintosh; Intel Mac OS X 10_9_4) AppleWebKit/537.36 (KHTML, like Gecko) Chrome/42.0.2311.135 Safari/537.36"
0:0:0:0:0:0:0:1 -  -  [06/May/2015:21:53:21 +0000] "POST /userLoginManager HTTP/1.1" 200 - "http://localhost:8080/login" "Mozilla/5.0 (Macintosh; Intel Mac OS X 10_9_4) AppleWebKit/537.36 (KHTML, like Gecko) Chrome/42.0.2311.135 Safari/537.36"
0:0:0:0:0:0:0:1 -  -  [06/May/2015:21:53:21 +0000] "GET /welcome HTTP/1.1" 200 - "http://localhost:8080/login" "Mozilla/5.0 (Macintosh; Intel Mac OS X 10_9_4) AppleWebKit/537.36 (KHTML, like Gecko) Chrome/42.0.2311.135 Safari/537.36"
0:0:0:0:0:0:0:1 -  -  [06/May/2015:21:53:22 +0000] "POST /afterWelcomeBeforeInboxManager HTTP/1.1" 200 - "http://localhost:8080/welcome" "Mozilla/5.0 (Macintosh; Intel Mac OS X 10_9_4) AppleWebKit/537.36 (KHTML, like Gecko) Chrome/42.0.2311.135 Safari/537.36"
0:0:0:0:0:0:0:1 -  -  [06/May/2015:21:53:22 +0000] "GET /inbox HTTP/1.1" 200 - "http://localhost:8080/welcome" "Mozilla/5.0 (Macintosh; Intel Mac OS X 10_9_4) AppleWebKit/537.36 (KHTML, like Gecko) Chrome/42.0.2311.135 Safari/537.36"
0:0:0:0:0:0:0:1 -  -  [06/May/2015:21:53:25 +0000] "GET /checkEmailManager HTTP/1.1" 200 - "http://localhost:8080/inbox" "Mozilla/5.0 (Macintosh; Intel Mac OS X 10_9_4) AppleWebKit/537.36 (KHTML, like Gecko) Chrome/42.0.2311.135 Safari/537.36"
0:0:0:0:0:0:0:1 -  -  [06/May/2015:21:55:56 +0000] "GET / HTTP/1.1" 200 - "-" "Mozilla/5.0 (Macintosh; Intel Mac OS X 10_9_4) AppleWebKit/537.36 (KHTML, like Gecko) Chrome/42.0.2311.135 Safari/537.36"
0:0:0:0:0:0:0:1 -  -  [06/May/2015:21:55:58 +0000] "GET /login HTTP/1.1" 200 - "http://localhost:8080/" "Mozilla/5.0 (Macintosh; Intel Mac OS X 10_9_4) AppleWebKit/537.36 (KHTML, like Gecko) Chrome/42.0.2311.135 Safari/537.36"
0:0:0:0:0:0:0:1 -  -  [06/May/2015:21:56:01 +0000] "POST /userLoginManager HTTP/1.1" 200 - "http://localhost:8080/login" "Mozilla/5.0 (Macintosh; Intel Mac OS X 10_9_4) AppleWebKit/537.36 (KHTML, like Gecko) Chrome/42.0.2311.135 Safari/537.36"
0:0:0:0:0:0:0:1 -  -  [06/May/2015:21:56:02 +0000] "GET /welcome HTTP/1.1" 200 - "http://localhost:8080/login" "Mozilla/5.0 (Macintosh; Intel Mac OS X 10_9_4) AppleWebKit/537.36 (KHTML, like Gecko) Chrome/42.0.2311.135 Safari/537.36"
0:0:0:0:0:0:0:1 -  -  [06/May/2015:21:56:03 +0000] "POST /afterWelcomeBeforeInboxManager HTTP/1.1" 200 - "http://localhost:8080/welcome" "Mozilla/5.0 (Macintosh; Intel Mac OS X 10_9_4) AppleWebKit/537.36 (KHTML, like Gecko) Chrome/42.0.2311.135 Safari/537.36"
0:0:0:0:0:0:0:1 -  -  [06/May/2015:21:56:03 +0000] "GET /inbox HTTP/1.1" 200 - "http://localhost:8080/welcome" "Mozilla/5.0 (Macintosh; Intel Mac OS X 10_9_4) AppleWebKit/537.36 (KHTML, like Gecko) Chrome/42.0.2311.135 Safari/537.36"
0:0:0:0:0:0:0:1 -  -  [06/May/2015:21:56:05 +0000] "GET /checkEmailManager HTTP/1.1" 200 - "http://localhost:8080/inbox" "Mozilla/5.0 (Macintosh; Intel Mac OS X 10_9_4) AppleWebKit/537.36 (KHTML, like Gecko) Chrome/42.0.2311.135 Safari/537.36"
0:0:0:0:0:0:0:1 -  -  [06/May/2015:21:56:59 +0000] "GET /folder?infolder=inbox HTTP/1.1" 200 - "http://localhost:8080/inbox" "Mozilla/5.0 (Macintosh; Intel Mac OS X 10_9_4) AppleWebKit/537.36 (KHTML, like Gecko) Chrome/42.0.2311.135 Safari/537.36"
0:0:0:0:0:0:0:1 -  -  [06/May/2015:21:57:01 +0000] "GET /contacts HTTP/1.1" 200 - "http://localhost:8080/folder?infolder=inbox" "Mozilla/5.0 (Macintosh; Intel Mac OS X 10_9_4) AppleWebKit/537.36 (KHTML, like Gecko) Chrome/42.0.2311.135 Safari/537.36"
0:0:0:0:0:0:0:1 -  -  [06/May/2015:21:57:03 +0000] "GET /inbox HTTP/1.1" 200 - "http://localhost:8080/contacts" "Mozilla/5.0 (Macintosh; Intel Mac OS X 10_9_4) AppleWebKit/537.36 (KHTML, like Gecko) Chrome/42.0.2311.135 Safari/537.36"
0:0:0:0:0:0:0:1 -  -  [06/May/2015:21:57:04 +0000] "GET /viewEmail?emailID=140&infolder=inbox HTTP/1.1" 200 - "http://localhost:8080/inbox" "Mozilla/5.0 (Macintosh; Intel Mac OS X 10_9_4) AppleWebKit/537.36 (KHTML, like Gecko) Chrome/42.0.2311.135 Safari/537.36"
0:0:0:0:0:0:0:1 -  -  [06/May/2015:21:57:06 +0000] "GET /returnManager?folder=inbox HTTP/1.1" 200 - "http://localhost:8080/viewEmail?emailID=140&infolder=inbox" "Mozilla/5.0 (Macintosh; Intel Mac OS X 10_9_4) AppleWebKit/537.36 (KHTML, like Gecko) Chrome/42.0.2311.135 Safari/537.36"
0:0:0:0:0:0:0:1 -  -  [06/May/2015:21:57:06 +0000] "GET /inbox HTTP/1.1" 200 - "http://localhost:8080/viewEmail?emailID=140&infolder=inbox" "Mozilla/5.0 (Macintosh; Intel Mac OS X 10_9_4) AppleWebKit/537.36 (KHTML, like Gecko) Chrome/42.0.2311.135 Safari/537.36"
0:0:0:0:0:0:0:1 -  -  [06/May/2015:21:57:35 +0000] "GET / HTTP/1.1" 200 - "-" "Mozilla/5.0 (Macintosh; Intel Mac OS X 10_9_4) AppleWebKit/537.36 (KHTML, like Gecko) Chrome/42.0.2311.135 Safari/537.36"
0:0:0:0:0:0:0:1 -  -  [06/May/2015:21:57:36 +0000] "GET /login HTTP/1.1" 200 - "http://localhost:8080/" "Mozilla/5.0 (Macintosh; Intel Mac OS X 10_9_4) AppleWebKit/537.36 (KHTML, like Gecko) Chrome/42.0.2311.135 Safari/537.36"
0:0:0:0:0:0:0:1 -  -  [06/May/2015:21:57:41 +0000] "POST /userLoginManager HTTP/1.1" 200 - "http://localhost:8080/login" "Mozilla/5.0 (Macintosh; Intel Mac OS X 10_9_4) AppleWebKit/537.36 (KHTML, like Gecko) Chrome/42.0.2311.135 Safari/537.36"
0:0:0:0:0:0:0:1 -  -  [06/May/2015:21:57:41 +0000] "GET /welcome HTTP/1.1" 200 - "http://localhost:8080/login" "Mozilla/5.0 (Macintosh; Intel Mac OS X 10_9_4) AppleWebKit/537.36 (KHTML, like Gecko) Chrome/42.0.2311.135 Safari/537.36"
0:0:0:0:0:0:0:1 -  -  [06/May/2015:21:57:43 +0000] "POST /afterWelcomeBeforeInboxManager HTTP/1.1" 200 - "http://localhost:8080/welcome" "Mozilla/5.0 (Macintosh; Intel Mac OS X 10_9_4) AppleWebKit/537.36 (KHTML, like Gecko) Chrome/42.0.2311.135 Safari/537.36"
0:0:0:0:0:0:0:1 -  -  [06/May/2015:21:57:43 +0000] "GET /inbox HTTP/1.1" 200 - "http://localhost:8080/welcome" "Mozilla/5.0 (Macintosh; Intel Mac OS X 10_9_4) AppleWebKit/537.36 (KHTML, like Gecko) Chrome/42.0.2311.135 Safari/537.36"
0:0:0:0:0:0:0:1 -  -  [06/May/2015:21:57:44 +0000] "GET /checkEmailManager HTTP/1.1" 200 - "http://localhost:8080/inbox" "Mozilla/5.0 (Macintosh; Intel Mac OS X 10_9_4) AppleWebKit/537.36 (KHTML, like Gecko) Chrome/42.0.2311.135 Safari/537.36"
0:0:0:0:0:0:0:1 -  -  [06/May/2015:22:13:11 +0000] "GET / HTTP/1.1" 200 - "-" "Mozilla/5.0 (Macintosh; Intel Mac OS X 10_9_4) AppleWebKit/537.36 (KHTML, like Gecko) Chrome/42.0.2311.135 Safari/537.36"
0:0:0:0:0:0:0:1 -  -  [06/May/2015:22:13:12 +0000] "GET /login HTTP/1.1" 200 - "http://localhost:8080/" "Mozilla/5.0 (Macintosh; Intel Mac OS X 10_9_4) AppleWebKit/537.36 (KHTML, like Gecko) Chrome/42.0.2311.135 Safari/537.36"
0:0:0:0:0:0:0:1 -  -  [06/May/2015:22:13:16 +0000] "POST /userLoginManager HTTP/1.1" 200 - "http://localhost:8080/login" "Mozilla/5.0 (Macintosh; Intel Mac OS X 10_9_4) AppleWebKit/537.36 (KHTML, like Gecko) Chrome/42.0.2311.135 Safari/537.36"
0:0:0:0:0:0:0:1 -  -  [06/May/2015:22:13:16 +0000] "GET /welcome HTTP/1.1" 200 - "http://localhost:8080/login" "Mozilla/5.0 (Macintosh; Intel Mac OS X 10_9_4) AppleWebKit/537.36 (KHTML, like Gecko) Chrome/42.0.2311.135 Safari/537.36"
0:0:0:0:0:0:0:1 -  -  [06/May/2015:22:13:18 +0000] "POST /afterWelcomeBeforeInboxManager HTTP/1.1" 200 - "http://localhost:8080/welcome" "Mozilla/5.0 (Macintosh; Intel Mac OS X 10_9_4) AppleWebKit/537.36 (KHTML, like Gecko) Chrome/42.0.2311.135 Safari/537.36"
0:0:0:0:0:0:0:1 -  -  [06/May/2015:22:13:18 +0000] "GET /inbox HTTP/1.1" 200 - "http://localhost:8080/welcome" "Mozilla/5.0 (Macintosh; Intel Mac OS X 10_9_4) AppleWebKit/537.36 (KHTML, like Gecko) Chrome/42.0.2311.135 Safari/537.36"
0:0:0:0:0:0:0:1 -  -  [06/May/2015:22:13:20 +0000] "GET /checkEmailManager HTTP/1.1" 200 - "http://localhost:8080/inbox" "Mozilla/5.0 (Macintosh; Intel Mac OS X 10_9_4) AppleWebKit/537.36 (KHTML, like Gecko) Chrome/42.0.2311.135 Safari/537.36"
0:0:0:0:0:0:0:1 -  -  [06/May/2015:22:13:23 +0000] "GET /inbox HTTP/1.1" 200 - "http://localhost:8080/inbox" "Mozilla/5.0 (Macintosh; Intel Mac OS X 10_9_4) AppleWebKit/537.36 (KHTML, like Gecko) Chrome/42.0.2311.135 Safari/537.36"
0:0:0:0:0:0:0:1 -  -  [06/May/2015:22:13:26 +0000] "GET /viewEmail?emailID=144&infolder=inbox HTTP/1.1" 200 - "http://localhost:8080/inbox" "Mozilla/5.0 (Macintosh; Intel Mac OS X 10_9_4) AppleWebKit/537.36 (KHTML, like Gecko) Chrome/42.0.2311.135 Safari/537.36"
0:0:0:0:0:0:0:1 -  -  [06/May/2015:22:13:29 +0000] "GET /returnManager?folder=inbox HTTP/1.1" 200 - "http://localhost:8080/viewEmail?emailID=144&infolder=inbox" "Mozilla/5.0 (Macintosh; Intel Mac OS X 10_9_4) AppleWebKit/537.36 (KHTML, like Gecko) Chrome/42.0.2311.135 Safari/537.36"
0:0:0:0:0:0:0:1 -  -  [06/May/2015:22:13:29 +0000] "GET /inbox HTTP/1.1" 200 - "http://localhost:8080/viewEmail?emailID=144&infolder=inbox" "Mozilla/5.0 (Macintosh; Intel Mac OS X 10_9_4) AppleWebKit/537.36 (KHTML, like Gecko) Chrome/42.0.2311.135 Safari/537.36"
