0:0:0:0:0:0:0:1 -  -  [04/May/2015:21:46:11 +0000] "GET / HTTP/1.1" 200 - "-" "Mozilla/5.0 (Macintosh; Intel Mac OS X 10_9_4) AppleWebKit/537.36 (KHTML, like Gecko) Chrome/42.0.2311.135 Safari/537.36"
0:0:0:0:0:0:0:1 -  -  [04/May/2015:21:46:12 +0000] "GET /favicon.ico HTTP/1.1" 200 - "http://localhost:8081/" "Mozilla/5.0 (Macintosh; Intel Mac OS X 10_9_4) AppleWebKit/537.36 (KHTML, like Gecko) Chrome/42.0.2311.135 Safari/537.36"
0:0:0:0:0:0:0:1 -  -  [04/May/2015:21:46:12 +0000] "GET /files/error.html HTTP/1.1" 200 - "http://localhost:8081/" "Mozilla/5.0 (Macintosh; Intel Mac OS X 10_9_4) AppleWebKit/537.36 (KHTML, like Gecko) Chrome/42.0.2311.135 Safari/537.36"
0:0:0:0:0:0:0:1 -  -  [04/May/2015:21:46:14 +0000] "GET /login HTTP/1.1" 200 - "http://localhost:8081/" "Mozilla/5.0 (Macintosh; Intel Mac OS X 10_9_4) AppleWebKit/537.36 (KHTML, like Gecko) Chrome/42.0.2311.135 Safari/537.36"
0:0:0:0:0:0:0:1 -  -  [04/May/2015:21:46:43 +0000] "GET / HTTP/1.1" 200 - "-" "Mozilla/5.0 (Macintosh; Intel Mac OS X 10_9_4) AppleWebKit/537.36 (KHTML, like Gecko) Chrome/42.0.2311.135 Safari/537.36"
0:0:0:0:0:0:0:1 -  -  [04/May/2015:21:46:45 +0000] "GET /login HTTP/1.1" 200 - "-" "Mozilla/5.0 (Macintosh; Intel Mac OS X 10_9_4) AppleWebKit/537.36 (KHTML, like Gecko) Chrome/42.0.2311.135 Safari/537.36"
0:0:0:0:0:0:0:1 -  -  [04/May/2015:21:46:50 +0000] "GET /login HTTP/1.1" 200 - "-" "Mozilla/5.0 (Macintosh; Intel Mac OS X 10_9_4) AppleWebKit/537.36 (KHTML, like Gecko) Chrome/42.0.2311.135 Safari/537.36"
0:0:0:0:0:0:0:1 -  -  [04/May/2015:21:46:57 +0000] "POST /userLoginManager HTTP/1.1" 200 - "http://localhost:8081/login" "Mozilla/5.0 (Macintosh; Intel Mac OS X 10_9_4) AppleWebKit/537.36 (KHTML, like Gecko) Chrome/42.0.2311.135 Safari/537.36"
0:0:0:0:0:0:0:1 -  -  [04/May/2015:21:46:57 +0000] "GET /welcome HTTP/1.1" 200 - "http://localhost:8081/login" "Mozilla/5.0 (Macintosh; Intel Mac OS X 10_9_4) AppleWebKit/537.36 (KHTML, like Gecko) Chrome/42.0.2311.135 Safari/537.36"
0:0:0:0:0:0:0:1 -  -  [04/May/2015:21:46:59 +0000] "POST /afterWelcomeBeforeInboxManager HTTP/1.1" 200 - "http://localhost:8081/welcome" "Mozilla/5.0 (Macintosh; Intel Mac OS X 10_9_4) AppleWebKit/537.36 (KHTML, like Gecko) Chrome/42.0.2311.135 Safari/537.36"
0:0:0:0:0:0:0:1 -  -  [04/May/2015:21:46:59 +0000] "GET /inbox HTTP/1.1" 200 - "http://localhost:8081/welcome" "Mozilla/5.0 (Macintosh; Intel Mac OS X 10_9_4) AppleWebKit/537.36 (KHTML, like Gecko) Chrome/42.0.2311.135 Safari/537.36"
0:0:0:0:0:0:0:1 -  -  [04/May/2015:21:47:01 +0000] "GET /viewEmail?emailID=113&infolder=inbox HTTP/1.1" 200 - "http://localhost:8081/inbox" "Mozilla/5.0 (Macintosh; Intel Mac OS X 10_9_4) AppleWebKit/537.36 (KHTML, like Gecko) Chrome/42.0.2311.135 Safari/537.36"
0:0:0:0:0:0:0:1 -  -  [04/May/2015:21:47:04 +0000] "GET /unreadManager?emailID=113&infolder=inbox HTTP/1.1" 200 - "http://localhost:8081/viewEmail?emailID=113&infolder=inbox" "Mozilla/5.0 (Macintosh; Intel Mac OS X 10_9_4) AppleWebKit/537.36 (KHTML, like Gecko) Chrome/42.0.2311.135 Safari/537.36"
0:0:0:0:0:0:0:1 -  -  [04/May/2015:21:47:04 +0000] "GET /inbox HTTP/1.1" 200 - "http://localhost:8081/viewEmail?emailID=113&infolder=inbox" "Mozilla/5.0 (Macintosh; Intel Mac OS X 10_9_4) AppleWebKit/537.36 (KHTML, like Gecko) Chrome/42.0.2311.135 Safari/537.36"
0:0:0:0:0:0:0:1 -  -  [04/May/2015:21:47:08 +0000] "GET /viewEmail?emailID=113&infolder=inbox HTTP/1.1" 200 - "http://localhost:8081/inbox" "Mozilla/5.0 (Macintosh; Intel Mac OS X 10_9_4) AppleWebKit/537.36 (KHTML, like Gecko) Chrome/42.0.2311.135 Safari/537.36"
0:0:0:0:0:0:0:1 -  -  [04/May/2015:21:47:13 +0000] "GET /inbox HTTP/1.1" 200 - "http://localhost:8081/viewEmail?emailID=113&infolder=inbox" "Mozilla/5.0 (Macintosh; Intel Mac OS X 10_9_4) AppleWebKit/537.36 (KHTML, like Gecko) Chrome/42.0.2311.135 Safari/537.36"
0:0:0:0:0:0:0:1 -  -  [04/May/2015:21:47:15 +0000] "GET /trash HTTP/1.1" 200 - "http://localhost:8081/inbox" "Mozilla/5.0 (Macintosh; Intel Mac OS X 10_9_4) AppleWebKit/537.36 (KHTML, like Gecko) Chrome/42.0.2311.135 Safari/537.36"
0:0:0:0:0:0:0:1 -  -  [04/May/2015:21:47:16 +0000] "GET /sent HTTP/1.1" 200 - "http://localhost:8081/trash" "Mozilla/5.0 (Macintosh; Intel Mac OS X 10_9_4) AppleWebKit/537.36 (KHTML, like Gecko) Chrome/42.0.2311.135 Safari/537.36"
0:0:0:0:0:0:0:1 -  -  [04/May/2015:21:47:17 +0000] "GET /inbox HTTP/1.1" 200 - "http://localhost:8081/sent" "Mozilla/5.0 (Macintosh; Intel Mac OS X 10_9_4) AppleWebKit/537.36 (KHTML, like Gecko) Chrome/42.0.2311.135 Safari/537.36"
0:0:0:0:0:0:0:1 -  -  [04/May/2015:21:47:19 +0000] "GET /userFolder?folder=apple HTTP/1.1" 200 - "http://localhost:8081/inbox" "Mozilla/5.0 (Macintosh; Intel Mac OS X 10_9_4) AppleWebKit/537.36 (KHTML, like Gecko) Chrome/42.0.2311.135 Safari/537.36"
0:0:0:0:0:0:0:1 -  -  [04/May/2015:21:47:20 +0000] "GET /userFolder?folder=banana HTTP/1.1" 200 - "http://localhost:8081/userFolder?folder=apple" "Mozilla/5.0 (Macintosh; Intel Mac OS X 10_9_4) AppleWebKit/537.36 (KHTML, like Gecko) Chrome/42.0.2311.135 Safari/537.36"
0:0:0:0:0:0:0:1 -  -  [04/May/2015:21:47:22 +0000] "GET /folder?infolder=inbox HTTP/1.1" 200 - "http://localhost:8081/userFolder?folder=banana" "Mozilla/5.0 (Macintosh; Intel Mac OS X 10_9_4) AppleWebKit/537.36 (KHTML, like Gecko) Chrome/42.0.2311.135 Safari/537.36"
0:0:0:0:0:0:0:1 -  -  [04/May/2015:21:47:23 +0000] "GET /contacts HTTP/1.1" 200 - "http://localhost:8081/folder?infolder=inbox" "Mozilla/5.0 (Macintosh; Intel Mac OS X 10_9_4) AppleWebKit/537.36 (KHTML, like Gecko) Chrome/42.0.2311.135 Safari/537.36"
0:0:0:0:0:0:0:1 -  -  [04/May/2015:21:49:34 +0000] "GET / HTTP/1.1" 200 - "-" "Mozilla/5.0 (Macintosh; Intel Mac OS X 10_9_4) AppleWebKit/537.36 (KHTML, like Gecko) Chrome/42.0.2311.135 Safari/537.36"
0:0:0:0:0:0:0:1 -  -  [04/May/2015:21:49:34 +0000] "GET / HTTP/1.1" 200 - "-" "Mozilla/5.0 (Macintosh; Intel Mac OS X 10_9_4) AppleWebKit/537.36 (KHTML, like Gecko) Chrome/42.0.2311.135 Safari/537.36"
0:0:0:0:0:0:0:1 -  -  [04/May/2015:21:49:36 +0000] "GET /login HTTP/1.1" 200 - "http://localhost:8081/" "Mozilla/5.0 (Macintosh; Intel Mac OS X 10_9_4) AppleWebKit/537.36 (KHTML, like Gecko) Chrome/42.0.2311.135 Safari/537.36"
0:0:0:0:0:0:0:1 -  -  [04/May/2015:21:49:41 +0000] "POST /userLoginManager HTTP/1.1" 200 - "http://localhost:8081/login" "Mozilla/5.0 (Macintosh; Intel Mac OS X 10_9_4) AppleWebKit/537.36 (KHTML, like Gecko) Chrome/42.0.2311.135 Safari/537.36"
0:0:0:0:0:0:0:1 -  -  [04/May/2015:21:49:41 +0000] "GET /welcome HTTP/1.1" 200 - "http://localhost:8081/login" "Mozilla/5.0 (Macintosh; Intel Mac OS X 10_9_4) AppleWebKit/537.36 (KHTML, like Gecko) Chrome/42.0.2311.135 Safari/537.36"
0:0:0:0:0:0:0:1 -  -  [04/May/2015:21:49:43 +0000] "POST /afterWelcomeBeforeInboxManager HTTP/1.1" 200 - "http://localhost:8081/welcome" "Mozilla/5.0 (Macintosh; Intel Mac OS X 10_9_4) AppleWebKit/537.36 (KHTML, like Gecko) Chrome/42.0.2311.135 Safari/537.36"
0:0:0:0:0:0:0:1 -  -  [04/May/2015:21:49:43 +0000] "GET /inbox HTTP/1.1" 200 - "http://localhost:8081/welcome" "Mozilla/5.0 (Macintosh; Intel Mac OS X 10_9_4) AppleWebKit/537.36 (KHTML, like Gecko) Chrome/42.0.2311.135 Safari/537.36"
0:0:0:0:0:0:0:1 -  -  [04/May/2015:21:49:44 +0000] "GET /contacts?infolder=inbox HTTP/1.1" 200 - "http://localhost:8081/inbox" "Mozilla/5.0 (Macintosh; Intel Mac OS X 10_9_4) AppleWebKit/537.36 (KHTML, like Gecko) Chrome/42.0.2311.135 Safari/537.36"
0:0:0:0:0:0:0:1 -  -  [04/May/2015:21:49:53 +0000] "GET /sendEmailWithTo?to=yyfyou1991@gmail.com HTTP/1.1" 200 - "http://localhost:8081/contacts?infolder=inbox" "Mozilla/5.0 (Macintosh; Intel Mac OS X 10_9_4) AppleWebKit/537.36 (KHTML, like Gecko) Chrome/42.0.2311.135 Safari/537.36"
0:0:0:0:0:0:0:1 -  -  [04/May/2015:21:50:03 +0000] "GET /inbox HTTP/1.1" 200 - "http://localhost:8081/contacts?infolder=inbox" "Mozilla/5.0 (Macintosh; Intel Mac OS X 10_9_4) AppleWebKit/537.36 (KHTML, like Gecko) Chrome/42.0.2311.135 Safari/537.36"
0:0:0:0:0:0:0:1 -  -  [04/May/2015:21:50:04 +0000] "GET /viewEmail?emailID=113&infolder=inbox HTTP/1.1" 200 - "http://localhost:8081/inbox" "Mozilla/5.0 (Macintosh; Intel Mac OS X 10_9_4) AppleWebKit/537.36 (KHTML, like Gecko) Chrome/42.0.2311.135 Safari/537.36"
0:0:0:0:0:0:0:1 -  -  [04/May/2015:21:50:11 +0000] "GET /moveFolderManager?folder=inbox&emailID=113&moveto=inbox HTTP/1.1" 200 - "http://localhost:8081/viewEmail?emailID=113&infolder=inbox" "Mozilla/5.0 (Macintosh; Intel Mac OS X 10_9_4) AppleWebKit/537.36 (KHTML, like Gecko) Chrome/42.0.2311.135 Safari/537.36"
0:0:0:0:0:0:0:1 -  -  [04/May/2015:21:50:11 +0000] "GET /inbox HTTP/1.1" 200 - "http://localhost:8081/viewEmail?emailID=113&infolder=inbox" "Mozilla/5.0 (Macintosh; Intel Mac OS X 10_9_4) AppleWebKit/537.36 (KHTML, like Gecko) Chrome/42.0.2311.135 Safari/537.36"
0:0:0:0:0:0:0:1 -  -  [04/May/2015:21:50:22 +0000] "GET /rightManager?folder=inbox HTTP/1.1" 200 - "http://localhost:8081/inbox" "Mozilla/5.0 (Macintosh; Intel Mac OS X 10_9_4) AppleWebKit/537.36 (KHTML, like Gecko) Chrome/42.0.2311.135 Safari/537.36"
0:0:0:0:0:0:0:1 -  -  [04/May/2015:21:50:22 +0000] "GET /inbox?order=date HTTP/1.1" 200 - "http://localhost:8081/inbox" "Mozilla/5.0 (Macintosh; Intel Mac OS X 10_9_4) AppleWebKit/537.36 (KHTML, like Gecko) Chrome/42.0.2311.135 Safari/537.36"
0:0:0:0:0:0:0:1 -  -  [04/May/2015:21:50:24 +0000] "GET /leftManager?folder=inbox HTTP/1.1" 200 - "http://localhost:8081/inbox?order=date" "Mozilla/5.0 (Macintosh; Intel Mac OS X 10_9_4) AppleWebKit/537.36 (KHTML, like Gecko) Chrome/42.0.2311.135 Safari/537.36"
0:0:0:0:0:0:0:1 -  -  [04/May/2015:21:50:24 +0000] "GET /inbox?order=date HTTP/1.1" 200 - "http://localhost:8081/inbox?order=date" "Mozilla/5.0 (Macintosh; Intel Mac OS X 10_9_4) AppleWebKit/537.36 (KHTML, like Gecko) Chrome/42.0.2311.135 Safari/537.36"
0:0:0:0:0:0:0:1 -  -  [04/May/2015:21:50:25 +0000] "GET /userFolder?folder=apple HTTP/1.1" 200 - "http://localhost:8081/inbox?order=date" "Mozilla/5.0 (Macintosh; Intel Mac OS X 10_9_4) AppleWebKit/537.36 (KHTML, like Gecko) Chrome/42.0.2311.135 Safari/537.36"
0:0:0:0:0:0:0:1 -  -  [04/May/2015:21:50:27 +0000] "GET /userFolder?folder=banana HTTP/1.1" 200 - "http://localhost:8081/userFolder?folder=apple" "Mozilla/5.0 (Macintosh; Intel Mac OS X 10_9_4) AppleWebKit/537.36 (KHTML, like Gecko) Chrome/42.0.2311.135 Safari/537.36"
0:0:0:0:0:0:0:1 -  -  [04/May/2015:21:50:28 +0000] "GET /userFolder?folder=apple HTTP/1.1" 200 - "http://localhost:8081/userFolder?folder=banana" "Mozilla/5.0 (Macintosh; Intel Mac OS X 10_9_4) AppleWebKit/537.36 (KHTML, like Gecko) Chrome/42.0.2311.135 Safari/537.36"
0:0:0:0:0:0:0:1 -  -  [04/May/2015:21:50:30 +0000] "GET /inbox HTTP/1.1" 200 - "http://localhost:8081/userFolder?folder=apple" "Mozilla/5.0 (Macintosh; Intel Mac OS X 10_9_4) AppleWebKit/537.36 (KHTML, like Gecko) Chrome/42.0.2311.135 Safari/537.36"
0:0:0:0:0:0:0:1 -  -  [04/May/2015:21:51:15 +0000] "GET / HTTP/1.1" 200 - "-" "Mozilla/5.0 (Macintosh; Intel Mac OS X 10_9_4) AppleWebKit/537.36 (KHTML, like Gecko) Chrome/42.0.2311.135 Safari/537.36"
0:0:0:0:0:0:0:1 -  -  [04/May/2015:21:51:17 +0000] "GET /login HTTP/1.1" 200 - "http://localhost:8081/" "Mozilla/5.0 (Macintosh; Intel Mac OS X 10_9_4) AppleWebKit/537.36 (KHTML, like Gecko) Chrome/42.0.2311.135 Safari/537.36"
0:0:0:0:0:0:0:1 -  -  [04/May/2015:21:51:22 +0000] "POST /userLoginManager HTTP/1.1" 200 - "http://localhost:8081/login" "Mozilla/5.0 (Macintosh; Intel Mac OS X 10_9_4) AppleWebKit/537.36 (KHTML, like Gecko) Chrome/42.0.2311.135 Safari/537.36"
0:0:0:0:0:0:0:1 -  -  [04/May/2015:21:51:22 +0000] "GET /welcome HTTP/1.1" 200 - "http://localhost:8081/login" "Mozilla/5.0 (Macintosh; Intel Mac OS X 10_9_4) AppleWebKit/537.36 (KHTML, like Gecko) Chrome/42.0.2311.135 Safari/537.36"
0:0:0:0:0:0:0:1 -  -  [04/May/2015:21:51:24 +0000] "POST /afterWelcomeBeforeInboxManager HTTP/1.1" 200 - "http://localhost:8081/welcome" "Mozilla/5.0 (Macintosh; Intel Mac OS X 10_9_4) AppleWebKit/537.36 (KHTML, like Gecko) Chrome/42.0.2311.135 Safari/537.36"
0:0:0:0:0:0:0:1 -  -  [04/May/2015:21:51:24 +0000] "GET /inbox HTTP/1.1" 200 - "http://localhost:8081/welcome" "Mozilla/5.0 (Macintosh; Intel Mac OS X 10_9_4) AppleWebKit/537.36 (KHTML, like Gecko) Chrome/42.0.2311.135 Safari/537.36"
0:0:0:0:0:0:0:1 -  -  [04/May/2015:21:51:26 +0000] "GET /viewEmail?emailID=103&infolder=inbox HTTP/1.1" 200 - "http://localhost:8081/inbox" "Mozilla/5.0 (Macintosh; Intel Mac OS X 10_9_4) AppleWebKit/537.36 (KHTML, like Gecko) Chrome/42.0.2311.135 Safari/537.36"
0:0:0:0:0:0:0:1 -  -  [04/May/2015:21:51:28 +0000] "GET /moveFolderManager?folder=inbox&emailID=103&moveto=apple HTTP/1.1" 200 - "http://localhost:8081/viewEmail?emailID=103&infolder=inbox" "Mozilla/5.0 (Macintosh; Intel Mac OS X 10_9_4) AppleWebKit/537.36 (KHTML, like Gecko) Chrome/42.0.2311.135 Safari/537.36"
0:0:0:0:0:0:0:1 -  -  [04/May/2015:21:51:28 +0000] "GET /inbox HTTP/1.1" 200 - "http://localhost:8081/viewEmail?emailID=103&infolder=inbox" "Mozilla/5.0 (Macintosh; Intel Mac OS X 10_9_4) AppleWebKit/537.36 (KHTML, like Gecko) Chrome/42.0.2311.135 Safari/537.36"
0:0:0:0:0:0:0:1 -  -  [04/May/2015:21:51:30 +0000] "GET /userFolder?folder=apple HTTP/1.1" 200 - "http://localhost:8081/inbox" "Mozilla/5.0 (Macintosh; Intel Mac OS X 10_9_4) AppleWebKit/537.36 (KHTML, like Gecko) Chrome/42.0.2311.135 Safari/537.36"
0:0:0:0:0:0:0:1 -  -  [04/May/2015:21:51:36 +0000] "GET /viewEmail?emailID=108&infolder=apple HTTP/1.1" 200 - "http://localhost:8081/userFolder?folder=apple" "Mozilla/5.0 (Macintosh; Intel Mac OS X 10_9_4) AppleWebKit/537.36 (KHTML, like Gecko) Chrome/42.0.2311.135 Safari/537.36"
0:0:0:0:0:0:0:1 -  -  [04/May/2015:21:51:38 +0000] "GET /moveFolderManager?folder=apple&emailID=108&moveto=INBOX HTTP/1.1" 200 - "http://localhost:8081/viewEmail?emailID=108&infolder=apple" "Mozilla/5.0 (Macintosh; Intel Mac OS X 10_9_4) AppleWebKit/537.36 (KHTML, like Gecko) Chrome/42.0.2311.135 Safari/537.36"
0:0:0:0:0:0:0:1 -  -  [04/May/2015:21:51:38 +0000] "GET /apple HTTP/1.1" 200 - "http://localhost:8081/viewEmail?emailID=108&infolder=apple" "Mozilla/5.0 (Macintosh; Intel Mac OS X 10_9_4) AppleWebKit/537.36 (KHTML, like Gecko) Chrome/42.0.2311.135 Safari/537.36"
0:0:0:0:0:0:0:1 -  -  [04/May/2015:21:51:38 +0000] "GET /files/error.html HTTP/1.1" 200 - "http://localhost:8081/viewEmail?emailID=108&infolder=apple" "Mozilla/5.0 (Macintosh; Intel Mac OS X 10_9_4) AppleWebKit/537.36 (KHTML, like Gecko) Chrome/42.0.2311.135 Safari/537.36"
0:0:0:0:0:0:0:1 -  -  [04/May/2015:21:52:02 +0000] "GET /inbox HTTP/1.1" 200 - "http://localhost:8081/viewEmail?emailID=108&infolder=apple" "Mozilla/5.0 (Macintosh; Intel Mac OS X 10_9_4) AppleWebKit/537.36 (KHTML, like Gecko) Chrome/42.0.2311.135 Safari/537.36"
0:0:0:0:0:0:0:1 -  -  [04/May/2015:21:52:03 +0000] "GET /viewEmail?emailID=108&infolder=inbox HTTP/1.1" 200 - "http://localhost:8081/inbox" "Mozilla/5.0 (Macintosh; Intel Mac OS X 10_9_4) AppleWebKit/537.36 (KHTML, like Gecko) Chrome/42.0.2311.135 Safari/537.36"
0:0:0:0:0:0:0:1 -  -  [04/May/2015:21:52:08 +0000] "GET /moveFolderManager?folder=inbox&emailID=108&moveto=INBOX HTTP/1.1" 200 - "http://localhost:8081/viewEmail?emailID=108&infolder=inbox" "Mozilla/5.0 (Macintosh; Intel Mac OS X 10_9_4) AppleWebKit/537.36 (KHTML, like Gecko) Chrome/42.0.2311.135 Safari/537.36"
0:0:0:0:0:0:0:1 -  -  [04/May/2015:21:52:08 +0000] "GET /inbox HTTP/1.1" 200 - "http://localhost:8081/viewEmail?emailID=108&infolder=inbox" "Mozilla/5.0 (Macintosh; Intel Mac OS X 10_9_4) AppleWebKit/537.36 (KHTML, like Gecko) Chrome/42.0.2311.135 Safari/537.36"
0:0:0:0:0:0:0:1 -  -  [04/May/2015:21:52:10 +0000] "GET /viewEmail?emailID=108&infolder=inbox HTTP/1.1" 200 - "http://localhost:8081/inbox" "Mozilla/5.0 (Macintosh; Intel Mac OS X 10_9_4) AppleWebKit/537.36 (KHTML, like Gecko) Chrome/42.0.2311.135 Safari/537.36"
0:0:0:0:0:0:0:1 -  -  [04/May/2015:21:52:13 +0000] "GET /unreadManager?emailID=108&infolder=inbox HTTP/1.1" 200 - "http://localhost:8081/viewEmail?emailID=108&infolder=inbox" "Mozilla/5.0 (Macintosh; Intel Mac OS X 10_9_4) AppleWebKit/537.36 (KHTML, like Gecko) Chrome/42.0.2311.135 Safari/537.36"
0:0:0:0:0:0:0:1 -  -  [04/May/2015:21:52:13 +0000] "GET /inbox HTTP/1.1" 200 - "http://localhost:8081/viewEmail?emailID=108&infolder=inbox" "Mozilla/5.0 (Macintosh; Intel Mac OS X 10_9_4) AppleWebKit/537.36 (KHTML, like Gecko) Chrome/42.0.2311.135 Safari/537.36"
0:0:0:0:0:0:0:1 -  -  [04/May/2015:21:52:16 +0000] "GET /viewEmail?emailID=97&infolder=inbox HTTP/1.1" 200 - "http://localhost:8081/inbox" "Mozilla/5.0 (Macintosh; Intel Mac OS X 10_9_4) AppleWebKit/537.36 (KHTML, like Gecko) Chrome/42.0.2311.135 Safari/537.36"
0:0:0:0:0:0:0:1 -  -  [04/May/2015:21:52:18 +0000] "GET /moveFolderManager?folder=inbox&emailID=97&moveto=INBOX HTTP/1.1" 200 - "http://localhost:8081/viewEmail?emailID=97&infolder=inbox" "Mozilla/5.0 (Macintosh; Intel Mac OS X 10_9_4) AppleWebKit/537.36 (KHTML, like Gecko) Chrome/42.0.2311.135 Safari/537.36"
0:0:0:0:0:0:0:1 -  -  [04/May/2015:21:52:18 +0000] "GET /inbox HTTP/1.1" 200 - "http://localhost:8081/viewEmail?emailID=97&infolder=inbox" "Mozilla/5.0 (Macintosh; Intel Mac OS X 10_9_4) AppleWebKit/537.36 (KHTML, like Gecko) Chrome/42.0.2311.135 Safari/537.36"
0:0:0:0:0:0:0:1 -  -  [04/May/2015:21:52:21 +0000] "GET /viewEmail?emailID=97&infolder=inbox HTTP/1.1" 200 - "http://localhost:8081/inbox" "Mozilla/5.0 (Macintosh; Intel Mac OS X 10_9_4) AppleWebKit/537.36 (KHTML, like Gecko) Chrome/42.0.2311.135 Safari/537.36"
0:0:0:0:0:0:0:1 -  -  [04/May/2015:21:52:22 +0000] "GET /unreadManager?emailID=97&infolder=inbox HTTP/1.1" 200 - "http://localhost:8081/viewEmail?emailID=97&infolder=inbox" "Mozilla/5.0 (Macintosh; Intel Mac OS X 10_9_4) AppleWebKit/537.36 (KHTML, like Gecko) Chrome/42.0.2311.135 Safari/537.36"
0:0:0:0:0:0:0:1 -  -  [04/May/2015:21:52:22 +0000] "GET /inbox HTTP/1.1" 200 - "http://localhost:8081/viewEmail?emailID=97&infolder=inbox" "Mozilla/5.0 (Macintosh; Intel Mac OS X 10_9_4) AppleWebKit/537.36 (KHTML, like Gecko) Chrome/42.0.2311.135 Safari/537.36"
0:0:0:0:0:0:0:1 -  -  [04/May/2015:21:55:42 +0000] "GET / HTTP/1.1" 200 - "-" "Mozilla/5.0 (Macintosh; Intel Mac OS X 10_9_4) AppleWebKit/537.36 (KHTML, like Gecko) Chrome/42.0.2311.135 Safari/537.36"
0:0:0:0:0:0:0:1 -  -  [04/May/2015:21:55:43 +0000] "GET /login HTTP/1.1" 200 - "http://localhost:8081/" "Mozilla/5.0 (Macintosh; Intel Mac OS X 10_9_4) AppleWebKit/537.36 (KHTML, like Gecko) Chrome/42.0.2311.135 Safari/537.36"
0:0:0:0:0:0:0:1 -  -  [04/May/2015:21:55:48 +0000] "POST /userLoginManager HTTP/1.1" 200 - "http://localhost:8081/login" "Mozilla/5.0 (Macintosh; Intel Mac OS X 10_9_4) AppleWebKit/537.36 (KHTML, like Gecko) Chrome/42.0.2311.135 Safari/537.36"
0:0:0:0:0:0:0:1 -  -  [04/May/2015:21:55:48 +0000] "GET /welcome HTTP/1.1" 200 - "http://localhost:8081/login" "Mozilla/5.0 (Macintosh; Intel Mac OS X 10_9_4) AppleWebKit/537.36 (KHTML, like Gecko) Chrome/42.0.2311.135 Safari/537.36"
0:0:0:0:0:0:0:1 -  -  [04/May/2015:21:55:50 +0000] "POST /afterWelcomeBeforeInboxManager HTTP/1.1" 200 - "http://localhost:8081/welcome" "Mozilla/5.0 (Macintosh; Intel Mac OS X 10_9_4) AppleWebKit/537.36 (KHTML, like Gecko) Chrome/42.0.2311.135 Safari/537.36"
0:0:0:0:0:0:0:1 -  -  [04/May/2015:21:55:50 +0000] "GET /inbox HTTP/1.1" 200 - "http://localhost:8081/welcome" "Mozilla/5.0 (Macintosh; Intel Mac OS X 10_9_4) AppleWebKit/537.36 (KHTML, like Gecko) Chrome/42.0.2311.135 Safari/537.36"
0:0:0:0:0:0:0:1 -  -  [04/May/2015:21:55:52 +0000] "GET /userFolder?folder=apple HTTP/1.1" 200 - "http://localhost:8081/inbox" "Mozilla/5.0 (Macintosh; Intel Mac OS X 10_9_4) AppleWebKit/537.36 (KHTML, like Gecko) Chrome/42.0.2311.135 Safari/537.36"
0:0:0:0:0:0:0:1 -  -  [04/May/2015:21:55:56 +0000] "GET /viewEmail?emailID=103&infolder=apple HTTP/1.1" 200 - "http://localhost:8081/userFolder?folder=apple" "Mozilla/5.0 (Macintosh; Intel Mac OS X 10_9_4) AppleWebKit/537.36 (KHTML, like Gecko) Chrome/42.0.2311.135 Safari/537.36"
0:0:0:0:0:0:0:1 -  -  [04/May/2015:21:55:58 +0000] "GET /moveFolderManager?folder=apple&emailID=103&moveto=INBOX HTTP/1.1" 200 - "http://localhost:8081/viewEmail?emailID=103&infolder=apple" "Mozilla/5.0 (Macintosh; Intel Mac OS X 10_9_4) AppleWebKit/537.36 (KHTML, like Gecko) Chrome/42.0.2311.135 Safari/537.36"
0:0:0:0:0:0:0:1 -  -  [04/May/2015:21:55:58 +0000] "GET /userFolder?folder=apple HTTP/1.1" 200 - "http://localhost:8081/viewEmail?emailID=103&infolder=apple" "Mozilla/5.0 (Macintosh; Intel Mac OS X 10_9_4) AppleWebKit/537.36 (KHTML, like Gecko) Chrome/42.0.2311.135 Safari/537.36"
0:0:0:0:0:0:0:1 -  -  [04/May/2015:21:56:00 +0000] "GET /inbox HTTP/1.1" 200 - "http://localhost:8081/userFolder?folder=apple" "Mozilla/5.0 (Macintosh; Intel Mac OS X 10_9_4) AppleWebKit/537.36 (KHTML, like Gecko) Chrome/42.0.2311.135 Safari/537.36"
0:0:0:0:0:0:0:1 -  -  [04/May/2015:21:56:02 +0000] "GET /viewEmail?emailID=103&infolder=inbox HTTP/1.1" 200 - "http://localhost:8081/inbox" "Mozilla/5.0 (Macintosh; Intel Mac OS X 10_9_4) AppleWebKit/537.36 (KHTML, like Gecko) Chrome/42.0.2311.135 Safari/537.36"
0:0:0:0:0:0:0:1 -  -  [04/May/2015:21:56:06 +0000] "GET /moveFolderManager?folder=inbox&emailID=103&moveto=apple HTTP/1.1" 200 - "http://localhost:8081/viewEmail?emailID=103&infolder=inbox" "Mozilla/5.0 (Macintosh; Intel Mac OS X 10_9_4) AppleWebKit/537.36 (KHTML, like Gecko) Chrome/42.0.2311.135 Safari/537.36"
0:0:0:0:0:0:0:1 -  -  [04/May/2015:21:56:06 +0000] "GET /inbox HTTP/1.1" 200 - "http://localhost:8081/viewEmail?emailID=103&infolder=inbox" "Mozilla/5.0 (Macintosh; Intel Mac OS X 10_9_4) AppleWebKit/537.36 (KHTML, like Gecko) Chrome/42.0.2311.135 Safari/537.36"
0:0:0:0:0:0:0:1 -  -  [04/May/2015:21:56:08 +0000] "GET /userFolder?folder=apple HTTP/1.1" 200 - "http://localhost:8081/inbox" "Mozilla/5.0 (Macintosh; Intel Mac OS X 10_9_4) AppleWebKit/537.36 (KHTML, like Gecko) Chrome/42.0.2311.135 Safari/537.36"
0:0:0:0:0:0:0:1 -  -  [04/May/2015:21:56:09 +0000] "GET /userFolder?folder=banana HTTP/1.1" 200 - "http://localhost:8081/userFolder?folder=apple" "Mozilla/5.0 (Macintosh; Intel Mac OS X 10_9_4) AppleWebKit/537.36 (KHTML, like Gecko) Chrome/42.0.2311.135 Safari/537.36"
0:0:0:0:0:0:0:1 -  -  [04/May/2015:21:56:10 +0000] "GET /userFolder?folder=apple HTTP/1.1" 200 - "http://localhost:8081/userFolder?folder=banana" "Mozilla/5.0 (Macintosh; Intel Mac OS X 10_9_4) AppleWebKit/537.36 (KHTML, like Gecko) Chrome/42.0.2311.135 Safari/537.36"
0:0:0:0:0:0:0:1 -  -  [04/May/2015:21:56:14 +0000] "GET /inbox HTTP/1.1" 200 - "http://localhost:8081/userFolder?folder=apple" "Mozilla/5.0 (Macintosh; Intel Mac OS X 10_9_4) AppleWebKit/537.36 (KHTML, like Gecko) Chrome/42.0.2311.135 Safari/537.36"
0:0:0:0:0:0:0:1 -  -  [04/May/2015:21:56:25 +0000] "GET /userFolder?folder=apple HTTP/1.1" 200 - "http://localhost:8081/inbox" "Mozilla/5.0 (Macintosh; Intel Mac OS X 10_9_4) AppleWebKit/537.36 (KHTML, like Gecko) Chrome/42.0.2311.135 Safari/537.36"
0:0:0:0:0:0:0:1 -  -  [04/May/2015:21:58:21 +0000] "GET / HTTP/1.1" 200 - "-" "Mozilla/5.0 (Macintosh; Intel Mac OS X 10_9_4) AppleWebKit/537.36 (KHTML, like Gecko) Chrome/42.0.2311.135 Safari/537.36"
0:0:0:0:0:0:0:1 -  -  [04/May/2015:21:58:23 +0000] "GET /login HTTP/1.1" 200 - "http://localhost:8081/" "Mozilla/5.0 (Macintosh; Intel Mac OS X 10_9_4) AppleWebKit/537.36 (KHTML, like Gecko) Chrome/42.0.2311.135 Safari/537.36"
0:0:0:0:0:0:0:1 -  -  [04/May/2015:21:58:27 +0000] "POST /userLoginManager HTTP/1.1" 200 - "http://localhost:8081/login" "Mozilla/5.0 (Macintosh; Intel Mac OS X 10_9_4) AppleWebKit/537.36 (KHTML, like Gecko) Chrome/42.0.2311.135 Safari/537.36"
0:0:0:0:0:0:0:1 -  -  [04/May/2015:21:58:27 +0000] "GET /welcome HTTP/1.1" 200 - "http://localhost:8081/login" "Mozilla/5.0 (Macintosh; Intel Mac OS X 10_9_4) AppleWebKit/537.36 (KHTML, like Gecko) Chrome/42.0.2311.135 Safari/537.36"
0:0:0:0:0:0:0:1 -  -  [04/May/2015:21:58:29 +0000] "POST /afterWelcomeBeforeInboxManager HTTP/1.1" 200 - "http://localhost:8081/welcome" "Mozilla/5.0 (Macintosh; Intel Mac OS X 10_9_4) AppleWebKit/537.36 (KHTML, like Gecko) Chrome/42.0.2311.135 Safari/537.36"
0:0:0:0:0:0:0:1 -  -  [04/May/2015:21:58:29 +0000] "GET /inbox HTTP/1.1" 200 - "http://localhost:8081/welcome" "Mozilla/5.0 (Macintosh; Intel Mac OS X 10_9_4) AppleWebKit/537.36 (KHTML, like Gecko) Chrome/42.0.2311.135 Safari/537.36"
0:0:0:0:0:0:0:1 -  -  [04/May/2015:21:58:33 +0000] "GET /userFolder?folder=apple HTTP/1.1" 200 - "http://localhost:8081/inbox" "Mozilla/5.0 (Macintosh; Intel Mac OS X 10_9_4) AppleWebKit/537.36 (KHTML, like Gecko) Chrome/42.0.2311.135 Safari/537.36"
0:0:0:0:0:0:0:1 -  -  [04/May/2015:22:03:00 +0000] "GET / HTTP/1.1" 200 - "-" "Mozilla/5.0 (Macintosh; Intel Mac OS X 10_9_4) AppleWebKit/537.36 (KHTML, like Gecko) Chrome/42.0.2311.135 Safari/537.36"
0:0:0:0:0:0:0:1 -  -  [04/May/2015:22:03:02 +0000] "GET /login HTTP/1.1" 200 - "http://localhost:8081/" "Mozilla/5.0 (Macintosh; Intel Mac OS X 10_9_4) AppleWebKit/537.36 (KHTML, like Gecko) Chrome/42.0.2311.135 Safari/537.36"
0:0:0:0:0:0:0:1 -  -  [04/May/2015:22:03:06 +0000] "POST /userLoginManager HTTP/1.1" 200 - "http://localhost:8081/login" "Mozilla/5.0 (Macintosh; Intel Mac OS X 10_9_4) AppleWebKit/537.36 (KHTML, like Gecko) Chrome/42.0.2311.135 Safari/537.36"
0:0:0:0:0:0:0:1 -  -  [04/May/2015:22:03:06 +0000] "GET /welcome HTTP/1.1" 200 - "http://localhost:8081/login" "Mozilla/5.0 (Macintosh; Intel Mac OS X 10_9_4) AppleWebKit/537.36 (KHTML, like Gecko) Chrome/42.0.2311.135 Safari/537.36"
0:0:0:0:0:0:0:1 -  -  [04/May/2015:22:03:08 +0000] "POST /afterWelcomeBeforeInboxManager HTTP/1.1" 200 - "http://localhost:8081/welcome" "Mozilla/5.0 (Macintosh; Intel Mac OS X 10_9_4) AppleWebKit/537.36 (KHTML, like Gecko) Chrome/42.0.2311.135 Safari/537.36"
0:0:0:0:0:0:0:1 -  -  [04/May/2015:22:03:08 +0000] "GET /inbox HTTP/1.1" 200 - "http://localhost:8081/welcome" "Mozilla/5.0 (Macintosh; Intel Mac OS X 10_9_4) AppleWebKit/537.36 (KHTML, like Gecko) Chrome/42.0.2311.135 Safari/537.36"
0:0:0:0:0:0:0:1 -  -  [04/May/2015:22:03:10 +0000] "GET /userFolder?folder=apple HTTP/1.1" 200 - "http://localhost:8081/inbox" "Mozilla/5.0 (Macintosh; Intel Mac OS X 10_9_4) AppleWebKit/537.36 (KHTML, like Gecko) Chrome/42.0.2311.135 Safari/537.36"
0:0:0:0:0:0:0:1 -  -  [04/May/2015:22:04:36 +0000] "GET / HTTP/1.1" 200 - "-" "Mozilla/5.0 (Macintosh; Intel Mac OS X 10_9_4) AppleWebKit/537.36 (KHTML, like Gecko) Chrome/42.0.2311.135 Safari/537.36"
0:0:0:0:0:0:0:1 -  -  [04/May/2015:22:04:37 +0000] "GET /login HTTP/1.1" 200 - "http://localhost:8081/" "Mozilla/5.0 (Macintosh; Intel Mac OS X 10_9_4) AppleWebKit/537.36 (KHTML, like Gecko) Chrome/42.0.2311.135 Safari/537.36"
0:0:0:0:0:0:0:1 -  -  [04/May/2015:22:04:41 +0000] "POST /userLoginManager HTTP/1.1" 200 - "http://localhost:8081/login" "Mozilla/5.0 (Macintosh; Intel Mac OS X 10_9_4) AppleWebKit/537.36 (KHTML, like Gecko) Chrome/42.0.2311.135 Safari/537.36"
0:0:0:0:0:0:0:1 -  -  [04/May/2015:22:04:41 +0000] "GET /welcome HTTP/1.1" 200 - "http://localhost:8081/login" "Mozilla/5.0 (Macintosh; Intel Mac OS X 10_9_4) AppleWebKit/537.36 (KHTML, like Gecko) Chrome/42.0.2311.135 Safari/537.36"
0:0:0:0:0:0:0:1 -  -  [04/May/2015:22:04:43 +0000] "POST /afterWelcomeBeforeInboxManager HTTP/1.1" 200 - "http://localhost:8081/welcome" "Mozilla/5.0 (Macintosh; Intel Mac OS X 10_9_4) AppleWebKit/537.36 (KHTML, like Gecko) Chrome/42.0.2311.135 Safari/537.36"
0:0:0:0:0:0:0:1 -  -  [04/May/2015:22:04:43 +0000] "GET /inbox HTTP/1.1" 200 - "http://localhost:8081/welcome" "Mozilla/5.0 (Macintosh; Intel Mac OS X 10_9_4) AppleWebKit/537.36 (KHTML, like Gecko) Chrome/42.0.2311.135 Safari/537.36"
0:0:0:0:0:0:0:1 -  -  [04/May/2015:22:04:45 +0000] "GET /userFolder?folder=apple HTTP/1.1" 200 - "http://localhost:8081/inbox" "Mozilla/5.0 (Macintosh; Intel Mac OS X 10_9_4) AppleWebKit/537.36 (KHTML, like Gecko) Chrome/42.0.2311.135 Safari/537.36"
0:0:0:0:0:0:0:1 -  -  [04/May/2015:22:05:41 +0000] "GET / HTTP/1.1" 200 - "-" "Mozilla/5.0 (Macintosh; Intel Mac OS X 10_9_4) AppleWebKit/537.36 (KHTML, like Gecko) Chrome/42.0.2311.135 Safari/537.36"
0:0:0:0:0:0:0:1 -  -  [04/May/2015:22:05:42 +0000] "GET /login HTTP/1.1" 200 - "http://localhost:8081/" "Mozilla/5.0 (Macintosh; Intel Mac OS X 10_9_4) AppleWebKit/537.36 (KHTML, like Gecko) Chrome/42.0.2311.135 Safari/537.36"
0:0:0:0:0:0:0:1 -  -  [04/May/2015:22:05:46 +0000] "POST /userLoginManager HTTP/1.1" 200 - "http://localhost:8081/login" "Mozilla/5.0 (Macintosh; Intel Mac OS X 10_9_4) AppleWebKit/537.36 (KHTML, like Gecko) Chrome/42.0.2311.135 Safari/537.36"
0:0:0:0:0:0:0:1 -  -  [04/May/2015:22:05:46 +0000] "GET /welcome HTTP/1.1" 200 - "http://localhost:8081/login" "Mozilla/5.0 (Macintosh; Intel Mac OS X 10_9_4) AppleWebKit/537.36 (KHTML, like Gecko) Chrome/42.0.2311.135 Safari/537.36"
0:0:0:0:0:0:0:1 -  -  [04/May/2015:22:05:48 +0000] "POST /afterWelcomeBeforeInboxManager HTTP/1.1" 200 - "http://localhost:8081/welcome" "Mozilla/5.0 (Macintosh; Intel Mac OS X 10_9_4) AppleWebKit/537.36 (KHTML, like Gecko) Chrome/42.0.2311.135 Safari/537.36"
0:0:0:0:0:0:0:1 -  -  [04/May/2015:22:05:48 +0000] "GET /inbox HTTP/1.1" 200 - "http://localhost:8081/welcome" "Mozilla/5.0 (Macintosh; Intel Mac OS X 10_9_4) AppleWebKit/537.36 (KHTML, like Gecko) Chrome/42.0.2311.135 Safari/537.36"
0:0:0:0:0:0:0:1 -  -  [04/May/2015:22:05:50 +0000] "GET /viewEmail?emailID=108&infolder=inbox HTTP/1.1" 200 - "http://localhost:8081/inbox" "Mozilla/5.0 (Macintosh; Intel Mac OS X 10_9_4) AppleWebKit/537.36 (KHTML, like Gecko) Chrome/42.0.2311.135 Safari/537.36"
0:0:0:0:0:0:0:1 -  -  [04/May/2015:22:05:53 +0000] "GET /inbox HTTP/1.1" 200 - "http://localhost:8081/viewEmail?emailID=108&infolder=inbox" "Mozilla/5.0 (Macintosh; Intel Mac OS X 10_9_4) AppleWebKit/537.36 (KHTML, like Gecko) Chrome/42.0.2311.135 Safari/537.36"
0:0:0:0:0:0:0:1 -  -  [04/May/2015:22:05:56 +0000] "GET /userFolder?folder=apple HTTP/1.1" 200 - "http://localhost:8081/inbox" "Mozilla/5.0 (Macintosh; Intel Mac OS X 10_9_4) AppleWebKit/537.36 (KHTML, like Gecko) Chrome/42.0.2311.135 Safari/537.36"
0:0:0:0:0:0:0:1 -  -  [04/May/2015:22:06:31 +0000] "GET / HTTP/1.1" 200 - "-" "Mozilla/5.0 (Macintosh; Intel Mac OS X 10_9_4) AppleWebKit/537.36 (KHTML, like Gecko) Chrome/42.0.2311.135 Safari/537.36"
0:0:0:0:0:0:0:1 -  -  [04/May/2015:22:06:32 +0000] "GET /login HTTP/1.1" 200 - "http://localhost:8081/" "Mozilla/5.0 (Macintosh; Intel Mac OS X 10_9_4) AppleWebKit/537.36 (KHTML, like Gecko) Chrome/42.0.2311.135 Safari/537.36"
0:0:0:0:0:0:0:1 -  -  [04/May/2015:22:06:38 +0000] "POST /userLoginManager HTTP/1.1" 200 - "http://localhost:8081/login" "Mozilla/5.0 (Macintosh; Intel Mac OS X 10_9_4) AppleWebKit/537.36 (KHTML, like Gecko) Chrome/42.0.2311.135 Safari/537.36"
0:0:0:0:0:0:0:1 -  -  [04/May/2015:22:06:38 +0000] "GET /welcome HTTP/1.1" 200 - "http://localhost:8081/login" "Mozilla/5.0 (Macintosh; Intel Mac OS X 10_9_4) AppleWebKit/537.36 (KHTML, like Gecko) Chrome/42.0.2311.135 Safari/537.36"
0:0:0:0:0:0:0:1 -  -  [04/May/2015:22:06:39 +0000] "POST /afterWelcomeBeforeInboxManager HTTP/1.1" 200 - "http://localhost:8081/welcome" "Mozilla/5.0 (Macintosh; Intel Mac OS X 10_9_4) AppleWebKit/537.36 (KHTML, like Gecko) Chrome/42.0.2311.135 Safari/537.36"
0:0:0:0:0:0:0:1 -  -  [04/May/2015:22:06:39 +0000] "GET /inbox HTTP/1.1" 200 - "http://localhost:8081/welcome" "Mozilla/5.0 (Macintosh; Intel Mac OS X 10_9_4) AppleWebKit/537.36 (KHTML, like Gecko) Chrome/42.0.2311.135 Safari/537.36"
0:0:0:0:0:0:0:1 -  -  [04/May/2015:22:06:41 +0000] "GET /userFolder?folder=apple HTTP/1.1" 200 - "http://localhost:8081/inbox" "Mozilla/5.0 (Macintosh; Intel Mac OS X 10_9_4) AppleWebKit/537.36 (KHTML, like Gecko) Chrome/42.0.2311.135 Safari/537.36"
0:0:0:0:0:0:0:1 -  -  [04/May/2015:22:17:11 +0000] "GET / HTTP/1.1" 200 - "-" "Mozilla/5.0 (Macintosh; Intel Mac OS X 10_9_4) AppleWebKit/537.36 (KHTML, like Gecko) Chrome/42.0.2311.135 Safari/537.36"
0:0:0:0:0:0:0:1 -  -  [04/May/2015:22:17:12 +0000] "GET /login HTTP/1.1" 200 - "http://localhost:8081/" "Mozilla/5.0 (Macintosh; Intel Mac OS X 10_9_4) AppleWebKit/537.36 (KHTML, like Gecko) Chrome/42.0.2311.135 Safari/537.36"
0:0:0:0:0:0:0:1 -  -  [04/May/2015:22:17:16 +0000] "POST /userLoginManager HTTP/1.1" 200 - "http://localhost:8081/login" "Mozilla/5.0 (Macintosh; Intel Mac OS X 10_9_4) AppleWebKit/537.36 (KHTML, like Gecko) Chrome/42.0.2311.135 Safari/537.36"
0:0:0:0:0:0:0:1 -  -  [04/May/2015:22:17:16 +0000] "GET /welcome HTTP/1.1" 200 - "http://localhost:8081/login" "Mozilla/5.0 (Macintosh; Intel Mac OS X 10_9_4) AppleWebKit/537.36 (KHTML, like Gecko) Chrome/42.0.2311.135 Safari/537.36"
0:0:0:0:0:0:0:1 -  -  [04/May/2015:22:17:18 +0000] "POST /afterWelcomeBeforeInboxManager HTTP/1.1" 200 - "http://localhost:8081/welcome" "Mozilla/5.0 (Macintosh; Intel Mac OS X 10_9_4) AppleWebKit/537.36 (KHTML, like Gecko) Chrome/42.0.2311.135 Safari/537.36"
0:0:0:0:0:0:0:1 -  -  [04/May/2015:22:17:18 +0000] "GET /inbox HTTP/1.1" 200 - "http://localhost:8081/welcome" "Mozilla/5.0 (Macintosh; Intel Mac OS X 10_9_4) AppleWebKit/537.36 (KHTML, like Gecko) Chrome/42.0.2311.135 Safari/537.36"
0:0:0:0:0:0:0:1 -  -  [04/May/2015:22:17:21 +0000] "GET /userFolder?folder=apple HTTP/1.1" 200 - "http://localhost:8081/inbox" "Mozilla/5.0 (Macintosh; Intel Mac OS X 10_9_4) AppleWebKit/537.36 (KHTML, like Gecko) Chrome/42.0.2311.135 Safari/537.36"
0:0:0:0:0:0:0:1 -  -  [04/May/2015:22:18:06 +0000] "GET / HTTP/1.1" 200 - "-" "Mozilla/5.0 (Macintosh; Intel Mac OS X 10_9_4) AppleWebKit/537.36 (KHTML, like Gecko) Chrome/42.0.2311.135 Safari/537.36"
0:0:0:0:0:0:0:1 -  -  [04/May/2015:22:18:07 +0000] "GET /login HTTP/1.1" 200 - "http://localhost:8081/" "Mozilla/5.0 (Macintosh; Intel Mac OS X 10_9_4) AppleWebKit/537.36 (KHTML, like Gecko) Chrome/42.0.2311.135 Safari/537.36"
0:0:0:0:0:0:0:1 -  -  [04/May/2015:22:18:11 +0000] "POST /userLoginManager HTTP/1.1" 200 - "http://localhost:8081/login" "Mozilla/5.0 (Macintosh; Intel Mac OS X 10_9_4) AppleWebKit/537.36 (KHTML, like Gecko) Chrome/42.0.2311.135 Safari/537.36"
0:0:0:0:0:0:0:1 -  -  [04/May/2015:22:18:11 +0000] "GET /welcome HTTP/1.1" 200 - "http://localhost:8081/login" "Mozilla/5.0 (Macintosh; Intel Mac OS X 10_9_4) AppleWebKit/537.36 (KHTML, like Gecko) Chrome/42.0.2311.135 Safari/537.36"
0:0:0:0:0:0:0:1 -  -  [04/May/2015:22:18:13 +0000] "POST /afterWelcomeBeforeInboxManager HTTP/1.1" 200 - "http://localhost:8081/welcome" "Mozilla/5.0 (Macintosh; Intel Mac OS X 10_9_4) AppleWebKit/537.36 (KHTML, like Gecko) Chrome/42.0.2311.135 Safari/537.36"
0:0:0:0:0:0:0:1 -  -  [04/May/2015:22:18:13 +0000] "GET /inbox HTTP/1.1" 200 - "http://localhost:8081/welcome" "Mozilla/5.0 (Macintosh; Intel Mac OS X 10_9_4) AppleWebKit/537.36 (KHTML, like Gecko) Chrome/42.0.2311.135 Safari/537.36"
0:0:0:0:0:0:0:1 -  -  [04/May/2015:22:18:15 +0000] "GET /userFolder?folder=apple HTTP/1.1" 200 - "http://localhost:8081/inbox" "Mozilla/5.0 (Macintosh; Intel Mac OS X 10_9_4) AppleWebKit/537.36 (KHTML, like Gecko) Chrome/42.0.2311.135 Safari/537.36"
0:0:0:0:0:0:0:1 -  -  [04/May/2015:22:18:49 +0000] "GET / HTTP/1.1" 200 - "-" "Mozilla/5.0 (Macintosh; Intel Mac OS X 10_9_4) AppleWebKit/537.36 (KHTML, like Gecko) Chrome/42.0.2311.135 Safari/537.36"
0:0:0:0:0:0:0:1 -  -  [04/May/2015:22:18:51 +0000] "GET /login HTTP/1.1" 200 - "http://localhost:8081/" "Mozilla/5.0 (Macintosh; Intel Mac OS X 10_9_4) AppleWebKit/537.36 (KHTML, like Gecko) Chrome/42.0.2311.135 Safari/537.36"
0:0:0:0:0:0:0:1 -  -  [04/May/2015:22:18:54 +0000] "POST /userLoginManager HTTP/1.1" 200 - "http://localhost:8081/login" "Mozilla/5.0 (Macintosh; Intel Mac OS X 10_9_4) AppleWebKit/537.36 (KHTML, like Gecko) Chrome/42.0.2311.135 Safari/537.36"
0:0:0:0:0:0:0:1 -  -  [04/May/2015:22:18:54 +0000] "GET /welcome HTTP/1.1" 200 - "http://localhost:8081/login" "Mozilla/5.0 (Macintosh; Intel Mac OS X 10_9_4) AppleWebKit/537.36 (KHTML, like Gecko) Chrome/42.0.2311.135 Safari/537.36"
0:0:0:0:0:0:0:1 -  -  [04/May/2015:22:18:56 +0000] "POST /afterWelcomeBeforeInboxManager HTTP/1.1" 200 - "http://localhost:8081/welcome" "Mozilla/5.0 (Macintosh; Intel Mac OS X 10_9_4) AppleWebKit/537.36 (KHTML, like Gecko) Chrome/42.0.2311.135 Safari/537.36"
0:0:0:0:0:0:0:1 -  -  [04/May/2015:22:18:56 +0000] "GET /inbox HTTP/1.1" 200 - "http://localhost:8081/welcome" "Mozilla/5.0 (Macintosh; Intel Mac OS X 10_9_4) AppleWebKit/537.36 (KHTML, like Gecko) Chrome/42.0.2311.135 Safari/537.36"
0:0:0:0:0:0:0:1 -  -  [04/May/2015:22:18:57 +0000] "GET /userFolder?folder=apple HTTP/1.1" 200 - "http://localhost:8081/inbox" "Mozilla/5.0 (Macintosh; Intel Mac OS X 10_9_4) AppleWebKit/537.36 (KHTML, like Gecko) Chrome/42.0.2311.135 Safari/537.36"
0:0:0:0:0:0:0:1 -  -  [04/May/2015:22:18:58 +0000] "GET /userFolder?folder=banana HTTP/1.1" 200 - "http://localhost:8081/userFolder?folder=apple" "Mozilla/5.0 (Macintosh; Intel Mac OS X 10_9_4) AppleWebKit/537.36 (KHTML, like Gecko) Chrome/42.0.2311.135 Safari/537.36"
0:0:0:0:0:0:0:1 -  -  [04/May/2015:22:19:00 +0000] "GET /userFolder?folder=apple HTTP/1.1" 200 - "http://localhost:8081/userFolder?folder=banana" "Mozilla/5.0 (Macintosh; Intel Mac OS X 10_9_4) AppleWebKit/537.36 (KHTML, like Gecko) Chrome/42.0.2311.135 Safari/537.36"
0:0:0:0:0:0:0:1 -  -  [04/May/2015:22:19:01 +0000] "GET /userFolder?folder=banana HTTP/1.1" 200 - "http://localhost:8081/userFolder?folder=apple" "Mozilla/5.0 (Macintosh; Intel Mac OS X 10_9_4) AppleWebKit/537.36 (KHTML, like Gecko) Chrome/42.0.2311.135 Safari/537.36"
0:0:0:0:0:0:0:1 -  -  [04/May/2015:22:19:03 +0000] "GET /inbox HTTP/1.1" 200 - "http://localhost:8081/userFolder?folder=banana" "Mozilla/5.0 (Macintosh; Intel Mac OS X 10_9_4) AppleWebKit/537.36 (KHTML, like Gecko) Chrome/42.0.2311.135 Safari/537.36"
0:0:0:0:0:0:0:1 -  -  [04/May/2015:22:19:05 +0000] "GET /trash HTTP/1.1" 200 - "http://localhost:8081/inbox" "Mozilla/5.0 (Macintosh; Intel Mac OS X 10_9_4) AppleWebKit/537.36 (KHTML, like Gecko) Chrome/42.0.2311.135 Safari/537.36"
0:0:0:0:0:0:0:1 -  -  [04/May/2015:22:19:06 +0000] "GET /inbox HTTP/1.1" 200 - "http://localhost:8081/trash" "Mozilla/5.0 (Macintosh; Intel Mac OS X 10_9_4) AppleWebKit/537.36 (KHTML, like Gecko) Chrome/42.0.2311.135 Safari/537.36"
0:0:0:0:0:0:0:1 -  -  [04/May/2015:22:19:08 +0000] "GET /viewEmail?emailID=108&infolder=inbox HTTP/1.1" 200 - "http://localhost:8081/inbox" "Mozilla/5.0 (Macintosh; Intel Mac OS X 10_9_4) AppleWebKit/537.36 (KHTML, like Gecko) Chrome/42.0.2311.135 Safari/537.36"
0:0:0:0:0:0:0:1 -  -  [04/May/2015:22:19:10 +0000] "GET /moveFolderManager?folder=inbox&emailID=108&moveto=apple HTTP/1.1" 200 - "http://localhost:8081/viewEmail?emailID=108&infolder=inbox" "Mozilla/5.0 (Macintosh; Intel Mac OS X 10_9_4) AppleWebKit/537.36 (KHTML, like Gecko) Chrome/42.0.2311.135 Safari/537.36"
0:0:0:0:0:0:0:1 -  -  [04/May/2015:22:19:10 +0000] "GET /inbox HTTP/1.1" 200 - "http://localhost:8081/viewEmail?emailID=108&infolder=inbox" "Mozilla/5.0 (Macintosh; Intel Mac OS X 10_9_4) AppleWebKit/537.36 (KHTML, like Gecko) Chrome/42.0.2311.135 Safari/537.36"
0:0:0:0:0:0:0:1 -  -  [04/May/2015:22:42:51 +0000] "GET / HTTP/1.1" 200 - "-" "Mozilla/5.0 (Macintosh; Intel Mac OS X 10_9_4) AppleWebKit/537.36 (KHTML, like Gecko) Chrome/42.0.2311.135 Safari/537.36"
0:0:0:0:0:0:0:1 -  -  [04/May/2015:22:42:53 +0000] "GET /login HTTP/1.1" 200 - "http://localhost:8081/" "Mozilla/5.0 (Macintosh; Intel Mac OS X 10_9_4) AppleWebKit/537.36 (KHTML, like Gecko) Chrome/42.0.2311.135 Safari/537.36"
0:0:0:0:0:0:0:1 -  -  [04/May/2015:22:42:58 +0000] "POST /userLoginManager HTTP/1.1" 200 - "http://localhost:8081/login" "Mozilla/5.0 (Macintosh; Intel Mac OS X 10_9_4) AppleWebKit/537.36 (KHTML, like Gecko) Chrome/42.0.2311.135 Safari/537.36"
0:0:0:0:0:0:0:1 -  -  [04/May/2015:22:42:58 +0000] "GET /welcome HTTP/1.1" 200 - "http://localhost:8081/login" "Mozilla/5.0 (Macintosh; Intel Mac OS X 10_9_4) AppleWebKit/537.36 (KHTML, like Gecko) Chrome/42.0.2311.135 Safari/537.36"
0:0:0:0:0:0:0:1 -  -  [04/May/2015:22:42:59 +0000] "POST /afterWelcomeBeforeInboxManager HTTP/1.1" 200 - "http://localhost:8081/welcome" "Mozilla/5.0 (Macintosh; Intel Mac OS X 10_9_4) AppleWebKit/537.36 (KHTML, like Gecko) Chrome/42.0.2311.135 Safari/537.36"
0:0:0:0:0:0:0:1 -  -  [04/May/2015:22:42:59 +0000] "GET /inbox HTTP/1.1" 200 - "http://localhost:8081/welcome" "Mozilla/5.0 (Macintosh; Intel Mac OS X 10_9_4) AppleWebKit/537.36 (KHTML, like Gecko) Chrome/42.0.2311.135 Safari/537.36"
0:0:0:0:0:0:0:1 -  -  [04/May/2015:22:43:02 +0000] "GET /viewEmail?emailID=97&infolder=inbox HTTP/1.1" 200 - "http://localhost:8081/inbox" "Mozilla/5.0 (Macintosh; Intel Mac OS X 10_9_4) AppleWebKit/537.36 (KHTML, like Gecko) Chrome/42.0.2311.135 Safari/537.36"
0:0:0:0:0:0:0:1 -  -  [04/May/2015:22:44:26 +0000] "GET / HTTP/1.1" 200 - "-" "Mozilla/5.0 (Macintosh; Intel Mac OS X 10_9_4) AppleWebKit/537.36 (KHTML, like Gecko) Chrome/42.0.2311.135 Safari/537.36"
0:0:0:0:0:0:0:1 -  -  [04/May/2015:22:44:28 +0000] "GET /login HTTP/1.1" 200 - "http://localhost:8081/" "Mozilla/5.0 (Macintosh; Intel Mac OS X 10_9_4) AppleWebKit/537.36 (KHTML, like Gecko) Chrome/42.0.2311.135 Safari/537.36"
0:0:0:0:0:0:0:1 -  -  [04/May/2015:22:44:33 +0000] "POST /userLoginManager HTTP/1.1" 200 - "http://localhost:8081/login" "Mozilla/5.0 (Macintosh; Intel Mac OS X 10_9_4) AppleWebKit/537.36 (KHTML, like Gecko) Chrome/42.0.2311.135 Safari/537.36"
0:0:0:0:0:0:0:1 -  -  [04/May/2015:22:44:33 +0000] "GET /welcome HTTP/1.1" 200 - "http://localhost:8081/login" "Mozilla/5.0 (Macintosh; Intel Mac OS X 10_9_4) AppleWebKit/537.36 (KHTML, like Gecko) Chrome/42.0.2311.135 Safari/537.36"
0:0:0:0:0:0:0:1 -  -  [04/May/2015:22:44:34 +0000] "POST /afterWelcomeBeforeInboxManager HTTP/1.1" 200 - "http://localhost:8081/welcome" "Mozilla/5.0 (Macintosh; Intel Mac OS X 10_9_4) AppleWebKit/537.36 (KHTML, like Gecko) Chrome/42.0.2311.135 Safari/537.36"
0:0:0:0:0:0:0:1 -  -  [04/May/2015:22:44:34 +0000] "GET /inbox HTTP/1.1" 200 - "http://localhost:8081/welcome" "Mozilla/5.0 (Macintosh; Intel Mac OS X 10_9_4) AppleWebKit/537.36 (KHTML, like Gecko) Chrome/42.0.2311.135 Safari/537.36"
0:0:0:0:0:0:0:1 -  -  [04/May/2015:22:44:35 +0000] "GET /viewEmail?emailID=97&infolder=inbox HTTP/1.1" 200 - "http://localhost:8081/inbox" "Mozilla/5.0 (Macintosh; Intel Mac OS X 10_9_4) AppleWebKit/537.36 (KHTML, like Gecko) Chrome/42.0.2311.135 Safari/537.36"
0:0:0:0:0:0:0:1 -  -  [04/May/2015:22:44:47 +0000] "GET /inbox HTTP/1.1" 200 - "http://localhost:8081/viewEmail?emailID=97&infolder=inbox" "Mozilla/5.0 (Macintosh; Intel Mac OS X 10_9_4) AppleWebKit/537.36 (KHTML, like Gecko) Chrome/42.0.2311.135 Safari/537.36"
0:0:0:0:0:0:0:1 -  -  [04/May/2015:22:44:49 +0000] "GET /checkEmailManager HTTP/1.1" 200 - "http://localhost:8081/inbox" "Mozilla/5.0 (Macintosh; Intel Mac OS X 10_9_4) AppleWebKit/537.36 (KHTML, like Gecko) Chrome/42.0.2311.135 Safari/537.36"
0:0:0:0:0:0:0:1 -  -  [04/May/2015:22:44:52 +0000] "GET /inbox HTTP/1.1" 200 - "http://localhost:8081/inbox" "Mozilla/5.0 (Macintosh; Intel Mac OS X 10_9_4) AppleWebKit/537.36 (KHTML, like Gecko) Chrome/42.0.2311.135 Safari/537.36"
0:0:0:0:0:0:0:1 -  -  [04/May/2015:22:44:55 +0000] "GET /viewEmail?emailID=115&infolder=inbox HTTP/1.1" 200 - "http://localhost:8081/inbox" "Mozilla/5.0 (Macintosh; Intel Mac OS X 10_9_4) AppleWebKit/537.36 (KHTML, like Gecko) Chrome/42.0.2311.135 Safari/537.36"
0:0:0:0:0:0:0:1 -  -  [04/May/2015:22:45:55 +0000] "GET /inbox HTTP/1.1" 200 - "http://localhost:8081/viewEmail?emailID=115&infolder=inbox" "Mozilla/5.0 (Macintosh; Intel Mac OS X 10_9_4) AppleWebKit/537.36 (KHTML, like Gecko) Chrome/42.0.2311.135 Safari/537.36"
0:0:0:0:0:0:0:1 -  -  [04/May/2015:22:45:57 +0000] "GET /viewEmail?emailID=115&infolder=inbox HTTP/1.1" 200 - "http://localhost:8081/inbox" "Mozilla/5.0 (Macintosh; Intel Mac OS X 10_9_4) AppleWebKit/537.36 (KHTML, like Gecko) Chrome/42.0.2311.135 Safari/537.36"
