0:0:0:0:0:0:0:1 -  -  [03/Dec/2014:00:27:52 +0000] "GET /login HTTP/1.1" 200 - "-" "Mozilla/5.0 (Macintosh; Intel Mac OS X 10_9_4) AppleWebKit/537.36 (KHTML, like Gecko) Chrome/39.0.2171.71 Safari/537.36"
0:0:0:0:0:0:0:1 -  -  [03/Dec/2014:00:27:52 +0000] "GET /files/images/amail.png HTTP/1.1" 200 - "http://localhost:8080/login" "Mozilla/5.0 (Macintosh; Intel Mac OS X 10_9_4) AppleWebKit/537.36 (KHTML, like Gecko) Chrome/39.0.2171.71 Safari/537.36"
0:0:0:0:0:0:0:1 -  -  [03/Dec/2014:00:27:58 +0000] "POST /userLoginManager HTTP/1.1" 200 - "http://localhost:8080/login" "Mozilla/5.0 (Macintosh; Intel Mac OS X 10_9_4) AppleWebKit/537.36 (KHTML, like Gecko) Chrome/39.0.2171.71 Safari/537.36"
0:0:0:0:0:0:0:1 -  -  [03/Dec/2014:00:27:58 +0000] "GET /welcome HTTP/1.1" 200 - "http://localhost:8080/login" "Mozilla/5.0 (Macintosh; Intel Mac OS X 10_9_4) AppleWebKit/537.36 (KHTML, like Gecko) Chrome/39.0.2171.71 Safari/537.36"
0:0:0:0:0:0:0:1 -  -  [03/Dec/2014:00:27:59 +0000] "POST /afterWelcomeBeforeInboxManager HTTP/1.1" 200 - "http://localhost:8080/welcome" "Mozilla/5.0 (Macintosh; Intel Mac OS X 10_9_4) AppleWebKit/537.36 (KHTML, like Gecko) Chrome/39.0.2171.71 Safari/537.36"
0:0:0:0:0:0:0:1 -  -  [03/Dec/2014:00:27:59 +0000] "GET /inbox HTTP/1.1" 200 - "http://localhost:8080/welcome" "Mozilla/5.0 (Macintosh; Intel Mac OS X 10_9_4) AppleWebKit/537.36 (KHTML, like Gecko) Chrome/39.0.2171.71 Safari/537.36"
0:0:0:0:0:0:0:1 -  -  [03/Dec/2014:00:27:59 +0000] "GET /files/images/left.png HTTP/1.1" 200 - "http://localhost:8080/inbox" "Mozilla/5.0 (Macintosh; Intel Mac OS X 10_9_4) AppleWebKit/537.36 (KHTML, like Gecko) Chrome/39.0.2171.71 Safari/537.36"
0:0:0:0:0:0:0:1 -  -  [03/Dec/2014:00:27:59 +0000] "GET /files/images/right.png HTTP/1.1" 200 - "http://localhost:8080/inbox" "Mozilla/5.0 (Macintosh; Intel Mac OS X 10_9_4) AppleWebKit/537.36 (KHTML, like Gecko) Chrome/39.0.2171.71 Safari/537.36"
0:0:0:0:0:0:0:1 -  -  [03/Dec/2014:00:28:01 +0000] "GET /rightManager?folder=inbox HTTP/1.1" 200 - "http://localhost:8080/inbox" "Mozilla/5.0 (Macintosh; Intel Mac OS X 10_9_4) AppleWebKit/537.36 (KHTML, like Gecko) Chrome/39.0.2171.71 Safari/537.36"
0:0:0:0:0:0:0:1 -  -  [03/Dec/2014:00:28:01 +0000] "GET /inbox?order=date HTTP/1.1" 200 - "http://localhost:8080/inbox" "Mozilla/5.0 (Macintosh; Intel Mac OS X 10_9_4) AppleWebKit/537.36 (KHTML, like Gecko) Chrome/39.0.2171.71 Safari/537.36"
0:0:0:0:0:0:0:1 -  -  [03/Dec/2014:00:28:02 +0000] "GET /leftManager?folder=inbox HTTP/1.1" 200 - "http://localhost:8080/inbox?order=date" "Mozilla/5.0 (Macintosh; Intel Mac OS X 10_9_4) AppleWebKit/537.36 (KHTML, like Gecko) Chrome/39.0.2171.71 Safari/537.36"
0:0:0:0:0:0:0:1 -  -  [03/Dec/2014:00:28:02 +0000] "GET /inbox?order=date HTTP/1.1" 200 - "http://localhost:8080/inbox?order=date" "Mozilla/5.0 (Macintosh; Intel Mac OS X 10_9_4) AppleWebKit/537.36 (KHTML, like Gecko) Chrome/39.0.2171.71 Safari/537.36"
0:0:0:0:0:0:0:1 -  -  [03/Dec/2014:00:28:04 +0000] "GET /viewEmail?emailID=82&infolder=inbox HTTP/1.1" 200 - "http://localhost:8080/inbox?order=date" "Mozilla/5.0 (Macintosh; Intel Mac OS X 10_9_4) AppleWebKit/537.36 (KHTML, like Gecko) Chrome/39.0.2171.71 Safari/537.36"
0:0:0:0:0:0:0:1 -  -  [03/Dec/2014:00:28:09 +0000] "GET /inbox HTTP/1.1" 200 - "http://localhost:8080/viewEmail?emailID=82&infolder=inbox" "Mozilla/5.0 (Macintosh; Intel Mac OS X 10_9_4) AppleWebKit/537.36 (KHTML, like Gecko) Chrome/39.0.2171.71 Safari/537.36"
0:0:0:0:0:0:0:1 -  -  [03/Dec/2014:00:28:13 +0000] "GET /contacts?infolder=inbox HTTP/1.1" 200 - "http://localhost:8080/inbox" "Mozilla/5.0 (Macintosh; Intel Mac OS X 10_9_4) AppleWebKit/537.36 (KHTML, like Gecko) Chrome/39.0.2171.71 Safari/537.36"
0:0:0:0:0:0:0:1 -  -  [03/Dec/2014:00:28:19 +0000] "GET /addContact HTTP/1.1" 200 - "http://localhost:8080/contacts?infolder=inbox" "Mozilla/5.0 (Macintosh; Intel Mac OS X 10_9_4) AppleWebKit/537.36 (KHTML, like Gecko) Chrome/39.0.2171.71 Safari/537.36"
0:0:0:0:0:0:0:1 -  -  [03/Dec/2014:00:28:28 +0000] "POST /addContactManager HTTP/1.1" 200 - "http://localhost:8080/addContact" "Mozilla/5.0 (Macintosh; Intel Mac OS X 10_9_4) AppleWebKit/537.36 (KHTML, like Gecko) Chrome/39.0.2171.71 Safari/537.36"
0:0:0:0:0:0:0:1 -  -  [03/Dec/2014:00:28:28 +0000] "GET /contacts?infolder=inbox HTTP/1.1" 200 - "http://localhost:8080/addContact" "Mozilla/5.0 (Macintosh; Intel Mac OS X 10_9_4) AppleWebKit/537.36 (KHTML, like Gecko) Chrome/39.0.2171.71 Safari/537.36"
0:0:0:0:0:0:0:1 -  -  [03/Dec/2014:00:29:25 +0000] "GET / HTTP/1.1" 200 - "-" "Mozilla/5.0 (Macintosh; Intel Mac OS X 10_9_4) AppleWebKit/537.36 (KHTML, like Gecko) Chrome/39.0.2171.71 Safari/537.36"
0:0:0:0:0:0:0:1 -  -  [03/Dec/2014:00:29:25 +0000] "GET /favicon.ico HTTP/1.1" 200 - "-" "Mozilla/5.0 (Macintosh; Intel Mac OS X 10_9_4) AppleWebKit/537.36 (KHTML, like Gecko) Chrome/39.0.2171.71 Safari/537.36"
0:0:0:0:0:0:0:1 -  -  [03/Dec/2014:00:29:25 +0000] "GET /files/error.html HTTP/1.1" 200 - "-" "Mozilla/5.0 (Macintosh; Intel Mac OS X 10_9_4) AppleWebKit/537.36 (KHTML, like Gecko) Chrome/39.0.2171.71 Safari/537.36"
0:0:0:0:0:0:0:1 -  -  [03/Dec/2014:00:29:29 +0000] "GET /login HTTP/1.1" 200 - "https://localhost:8443/" "Mozilla/5.0 (Macintosh; Intel Mac OS X 10_9_4) AppleWebKit/537.36 (KHTML, like Gecko) Chrome/39.0.2171.71 Safari/537.36"
0:0:0:0:0:0:0:1 -  -  [03/Dec/2014:00:29:29 +0000] "GET /files/images/amail.png HTTP/1.1" 200 - "https://localhost:8443/login" "Mozilla/5.0 (Macintosh; Intel Mac OS X 10_9_4) AppleWebKit/537.36 (KHTML, like Gecko) Chrome/39.0.2171.71 Safari/537.36"
0:0:0:0:0:0:0:1 -  -  [03/Dec/2014:00:29:29 +0000] "GET /files/images/blank_person.png HTTP/1.1" 200 - "https://localhost:8443/login" "Mozilla/5.0 (Macintosh; Intel Mac OS X 10_9_4) AppleWebKit/537.36 (KHTML, like Gecko) Chrome/39.0.2171.71 Safari/537.36"
0:0:0:0:0:0:0:1 -  -  [03/Dec/2014:00:29:35 +0000] "POST /userLoginManager HTTP/1.1" 200 - "https://localhost:8443/login" "Mozilla/5.0 (Macintosh; Intel Mac OS X 10_9_4) AppleWebKit/537.36 (KHTML, like Gecko) Chrome/39.0.2171.71 Safari/537.36"
0:0:0:0:0:0:0:1 -  -  [03/Dec/2014:00:29:35 +0000] "GET /welcome HTTP/1.1" 200 - "https://localhost:8443/login" "Mozilla/5.0 (Macintosh; Intel Mac OS X 10_9_4) AppleWebKit/537.36 (KHTML, like Gecko) Chrome/39.0.2171.71 Safari/537.36"
0:0:0:0:0:0:0:1 -  -  [03/Dec/2014:00:29:36 +0000] "POST /afterWelcomeBeforeInboxManager HTTP/1.1" 200 - "https://localhost:8443/welcome" "Mozilla/5.0 (Macintosh; Intel Mac OS X 10_9_4) AppleWebKit/537.36 (KHTML, like Gecko) Chrome/39.0.2171.71 Safari/537.36"
0:0:0:0:0:0:0:1 -  -  [03/Dec/2014:00:29:36 +0000] "GET /inbox HTTP/1.1" 200 - "https://localhost:8443/welcome" "Mozilla/5.0 (Macintosh; Intel Mac OS X 10_9_4) AppleWebKit/537.36 (KHTML, like Gecko) Chrome/39.0.2171.71 Safari/537.36"
0:0:0:0:0:0:0:1 -  -  [03/Dec/2014:00:29:36 +0000] "GET /files/images/left.png HTTP/1.1" 200 - "https://localhost:8443/inbox" "Mozilla/5.0 (Macintosh; Intel Mac OS X 10_9_4) AppleWebKit/537.36 (KHTML, like Gecko) Chrome/39.0.2171.71 Safari/537.36"
0:0:0:0:0:0:0:1 -  -  [03/Dec/2014:00:29:36 +0000] "GET /files/images/right.png HTTP/1.1" 200 - "https://localhost:8443/inbox" "Mozilla/5.0 (Macintosh; Intel Mac OS X 10_9_4) AppleWebKit/537.36 (KHTML, like Gecko) Chrome/39.0.2171.71 Safari/537.36"
0:0:0:0:0:0:0:1 -  -  [03/Dec/2014:00:29:39 +0000] "GET /viewEmail?emailID=89&infolder=inbox HTTP/1.1" 200 - "https://localhost:8443/inbox" "Mozilla/5.0 (Macintosh; Intel Mac OS X 10_9_4) AppleWebKit/537.36 (KHTML, like Gecko) Chrome/39.0.2171.71 Safari/537.36"
0:0:0:0:0:0:0:1 -  -  [03/Dec/2014:00:29:58 +0000] "GET / HTTP/1.1" 200 - "-" "Mozilla/5.0 (Macintosh; Intel Mac OS X 10_9_4) AppleWebKit/537.36 (KHTML, like Gecko) Chrome/39.0.2171.71 Safari/537.36"
0:0:0:0:0:0:0:1 -  -  [03/Dec/2014:00:30:01 +0000] "GET /login HTTP/1.1" 200 - "https://localhost:8443/" "Mozilla/5.0 (Macintosh; Intel Mac OS X 10_9_4) AppleWebKit/537.36 (KHTML, like Gecko) Chrome/39.0.2171.71 Safari/537.36"
0:0:0:0:0:0:0:1 -  -  [03/Dec/2014:00:30:05 +0000] "POST /userLoginManager HTTP/1.1" 200 - "https://localhost:8443/login" "Mozilla/5.0 (Macintosh; Intel Mac OS X 10_9_4) AppleWebKit/537.36 (KHTML, like Gecko) Chrome/39.0.2171.71 Safari/537.36"
0:0:0:0:0:0:0:1 -  -  [03/Dec/2014:00:30:05 +0000] "GET /welcome HTTP/1.1" 200 - "https://localhost:8443/login" "Mozilla/5.0 (Macintosh; Intel Mac OS X 10_9_4) AppleWebKit/537.36 (KHTML, like Gecko) Chrome/39.0.2171.71 Safari/537.36"
0:0:0:0:0:0:0:1 -  -  [03/Dec/2014:00:30:06 +0000] "POST /afterWelcomeBeforeInboxManager HTTP/1.1" 200 - "https://localhost:8443/welcome" "Mozilla/5.0 (Macintosh; Intel Mac OS X 10_9_4) AppleWebKit/537.36 (KHTML, like Gecko) Chrome/39.0.2171.71 Safari/537.36"
0:0:0:0:0:0:0:1 -  -  [03/Dec/2014:00:30:06 +0000] "GET /inbox HTTP/1.1" 200 - "https://localhost:8443/welcome" "Mozilla/5.0 (Macintosh; Intel Mac OS X 10_9_4) AppleWebKit/537.36 (KHTML, like Gecko) Chrome/39.0.2171.71 Safari/537.36"
0:0:0:0:0:0:0:1 -  -  [03/Dec/2014:00:33:21 +0000] "GET /login HTTP/1.1" 200 - "-" "Mozilla/5.0 (Macintosh; Intel Mac OS X 10_9_4) AppleWebKit/537.36 (KHTML, like Gecko) Chrome/39.0.2171.71 Safari/537.36"
0:0:0:0:0:0:0:1 -  -  [03/Dec/2014:00:33:26 +0000] "POST /userLoginManager HTTP/1.1" 200 - "http://localhost:8080/login" "Mozilla/5.0 (Macintosh; Intel Mac OS X 10_9_4) AppleWebKit/537.36 (KHTML, like Gecko) Chrome/39.0.2171.71 Safari/537.36"
0:0:0:0:0:0:0:1 -  -  [03/Dec/2014:00:33:26 +0000] "GET /welcome HTTP/1.1" 200 - "http://localhost:8080/login" "Mozilla/5.0 (Macintosh; Intel Mac OS X 10_9_4) AppleWebKit/537.36 (KHTML, like Gecko) Chrome/39.0.2171.71 Safari/537.36"
0:0:0:0:0:0:0:1 -  -  [03/Dec/2014:00:33:27 +0000] "POST /afterWelcomeBeforeInboxManager HTTP/1.1" 200 - "http://localhost:8080/welcome" "Mozilla/5.0 (Macintosh; Intel Mac OS X 10_9_4) AppleWebKit/537.36 (KHTML, like Gecko) Chrome/39.0.2171.71 Safari/537.36"
0:0:0:0:0:0:0:1 -  -  [03/Dec/2014:00:33:27 +0000] "GET /inbox HTTP/1.1" 200 - "http://localhost:8080/welcome" "Mozilla/5.0 (Macintosh; Intel Mac OS X 10_9_4) AppleWebKit/537.36 (KHTML, like Gecko) Chrome/39.0.2171.71 Safari/537.36"
0:0:0:0:0:0:0:1 -  -  [03/Dec/2014:00:33:34 +0000] "GET /contacts?infolder=inbox HTTP/1.1" 200 - "http://localhost:8080/inbox" "Mozilla/5.0 (Macintosh; Intel Mac OS X 10_9_4) AppleWebKit/537.36 (KHTML, like Gecko) Chrome/39.0.2171.71 Safari/537.36"
0:0:0:0:0:0:0:1 -  -  [03/Dec/2014:00:34:00 +0000] "GET /sendEmail HTTP/1.1" 200 - "http://localhost:8080/contacts?infolder=inbox" "Mozilla/5.0 (Macintosh; Intel Mac OS X 10_9_4) AppleWebKit/537.36 (KHTML, like Gecko) Chrome/39.0.2171.71 Safari/537.36"
0:0:0:0:0:0:0:1 -  -  [03/Dec/2014:00:35:47 +0000] "GET /login HTTP/1.1" 200 - "-" "Mozilla/5.0 (Macintosh; Intel Mac OS X 10_9_4) AppleWebKit/537.36 (KHTML, like Gecko) Chrome/39.0.2171.71 Safari/537.36"
0:0:0:0:0:0:0:1 -  -  [03/Dec/2014:00:35:51 +0000] "POST /userLoginManager HTTP/1.1" 200 - "http://localhost:8080/login" "Mozilla/5.0 (Macintosh; Intel Mac OS X 10_9_4) AppleWebKit/537.36 (KHTML, like Gecko) Chrome/39.0.2171.71 Safari/537.36"
0:0:0:0:0:0:0:1 -  -  [03/Dec/2014:00:35:52 +0000] "GET /welcome HTTP/1.1" 200 - "http://localhost:8080/login" "Mozilla/5.0 (Macintosh; Intel Mac OS X 10_9_4) AppleWebKit/537.36 (KHTML, like Gecko) Chrome/39.0.2171.71 Safari/537.36"
0:0:0:0:0:0:0:1 -  -  [03/Dec/2014:00:35:52 +0000] "POST /afterWelcomeBeforeInboxManager HTTP/1.1" 200 - "http://localhost:8080/welcome" "Mozilla/5.0 (Macintosh; Intel Mac OS X 10_9_4) AppleWebKit/537.36 (KHTML, like Gecko) Chrome/39.0.2171.71 Safari/537.36"
0:0:0:0:0:0:0:1 -  -  [03/Dec/2014:00:35:52 +0000] "GET /inbox HTTP/1.1" 200 - "http://localhost:8080/welcome" "Mozilla/5.0 (Macintosh; Intel Mac OS X 10_9_4) AppleWebKit/537.36 (KHTML, like Gecko) Chrome/39.0.2171.71 Safari/537.36"
0:0:0:0:0:0:0:1 -  -  [03/Dec/2014:00:35:54 +0000] "GET /contacts?infolder=inbox HTTP/1.1" 200 - "http://localhost:8080/inbox" "Mozilla/5.0 (Macintosh; Intel Mac OS X 10_9_4) AppleWebKit/537.36 (KHTML, like Gecko) Chrome/39.0.2171.71 Safari/537.36"
0:0:0:0:0:0:0:1 -  -  [03/Dec/2014:00:50:06 +0000] "GET /login HTTP/1.1" 200 - "-" "Mozilla/5.0 (Macintosh; Intel Mac OS X 10_9_4) AppleWebKit/537.36 (KHTML, like Gecko) Chrome/39.0.2171.71 Safari/537.36"
0:0:0:0:0:0:0:1 -  -  [03/Dec/2014:00:50:10 +0000] "POST /userLoginManager HTTP/1.1" 200 - "http://localhost:8080/login" "Mozilla/5.0 (Macintosh; Intel Mac OS X 10_9_4) AppleWebKit/537.36 (KHTML, like Gecko) Chrome/39.0.2171.71 Safari/537.36"
0:0:0:0:0:0:0:1 -  -  [03/Dec/2014:00:50:10 +0000] "GET /welcome HTTP/1.1" 200 - "http://localhost:8080/login" "Mozilla/5.0 (Macintosh; Intel Mac OS X 10_9_4) AppleWebKit/537.36 (KHTML, like Gecko) Chrome/39.0.2171.71 Safari/537.36"
0:0:0:0:0:0:0:1 -  -  [03/Dec/2014:00:50:11 +0000] "POST /afterWelcomeBeforeInboxManager HTTP/1.1" 200 - "http://localhost:8080/welcome" "Mozilla/5.0 (Macintosh; Intel Mac OS X 10_9_4) AppleWebKit/537.36 (KHTML, like Gecko) Chrome/39.0.2171.71 Safari/537.36"
0:0:0:0:0:0:0:1 -  -  [03/Dec/2014:00:50:11 +0000] "GET /inbox HTTP/1.1" 200 - "http://localhost:8080/welcome" "Mozilla/5.0 (Macintosh; Intel Mac OS X 10_9_4) AppleWebKit/537.36 (KHTML, like Gecko) Chrome/39.0.2171.71 Safari/537.36"
0:0:0:0:0:0:0:1 -  -  [03/Dec/2014:00:50:13 +0000] "GET /contacts?infolder=inbox HTTP/1.1" 200 - "http://localhost:8080/inbox" "Mozilla/5.0 (Macintosh; Intel Mac OS X 10_9_4) AppleWebKit/537.36 (KHTML, like Gecko) Chrome/39.0.2171.71 Safari/537.36"
0:0:0:0:0:0:0:1 -  -  [03/Dec/2014:00:50:24 +0000] "GET /sendEmail HTTP/1.1" 200 - "http://localhost:8080/contacts?infolder=inbox" "Mozilla/5.0 (Macintosh; Intel Mac OS X 10_9_4) AppleWebKit/537.36 (KHTML, like Gecko) Chrome/39.0.2171.71 Safari/537.36"
0:0:0:0:0:0:0:1 -  -  [03/Dec/2014:00:51:44 +0000] "GET /login HTTP/1.1" 200 - "-" "Mozilla/5.0 (Macintosh; Intel Mac OS X 10_9_4) AppleWebKit/537.36 (KHTML, like Gecko) Chrome/39.0.2171.71 Safari/537.36"
0:0:0:0:0:0:0:1 -  -  [03/Dec/2014:00:51:48 +0000] "POST /userLoginManager HTTP/1.1" 200 - "http://localhost:8080/login" "Mozilla/5.0 (Macintosh; Intel Mac OS X 10_9_4) AppleWebKit/537.36 (KHTML, like Gecko) Chrome/39.0.2171.71 Safari/537.36"
0:0:0:0:0:0:0:1 -  -  [03/Dec/2014:00:51:49 +0000] "GET /welcome HTTP/1.1" 200 - "http://localhost:8080/login" "Mozilla/5.0 (Macintosh; Intel Mac OS X 10_9_4) AppleWebKit/537.36 (KHTML, like Gecko) Chrome/39.0.2171.71 Safari/537.36"
0:0:0:0:0:0:0:1 -  -  [03/Dec/2014:00:51:49 +0000] "POST /afterWelcomeBeforeInboxManager HTTP/1.1" 200 - "http://localhost:8080/welcome" "Mozilla/5.0 (Macintosh; Intel Mac OS X 10_9_4) AppleWebKit/537.36 (KHTML, like Gecko) Chrome/39.0.2171.71 Safari/537.36"
0:0:0:0:0:0:0:1 -  -  [03/Dec/2014:00:51:49 +0000] "GET /inbox HTTP/1.1" 200 - "http://localhost:8080/welcome" "Mozilla/5.0 (Macintosh; Intel Mac OS X 10_9_4) AppleWebKit/537.36 (KHTML, like Gecko) Chrome/39.0.2171.71 Safari/537.36"
0:0:0:0:0:0:0:1 -  -  [03/Dec/2014:00:51:51 +0000] "GET /contacts?infolder=inbox HTTP/1.1" 200 - "http://localhost:8080/inbox" "Mozilla/5.0 (Macintosh; Intel Mac OS X 10_9_4) AppleWebKit/537.36 (KHTML, like Gecko) Chrome/39.0.2171.71 Safari/537.36"
0:0:0:0:0:0:0:1 -  -  [03/Dec/2014:00:55:42 +0000] "GET /login HTTP/1.1" 200 - "-" "Mozilla/5.0 (Macintosh; Intel Mac OS X 10_9_4) AppleWebKit/537.36 (KHTML, like Gecko) Chrome/39.0.2171.71 Safari/537.36"
0:0:0:0:0:0:0:1 -  -  [03/Dec/2014:00:55:46 +0000] "POST /userLoginManager HTTP/1.1" 200 - "http://localhost:8080/login" "Mozilla/5.0 (Macintosh; Intel Mac OS X 10_9_4) AppleWebKit/537.36 (KHTML, like Gecko) Chrome/39.0.2171.71 Safari/537.36"
0:0:0:0:0:0:0:1 -  -  [03/Dec/2014:00:55:46 +0000] "GET /welcome HTTP/1.1" 200 - "http://localhost:8080/login" "Mozilla/5.0 (Macintosh; Intel Mac OS X 10_9_4) AppleWebKit/537.36 (KHTML, like Gecko) Chrome/39.0.2171.71 Safari/537.36"
0:0:0:0:0:0:0:1 -  -  [03/Dec/2014:00:55:47 +0000] "POST /afterWelcomeBeforeInboxManager HTTP/1.1" 200 - "http://localhost:8080/welcome" "Mozilla/5.0 (Macintosh; Intel Mac OS X 10_9_4) AppleWebKit/537.36 (KHTML, like Gecko) Chrome/39.0.2171.71 Safari/537.36"
0:0:0:0:0:0:0:1 -  -  [03/Dec/2014:00:55:47 +0000] "GET /inbox HTTP/1.1" 200 - "http://localhost:8080/welcome" "Mozilla/5.0 (Macintosh; Intel Mac OS X 10_9_4) AppleWebKit/537.36 (KHTML, like Gecko) Chrome/39.0.2171.71 Safari/537.36"
0:0:0:0:0:0:0:1 -  -  [03/Dec/2014:00:55:49 +0000] "GET /contacts?infolder=inbox HTTP/1.1" 200 - "http://localhost:8080/inbox" "Mozilla/5.0 (Macintosh; Intel Mac OS X 10_9_4) AppleWebKit/537.36 (KHTML, like Gecko) Chrome/39.0.2171.71 Safari/537.36"
0:0:0:0:0:0:0:1 -  -  [03/Dec/2014:00:56:17 +0000] "GET / HTTP/1.1" 200 - "-" "Mozilla/5.0 (Macintosh; Intel Mac OS X 10_9_4) AppleWebKit/537.36 (KHTML, like Gecko) Chrome/39.0.2171.71 Safari/537.36"
0:0:0:0:0:0:0:1 -  -  [03/Dec/2014:00:56:20 +0000] "GET /login HTTP/1.1" 200 - "https://localhost:8443/" "Mozilla/5.0 (Macintosh; Intel Mac OS X 10_9_4) AppleWebKit/537.36 (KHTML, like Gecko) Chrome/39.0.2171.71 Safari/537.36"
0:0:0:0:0:0:0:1 -  -  [03/Dec/2014:00:56:20 +0000] "GET /files/images/amail.png HTTP/1.1" 200 - "https://localhost:8443/login" "Mozilla/5.0 (Macintosh; Intel Mac OS X 10_9_4) AppleWebKit/537.36 (KHTML, like Gecko) Chrome/39.0.2171.71 Safari/537.36"
0:0:0:0:0:0:0:1 -  -  [03/Dec/2014:00:56:20 +0000] "GET /files/images/blank_person.png HTTP/1.1" 200 - "https://localhost:8443/login" "Mozilla/5.0 (Macintosh; Intel Mac OS X 10_9_4) AppleWebKit/537.36 (KHTML, like Gecko) Chrome/39.0.2171.71 Safari/537.36"
0:0:0:0:0:0:0:1 -  -  [03/Dec/2014:00:56:24 +0000] "POST /userLoginManager HTTP/1.1" 200 - "https://localhost:8443/login" "Mozilla/5.0 (Macintosh; Intel Mac OS X 10_9_4) AppleWebKit/537.36 (KHTML, like Gecko) Chrome/39.0.2171.71 Safari/537.36"
0:0:0:0:0:0:0:1 -  -  [03/Dec/2014:00:56:24 +0000] "GET /welcome HTTP/1.1" 200 - "https://localhost:8443/login" "Mozilla/5.0 (Macintosh; Intel Mac OS X 10_9_4) AppleWebKit/537.36 (KHTML, like Gecko) Chrome/39.0.2171.71 Safari/537.36"
0:0:0:0:0:0:0:1 -  -  [03/Dec/2014:00:56:25 +0000] "POST /afterWelcomeBeforeInboxManager HTTP/1.1" 200 - "https://localhost:8443/welcome" "Mozilla/5.0 (Macintosh; Intel Mac OS X 10_9_4) AppleWebKit/537.36 (KHTML, like Gecko) Chrome/39.0.2171.71 Safari/537.36"
0:0:0:0:0:0:0:1 -  -  [03/Dec/2014:00:56:25 +0000] "GET /inbox HTTP/1.1" 200 - "https://localhost:8443/welcome" "Mozilla/5.0 (Macintosh; Intel Mac OS X 10_9_4) AppleWebKit/537.36 (KHTML, like Gecko) Chrome/39.0.2171.71 Safari/537.36"
0:0:0:0:0:0:0:1 -  -  [03/Dec/2014:00:56:25 +0000] "GET /files/images/right.png HTTP/1.1" 200 - "https://localhost:8443/inbox" "Mozilla/5.0 (Macintosh; Intel Mac OS X 10_9_4) AppleWebKit/537.36 (KHTML, like Gecko) Chrome/39.0.2171.71 Safari/537.36"
0:0:0:0:0:0:0:1 -  -  [03/Dec/2014:00:56:25 +0000] "GET /files/images/left.png HTTP/1.1" 200 - "https://localhost:8443/inbox" "Mozilla/5.0 (Macintosh; Intel Mac OS X 10_9_4) AppleWebKit/537.36 (KHTML, like Gecko) Chrome/39.0.2171.71 Safari/537.36"
0:0:0:0:0:0:0:1 -  -  [03/Dec/2014:00:56:26 +0000] "GET /contacts?infolder=inbox HTTP/1.1" 200 - "https://localhost:8443/inbox" "Mozilla/5.0 (Macintosh; Intel Mac OS X 10_9_4) AppleWebKit/537.36 (KHTML, like Gecko) Chrome/39.0.2171.71 Safari/537.36"
0:0:0:0:0:0:0:1 -  -  [03/Dec/2014:00:57:47 +0000] "GET /login HTTP/1.1" 200 - "-" "Mozilla/5.0 (Macintosh; Intel Mac OS X 10_9_4) AppleWebKit/537.36 (KHTML, like Gecko) Chrome/39.0.2171.71 Safari/537.36"
0:0:0:0:0:0:0:1 -  -  [03/Dec/2014:00:57:52 +0000] "POST /userLoginManager HTTP/1.1" 200 - "http://localhost:8080/login" "Mozilla/5.0 (Macintosh; Intel Mac OS X 10_9_4) AppleWebKit/537.36 (KHTML, like Gecko) Chrome/39.0.2171.71 Safari/537.36"
0:0:0:0:0:0:0:1 -  -  [03/Dec/2014:00:57:53 +0000] "GET /welcome HTTP/1.1" 200 - "http://localhost:8080/login" "Mozilla/5.0 (Macintosh; Intel Mac OS X 10_9_4) AppleWebKit/537.36 (KHTML, like Gecko) Chrome/39.0.2171.71 Safari/537.36"
0:0:0:0:0:0:0:1 -  -  [03/Dec/2014:00:57:54 +0000] "POST /afterWelcomeBeforeInboxManager HTTP/1.1" 200 - "http://localhost:8080/welcome" "Mozilla/5.0 (Macintosh; Intel Mac OS X 10_9_4) AppleWebKit/537.36 (KHTML, like Gecko) Chrome/39.0.2171.71 Safari/537.36"
0:0:0:0:0:0:0:1 -  -  [03/Dec/2014:00:57:54 +0000] "GET /inbox HTTP/1.1" 200 - "http://localhost:8080/welcome" "Mozilla/5.0 (Macintosh; Intel Mac OS X 10_9_4) AppleWebKit/537.36 (KHTML, like Gecko) Chrome/39.0.2171.71 Safari/537.36"
0:0:0:0:0:0:0:1 -  -  [03/Dec/2014:00:57:56 +0000] "GET /contacts?infolder=inbox HTTP/1.1" 200 - "http://localhost:8080/inbox" "Mozilla/5.0 (Macintosh; Intel Mac OS X 10_9_4) AppleWebKit/537.36 (KHTML, like Gecko) Chrome/39.0.2171.71 Safari/537.36"
0:0:0:0:0:0:0:1 -  -  [03/Dec/2014:01:04:36 +0000] "GET /login HTTP/1.1" 200 - "-" "Mozilla/5.0 (Macintosh; Intel Mac OS X 10_9_4) AppleWebKit/537.36 (KHTML, like Gecko) Chrome/39.0.2171.71 Safari/537.36"
0:0:0:0:0:0:0:1 -  -  [03/Dec/2014:01:04:40 +0000] "POST /userLoginManager HTTP/1.1" 200 - "http://localhost:8080/login" "Mozilla/5.0 (Macintosh; Intel Mac OS X 10_9_4) AppleWebKit/537.36 (KHTML, like Gecko) Chrome/39.0.2171.71 Safari/537.36"
0:0:0:0:0:0:0:1 -  -  [03/Dec/2014:01:04:41 +0000] "GET /welcome HTTP/1.1" 200 - "http://localhost:8080/login" "Mozilla/5.0 (Macintosh; Intel Mac OS X 10_9_4) AppleWebKit/537.36 (KHTML, like Gecko) Chrome/39.0.2171.71 Safari/537.36"
0:0:0:0:0:0:0:1 -  -  [03/Dec/2014:01:04:42 +0000] "POST /afterWelcomeBeforeInboxManager HTTP/1.1" 200 - "http://localhost:8080/welcome" "Mozilla/5.0 (Macintosh; Intel Mac OS X 10_9_4) AppleWebKit/537.36 (KHTML, like Gecko) Chrome/39.0.2171.71 Safari/537.36"
0:0:0:0:0:0:0:1 -  -  [03/Dec/2014:01:04:42 +0000] "GET /inbox HTTP/1.1" 200 - "http://localhost:8080/welcome" "Mozilla/5.0 (Macintosh; Intel Mac OS X 10_9_4) AppleWebKit/537.36 (KHTML, like Gecko) Chrome/39.0.2171.71 Safari/537.36"
0:0:0:0:0:0:0:1 -  -  [03/Dec/2014:01:04:44 +0000] "GET /contacts?infolder=inbox HTTP/1.1" 200 - "http://localhost:8080/inbox" "Mozilla/5.0 (Macintosh; Intel Mac OS X 10_9_4) AppleWebKit/537.36 (KHTML, like Gecko) Chrome/39.0.2171.71 Safari/537.36"
0:0:0:0:0:0:0:1 -  -  [03/Dec/2014:01:05:28 +0000] "GET /contactEdit?contactID=5 HTTP/1.1" 200 - "http://localhost:8080/contacts?infolder=inbox" "Mozilla/5.0 (Macintosh; Intel Mac OS X 10_9_4) AppleWebKit/537.36 (KHTML, like Gecko) Chrome/39.0.2171.71 Safari/537.36"
0:0:0:0:0:0:0:1 -  -  [03/Dec/2014:01:05:35 +0000] "GET /contactDeleteManager?contactID=5 HTTP/1.1" 200 - "http://localhost:8080/contactEdit?contactID=5" "Mozilla/5.0 (Macintosh; Intel Mac OS X 10_9_4) AppleWebKit/537.36 (KHTML, like Gecko) Chrome/39.0.2171.71 Safari/537.36"
0:0:0:0:0:0:0:1 -  -  [03/Dec/2014:01:05:35 +0000] "GET /contacts?infolder=inbox HTTP/1.1" 200 - "http://localhost:8080/contactEdit?contactID=5" "Mozilla/5.0 (Macintosh; Intel Mac OS X 10_9_4) AppleWebKit/537.36 (KHTML, like Gecko) Chrome/39.0.2171.71 Safari/537.36"
0:0:0:0:0:0:0:1 -  -  [03/Dec/2014:01:09:22 +0000] "GET /login HTTP/1.1" 200 - "-" "Mozilla/5.0 (Macintosh; Intel Mac OS X 10_9_4) AppleWebKit/537.36 (KHTML, like Gecko) Chrome/39.0.2171.71 Safari/537.36"
0:0:0:0:0:0:0:1 -  -  [03/Dec/2014:01:09:26 +0000] "POST /userLoginManager HTTP/1.1" 200 - "http://localhost:8080/login" "Mozilla/5.0 (Macintosh; Intel Mac OS X 10_9_4) AppleWebKit/537.36 (KHTML, like Gecko) Chrome/39.0.2171.71 Safari/537.36"
0:0:0:0:0:0:0:1 -  -  [03/Dec/2014:01:09:26 +0000] "GET /welcome HTTP/1.1" 200 - "http://localhost:8080/login" "Mozilla/5.0 (Macintosh; Intel Mac OS X 10_9_4) AppleWebKit/537.36 (KHTML, like Gecko) Chrome/39.0.2171.71 Safari/537.36"
0:0:0:0:0:0:0:1 -  -  [03/Dec/2014:01:09:27 +0000] "POST /afterWelcomeBeforeInboxManager HTTP/1.1" 200 - "http://localhost:8080/welcome" "Mozilla/5.0 (Macintosh; Intel Mac OS X 10_9_4) AppleWebKit/537.36 (KHTML, like Gecko) Chrome/39.0.2171.71 Safari/537.36"
0:0:0:0:0:0:0:1 -  -  [03/Dec/2014:01:09:27 +0000] "GET /inbox HTTP/1.1" 200 - "http://localhost:8080/welcome" "Mozilla/5.0 (Macintosh; Intel Mac OS X 10_9_4) AppleWebKit/537.36 (KHTML, like Gecko) Chrome/39.0.2171.71 Safari/537.36"
0:0:0:0:0:0:0:1 -  -  [03/Dec/2014:01:09:29 +0000] "GET /contacts?infolder=inbox HTTP/1.1" 200 - "http://localhost:8080/inbox" "Mozilla/5.0 (Macintosh; Intel Mac OS X 10_9_4) AppleWebKit/537.36 (KHTML, like Gecko) Chrome/39.0.2171.71 Safari/537.36"
0:0:0:0:0:0:0:1 -  -  [03/Dec/2014:01:09:30 +0000] "GET /sendEmail?to=null HTTP/1.1" 200 - "http://localhost:8080/contacts?infolder=inbox" "Mozilla/5.0 (Macintosh; Intel Mac OS X 10_9_4) AppleWebKit/537.36 (KHTML, like Gecko) Chrome/39.0.2171.71 Safari/537.36"
0:0:0:0:0:0:0:1 -  -  [03/Dec/2014:01:10:49 +0000] "GET /login HTTP/1.1" 200 - "-" "Mozilla/5.0 (Macintosh; Intel Mac OS X 10_9_4) AppleWebKit/537.36 (KHTML, like Gecko) Chrome/39.0.2171.71 Safari/537.36"
0:0:0:0:0:0:0:1 -  -  [03/Dec/2014:01:10:53 +0000] "POST /userLoginManager HTTP/1.1" 200 - "http://localhost:8080/login" "Mozilla/5.0 (Macintosh; Intel Mac OS X 10_9_4) AppleWebKit/537.36 (KHTML, like Gecko) Chrome/39.0.2171.71 Safari/537.36"
0:0:0:0:0:0:0:1 -  -  [03/Dec/2014:01:10:54 +0000] "GET /welcome HTTP/1.1" 200 - "http://localhost:8080/login" "Mozilla/5.0 (Macintosh; Intel Mac OS X 10_9_4) AppleWebKit/537.36 (KHTML, like Gecko) Chrome/39.0.2171.71 Safari/537.36"
0:0:0:0:0:0:0:1 -  -  [03/Dec/2014:01:10:55 +0000] "POST /afterWelcomeBeforeInboxManager HTTP/1.1" 200 - "http://localhost:8080/welcome" "Mozilla/5.0 (Macintosh; Intel Mac OS X 10_9_4) AppleWebKit/537.36 (KHTML, like Gecko) Chrome/39.0.2171.71 Safari/537.36"
0:0:0:0:0:0:0:1 -  -  [03/Dec/2014:01:10:55 +0000] "GET /inbox HTTP/1.1" 200 - "http://localhost:8080/welcome" "Mozilla/5.0 (Macintosh; Intel Mac OS X 10_9_4) AppleWebKit/537.36 (KHTML, like Gecko) Chrome/39.0.2171.71 Safari/537.36"
0:0:0:0:0:0:0:1 -  -  [03/Dec/2014:01:10:57 +0000] "GET /sendEmail HTTP/1.1" 200 - "http://localhost:8080/inbox" "Mozilla/5.0 (Macintosh; Intel Mac OS X 10_9_4) AppleWebKit/537.36 (KHTML, like Gecko) Chrome/39.0.2171.71 Safari/537.36"
0:0:0:0:0:0:0:1 -  -  [03/Dec/2014:01:11:28 +0000] "GET /contacts?infolder=inbox HTTP/1.1" 200 - "http://localhost:8080/inbox" "Mozilla/5.0 (Macintosh; Intel Mac OS X 10_9_4) AppleWebKit/537.36 (KHTML, like Gecko) Chrome/39.0.2171.71 Safari/537.36"
0:0:0:0:0:0:0:1 -  -  [03/Dec/2014:01:11:30 +0000] "GET /sendEmail?to=null HTTP/1.1" 200 - "http://localhost:8080/contacts?infolder=inbox" "Mozilla/5.0 (Macintosh; Intel Mac OS X 10_9_4) AppleWebKit/537.36 (KHTML, like Gecko) Chrome/39.0.2171.71 Safari/537.36"
0:0:0:0:0:0:0:1 -  -  [03/Dec/2014:01:11:41 +0000] "GET /sendEmail?to=null HTTP/1.1" 200 - "http://localhost:8080/contacts?infolder=inbox" "Mozilla/5.0 (Macintosh; Intel Mac OS X 10_9_4) AppleWebKit/537.36 (KHTML, like Gecko) Chrome/39.0.2171.71 Safari/537.36"
0:0:0:0:0:0:0:1 -  -  [03/Dec/2014:01:11:42 +0000] "GET /sendEmail?to=null HTTP/1.1" 200 - "http://localhost:8080/contacts?infolder=inbox" "Mozilla/5.0 (Macintosh; Intel Mac OS X 10_9_4) AppleWebKit/537.36 (KHTML, like Gecko) Chrome/39.0.2171.71 Safari/537.36"
0:0:0:0:0:0:0:1 -  -  [03/Dec/2014:01:13:31 +0000] "GET /login HTTP/1.1" 200 - "-" "Mozilla/5.0 (Macintosh; Intel Mac OS X 10_9_4) AppleWebKit/537.36 (KHTML, like Gecko) Chrome/39.0.2171.71 Safari/537.36"
0:0:0:0:0:0:0:1 -  -  [03/Dec/2014:01:13:36 +0000] "POST /userLoginManager HTTP/1.1" 200 - "http://localhost:8080/login" "Mozilla/5.0 (Macintosh; Intel Mac OS X 10_9_4) AppleWebKit/537.36 (KHTML, like Gecko) Chrome/39.0.2171.71 Safari/537.36"
0:0:0:0:0:0:0:1 -  -  [03/Dec/2014:01:13:36 +0000] "GET /welcome HTTP/1.1" 200 - "http://localhost:8080/login" "Mozilla/5.0 (Macintosh; Intel Mac OS X 10_9_4) AppleWebKit/537.36 (KHTML, like Gecko) Chrome/39.0.2171.71 Safari/537.36"
0:0:0:0:0:0:0:1 -  -  [03/Dec/2014:01:13:37 +0000] "POST /afterWelcomeBeforeInboxManager HTTP/1.1" 200 - "http://localhost:8080/welcome" "Mozilla/5.0 (Macintosh; Intel Mac OS X 10_9_4) AppleWebKit/537.36 (KHTML, like Gecko) Chrome/39.0.2171.71 Safari/537.36"
0:0:0:0:0:0:0:1 -  -  [03/Dec/2014:01:13:37 +0000] "GET /inbox HTTP/1.1" 200 - "http://localhost:8080/welcome" "Mozilla/5.0 (Macintosh; Intel Mac OS X 10_9_4) AppleWebKit/537.36 (KHTML, like Gecko) Chrome/39.0.2171.71 Safari/537.36"
0:0:0:0:0:0:0:1 -  -  [03/Dec/2014:01:13:38 +0000] "GET /contacts?infolder=inbox HTTP/1.1" 200 - "http://localhost:8080/inbox" "Mozilla/5.0 (Macintosh; Intel Mac OS X 10_9_4) AppleWebKit/537.36 (KHTML, like Gecko) Chrome/39.0.2171.71 Safari/537.36"
0:0:0:0:0:0:0:1 -  -  [03/Dec/2014:01:15:49 +0000] "GET /login HTTP/1.1" 200 - "-" "Mozilla/5.0 (Macintosh; Intel Mac OS X 10_9_4) AppleWebKit/537.36 (KHTML, like Gecko) Chrome/39.0.2171.71 Safari/537.36"
0:0:0:0:0:0:0:1 -  -  [03/Dec/2014:01:15:55 +0000] "POST /userLoginManager HTTP/1.1" 200 - "http://localhost:8080/login" "Mozilla/5.0 (Macintosh; Intel Mac OS X 10_9_4) AppleWebKit/537.36 (KHTML, like Gecko) Chrome/39.0.2171.71 Safari/537.36"
0:0:0:0:0:0:0:1 -  -  [03/Dec/2014:01:15:55 +0000] "GET /welcome HTTP/1.1" 200 - "http://localhost:8080/login" "Mozilla/5.0 (Macintosh; Intel Mac OS X 10_9_4) AppleWebKit/537.36 (KHTML, like Gecko) Chrome/39.0.2171.71 Safari/537.36"
0:0:0:0:0:0:0:1 -  -  [03/Dec/2014:01:15:56 +0000] "POST /afterWelcomeBeforeInboxManager HTTP/1.1" 200 - "http://localhost:8080/welcome" "Mozilla/5.0 (Macintosh; Intel Mac OS X 10_9_4) AppleWebKit/537.36 (KHTML, like Gecko) Chrome/39.0.2171.71 Safari/537.36"
0:0:0:0:0:0:0:1 -  -  [03/Dec/2014:01:15:56 +0000] "GET /inbox HTTP/1.1" 200 - "http://localhost:8080/welcome" "Mozilla/5.0 (Macintosh; Intel Mac OS X 10_9_4) AppleWebKit/537.36 (KHTML, like Gecko) Chrome/39.0.2171.71 Safari/537.36"
0:0:0:0:0:0:0:1 -  -  [03/Dec/2014:01:15:57 +0000] "GET /contacts?infolder=inbox HTTP/1.1" 200 - "http://localhost:8080/inbox" "Mozilla/5.0 (Macintosh; Intel Mac OS X 10_9_4) AppleWebKit/537.36 (KHTML, like Gecko) Chrome/39.0.2171.71 Safari/537.36"
0:0:0:0:0:0:0:1 -  -  [03/Dec/2014:01:15:58 +0000] "GET /sendEmail?to=null HTTP/1.1" 200 - "http://localhost:8080/contacts?infolder=inbox" "Mozilla/5.0 (Macintosh; Intel Mac OS X 10_9_4) AppleWebKit/537.36 (KHTML, like Gecko) Chrome/39.0.2171.71 Safari/537.36"
0:0:0:0:0:0:0:1 -  -  [03/Dec/2014:01:18:32 +0000] "GET /login HTTP/1.1" 200 - "-" "Mozilla/5.0 (Macintosh; Intel Mac OS X 10_9_4) AppleWebKit/537.36 (KHTML, like Gecko) Chrome/39.0.2171.71 Safari/537.36"
0:0:0:0:0:0:0:1 -  -  [03/Dec/2014:01:18:36 +0000] "POST /userLoginManager HTTP/1.1" 200 - "http://localhost:8080/login" "Mozilla/5.0 (Macintosh; Intel Mac OS X 10_9_4) AppleWebKit/537.36 (KHTML, like Gecko) Chrome/39.0.2171.71 Safari/537.36"
0:0:0:0:0:0:0:1 -  -  [03/Dec/2014:01:18:36 +0000] "GET /welcome HTTP/1.1" 200 - "http://localhost:8080/login" "Mozilla/5.0 (Macintosh; Intel Mac OS X 10_9_4) AppleWebKit/537.36 (KHTML, like Gecko) Chrome/39.0.2171.71 Safari/537.36"
0:0:0:0:0:0:0:1 -  -  [03/Dec/2014:01:18:38 +0000] "POST /afterWelcomeBeforeInboxManager HTTP/1.1" 200 - "http://localhost:8080/welcome" "Mozilla/5.0 (Macintosh; Intel Mac OS X 10_9_4) AppleWebKit/537.36 (KHTML, like Gecko) Chrome/39.0.2171.71 Safari/537.36"
0:0:0:0:0:0:0:1 -  -  [03/Dec/2014:01:18:38 +0000] "GET /inbox HTTP/1.1" 200 - "http://localhost:8080/welcome" "Mozilla/5.0 (Macintosh; Intel Mac OS X 10_9_4) AppleWebKit/537.36 (KHTML, like Gecko) Chrome/39.0.2171.71 Safari/537.36"
0:0:0:0:0:0:0:1 -  -  [03/Dec/2014:01:18:39 +0000] "GET /contacts?infolder=inbox HTTP/1.1" 200 - "http://localhost:8080/inbox" "Mozilla/5.0 (Macintosh; Intel Mac OS X 10_9_4) AppleWebKit/537.36 (KHTML, like Gecko) Chrome/39.0.2171.71 Safari/537.36"
0:0:0:0:0:0:0:1 -  -  [03/Dec/2014:01:18:44 +0000] "GET /sendEmail HTTP/1.1" 200 - "http://localhost:8080/contacts?infolder=inbox" "Mozilla/5.0 (Macintosh; Intel Mac OS X 10_9_4) AppleWebKit/537.36 (KHTML, like Gecko) Chrome/39.0.2171.71 Safari/537.36"
0:0:0:0:0:0:0:1 -  -  [03/Dec/2014:01:19:13 +0000] "GET /login HTTP/1.1" 200 - "-" "Mozilla/5.0 (Macintosh; Intel Mac OS X 10_9_4) AppleWebKit/537.36 (KHTML, like Gecko) Chrome/39.0.2171.71 Safari/537.36"
0:0:0:0:0:0:0:1 -  -  [03/Dec/2014:01:19:19 +0000] "POST /userLoginManager HTTP/1.1" 200 - "http://localhost:8080/login" "Mozilla/5.0 (Macintosh; Intel Mac OS X 10_9_4) AppleWebKit/537.36 (KHTML, like Gecko) Chrome/39.0.2171.71 Safari/537.36"
0:0:0:0:0:0:0:1 -  -  [03/Dec/2014:01:19:19 +0000] "GET /welcome HTTP/1.1" 200 - "http://localhost:8080/login" "Mozilla/5.0 (Macintosh; Intel Mac OS X 10_9_4) AppleWebKit/537.36 (KHTML, like Gecko) Chrome/39.0.2171.71 Safari/537.36"
0:0:0:0:0:0:0:1 -  -  [03/Dec/2014:01:19:20 +0000] "POST /afterWelcomeBeforeInboxManager HTTP/1.1" 200 - "http://localhost:8080/welcome" "Mozilla/5.0 (Macintosh; Intel Mac OS X 10_9_4) AppleWebKit/537.36 (KHTML, like Gecko) Chrome/39.0.2171.71 Safari/537.36"
0:0:0:0:0:0:0:1 -  -  [03/Dec/2014:01:19:20 +0000] "GET /inbox HTTP/1.1" 200 - "http://localhost:8080/welcome" "Mozilla/5.0 (Macintosh; Intel Mac OS X 10_9_4) AppleWebKit/537.36 (KHTML, like Gecko) Chrome/39.0.2171.71 Safari/537.36"
0:0:0:0:0:0:0:1 -  -  [03/Dec/2014:01:19:22 +0000] "GET /contacts?infolder=inbox HTTP/1.1" 200 - "http://localhost:8080/inbox" "Mozilla/5.0 (Macintosh; Intel Mac OS X 10_9_4) AppleWebKit/537.36 (KHTML, like Gecko) Chrome/39.0.2171.71 Safari/537.36"
0:0:0:0:0:0:0:1 -  -  [03/Dec/2014:01:20:25 +0000] "GET /login HTTP/1.1" 200 - "-" "Mozilla/5.0 (Macintosh; Intel Mac OS X 10_9_4) AppleWebKit/537.36 (KHTML, like Gecko) Chrome/39.0.2171.71 Safari/537.36"
0:0:0:0:0:0:0:1 -  -  [03/Dec/2014:01:20:30 +0000] "POST /userLoginManager HTTP/1.1" 200 - "http://localhost:8080/login" "Mozilla/5.0 (Macintosh; Intel Mac OS X 10_9_4) AppleWebKit/537.36 (KHTML, like Gecko) Chrome/39.0.2171.71 Safari/537.36"
0:0:0:0:0:0:0:1 -  -  [03/Dec/2014:01:20:30 +0000] "GET /welcome HTTP/1.1" 200 - "http://localhost:8080/login" "Mozilla/5.0 (Macintosh; Intel Mac OS X 10_9_4) AppleWebKit/537.36 (KHTML, like Gecko) Chrome/39.0.2171.71 Safari/537.36"
0:0:0:0:0:0:0:1 -  -  [03/Dec/2014:01:20:31 +0000] "POST /afterWelcomeBeforeInboxManager HTTP/1.1" 200 - "http://localhost:8080/welcome" "Mozilla/5.0 (Macintosh; Intel Mac OS X 10_9_4) AppleWebKit/537.36 (KHTML, like Gecko) Chrome/39.0.2171.71 Safari/537.36"
0:0:0:0:0:0:0:1 -  -  [03/Dec/2014:01:20:31 +0000] "GET /inbox HTTP/1.1" 200 - "http://localhost:8080/welcome" "Mozilla/5.0 (Macintosh; Intel Mac OS X 10_9_4) AppleWebKit/537.36 (KHTML, like Gecko) Chrome/39.0.2171.71 Safari/537.36"
0:0:0:0:0:0:0:1 -  -  [03/Dec/2014:01:20:33 +0000] "GET /contacts?infolder=inbox HTTP/1.1" 200 - "http://localhost:8080/inbox" "Mozilla/5.0 (Macintosh; Intel Mac OS X 10_9_4) AppleWebKit/537.36 (KHTML, like Gecko) Chrome/39.0.2171.71 Safari/537.36"
0:0:0:0:0:0:0:1 -  -  [03/Dec/2014:01:20:36 +0000] "GET /sendEmail?to=null HTTP/1.1" 200 - "http://localhost:8080/contacts?infolder=inbox" "Mozilla/5.0 (Macintosh; Intel Mac OS X 10_9_4) AppleWebKit/537.36 (KHTML, like Gecko) Chrome/39.0.2171.71 Safari/537.36"
0:0:0:0:0:0:0:1 -  -  [03/Dec/2014:01:22:45 +0000] "GET /login HTTP/1.1" 200 - "-" "Mozilla/5.0 (Macintosh; Intel Mac OS X 10_9_4) AppleWebKit/537.36 (KHTML, like Gecko) Chrome/39.0.2171.71 Safari/537.36"
0:0:0:0:0:0:0:1 -  -  [03/Dec/2014:01:22:50 +0000] "POST /userLoginManager HTTP/1.1" 200 - "http://localhost:8080/login" "Mozilla/5.0 (Macintosh; Intel Mac OS X 10_9_4) AppleWebKit/537.36 (KHTML, like Gecko) Chrome/39.0.2171.71 Safari/537.36"
0:0:0:0:0:0:0:1 -  -  [03/Dec/2014:01:22:50 +0000] "GET /welcome HTTP/1.1" 200 - "http://localhost:8080/login" "Mozilla/5.0 (Macintosh; Intel Mac OS X 10_9_4) AppleWebKit/537.36 (KHTML, like Gecko) Chrome/39.0.2171.71 Safari/537.36"
0:0:0:0:0:0:0:1 -  -  [03/Dec/2014:01:22:51 +0000] "POST /afterWelcomeBeforeInboxManager HTTP/1.1" 200 - "http://localhost:8080/welcome" "Mozilla/5.0 (Macintosh; Intel Mac OS X 10_9_4) AppleWebKit/537.36 (KHTML, like Gecko) Chrome/39.0.2171.71 Safari/537.36"
0:0:0:0:0:0:0:1 -  -  [03/Dec/2014:01:22:51 +0000] "GET /inbox HTTP/1.1" 200 - "http://localhost:8080/welcome" "Mozilla/5.0 (Macintosh; Intel Mac OS X 10_9_4) AppleWebKit/537.36 (KHTML, like Gecko) Chrome/39.0.2171.71 Safari/537.36"
0:0:0:0:0:0:0:1 -  -  [03/Dec/2014:01:22:52 +0000] "GET /contacts?infolder=inbox HTTP/1.1" 200 - "http://localhost:8080/inbox" "Mozilla/5.0 (Macintosh; Intel Mac OS X 10_9_4) AppleWebKit/537.36 (KHTML, like Gecko) Chrome/39.0.2171.71 Safari/537.36"
0:0:0:0:0:0:0:1 -  -  [03/Dec/2014:01:23:07 +0000] "GET /login HTTP/1.1" 200 - "-" "Mozilla/5.0 (Macintosh; Intel Mac OS X 10_9_4) AppleWebKit/537.36 (KHTML, like Gecko) Chrome/39.0.2171.71 Safari/537.36"
0:0:0:0:0:0:0:1 -  -  [03/Dec/2014:01:23:11 +0000] "POST /userLoginManager HTTP/1.1" 200 - "http://localhost:8080/login" "Mozilla/5.0 (Macintosh; Intel Mac OS X 10_9_4) AppleWebKit/537.36 (KHTML, like Gecko) Chrome/39.0.2171.71 Safari/537.36"
0:0:0:0:0:0:0:1 -  -  [03/Dec/2014:01:23:11 +0000] "GET /welcome HTTP/1.1" 200 - "http://localhost:8080/login" "Mozilla/5.0 (Macintosh; Intel Mac OS X 10_9_4) AppleWebKit/537.36 (KHTML, like Gecko) Chrome/39.0.2171.71 Safari/537.36"
0:0:0:0:0:0:0:1 -  -  [03/Dec/2014:01:23:12 +0000] "POST /afterWelcomeBeforeInboxManager HTTP/1.1" 200 - "http://localhost:8080/welcome" "Mozilla/5.0 (Macintosh; Intel Mac OS X 10_9_4) AppleWebKit/537.36 (KHTML, like Gecko) Chrome/39.0.2171.71 Safari/537.36"
0:0:0:0:0:0:0:1 -  -  [03/Dec/2014:01:23:12 +0000] "GET /inbox HTTP/1.1" 200 - "http://localhost:8080/welcome" "Mozilla/5.0 (Macintosh; Intel Mac OS X 10_9_4) AppleWebKit/537.36 (KHTML, like Gecko) Chrome/39.0.2171.71 Safari/537.36"
0:0:0:0:0:0:0:1 -  -  [03/Dec/2014:01:23:14 +0000] "GET /contacts?infolder=inbox HTTP/1.1" 200 - "http://localhost:8080/inbox" "Mozilla/5.0 (Macintosh; Intel Mac OS X 10_9_4) AppleWebKit/537.36 (KHTML, like Gecko) Chrome/39.0.2171.71 Safari/537.36"
0:0:0:0:0:0:0:1 -  -  [03/Dec/2014:01:23:16 +0000] "GET /sendEmail?to=[object%20HTMLTableCellElement] HTTP/1.1" 200 - "http://localhost:8080/contacts?infolder=inbox" "Mozilla/5.0 (Macintosh; Intel Mac OS X 10_9_4) AppleWebKit/537.36 (KHTML, like Gecko) Chrome/39.0.2171.71 Safari/537.36"
0:0:0:0:0:0:0:1 -  -  [03/Dec/2014:01:25:55 +0000] "GET /login HTTP/1.1" 200 - "-" "Mozilla/5.0 (Macintosh; Intel Mac OS X 10_9_4) AppleWebKit/537.36 (KHTML, like Gecko) Chrome/39.0.2171.71 Safari/537.36"
0:0:0:0:0:0:0:1 -  -  [03/Dec/2014:01:25:59 +0000] "POST /userLoginManager HTTP/1.1" 200 - "http://localhost:8080/login" "Mozilla/5.0 (Macintosh; Intel Mac OS X 10_9_4) AppleWebKit/537.36 (KHTML, like Gecko) Chrome/39.0.2171.71 Safari/537.36"
0:0:0:0:0:0:0:1 -  -  [03/Dec/2014:01:26:00 +0000] "GET /welcome HTTP/1.1" 200 - "http://localhost:8080/login" "Mozilla/5.0 (Macintosh; Intel Mac OS X 10_9_4) AppleWebKit/537.36 (KHTML, like Gecko) Chrome/39.0.2171.71 Safari/537.36"
0:0:0:0:0:0:0:1 -  -  [03/Dec/2014:01:26:01 +0000] "POST /afterWelcomeBeforeInboxManager HTTP/1.1" 200 - "http://localhost:8080/welcome" "Mozilla/5.0 (Macintosh; Intel Mac OS X 10_9_4) AppleWebKit/537.36 (KHTML, like Gecko) Chrome/39.0.2171.71 Safari/537.36"
0:0:0:0:0:0:0:1 -  -  [03/Dec/2014:01:26:01 +0000] "GET /inbox HTTP/1.1" 200 - "http://localhost:8080/welcome" "Mozilla/5.0 (Macintosh; Intel Mac OS X 10_9_4) AppleWebKit/537.36 (KHTML, like Gecko) Chrome/39.0.2171.71 Safari/537.36"
0:0:0:0:0:0:0:1 -  -  [03/Dec/2014:01:26:02 +0000] "GET /contacts?infolder=inbox HTTP/1.1" 200 - "http://localhost:8080/inbox" "Mozilla/5.0 (Macintosh; Intel Mac OS X 10_9_4) AppleWebKit/537.36 (KHTML, like Gecko) Chrome/39.0.2171.71 Safari/537.36"
0:0:0:0:0:0:0:1 -  -  [03/Dec/2014:01:26:03 +0000] "GET /sendEmail?to=roger9217605@gmail.com HTTP/1.1" 200 - "http://localhost:8080/contacts?infolder=inbox" "Mozilla/5.0 (Macintosh; Intel Mac OS X 10_9_4) AppleWebKit/537.36 (KHTML, like Gecko) Chrome/39.0.2171.71 Safari/537.36"
0:0:0:0:0:0:0:1 -  -  [03/Dec/2014:01:26:22 +0000] "GET /sendEmail HTTP/1.1" 200 - "http://localhost:8080/contacts?infolder=inbox" "Mozilla/5.0 (Macintosh; Intel Mac OS X 10_9_4) AppleWebKit/537.36 (KHTML, like Gecko) Chrome/39.0.2171.71 Safari/537.36"
0:0:0:0:0:0:0:1 -  -  [03/Dec/2014:01:28:19 +0000] "GET /login HTTP/1.1" 200 - "-" "Mozilla/5.0 (Macintosh; Intel Mac OS X 10_9_4) AppleWebKit/537.36 (KHTML, like Gecko) Chrome/39.0.2171.71 Safari/537.36"
0:0:0:0:0:0:0:1 -  -  [03/Dec/2014:01:28:23 +0000] "POST /userLoginManager HTTP/1.1" 200 - "http://localhost:8080/login" "Mozilla/5.0 (Macintosh; Intel Mac OS X 10_9_4) AppleWebKit/537.36 (KHTML, like Gecko) Chrome/39.0.2171.71 Safari/537.36"
0:0:0:0:0:0:0:1 -  -  [03/Dec/2014:01:28:23 +0000] "GET /welcome HTTP/1.1" 200 - "http://localhost:8080/login" "Mozilla/5.0 (Macintosh; Intel Mac OS X 10_9_4) AppleWebKit/537.36 (KHTML, like Gecko) Chrome/39.0.2171.71 Safari/537.36"
0:0:0:0:0:0:0:1 -  -  [03/Dec/2014:01:28:24 +0000] "POST /afterWelcomeBeforeInboxManager HTTP/1.1" 200 - "http://localhost:8080/welcome" "Mozilla/5.0 (Macintosh; Intel Mac OS X 10_9_4) AppleWebKit/537.36 (KHTML, like Gecko) Chrome/39.0.2171.71 Safari/537.36"
0:0:0:0:0:0:0:1 -  -  [03/Dec/2014:01:28:24 +0000] "GET /inbox HTTP/1.1" 200 - "http://localhost:8080/welcome" "Mozilla/5.0 (Macintosh; Intel Mac OS X 10_9_4) AppleWebKit/537.36 (KHTML, like Gecko) Chrome/39.0.2171.71 Safari/537.36"
0:0:0:0:0:0:0:1 -  -  [03/Dec/2014:01:28:26 +0000] "GET /contacts?infolder=inbox HTTP/1.1" 200 - "http://localhost:8080/inbox" "Mozilla/5.0 (Macintosh; Intel Mac OS X 10_9_4) AppleWebKit/537.36 (KHTML, like Gecko) Chrome/39.0.2171.71 Safari/537.36"
0:0:0:0:0:0:0:1 -  -  [03/Dec/2014:01:36:22 +0000] "GET /login HTTP/1.1" 200 - "-" "Mozilla/5.0 (Macintosh; Intel Mac OS X 10_9_4) AppleWebKit/537.36 (KHTML, like Gecko) Chrome/39.0.2171.71 Safari/537.36"
0:0:0:0:0:0:0:1 -  -  [03/Dec/2014:01:36:28 +0000] "POST /userLoginManager HTTP/1.1" 200 - "http://localhost:8080/login" "Mozilla/5.0 (Macintosh; Intel Mac OS X 10_9_4) AppleWebKit/537.36 (KHTML, like Gecko) Chrome/39.0.2171.71 Safari/537.36"
0:0:0:0:0:0:0:1 -  -  [03/Dec/2014:01:36:28 +0000] "GET /welcome HTTP/1.1" 200 - "http://localhost:8080/login" "Mozilla/5.0 (Macintosh; Intel Mac OS X 10_9_4) AppleWebKit/537.36 (KHTML, like Gecko) Chrome/39.0.2171.71 Safari/537.36"
0:0:0:0:0:0:0:1 -  -  [03/Dec/2014:01:36:29 +0000] "POST /afterWelcomeBeforeInboxManager HTTP/1.1" 200 - "http://localhost:8080/welcome" "Mozilla/5.0 (Macintosh; Intel Mac OS X 10_9_4) AppleWebKit/537.36 (KHTML, like Gecko) Chrome/39.0.2171.71 Safari/537.36"
0:0:0:0:0:0:0:1 -  -  [03/Dec/2014:01:36:29 +0000] "GET /inbox HTTP/1.1" 200 - "http://localhost:8080/welcome" "Mozilla/5.0 (Macintosh; Intel Mac OS X 10_9_4) AppleWebKit/537.36 (KHTML, like Gecko) Chrome/39.0.2171.71 Safari/537.36"
0:0:0:0:0:0:0:1 -  -  [03/Dec/2014:01:36:30 +0000] "GET /sendEmail HTTP/1.1" 200 - "http://localhost:8080/inbox" "Mozilla/5.0 (Macintosh; Intel Mac OS X 10_9_4) AppleWebKit/537.36 (KHTML, like Gecko) Chrome/39.0.2171.71 Safari/537.36"
0:0:0:0:0:0:0:1 -  -  [03/Dec/2014:01:36:33 +0000] "GET /contacts?infolder=inbox HTTP/1.1" 200 - "http://localhost:8080/inbox" "Mozilla/5.0 (Macintosh; Intel Mac OS X 10_9_4) AppleWebKit/537.36 (KHTML, like Gecko) Chrome/39.0.2171.71 Safari/537.36"
0:0:0:0:0:0:0:1 -  -  [03/Dec/2014:01:36:36 +0000] "GET /sendEmailWithTo?to=test1211@gmail.com HTTP/1.1" 200 - "http://localhost:8080/contacts?infolder=inbox" "Mozilla/5.0 (Macintosh; Intel Mac OS X 10_9_4) AppleWebKit/537.36 (KHTML, like Gecko) Chrome/39.0.2171.71 Safari/537.36"
0:0:0:0:0:0:0:1 -  -  [03/Dec/2014:01:36:36 +0000] "GET /files/error.html HTTP/1.1" 200 - "http://localhost:8080/contacts?infolder=inbox" "Mozilla/5.0 (Macintosh; Intel Mac OS X 10_9_4) AppleWebKit/537.36 (KHTML, like Gecko) Chrome/39.0.2171.71 Safari/537.36"
0:0:0:0:0:0:0:1 -  -  [03/Dec/2014:01:37:37 +0000] "GET /login HTTP/1.1" 200 - "-" "Mozilla/5.0 (Macintosh; Intel Mac OS X 10_9_4) AppleWebKit/537.36 (KHTML, like Gecko) Chrome/39.0.2171.71 Safari/537.36"
0:0:0:0:0:0:0:1 -  -  [03/Dec/2014:01:37:42 +0000] "POST /userLoginManager HTTP/1.1" 200 - "http://localhost:8080/login" "Mozilla/5.0 (Macintosh; Intel Mac OS X 10_9_4) AppleWebKit/537.36 (KHTML, like Gecko) Chrome/39.0.2171.71 Safari/537.36"
0:0:0:0:0:0:0:1 -  -  [03/Dec/2014:01:37:42 +0000] "GET /welcome HTTP/1.1" 200 - "http://localhost:8080/login" "Mozilla/5.0 (Macintosh; Intel Mac OS X 10_9_4) AppleWebKit/537.36 (KHTML, like Gecko) Chrome/39.0.2171.71 Safari/537.36"
0:0:0:0:0:0:0:1 -  -  [03/Dec/2014:01:37:43 +0000] "POST /afterWelcomeBeforeInboxManager HTTP/1.1" 200 - "http://localhost:8080/welcome" "Mozilla/5.0 (Macintosh; Intel Mac OS X 10_9_4) AppleWebKit/537.36 (KHTML, like Gecko) Chrome/39.0.2171.71 Safari/537.36"
0:0:0:0:0:0:0:1 -  -  [03/Dec/2014:01:37:43 +0000] "GET /inbox HTTP/1.1" 200 - "http://localhost:8080/welcome" "Mozilla/5.0 (Macintosh; Intel Mac OS X 10_9_4) AppleWebKit/537.36 (KHTML, like Gecko) Chrome/39.0.2171.71 Safari/537.36"
0:0:0:0:0:0:0:1 -  -  [03/Dec/2014:01:37:44 +0000] "GET /contacts?infolder=inbox HTTP/1.1" 200 - "http://localhost:8080/inbox" "Mozilla/5.0 (Macintosh; Intel Mac OS X 10_9_4) AppleWebKit/537.36 (KHTML, like Gecko) Chrome/39.0.2171.71 Safari/537.36"
0:0:0:0:0:0:0:1 -  -  [03/Dec/2014:01:37:46 +0000] "GET /sendEmailWithTo?to=test1211@gmail.com HTTP/1.1" 200 - "http://localhost:8080/contacts?infolder=inbox" "Mozilla/5.0 (Macintosh; Intel Mac OS X 10_9_4) AppleWebKit/537.36 (KHTML, like Gecko) Chrome/39.0.2171.71 Safari/537.36"
0:0:0:0:0:0:0:1 -  -  [03/Dec/2014:01:38:28 +0000] "GET /login HTTP/1.1" 200 - "-" "Mozilla/5.0 (Macintosh; Intel Mac OS X 10_9_4) AppleWebKit/537.36 (KHTML, like Gecko) Chrome/39.0.2171.71 Safari/537.36"
0:0:0:0:0:0:0:1 -  -  [03/Dec/2014:01:38:33 +0000] "POST /userLoginManager HTTP/1.1" 200 - "http://localhost:8080/login" "Mozilla/5.0 (Macintosh; Intel Mac OS X 10_9_4) AppleWebKit/537.36 (KHTML, like Gecko) Chrome/39.0.2171.71 Safari/537.36"
0:0:0:0:0:0:0:1 -  -  [03/Dec/2014:01:38:33 +0000] "GET /welcome HTTP/1.1" 200 - "http://localhost:8080/login" "Mozilla/5.0 (Macintosh; Intel Mac OS X 10_9_4) AppleWebKit/537.36 (KHTML, like Gecko) Chrome/39.0.2171.71 Safari/537.36"
0:0:0:0:0:0:0:1 -  -  [03/Dec/2014:01:38:35 +0000] "POST /afterWelcomeBeforeInboxManager HTTP/1.1" 200 - "http://localhost:8080/welcome" "Mozilla/5.0 (Macintosh; Intel Mac OS X 10_9_4) AppleWebKit/537.36 (KHTML, like Gecko) Chrome/39.0.2171.71 Safari/537.36"
0:0:0:0:0:0:0:1 -  -  [03/Dec/2014:01:38:35 +0000] "GET /inbox HTTP/1.1" 200 - "http://localhost:8080/welcome" "Mozilla/5.0 (Macintosh; Intel Mac OS X 10_9_4) AppleWebKit/537.36 (KHTML, like Gecko) Chrome/39.0.2171.71 Safari/537.36"
0:0:0:0:0:0:0:1 -  -  [03/Dec/2014:01:38:37 +0000] "GET /contacts?infolder=inbox HTTP/1.1" 200 - "http://localhost:8080/inbox" "Mozilla/5.0 (Macintosh; Intel Mac OS X 10_9_4) AppleWebKit/537.36 (KHTML, like Gecko) Chrome/39.0.2171.71 Safari/537.36"
0:0:0:0:0:0:0:1 -  -  [03/Dec/2014:01:38:40 +0000] "GET /addContact HTTP/1.1" 200 - "http://localhost:8080/contacts?infolder=inbox" "Mozilla/5.0 (Macintosh; Intel Mac OS X 10_9_4) AppleWebKit/537.36 (KHTML, like Gecko) Chrome/39.0.2171.71 Safari/537.36"
0:0:0:0:0:0:0:1 -  -  [03/Dec/2014:01:39:04 +0000] "POST /addContactManager HTTP/1.1" 200 - "http://localhost:8080/addContact" "Mozilla/5.0 (Macintosh; Intel Mac OS X 10_9_4) AppleWebKit/537.36 (KHTML, like Gecko) Chrome/39.0.2171.71 Safari/537.36"
0:0:0:0:0:0:0:1 -  -  [03/Dec/2014:01:39:04 +0000] "GET /contacts?infolder=inbox HTTP/1.1" 200 - "http://localhost:8080/addContact" "Mozilla/5.0 (Macintosh; Intel Mac OS X 10_9_4) AppleWebKit/537.36 (KHTML, like Gecko) Chrome/39.0.2171.71 Safari/537.36"
0:0:0:0:0:0:0:1 -  -  [03/Dec/2014:01:39:09 +0000] "GET /sendEmailWithTo?to=yyfyou1991@gmail.com HTTP/1.1" 200 - "http://localhost:8080/contacts?infolder=inbox" "Mozilla/5.0 (Macintosh; Intel Mac OS X 10_9_4) AppleWebKit/537.36 (KHTML, like Gecko) Chrome/39.0.2171.71 Safari/537.36"
0:0:0:0:0:0:0:1 -  -  [03/Dec/2014:01:40:48 +0000] "GET /login HTTP/1.1" 200 - "-" "Mozilla/5.0 (Macintosh; Intel Mac OS X 10_9_4) AppleWebKit/537.36 (KHTML, like Gecko) Chrome/39.0.2171.71 Safari/537.36"
0:0:0:0:0:0:0:1 -  -  [03/Dec/2014:01:40:52 +0000] "POST /userLoginManager HTTP/1.1" 200 - "http://localhost:8080/login" "Mozilla/5.0 (Macintosh; Intel Mac OS X 10_9_4) AppleWebKit/537.36 (KHTML, like Gecko) Chrome/39.0.2171.71 Safari/537.36"
0:0:0:0:0:0:0:1 -  -  [03/Dec/2014:01:40:52 +0000] "GET /welcome HTTP/1.1" 200 - "http://localhost:8080/login" "Mozilla/5.0 (Macintosh; Intel Mac OS X 10_9_4) AppleWebKit/537.36 (KHTML, like Gecko) Chrome/39.0.2171.71 Safari/537.36"
0:0:0:0:0:0:0:1 -  -  [03/Dec/2014:01:40:53 +0000] "POST /afterWelcomeBeforeInboxManager HTTP/1.1" 200 - "http://localhost:8080/welcome" "Mozilla/5.0 (Macintosh; Intel Mac OS X 10_9_4) AppleWebKit/537.36 (KHTML, like Gecko) Chrome/39.0.2171.71 Safari/537.36"
0:0:0:0:0:0:0:1 -  -  [03/Dec/2014:01:40:53 +0000] "GET /inbox HTTP/1.1" 200 - "http://localhost:8080/welcome" "Mozilla/5.0 (Macintosh; Intel Mac OS X 10_9_4) AppleWebKit/537.36 (KHTML, like Gecko) Chrome/39.0.2171.71 Safari/537.36"
0:0:0:0:0:0:0:1 -  -  [03/Dec/2014:01:40:54 +0000] "GET /contacts?infolder=inbox HTTP/1.1" 200 - "http://localhost:8080/inbox" "Mozilla/5.0 (Macintosh; Intel Mac OS X 10_9_4) AppleWebKit/537.36 (KHTML, like Gecko) Chrome/39.0.2171.71 Safari/537.36"
0:0:0:0:0:0:0:1 -  -  [03/Dec/2014:01:40:55 +0000] "GET /sendEmailWithTo?to=yyfyou1991@gmail.com HTTP/1.1" 200 - "http://localhost:8080/contacts?infolder=inbox" "Mozilla/5.0 (Macintosh; Intel Mac OS X 10_9_4) AppleWebKit/537.36 (KHTML, like Gecko) Chrome/39.0.2171.71 Safari/537.36"
0:0:0:0:0:0:0:1 -  -  [03/Dec/2014:01:41:09 +0000] "POST /sendEmailManager HTTP/1.1" 200 - "http://localhost:8080/sendEmailWithTo?to=yyfyou1991@gmail.com" "Mozilla/5.0 (Macintosh; Intel Mac OS X 10_9_4) AppleWebKit/537.36 (KHTML, like Gecko) Chrome/39.0.2171.71 Safari/537.36"
0:0:0:0:0:0:0:1 -  -  [03/Dec/2014:01:41:15 +0000] "GET /emailSendSuccess HTTP/1.1" 200 - "http://localhost:8080/sendEmailWithTo?to=yyfyou1991@gmail.com" "Mozilla/5.0 (Macintosh; Intel Mac OS X 10_9_4) AppleWebKit/537.36 (KHTML, like Gecko) Chrome/39.0.2171.71 Safari/537.36"
0:0:0:0:0:0:0:1 -  -  [03/Dec/2014:01:41:21 +0000] "GET /inbox HTTP/1.1" 200 - "http://localhost:8080/emailSendSuccess" "Mozilla/5.0 (Macintosh; Intel Mac OS X 10_9_4) AppleWebKit/537.36 (KHTML, like Gecko) Chrome/39.0.2171.71 Safari/537.36"
0:0:0:0:0:0:0:1 -  -  [03/Dec/2014:01:44:29 +0000] "GET /login HTTP/1.1" 200 - "-" "Mozilla/5.0 (Macintosh; Intel Mac OS X 10_9_4) AppleWebKit/537.36 (KHTML, like Gecko) Chrome/39.0.2171.71 Safari/537.36"
0:0:0:0:0:0:0:1 -  -  [03/Dec/2014:01:44:33 +0000] "POST /userLoginManager HTTP/1.1" 200 - "http://localhost:8080/login" "Mozilla/5.0 (Macintosh; Intel Mac OS X 10_9_4) AppleWebKit/537.36 (KHTML, like Gecko) Chrome/39.0.2171.71 Safari/537.36"
0:0:0:0:0:0:0:1 -  -  [03/Dec/2014:01:44:34 +0000] "GET /welcome HTTP/1.1" 200 - "http://localhost:8080/login" "Mozilla/5.0 (Macintosh; Intel Mac OS X 10_9_4) AppleWebKit/537.36 (KHTML, like Gecko) Chrome/39.0.2171.71 Safari/537.36"
0:0:0:0:0:0:0:1 -  -  [03/Dec/2014:01:44:34 +0000] "POST /afterWelcomeBeforeInboxManager HTTP/1.1" 200 - "http://localhost:8080/welcome" "Mozilla/5.0 (Macintosh; Intel Mac OS X 10_9_4) AppleWebKit/537.36 (KHTML, like Gecko) Chrome/39.0.2171.71 Safari/537.36"
0:0:0:0:0:0:0:1 -  -  [03/Dec/2014:01:44:34 +0000] "GET /inbox HTTP/1.1" 200 - "http://localhost:8080/welcome" "Mozilla/5.0 (Macintosh; Intel Mac OS X 10_9_4) AppleWebKit/537.36 (KHTML, like Gecko) Chrome/39.0.2171.71 Safari/537.36"
0:0:0:0:0:0:0:1 -  -  [03/Dec/2014:01:44:59 +0000] "GET /login HTTP/1.1" 200 - "-" "Mozilla/5.0 (Macintosh; Intel Mac OS X 10_9_4) AppleWebKit/537.36 (KHTML, like Gecko) Chrome/39.0.2171.71 Safari/537.36"
0:0:0:0:0:0:0:1 -  -  [03/Dec/2014:01:45:06 +0000] "POST /userLoginManager HTTP/1.1" 200 - "http://localhost:8080/login" "Mozilla/5.0 (Macintosh; Intel Mac OS X 10_9_4) AppleWebKit/537.36 (KHTML, like Gecko) Chrome/39.0.2171.71 Safari/537.36"
0:0:0:0:0:0:0:1 -  -  [03/Dec/2014:01:45:06 +0000] "GET /welcome HTTP/1.1" 200 - "http://localhost:8080/login" "Mozilla/5.0 (Macintosh; Intel Mac OS X 10_9_4) AppleWebKit/537.36 (KHTML, like Gecko) Chrome/39.0.2171.71 Safari/537.36"
0:0:0:0:0:0:0:1 -  -  [03/Dec/2014:01:45:07 +0000] "POST /afterWelcomeBeforeInboxManager HTTP/1.1" 200 - "http://localhost:8080/welcome" "Mozilla/5.0 (Macintosh; Intel Mac OS X 10_9_4) AppleWebKit/537.36 (KHTML, like Gecko) Chrome/39.0.2171.71 Safari/537.36"
0:0:0:0:0:0:0:1 -  -  [03/Dec/2014:01:45:07 +0000] "GET /inbox HTTP/1.1" 200 - "http://localhost:8080/welcome" "Mozilla/5.0 (Macintosh; Intel Mac OS X 10_9_4) AppleWebKit/537.36 (KHTML, like Gecko) Chrome/39.0.2171.71 Safari/537.36"
0:0:0:0:0:0:0:1 -  -  [03/Dec/2014:01:46:54 +0000] "GET /login HTTP/1.1" 200 - "-" "Mozilla/5.0 (Macintosh; Intel Mac OS X 10_9_4) AppleWebKit/537.36 (KHTML, like Gecko) Chrome/39.0.2171.71 Safari/537.36"
0:0:0:0:0:0:0:1 -  -  [03/Dec/2014:01:46:58 +0000] "POST /userLoginManager HTTP/1.1" 200 - "http://localhost:8080/login" "Mozilla/5.0 (Macintosh; Intel Mac OS X 10_9_4) AppleWebKit/537.36 (KHTML, like Gecko) Chrome/39.0.2171.71 Safari/537.36"
0:0:0:0:0:0:0:1 -  -  [03/Dec/2014:01:46:58 +0000] "GET /welcome HTTP/1.1" 200 - "http://localhost:8080/login" "Mozilla/5.0 (Macintosh; Intel Mac OS X 10_9_4) AppleWebKit/537.36 (KHTML, like Gecko) Chrome/39.0.2171.71 Safari/537.36"
0:0:0:0:0:0:0:1 -  -  [03/Dec/2014:01:46:59 +0000] "POST /afterWelcomeBeforeInboxManager HTTP/1.1" 200 - "http://localhost:8080/welcome" "Mozilla/5.0 (Macintosh; Intel Mac OS X 10_9_4) AppleWebKit/537.36 (KHTML, like Gecko) Chrome/39.0.2171.71 Safari/537.36"
0:0:0:0:0:0:0:1 -  -  [03/Dec/2014:01:46:59 +0000] "GET /inbox HTTP/1.1" 200 - "http://localhost:8080/welcome" "Mozilla/5.0 (Macintosh; Intel Mac OS X 10_9_4) AppleWebKit/537.36 (KHTML, like Gecko) Chrome/39.0.2171.71 Safari/537.36"
0:0:0:0:0:0:0:1 -  -  [03/Dec/2014:01:48:09 +0000] "GET /login HTTP/1.1" 200 - "-" "Mozilla/5.0 (Macintosh; Intel Mac OS X 10_9_4) AppleWebKit/537.36 (KHTML, like Gecko) Chrome/39.0.2171.71 Safari/537.36"
0:0:0:0:0:0:0:1 -  -  [03/Dec/2014:01:48:14 +0000] "POST /userLoginManager HTTP/1.1" 200 - "http://localhost:8080/login" "Mozilla/5.0 (Macintosh; Intel Mac OS X 10_9_4) AppleWebKit/537.36 (KHTML, like Gecko) Chrome/39.0.2171.71 Safari/537.36"
0:0:0:0:0:0:0:1 -  -  [03/Dec/2014:01:48:14 +0000] "GET /welcome HTTP/1.1" 200 - "http://localhost:8080/login" "Mozilla/5.0 (Macintosh; Intel Mac OS X 10_9_4) AppleWebKit/537.36 (KHTML, like Gecko) Chrome/39.0.2171.71 Safari/537.36"
0:0:0:0:0:0:0:1 -  -  [03/Dec/2014:01:48:15 +0000] "POST /afterWelcomeBeforeInboxManager HTTP/1.1" 200 - "http://localhost:8080/welcome" "Mozilla/5.0 (Macintosh; Intel Mac OS X 10_9_4) AppleWebKit/537.36 (KHTML, like Gecko) Chrome/39.0.2171.71 Safari/537.36"
0:0:0:0:0:0:0:1 -  -  [03/Dec/2014:01:48:15 +0000] "GET /inbox HTTP/1.1" 200 - "http://localhost:8080/welcome" "Mozilla/5.0 (Macintosh; Intel Mac OS X 10_9_4) AppleWebKit/537.36 (KHTML, like Gecko) Chrome/39.0.2171.71 Safari/537.36"
0:0:0:0:0:0:0:1 -  -  [03/Dec/2014:01:52:20 +0000] "GET /login HTTP/1.1" 200 - "-" "Mozilla/5.0 (Macintosh; Intel Mac OS X 10_9_4) AppleWebKit/537.36 (KHTML, like Gecko) Chrome/39.0.2171.71 Safari/537.36"
0:0:0:0:0:0:0:1 -  -  [03/Dec/2014:01:52:24 +0000] "POST /userLoginManager HTTP/1.1" 200 - "http://localhost:8080/login" "Mozilla/5.0 (Macintosh; Intel Mac OS X 10_9_4) AppleWebKit/537.36 (KHTML, like Gecko) Chrome/39.0.2171.71 Safari/537.36"
0:0:0:0:0:0:0:1 -  -  [03/Dec/2014:01:52:24 +0000] "GET /welcome HTTP/1.1" 200 - "http://localhost:8080/login" "Mozilla/5.0 (Macintosh; Intel Mac OS X 10_9_4) AppleWebKit/537.36 (KHTML, like Gecko) Chrome/39.0.2171.71 Safari/537.36"
0:0:0:0:0:0:0:1 -  -  [03/Dec/2014:01:52:25 +0000] "POST /afterWelcomeBeforeInboxManager HTTP/1.1" 200 - "http://localhost:8080/welcome" "Mozilla/5.0 (Macintosh; Intel Mac OS X 10_9_4) AppleWebKit/537.36 (KHTML, like Gecko) Chrome/39.0.2171.71 Safari/537.36"
0:0:0:0:0:0:0:1 -  -  [03/Dec/2014:01:52:25 +0000] "GET /inbox HTTP/1.1" 200 - "http://localhost:8080/welcome" "Mozilla/5.0 (Macintosh; Intel Mac OS X 10_9_4) AppleWebKit/537.36 (KHTML, like Gecko) Chrome/39.0.2171.71 Safari/537.36"
0:0:0:0:0:0:0:1 -  -  [03/Dec/2014:01:53:44 +0000] "POST /orderbyManager?folder=inbox HTTP/1.1" 200 - "http://localhost:8080/inbox" "Mozilla/5.0 (Macintosh; Intel Mac OS X 10_9_4) AppleWebKit/537.36 (KHTML, like Gecko) Chrome/39.0.2171.71 Safari/537.36"
0:0:0:0:0:0:0:1 -  -  [03/Dec/2014:01:53:44 +0000] "GET /inbox?order=from HTTP/1.1" 200 - "http://localhost:8080/inbox" "Mozilla/5.0 (Macintosh; Intel Mac OS X 10_9_4) AppleWebKit/537.36 (KHTML, like Gecko) Chrome/39.0.2171.71 Safari/537.36"
0:0:0:0:0:0:0:1 -  -  [03/Dec/2014:01:54:34 +0000] "GET /login HTTP/1.1" 200 - "-" "Mozilla/5.0 (Macintosh; Intel Mac OS X 10_9_4) AppleWebKit/537.36 (KHTML, like Gecko) Chrome/39.0.2171.71 Safari/537.36"
0:0:0:0:0:0:0:1 -  -  [03/Dec/2014:01:54:38 +0000] "POST /userLoginManager HTTP/1.1" 200 - "http://localhost:8080/login" "Mozilla/5.0 (Macintosh; Intel Mac OS X 10_9_4) AppleWebKit/537.36 (KHTML, like Gecko) Chrome/39.0.2171.71 Safari/537.36"
0:0:0:0:0:0:0:1 -  -  [03/Dec/2014:01:54:38 +0000] "GET /welcome HTTP/1.1" 200 - "http://localhost:8080/login" "Mozilla/5.0 (Macintosh; Intel Mac OS X 10_9_4) AppleWebKit/537.36 (KHTML, like Gecko) Chrome/39.0.2171.71 Safari/537.36"
0:0:0:0:0:0:0:1 -  -  [03/Dec/2014:01:54:39 +0000] "POST /afterWelcomeBeforeInboxManager HTTP/1.1" 200 - "http://localhost:8080/welcome" "Mozilla/5.0 (Macintosh; Intel Mac OS X 10_9_4) AppleWebKit/537.36 (KHTML, like Gecko) Chrome/39.0.2171.71 Safari/537.36"
0:0:0:0:0:0:0:1 -  -  [03/Dec/2014:01:54:39 +0000] "GET /inbox HTTP/1.1" 200 - "http://localhost:8080/welcome" "Mozilla/5.0 (Macintosh; Intel Mac OS X 10_9_4) AppleWebKit/537.36 (KHTML, like Gecko) Chrome/39.0.2171.71 Safari/537.36"
0:0:0:0:0:0:0:1 -  -  [03/Dec/2014:01:55:18 +0000] "GET /login HTTP/1.1" 200 - "-" "Mozilla/5.0 (Macintosh; Intel Mac OS X 10_9_4) AppleWebKit/537.36 (KHTML, like Gecko) Chrome/39.0.2171.71 Safari/537.36"
0:0:0:0:0:0:0:1 -  -  [03/Dec/2014:01:55:22 +0000] "POST /userLoginManager HTTP/1.1" 200 - "http://localhost:8080/login" "Mozilla/5.0 (Macintosh; Intel Mac OS X 10_9_4) AppleWebKit/537.36 (KHTML, like Gecko) Chrome/39.0.2171.71 Safari/537.36"
0:0:0:0:0:0:0:1 -  -  [03/Dec/2014:01:55:22 +0000] "GET /welcome HTTP/1.1" 200 - "http://localhost:8080/login" "Mozilla/5.0 (Macintosh; Intel Mac OS X 10_9_4) AppleWebKit/537.36 (KHTML, like Gecko) Chrome/39.0.2171.71 Safari/537.36"
0:0:0:0:0:0:0:1 -  -  [03/Dec/2014:01:55:23 +0000] "POST /afterWelcomeBeforeInboxManager HTTP/1.1" 200 - "http://localhost:8080/welcome" "Mozilla/5.0 (Macintosh; Intel Mac OS X 10_9_4) AppleWebKit/537.36 (KHTML, like Gecko) Chrome/39.0.2171.71 Safari/537.36"
0:0:0:0:0:0:0:1 -  -  [03/Dec/2014:01:55:23 +0000] "GET /inbox HTTP/1.1" 200 - "http://localhost:8080/welcome" "Mozilla/5.0 (Macintosh; Intel Mac OS X 10_9_4) AppleWebKit/537.36 (KHTML, like Gecko) Chrome/39.0.2171.71 Safari/537.36"
0:0:0:0:0:0:0:1 -  -  [03/Dec/2014:01:57:16 +0000] "GET /login HTTP/1.1" 200 - "-" "Mozilla/5.0 (Macintosh; Intel Mac OS X 10_9_4) AppleWebKit/537.36 (KHTML, like Gecko) Chrome/39.0.2171.71 Safari/537.36"
0:0:0:0:0:0:0:1 -  -  [03/Dec/2014:01:57:20 +0000] "POST /userLoginManager HTTP/1.1" 200 - "http://localhost:8080/login" "Mozilla/5.0 (Macintosh; Intel Mac OS X 10_9_4) AppleWebKit/537.36 (KHTML, like Gecko) Chrome/39.0.2171.71 Safari/537.36"
0:0:0:0:0:0:0:1 -  -  [03/Dec/2014:01:57:20 +0000] "GET /welcome HTTP/1.1" 200 - "http://localhost:8080/login" "Mozilla/5.0 (Macintosh; Intel Mac OS X 10_9_4) AppleWebKit/537.36 (KHTML, like Gecko) Chrome/39.0.2171.71 Safari/537.36"
0:0:0:0:0:0:0:1 -  -  [03/Dec/2014:01:57:21 +0000] "POST /afterWelcomeBeforeInboxManager HTTP/1.1" 200 - "http://localhost:8080/welcome" "Mozilla/5.0 (Macintosh; Intel Mac OS X 10_9_4) AppleWebKit/537.36 (KHTML, like Gecko) Chrome/39.0.2171.71 Safari/537.36"
0:0:0:0:0:0:0:1 -  -  [03/Dec/2014:01:57:21 +0000] "GET /inbox HTTP/1.1" 200 - "http://localhost:8080/welcome" "Mozilla/5.0 (Macintosh; Intel Mac OS X 10_9_4) AppleWebKit/537.36 (KHTML, like Gecko) Chrome/39.0.2171.71 Safari/537.36"
0:0:0:0:0:0:0:1 -  -  [03/Dec/2014:01:57:23 +0000] "GET /sent HTTP/1.1" 200 - "http://localhost:8080/inbox" "Mozilla/5.0 (Macintosh; Intel Mac OS X 10_9_4) AppleWebKit/537.36 (KHTML, like Gecko) Chrome/39.0.2171.71 Safari/537.36"
0:0:0:0:0:0:0:1 -  -  [03/Dec/2014:01:57:25 +0000] "GET /trash HTTP/1.1" 200 - "http://localhost:8080/sent" "Mozilla/5.0 (Macintosh; Intel Mac OS X 10_9_4) AppleWebKit/537.36 (KHTML, like Gecko) Chrome/39.0.2171.71 Safari/537.36"
0:0:0:0:0:0:0:1 -  -  [03/Dec/2014:01:57:26 +0000] "GET /contacts?infolder=trash HTTP/1.1" 200 - "http://localhost:8080/trash" "Mozilla/5.0 (Macintosh; Intel Mac OS X 10_9_4) AppleWebKit/537.36 (KHTML, like Gecko) Chrome/39.0.2171.71 Safari/537.36"
0:0:0:0:0:0:0:1 -  -  [03/Dec/2014:01:57:29 +0000] "GET /inbox HTTP/1.1" 200 - "http://localhost:8080/contacts?infolder=trash" "Mozilla/5.0 (Macintosh; Intel Mac OS X 10_9_4) AppleWebKit/537.36 (KHTML, like Gecko) Chrome/39.0.2171.71 Safari/537.36"
0:0:0:0:0:0:0:1 -  -  [03/Dec/2014:01:57:31 +0000] "GET /viewEmail?emailID=83&infolder=inbox HTTP/1.1" 200 - "http://localhost:8080/inbox" "Mozilla/5.0 (Macintosh; Intel Mac OS X 10_9_4) AppleWebKit/537.36 (KHTML, like Gecko) Chrome/39.0.2171.71 Safari/537.36"
0:0:0:0:0:0:0:1 -  -  [03/Dec/2014:01:57:38 +0000] "GET /inbox HTTP/1.1" 200 - "http://localhost:8080/viewEmail?emailID=83&infolder=inbox" "Mozilla/5.0 (Macintosh; Intel Mac OS X 10_9_4) AppleWebKit/537.36 (KHTML, like Gecko) Chrome/39.0.2171.71 Safari/537.36"
0:0:0:0:0:0:0:1 -  -  [03/Dec/2014:01:58:54 +0000] "GET /login HTTP/1.1" 200 - "-" "Mozilla/5.0 (Macintosh; Intel Mac OS X 10_9_4) AppleWebKit/537.36 (KHTML, like Gecko) Chrome/39.0.2171.71 Safari/537.36"
0:0:0:0:0:0:0:1 -  -  [03/Dec/2014:01:58:59 +0000] "POST /userLoginManager HTTP/1.1" 200 - "http://localhost:8080/login" "Mozilla/5.0 (Macintosh; Intel Mac OS X 10_9_4) AppleWebKit/537.36 (KHTML, like Gecko) Chrome/39.0.2171.71 Safari/537.36"
0:0:0:0:0:0:0:1 -  -  [03/Dec/2014:01:58:59 +0000] "GET /welcome HTTP/1.1" 200 - "http://localhost:8080/login" "Mozilla/5.0 (Macintosh; Intel Mac OS X 10_9_4) AppleWebKit/537.36 (KHTML, like Gecko) Chrome/39.0.2171.71 Safari/537.36"
0:0:0:0:0:0:0:1 -  -  [03/Dec/2014:01:59:00 +0000] "POST /afterWelcomeBeforeInboxManager HTTP/1.1" 200 - "http://localhost:8080/welcome" "Mozilla/5.0 (Macintosh; Intel Mac OS X 10_9_4) AppleWebKit/537.36 (KHTML, like Gecko) Chrome/39.0.2171.71 Safari/537.36"
0:0:0:0:0:0:0:1 -  -  [03/Dec/2014:01:59:00 +0000] "GET /inbox HTTP/1.1" 200 - "http://localhost:8080/welcome" "Mozilla/5.0 (Macintosh; Intel Mac OS X 10_9_4) AppleWebKit/537.36 (KHTML, like Gecko) Chrome/39.0.2171.71 Safari/537.36"
0:0:0:0:0:0:0:1 -  -  [03/Dec/2014:01:59:02 +0000] "GET /sent HTTP/1.1" 200 - "http://localhost:8080/inbox" "Mozilla/5.0 (Macintosh; Intel Mac OS X 10_9_4) AppleWebKit/537.36 (KHTML, like Gecko) Chrome/39.0.2171.71 Safari/537.36"
0:0:0:0:0:0:0:1 -  -  [03/Dec/2014:01:59:03 +0000] "GET /trash HTTP/1.1" 200 - "http://localhost:8080/sent" "Mozilla/5.0 (Macintosh; Intel Mac OS X 10_9_4) AppleWebKit/537.36 (KHTML, like Gecko) Chrome/39.0.2171.71 Safari/537.36"
0:0:0:0:0:0:0:1 -  -  [03/Dec/2014:01:59:04 +0000] "GET /contacts?infolder=trash HTTP/1.1" 200 - "http://localhost:8080/trash" "Mozilla/5.0 (Macintosh; Intel Mac OS X 10_9_4) AppleWebKit/537.36 (KHTML, like Gecko) Chrome/39.0.2171.71 Safari/537.36"
0:0:0:0:0:0:0:1 -  -  [03/Dec/2014:01:59:05 +0000] "GET /inbox HTTP/1.1" 200 - "http://localhost:8080/contacts?infolder=trash" "Mozilla/5.0 (Macintosh; Intel Mac OS X 10_9_4) AppleWebKit/537.36 (KHTML, like Gecko) Chrome/39.0.2171.71 Safari/537.36"
0:0:0:0:0:0:0:1 -  -  [03/Dec/2014:01:59:07 +0000] "GET /viewEmail?emailID=83&infolder=inbox HTTP/1.1" 200 - "http://localhost:8080/inbox" "Mozilla/5.0 (Macintosh; Intel Mac OS X 10_9_4) AppleWebKit/537.36 (KHTML, like Gecko) Chrome/39.0.2171.71 Safari/537.36"
0:0:0:0:0:0:0:1 -  -  [03/Dec/2014:01:59:12 +0000] "GET /reply?emailID=83&infolder=inbox HTTP/1.1" 200 - "http://localhost:8080/viewEmail?emailID=83&infolder=inbox" "Mozilla/5.0 (Macintosh; Intel Mac OS X 10_9_4) AppleWebKit/537.36 (KHTML, like Gecko) Chrome/39.0.2171.71 Safari/537.36"
0:0:0:0:0:0:0:1 -  -  [03/Dec/2014:01:59:14 +0000] "GET /inbox HTTP/1.1" 200 - "http://localhost:8080/reply?emailID=83&infolder=inbox" "Mozilla/5.0 (Macintosh; Intel Mac OS X 10_9_4) AppleWebKit/537.36 (KHTML, like Gecko) Chrome/39.0.2171.71 Safari/537.36"
0:0:0:0:0:0:0:1 -  -  [03/Dec/2014:01:59:17 +0000] "GET /viewEmail?emailID=83&infolder=inbox HTTP/1.1" 200 - "http://localhost:8080/inbox" "Mozilla/5.0 (Macintosh; Intel Mac OS X 10_9_4) AppleWebKit/537.36 (KHTML, like Gecko) Chrome/39.0.2171.71 Safari/537.36"
0:0:0:0:0:0:0:1 -  -  [03/Dec/2014:01:59:18 +0000] "GET /forward?emailID=83&infolder=inbox HTTP/1.1" 200 - "http://localhost:8080/viewEmail?emailID=83&infolder=inbox" "Mozilla/5.0 (Macintosh; Intel Mac OS X 10_9_4) AppleWebKit/537.36 (KHTML, like Gecko) Chrome/39.0.2171.71 Safari/537.36"
0:0:0:0:0:0:0:1 -  -  [03/Dec/2014:01:59:20 +0000] "GET /inbox HTTP/1.1" 200 - "http://localhost:8080/forward?emailID=83&infolder=inbox" "Mozilla/5.0 (Macintosh; Intel Mac OS X 10_9_4) AppleWebKit/537.36 (KHTML, like Gecko) Chrome/39.0.2171.71 Safari/537.36"
0:0:0:0:0:0:0:1 -  -  [03/Dec/2014:01:59:24 +0000] "GET /checkEmailManager HTTP/1.1" 200 - "http://localhost:8080/inbox" "Mozilla/5.0 (Macintosh; Intel Mac OS X 10_9_4) AppleWebKit/537.36 (KHTML, like Gecko) Chrome/39.0.2171.71 Safari/537.36"
0:0:0:0:0:0:0:1 -  -  [03/Dec/2014:01:59:26 +0000] "GET /inbox HTTP/1.1" 200 - "http://localhost:8080/inbox" "Mozilla/5.0 (Macintosh; Intel Mac OS X 10_9_4) AppleWebKit/537.36 (KHTML, like Gecko) Chrome/39.0.2171.71 Safari/537.36"
0:0:0:0:0:0:0:1 -  -  [03/Dec/2014:01:59:45 +0000] "POST /orderbyManager?folder=inbox HTTP/1.1" 200 - "http://localhost:8080/inbox" "Mozilla/5.0 (Macintosh; Intel Mac OS X 10_9_4) AppleWebKit/537.36 (KHTML, like Gecko) Chrome/39.0.2171.71 Safari/537.36"
0:0:0:0:0:0:0:1 -  -  [03/Dec/2014:01:59:45 +0000] "GET /inbox?order=from HTTP/1.1" 200 - "http://localhost:8080/inbox" "Mozilla/5.0 (Macintosh; Intel Mac OS X 10_9_4) AppleWebKit/537.36 (KHTML, like Gecko) Chrome/39.0.2171.71 Safari/537.36"
0:0:0:0:0:0:0:1 -  -  [03/Dec/2014:01:59:48 +0000] "POST /orderbyManager?folder=inbox HTTP/1.1" 200 - "http://localhost:8080/inbox?order=from" "Mozilla/5.0 (Macintosh; Intel Mac OS X 10_9_4) AppleWebKit/537.36 (KHTML, like Gecko) Chrome/39.0.2171.71 Safari/537.36"
0:0:0:0:0:0:0:1 -  -  [03/Dec/2014:01:59:48 +0000] "GET /inbox?order=subject HTTP/1.1" 200 - "http://localhost:8080/inbox?order=from" "Mozilla/5.0 (Macintosh; Intel Mac OS X 10_9_4) AppleWebKit/537.36 (KHTML, like Gecko) Chrome/39.0.2171.71 Safari/537.36"
0:0:0:0:0:0:0:1 -  -  [03/Dec/2014:01:59:50 +0000] "POST /orderbyManager?folder=inbox HTTP/1.1" 200 - "http://localhost:8080/inbox?order=subject" "Mozilla/5.0 (Macintosh; Intel Mac OS X 10_9_4) AppleWebKit/537.36 (KHTML, like Gecko) Chrome/39.0.2171.71 Safari/537.36"
0:0:0:0:0:0:0:1 -  -  [03/Dec/2014:01:59:50 +0000] "GET /inbox?order=from HTTP/1.1" 200 - "http://localhost:8080/inbox?order=subject" "Mozilla/5.0 (Macintosh; Intel Mac OS X 10_9_4) AppleWebKit/537.36 (KHTML, like Gecko) Chrome/39.0.2171.71 Safari/537.36"
0:0:0:0:0:0:0:1 -  -  [03/Dec/2014:01:59:52 +0000] "GET /rightManager?folder=inbox HTTP/1.1" 200 - "http://localhost:8080/inbox?order=from" "Mozilla/5.0 (Macintosh; Intel Mac OS X 10_9_4) AppleWebKit/537.36 (KHTML, like Gecko) Chrome/39.0.2171.71 Safari/537.36"
0:0:0:0:0:0:0:1 -  -  [03/Dec/2014:01:59:52 +0000] "GET /inbox?order=from HTTP/1.1" 200 - "http://localhost:8080/inbox?order=from" "Mozilla/5.0 (Macintosh; Intel Mac OS X 10_9_4) AppleWebKit/537.36 (KHTML, like Gecko) Chrome/39.0.2171.71 Safari/537.36"
0:0:0:0:0:0:0:1 -  -  [03/Dec/2014:01:59:53 +0000] "GET /leftManager?folder=inbox HTTP/1.1" 200 - "http://localhost:8080/inbox?order=from" "Mozilla/5.0 (Macintosh; Intel Mac OS X 10_9_4) AppleWebKit/537.36 (KHTML, like Gecko) Chrome/39.0.2171.71 Safari/537.36"
0:0:0:0:0:0:0:1 -  -  [03/Dec/2014:01:59:53 +0000] "GET /inbox?order=from HTTP/1.1" 200 - "http://localhost:8080/inbox?order=from" "Mozilla/5.0 (Macintosh; Intel Mac OS X 10_9_4) AppleWebKit/537.36 (KHTML, like Gecko) Chrome/39.0.2171.71 Safari/537.36"
0:0:0:0:0:0:0:1 -  -  [03/Dec/2014:01:59:56 +0000] "GET /sent HTTP/1.1" 200 - "http://localhost:8080/inbox?order=from" "Mozilla/5.0 (Macintosh; Intel Mac OS X 10_9_4) AppleWebKit/537.36 (KHTML, like Gecko) Chrome/39.0.2171.71 Safari/537.36"
0:0:0:0:0:0:0:1 -  -  [03/Dec/2014:01:59:59 +0000] "POST /orderbyManager?folder=sent HTTP/1.1" 200 - "http://localhost:8080/sent" "Mozilla/5.0 (Macintosh; Intel Mac OS X 10_9_4) AppleWebKit/537.36 (KHTML, like Gecko) Chrome/39.0.2171.71 Safari/537.36"
0:0:0:0:0:0:0:1 -  -  [03/Dec/2014:01:59:59 +0000] "GET /sent?order=to HTTP/1.1" 200 - "http://localhost:8080/sent" "Mozilla/5.0 (Macintosh; Intel Mac OS X 10_9_4) AppleWebKit/537.36 (KHTML, like Gecko) Chrome/39.0.2171.71 Safari/537.36"
0:0:0:0:0:0:0:1 -  -  [03/Dec/2014:02:00:00 +0000] "GET /rightManager?folder=sent HTTP/1.1" 200 - "http://localhost:8080/sent?order=to" "Mozilla/5.0 (Macintosh; Intel Mac OS X 10_9_4) AppleWebKit/537.36 (KHTML, like Gecko) Chrome/39.0.2171.71 Safari/537.36"
0:0:0:0:0:0:0:1 -  -  [03/Dec/2014:02:00:00 +0000] "GET /sent?order=to HTTP/1.1" 200 - "http://localhost:8080/sent?order=to" "Mozilla/5.0 (Macintosh; Intel Mac OS X 10_9_4) AppleWebKit/537.36 (KHTML, like Gecko) Chrome/39.0.2171.71 Safari/537.36"
0:0:0:0:0:0:0:1 -  -  [03/Dec/2014:02:00:01 +0000] "GET /leftManager?folder=sent HTTP/1.1" 200 - "http://localhost:8080/sent?order=to" "Mozilla/5.0 (Macintosh; Intel Mac OS X 10_9_4) AppleWebKit/537.36 (KHTML, like Gecko) Chrome/39.0.2171.71 Safari/537.36"
0:0:0:0:0:0:0:1 -  -  [03/Dec/2014:02:00:01 +0000] "GET /sent?order=to HTTP/1.1" 200 - "http://localhost:8080/sent?order=to" "Mozilla/5.0 (Macintosh; Intel Mac OS X 10_9_4) AppleWebKit/537.36 (KHTML, like Gecko) Chrome/39.0.2171.71 Safari/537.36"
0:0:0:0:0:0:0:1 -  -  [03/Dec/2014:02:00:03 +0000] "GET /trash HTTP/1.1" 200 - "http://localhost:8080/sent?order=to" "Mozilla/5.0 (Macintosh; Intel Mac OS X 10_9_4) AppleWebKit/537.36 (KHTML, like Gecko) Chrome/39.0.2171.71 Safari/537.36"
0:0:0:0:0:0:0:1 -  -  [03/Dec/2014:02:00:07 +0000] "POST /orderbyManager?folder=trash HTTP/1.1" 200 - "http://localhost:8080/trash" "Mozilla/5.0 (Macintosh; Intel Mac OS X 10_9_4) AppleWebKit/537.36 (KHTML, like Gecko) Chrome/39.0.2171.71 Safari/537.36"
0:0:0:0:0:0:0:1 -  -  [03/Dec/2014:02:00:07 +0000] "GET /trash?order=to HTTP/1.1" 200 - "http://localhost:8080/trash" "Mozilla/5.0 (Macintosh; Intel Mac OS X 10_9_4) AppleWebKit/537.36 (KHTML, like Gecko) Chrome/39.0.2171.71 Safari/537.36"
0:0:0:0:0:0:0:1 -  -  [03/Dec/2014:02:00:10 +0000] "POST /orderbyManager?folder=trash HTTP/1.1" 200 - "http://localhost:8080/trash?order=to" "Mozilla/5.0 (Macintosh; Intel Mac OS X 10_9_4) AppleWebKit/537.36 (KHTML, like Gecko) Chrome/39.0.2171.71 Safari/537.36"
0:0:0:0:0:0:0:1 -  -  [03/Dec/2014:02:00:10 +0000] "GET /trash?order=subject HTTP/1.1" 200 - "http://localhost:8080/trash?order=to" "Mozilla/5.0 (Macintosh; Intel Mac OS X 10_9_4) AppleWebKit/537.36 (KHTML, like Gecko) Chrome/39.0.2171.71 Safari/537.36"
0:0:0:0:0:0:0:1 -  -  [03/Dec/2014:02:00:13 +0000] "GET /sendEmail HTTP/1.1" 200 - "http://localhost:8080/trash?order=subject" "Mozilla/5.0 (Macintosh; Intel Mac OS X 10_9_4) AppleWebKit/537.36 (KHTML, like Gecko) Chrome/39.0.2171.71 Safari/537.36"
0:0:0:0:0:0:0:1 -  -  [03/Dec/2014:08:58:19 +0000] "GET /login HTTP/1.1" 200 - "-" "Mozilla/5.0 (Macintosh; Intel Mac OS X 10_9_4) AppleWebKit/537.36 (KHTML, like Gecko) Chrome/39.0.2171.71 Safari/537.36"
