0:0:0:0:0:0:0:1 -  -  [10/May/2015:20:10:32 +0000] "GET / HTTP/1.1" 200 - "-" "Mozilla/5.0 (Macintosh; Intel Mac OS X 10_9_4) AppleWebKit/537.36 (KHTML, like Gecko) Chrome/42.0.2311.135 Safari/537.36"
0:0:0:0:0:0:0:1 -  -  [10/May/2015:20:10:32 +0000] "GET / HTTP/1.1" 200 - "-" "Mozilla/5.0 (Macintosh; Intel Mac OS X 10_9_4) AppleWebKit/537.36 (KHTML, like Gecko) Chrome/42.0.2311.135 Safari/537.36"
0:0:0:0:0:0:0:1 -  -  [10/May/2015:20:10:32 +0000] "GET /favicon.ico HTTP/1.1" 200 - "http://localhost:8080/" "Mozilla/5.0 (Macintosh; Intel Mac OS X 10_9_4) AppleWebKit/537.36 (KHTML, like Gecko) Chrome/42.0.2311.135 Safari/537.36"
0:0:0:0:0:0:0:1 -  -  [10/May/2015:20:10:32 +0000] "GET /files/error.html HTTP/1.1" 200 - "http://localhost:8080/" "Mozilla/5.0 (Macintosh; Intel Mac OS X 10_9_4) AppleWebKit/537.36 (KHTML, like Gecko) Chrome/42.0.2311.135 Safari/537.36"
0:0:0:0:0:0:0:1 -  -  [10/May/2015:20:11:01 +0000] "POST /userLoginManager HTTP/1.1" 200 - "http://localhost:8080/" "Mozilla/5.0 (Macintosh; Intel Mac OS X 10_9_4) AppleWebKit/537.36 (KHTML, like Gecko) Chrome/42.0.2311.135 Safari/537.36"
0:0:0:0:0:0:0:1 -  -  [10/May/2015:20:11:01 +0000] "GET /welcome HTTP/1.1" 200 - "http://localhost:8080/" "Mozilla/5.0 (Macintosh; Intel Mac OS X 10_9_4) AppleWebKit/537.36 (KHTML, like Gecko) Chrome/42.0.2311.135 Safari/537.36"
0:0:0:0:0:0:0:1 -  -  [10/May/2015:20:11:04 +0000] "GET /addAccount HTTP/1.1" 200 - "http://localhost:8080/welcome" "Mozilla/5.0 (Macintosh; Intel Mac OS X 10_9_4) AppleWebKit/537.36 (KHTML, like Gecko) Chrome/42.0.2311.135 Safari/537.36"
0:0:0:0:0:0:0:1 -  -  [10/May/2015:20:11:16 +0000] "POST /userAddEmailManager HTTP/1.1" 200 - "http://localhost:8080/addAccount" "Mozilla/5.0 (Macintosh; Intel Mac OS X 10_9_4) AppleWebKit/537.36 (KHTML, like Gecko) Chrome/42.0.2311.135 Safari/537.36"
0:0:0:0:0:0:0:1 -  -  [10/May/2015:20:11:16 +0000] "GET /welcome HTTP/1.1" 200 - "http://localhost:8080/addAccount" "Mozilla/5.0 (Macintosh; Intel Mac OS X 10_9_4) AppleWebKit/537.36 (KHTML, like Gecko) Chrome/42.0.2311.135 Safari/537.36"
0:0:0:0:0:0:0:1 -  -  [10/May/2015:20:11:31 +0000] "POST /afterWelcomeBeforeInboxManager HTTP/1.1" 200 - "http://localhost:8080/welcome" "Mozilla/5.0 (Macintosh; Intel Mac OS X 10_9_4) AppleWebKit/537.36 (KHTML, like Gecko) Chrome/42.0.2311.135 Safari/537.36"
0:0:0:0:0:0:0:1 -  -  [10/May/2015:20:11:31 +0000] "GET /inbox HTTP/1.1" 200 - "http://localhost:8080/welcome" "Mozilla/5.0 (Macintosh; Intel Mac OS X 10_9_4) AppleWebKit/537.36 (KHTML, like Gecko) Chrome/42.0.2311.135 Safari/537.36"
0:0:0:0:0:0:0:1 -  -  [10/May/2015:20:11:34 +0000] "GET /sent HTTP/1.1" 200 - "http://localhost:8080/inbox" "Mozilla/5.0 (Macintosh; Intel Mac OS X 10_9_4) AppleWebKit/537.36 (KHTML, like Gecko) Chrome/42.0.2311.135 Safari/537.36"
0:0:0:0:0:0:0:1 -  -  [10/May/2015:20:11:35 +0000] "GET /userFolder?folder=apple HTTP/1.1" 200 - "http://localhost:8080/sent" "Mozilla/5.0 (Macintosh; Intel Mac OS X 10_9_4) AppleWebKit/537.36 (KHTML, like Gecko) Chrome/42.0.2311.135 Safari/537.36"
0:0:0:0:0:0:0:1 -  -  [10/May/2015:20:11:38 +0000] "POST /orderbyManager?folder=apple HTTP/1.1" 200 - "http://localhost:8080/userFolder?folder=apple" "Mozilla/5.0 (Macintosh; Intel Mac OS X 10_9_4) AppleWebKit/537.36 (KHTML, like Gecko) Chrome/42.0.2311.135 Safari/537.36"
0:0:0:0:0:0:0:1 -  -  [10/May/2015:20:11:38 +0000] "GET /userFolder?folder=apple&order=from HTTP/1.1" 200 - "http://localhost:8080/userFolder?folder=apple" "Mozilla/5.0 (Macintosh; Intel Mac OS X 10_9_4) AppleWebKit/537.36 (KHTML, like Gecko) Chrome/42.0.2311.135 Safari/537.36"
0:0:0:0:0:0:0:1 -  -  [10/May/2015:20:11:41 +0000] "POST /orderbyManager?folder=apple HTTP/1.1" 200 - "http://localhost:8080/userFolder?folder=apple&order=from" "Mozilla/5.0 (Macintosh; Intel Mac OS X 10_9_4) AppleWebKit/537.36 (KHTML, like Gecko) Chrome/42.0.2311.135 Safari/537.36"
0:0:0:0:0:0:0:1 -  -  [10/May/2015:20:11:41 +0000] "GET /userFolder?folder=apple&order=from HTTP/1.1" 200 - "http://localhost:8080/userFolder?folder=apple&order=from" "Mozilla/5.0 (Macintosh; Intel Mac OS X 10_9_4) AppleWebKit/537.36 (KHTML, like Gecko) Chrome/42.0.2311.135 Safari/537.36"
0:0:0:0:0:0:0:1 -  -  [10/May/2015:20:11:43 +0000] "POST /orderbyManager?folder=apple HTTP/1.1" 200 - "http://localhost:8080/userFolder?folder=apple&order=from" "Mozilla/5.0 (Macintosh; Intel Mac OS X 10_9_4) AppleWebKit/537.36 (KHTML, like Gecko) Chrome/42.0.2311.135 Safari/537.36"
0:0:0:0:0:0:0:1 -  -  [10/May/2015:20:11:43 +0000] "GET /userFolder?folder=apple&order=to HTTP/1.1" 200 - "http://localhost:8080/userFolder?folder=apple&order=from" "Mozilla/5.0 (Macintosh; Intel Mac OS X 10_9_4) AppleWebKit/537.36 (KHTML, like Gecko) Chrome/42.0.2311.135 Safari/537.36"
0:0:0:0:0:0:0:1 -  -  [10/May/2015:20:11:45 +0000] "POST /orderbyManager?folder=apple HTTP/1.1" 200 - "http://localhost:8080/userFolder?folder=apple&order=to" "Mozilla/5.0 (Macintosh; Intel Mac OS X 10_9_4) AppleWebKit/537.36 (KHTML, like Gecko) Chrome/42.0.2311.135 Safari/537.36"
0:0:0:0:0:0:0:1 -  -  [10/May/2015:20:11:45 +0000] "GET /userFolder?folder=apple&order=subject HTTP/1.1" 200 - "http://localhost:8080/userFolder?folder=apple&order=to" "Mozilla/5.0 (Macintosh; Intel Mac OS X 10_9_4) AppleWebKit/537.36 (KHTML, like Gecko) Chrome/42.0.2311.135 Safari/537.36"
0:0:0:0:0:0:0:1 -  -  [10/May/2015:20:11:47 +0000] "GET /inbox HTTP/1.1" 200 - "http://localhost:8080/userFolder?folder=apple&order=subject" "Mozilla/5.0 (Macintosh; Intel Mac OS X 10_9_4) AppleWebKit/537.36 (KHTML, like Gecko) Chrome/42.0.2311.135 Safari/537.36"
0:0:0:0:0:0:0:1 -  -  [10/May/2015:20:11:51 +0000] "GET /contacts?infolder=inbox HTTP/1.1" 200 - "http://localhost:8080/inbox" "Mozilla/5.0 (Macintosh; Intel Mac OS X 10_9_4) AppleWebKit/537.36 (KHTML, like Gecko) Chrome/42.0.2311.135 Safari/537.36"
0:0:0:0:0:0:0:1 -  -  [10/May/2015:20:11:52 +0000] "GET /folder?infolder=inbox HTTP/1.1" 200 - "http://localhost:8080/contacts?infolder=inbox" "Mozilla/5.0 (Macintosh; Intel Mac OS X 10_9_4) AppleWebKit/537.36 (KHTML, like Gecko) Chrome/42.0.2311.135 Safari/537.36"
0:0:0:0:0:0:0:1 -  -  [10/May/2015:20:11:53 +0000] "GET /userFolder?folder=orange HTTP/1.1" 200 - "http://localhost:8080/folder?infolder=inbox" "Mozilla/5.0 (Macintosh; Intel Mac OS X 10_9_4) AppleWebKit/537.36 (KHTML, like Gecko) Chrome/42.0.2311.135 Safari/537.36"
0:0:0:0:0:0:0:1 -  -  [10/May/2015:20:11:53 +0000] "GET /userFolder?folder=banana HTTP/1.1" 200 - "http://localhost:8080/userFolder?folder=orange" "Mozilla/5.0 (Macintosh; Intel Mac OS X 10_9_4) AppleWebKit/537.36 (KHTML, like Gecko) Chrome/42.0.2311.135 Safari/537.36"
0:0:0:0:0:0:0:1 -  -  [10/May/2015:20:11:54 +0000] "GET /userFolder?folder=apple HTTP/1.1" 200 - "http://localhost:8080/userFolder?folder=banana" "Mozilla/5.0 (Macintosh; Intel Mac OS X 10_9_4) AppleWebKit/537.36 (KHTML, like Gecko) Chrome/42.0.2311.135 Safari/537.36"
0:0:0:0:0:0:0:1 -  -  [10/May/2015:20:11:59 +0000] "GET /trash HTTP/1.1" 200 - "http://localhost:8080/userFolder?folder=apple" "Mozilla/5.0 (Macintosh; Intel Mac OS X 10_9_4) AppleWebKit/537.36 (KHTML, like Gecko) Chrome/42.0.2311.135 Safari/537.36"
0:0:0:0:0:0:0:1 -  -  [10/May/2015:20:12:00 +0000] "GET /draft HTTP/1.1" 200 - "http://localhost:8080/trash" "Mozilla/5.0 (Macintosh; Intel Mac OS X 10_9_4) AppleWebKit/537.36 (KHTML, like Gecko) Chrome/42.0.2311.135 Safari/537.36"
0:0:0:0:0:0:0:1 -  -  [10/May/2015:20:12:01 +0000] "GET /inbox HTTP/1.1" 200 - "http://localhost:8080/draft" "Mozilla/5.0 (Macintosh; Intel Mac OS X 10_9_4) AppleWebKit/537.36 (KHTML, like Gecko) Chrome/42.0.2311.135 Safari/537.36"
0:0:0:0:0:0:0:1 -  -  [10/May/2015:20:12:04 +0000] "GET /deleteManager?emailID=83&folder=inbox HTTP/1.1" 200 - "http://localhost:8080/inbox" "Mozilla/5.0 (Macintosh; Intel Mac OS X 10_9_4) AppleWebKit/537.36 (KHTML, like Gecko) Chrome/42.0.2311.135 Safari/537.36"
0:0:0:0:0:0:0:1 -  -  [10/May/2015:20:12:04 +0000] "GET /inbox HTTP/1.1" 200 - "http://localhost:8080/inbox" "Mozilla/5.0 (Macintosh; Intel Mac OS X 10_9_4) AppleWebKit/537.36 (KHTML, like Gecko) Chrome/42.0.2311.135 Safari/537.36"
0:0:0:0:0:0:0:1 -  -  [10/May/2015:20:12:04 +0000] "GET /deleteManager?emailID=97&folder=inbox HTTP/1.1" 200 - "http://localhost:8080/inbox" "Mozilla/5.0 (Macintosh; Intel Mac OS X 10_9_4) AppleWebKit/537.36 (KHTML, like Gecko) Chrome/42.0.2311.135 Safari/537.36"
0:0:0:0:0:0:0:1 -  -  [10/May/2015:20:12:04 +0000] "GET /inbox HTTP/1.1" 200 - "http://localhost:8080/inbox" "Mozilla/5.0 (Macintosh; Intel Mac OS X 10_9_4) AppleWebKit/537.36 (KHTML, like Gecko) Chrome/42.0.2311.135 Safari/537.36"
0:0:0:0:0:0:0:1 -  -  [10/May/2015:20:12:04 +0000] "GET /deleteManager?emailID=117&folder=inbox HTTP/1.1" 200 - "http://localhost:8080/inbox" "Mozilla/5.0 (Macintosh; Intel Mac OS X 10_9_4) AppleWebKit/537.36 (KHTML, like Gecko) Chrome/42.0.2311.135 Safari/537.36"
0:0:0:0:0:0:0:1 -  -  [10/May/2015:20:12:05 +0000] "GET /inbox HTTP/1.1" 200 - "http://localhost:8080/inbox" "Mozilla/5.0 (Macintosh; Intel Mac OS X 10_9_4) AppleWebKit/537.36 (KHTML, like Gecko) Chrome/42.0.2311.135 Safari/537.36"
0:0:0:0:0:0:0:1 -  -  [10/May/2015:20:12:06 +0000] "GET /trash HTTP/1.1" 200 - "http://localhost:8080/inbox" "Mozilla/5.0 (Macintosh; Intel Mac OS X 10_9_4) AppleWebKit/537.36 (KHTML, like Gecko) Chrome/42.0.2311.135 Safari/537.36"
0:0:0:0:0:0:0:1 -  -  [10/May/2015:20:12:11 +0000] "GET /leftManager?folder=trash HTTP/1.1" 200 - "http://localhost:8080/trash" "Mozilla/5.0 (Macintosh; Intel Mac OS X 10_9_4) AppleWebKit/537.36 (KHTML, like Gecko) Chrome/42.0.2311.135 Safari/537.36"
0:0:0:0:0:0:0:1 -  -  [10/May/2015:20:12:11 +0000] "GET /trash?order=subject HTTP/1.1" 200 - "http://localhost:8080/trash" "Mozilla/5.0 (Macintosh; Intel Mac OS X 10_9_4) AppleWebKit/537.36 (KHTML, like Gecko) Chrome/42.0.2311.135 Safari/537.36"
0:0:0:0:0:0:0:1 -  -  [10/May/2015:20:12:11 +0000] "GET /rightManager?folder=trash HTTP/1.1" 200 - "http://localhost:8080/trash?order=subject" "Mozilla/5.0 (Macintosh; Intel Mac OS X 10_9_4) AppleWebKit/537.36 (KHTML, like Gecko) Chrome/42.0.2311.135 Safari/537.36"
0:0:0:0:0:0:0:1 -  -  [10/May/2015:20:12:11 +0000] "GET /trash?order=subject HTTP/1.1" 200 - "http://localhost:8080/trash?order=subject" "Mozilla/5.0 (Macintosh; Intel Mac OS X 10_9_4) AppleWebKit/537.36 (KHTML, like Gecko) Chrome/42.0.2311.135 Safari/537.36"
0:0:0:0:0:0:0:1 -  -  [10/May/2015:20:12:12 +0000] "GET /leftManager?folder=trash HTTP/1.1" 200 - "http://localhost:8080/trash?order=subject" "Mozilla/5.0 (Macintosh; Intel Mac OS X 10_9_4) AppleWebKit/537.36 (KHTML, like Gecko) Chrome/42.0.2311.135 Safari/537.36"
0:0:0:0:0:0:0:1 -  -  [10/May/2015:20:12:12 +0000] "GET /trash?order=subject HTTP/1.1" 200 - "http://localhost:8080/trash?order=subject" "Mozilla/5.0 (Macintosh; Intel Mac OS X 10_9_4) AppleWebKit/537.36 (KHTML, like Gecko) Chrome/42.0.2311.135 Safari/537.36"
0:0:0:0:0:0:0:1 -  -  [10/May/2015:20:12:13 +0000] "GET /inbox HTTP/1.1" 200 - "http://localhost:8080/trash?order=subject" "Mozilla/5.0 (Macintosh; Intel Mac OS X 10_9_4) AppleWebKit/537.36 (KHTML, like Gecko) Chrome/42.0.2311.135 Safari/537.36"
0:0:0:0:0:0:0:1 -  -  [10/May/2015:20:12:14 +0000] "GET /rightManager?folder=inbox HTTP/1.1" 200 - "http://localhost:8080/inbox" "Mozilla/5.0 (Macintosh; Intel Mac OS X 10_9_4) AppleWebKit/537.36 (KHTML, like Gecko) Chrome/42.0.2311.135 Safari/537.36"
0:0:0:0:0:0:0:1 -  -  [10/May/2015:20:12:14 +0000] "GET /inbox?order=subject HTTP/1.1" 200 - "http://localhost:8080/inbox" "Mozilla/5.0 (Macintosh; Intel Mac OS X 10_9_4) AppleWebKit/537.36 (KHTML, like Gecko) Chrome/42.0.2311.135 Safari/537.36"
0:0:0:0:0:0:0:1 -  -  [10/May/2015:20:12:15 +0000] "GET /leftManager?folder=inbox HTTP/1.1" 200 - "http://localhost:8080/inbox?order=subject" "Mozilla/5.0 (Macintosh; Intel Mac OS X 10_9_4) AppleWebKit/537.36 (KHTML, like Gecko) Chrome/42.0.2311.135 Safari/537.36"
0:0:0:0:0:0:0:1 -  -  [10/May/2015:20:12:15 +0000] "GET /inbox?order=subject HTTP/1.1" 200 - "http://localhost:8080/inbox?order=subject" "Mozilla/5.0 (Macintosh; Intel Mac OS X 10_9_4) AppleWebKit/537.36 (KHTML, like Gecko) Chrome/42.0.2311.135 Safari/537.36"
0:0:0:0:0:0:0:1 -  -  [10/May/2015:20:12:16 +0000] "GET /rightManager?folder=inbox HTTP/1.1" 200 - "http://localhost:8080/inbox?order=subject" "Mozilla/5.0 (Macintosh; Intel Mac OS X 10_9_4) AppleWebKit/537.36 (KHTML, like Gecko) Chrome/42.0.2311.135 Safari/537.36"
0:0:0:0:0:0:0:1 -  -  [10/May/2015:20:12:16 +0000] "GET /inbox?order=subject HTTP/1.1" 200 - "http://localhost:8080/inbox?order=subject" "Mozilla/5.0 (Macintosh; Intel Mac OS X 10_9_4) AppleWebKit/537.36 (KHTML, like Gecko) Chrome/42.0.2311.135 Safari/537.36"
0:0:0:0:0:0:0:1 -  -  [10/May/2015:20:12:17 +0000] "GET /leftManager?folder=inbox HTTP/1.1" 200 - "http://localhost:8080/inbox?order=subject" "Mozilla/5.0 (Macintosh; Intel Mac OS X 10_9_4) AppleWebKit/537.36 (KHTML, like Gecko) Chrome/42.0.2311.135 Safari/537.36"
0:0:0:0:0:0:0:1 -  -  [10/May/2015:20:12:17 +0000] "GET /inbox?order=subject HTTP/1.1" 200 - "http://localhost:8080/inbox?order=subject" "Mozilla/5.0 (Macintosh; Intel Mac OS X 10_9_4) AppleWebKit/537.36 (KHTML, like Gecko) Chrome/42.0.2311.135 Safari/537.36"
0:0:0:0:0:0:0:1 -  -  [10/May/2015:20:12:24 +0000] "GET /inbox HTTP/1.1" 200 - "http://localhost:8080/inbox?order=subject" "Mozilla/5.0 (Macintosh; Intel Mac OS X 10_9_4) AppleWebKit/537.36 (KHTML, like Gecko) Chrome/42.0.2311.135 Safari/537.36"
0:0:0:0:0:0:0:1 -  -  [10/May/2015:20:12:26 +0000] "GET /rightManager?folder=inbox HTTP/1.1" 200 - "http://localhost:8080/inbox" "Mozilla/5.0 (Macintosh; Intel Mac OS X 10_9_4) AppleWebKit/537.36 (KHTML, like Gecko) Chrome/42.0.2311.135 Safari/537.36"
0:0:0:0:0:0:0:1 -  -  [10/May/2015:20:12:26 +0000] "GET /inbox?order=subject HTTP/1.1" 200 - "http://localhost:8080/inbox" "Mozilla/5.0 (Macintosh; Intel Mac OS X 10_9_4) AppleWebKit/537.36 (KHTML, like Gecko) Chrome/42.0.2311.135 Safari/537.36"
0:0:0:0:0:0:0:1 -  -  [10/May/2015:20:12:26 +0000] "GET /leftManager?folder=inbox HTTP/1.1" 200 - "http://localhost:8080/inbox?order=subject" "Mozilla/5.0 (Macintosh; Intel Mac OS X 10_9_4) AppleWebKit/537.36 (KHTML, like Gecko) Chrome/42.0.2311.135 Safari/537.36"
0:0:0:0:0:0:0:1 -  -  [10/May/2015:20:12:26 +0000] "GET /inbox?order=subject HTTP/1.1" 200 - "http://localhost:8080/inbox?order=subject" "Mozilla/5.0 (Macintosh; Intel Mac OS X 10_9_4) AppleWebKit/537.36 (KHTML, like Gecko) Chrome/42.0.2311.135 Safari/537.36"
0:0:0:0:0:0:0:1 -  -  [10/May/2015:20:12:41 +0000] "GET /inbox HTTP/1.1" 200 - "http://localhost:8080/inbox?order=subject" "Mozilla/5.0 (Macintosh; Intel Mac OS X 10_9_4) AppleWebKit/537.36 (KHTML, like Gecko) Chrome/42.0.2311.135 Safari/537.36"
0:0:0:0:0:0:0:1 -  -  [10/May/2015:20:12:47 +0000] "GET /rightManager?folder=inbox HTTP/1.1" 200 - "http://localhost:8080/inbox" "Mozilla/5.0 (Macintosh; Intel Mac OS X 10_9_4) AppleWebKit/537.36 (KHTML, like Gecko) Chrome/42.0.2311.135 Safari/537.36"
0:0:0:0:0:0:0:1 -  -  [10/May/2015:20:12:47 +0000] "GET /inbox?order=subject HTTP/1.1" 200 - "http://localhost:8080/inbox" "Mozilla/5.0 (Macintosh; Intel Mac OS X 10_9_4) AppleWebKit/537.36 (KHTML, like Gecko) Chrome/42.0.2311.135 Safari/537.36"
0:0:0:0:0:0:0:1 -  -  [10/May/2015:20:12:49 +0000] "GET /leftManager?folder=inbox HTTP/1.1" 200 - "http://localhost:8080/inbox?order=subject" "Mozilla/5.0 (Macintosh; Intel Mac OS X 10_9_4) AppleWebKit/537.36 (KHTML, like Gecko) Chrome/42.0.2311.135 Safari/537.36"
0:0:0:0:0:0:0:1 -  -  [10/May/2015:20:12:49 +0000] "GET /inbox?order=subject HTTP/1.1" 200 - "http://localhost:8080/inbox?order=subject" "Mozilla/5.0 (Macintosh; Intel Mac OS X 10_9_4) AppleWebKit/537.36 (KHTML, like Gecko) Chrome/42.0.2311.135 Safari/537.36"
0:0:0:0:0:0:0:1 -  -  [10/May/2015:20:12:55 +0000] "POST /orderbyManager?folder=inbox HTTP/1.1" 200 - "http://localhost:8080/inbox?order=subject" "Mozilla/5.0 (Macintosh; Intel Mac OS X 10_9_4) AppleWebKit/537.36 (KHTML, like Gecko) Chrome/42.0.2311.135 Safari/537.36"
0:0:0:0:0:0:0:1 -  -  [10/May/2015:20:12:55 +0000] "GET /inbox?order=date HTTP/1.1" 200 - "http://localhost:8080/inbox?order=subject" "Mozilla/5.0 (Macintosh; Intel Mac OS X 10_9_4) AppleWebKit/537.36 (KHTML, like Gecko) Chrome/42.0.2311.135 Safari/537.36"
0:0:0:0:0:0:0:1 -  -  [10/May/2015:20:13:05 +0000] "POST /orderbyManager?folder=inbox HTTP/1.1" 200 - "http://localhost:8080/inbox?order=date" "Mozilla/5.0 (Macintosh; Intel Mac OS X 10_9_4) AppleWebKit/537.36 (KHTML, like Gecko) Chrome/42.0.2311.135 Safari/537.36"
0:0:0:0:0:0:0:1 -  -  [10/May/2015:20:13:05 +0000] "GET /inbox?order=from HTTP/1.1" 200 - "http://localhost:8080/inbox?order=date" "Mozilla/5.0 (Macintosh; Intel Mac OS X 10_9_4) AppleWebKit/537.36 (KHTML, like Gecko) Chrome/42.0.2311.135 Safari/537.36"
0:0:0:0:0:0:0:1 -  -  [10/May/2015:20:13:07 +0000] "GET /rightManager?folder=inbox HTTP/1.1" 200 - "http://localhost:8080/inbox?order=from" "Mozilla/5.0 (Macintosh; Intel Mac OS X 10_9_4) AppleWebKit/537.36 (KHTML, like Gecko) Chrome/42.0.2311.135 Safari/537.36"
0:0:0:0:0:0:0:1 -  -  [10/May/2015:20:13:07 +0000] "GET /inbox?order=from HTTP/1.1" 200 - "http://localhost:8080/inbox?order=from" "Mozilla/5.0 (Macintosh; Intel Mac OS X 10_9_4) AppleWebKit/537.36 (KHTML, like Gecko) Chrome/42.0.2311.135 Safari/537.36"
0:0:0:0:0:0:0:1 -  -  [10/May/2015:20:13:07 +0000] "GET /leftManager?folder=inbox HTTP/1.1" 200 - "http://localhost:8080/inbox?order=from" "Mozilla/5.0 (Macintosh; Intel Mac OS X 10_9_4) AppleWebKit/537.36 (KHTML, like Gecko) Chrome/42.0.2311.135 Safari/537.36"
0:0:0:0:0:0:0:1 -  -  [10/May/2015:20:13:07 +0000] "GET /inbox?order=from HTTP/1.1" 200 - "http://localhost:8080/inbox?order=from" "Mozilla/5.0 (Macintosh; Intel Mac OS X 10_9_4) AppleWebKit/537.36 (KHTML, like Gecko) Chrome/42.0.2311.135 Safari/537.36"
0:0:0:0:0:0:0:1 -  -  [10/May/2015:20:13:08 +0000] "GET /rightManager?folder=inbox HTTP/1.1" 200 - "http://localhost:8080/inbox?order=from" "Mozilla/5.0 (Macintosh; Intel Mac OS X 10_9_4) AppleWebKit/537.36 (KHTML, like Gecko) Chrome/42.0.2311.135 Safari/537.36"
0:0:0:0:0:0:0:1 -  -  [10/May/2015:20:13:08 +0000] "GET /inbox?order=from HTTP/1.1" 200 - "http://localhost:8080/inbox?order=from" "Mozilla/5.0 (Macintosh; Intel Mac OS X 10_9_4) AppleWebKit/537.36 (KHTML, like Gecko) Chrome/42.0.2311.135 Safari/537.36"
0:0:0:0:0:0:0:1 -  -  [10/May/2015:20:13:09 +0000] "GET /leftManager?folder=inbox HTTP/1.1" 200 - "http://localhost:8080/inbox?order=from" "Mozilla/5.0 (Macintosh; Intel Mac OS X 10_9_4) AppleWebKit/537.36 (KHTML, like Gecko) Chrome/42.0.2311.135 Safari/537.36"
0:0:0:0:0:0:0:1 -  -  [10/May/2015:20:13:09 +0000] "GET /inbox?order=from HTTP/1.1" 200 - "http://localhost:8080/inbox?order=from" "Mozilla/5.0 (Macintosh; Intel Mac OS X 10_9_4) AppleWebKit/537.36 (KHTML, like Gecko) Chrome/42.0.2311.135 Safari/537.36"
0:0:0:0:0:0:0:1 -  -  [10/May/2015:20:13:10 +0000] "GET /rightManager?folder=inbox HTTP/1.1" 200 - "http://localhost:8080/inbox?order=from" "Mozilla/5.0 (Macintosh; Intel Mac OS X 10_9_4) AppleWebKit/537.36 (KHTML, like Gecko) Chrome/42.0.2311.135 Safari/537.36"
0:0:0:0:0:0:0:1 -  -  [10/May/2015:20:13:10 +0000] "GET /inbox?order=from HTTP/1.1" 200 - "http://localhost:8080/inbox?order=from" "Mozilla/5.0 (Macintosh; Intel Mac OS X 10_9_4) AppleWebKit/537.36 (KHTML, like Gecko) Chrome/42.0.2311.135 Safari/537.36"
0:0:0:0:0:0:0:1 -  -  [10/May/2015:20:13:10 +0000] "GET /leftManager?folder=inbox HTTP/1.1" 200 - "http://localhost:8080/inbox?order=from" "Mozilla/5.0 (Macintosh; Intel Mac OS X 10_9_4) AppleWebKit/537.36 (KHTML, like Gecko) Chrome/42.0.2311.135 Safari/537.36"
0:0:0:0:0:0:0:1 -  -  [10/May/2015:20:13:10 +0000] "GET /inbox?order=from HTTP/1.1" 200 - "http://localhost:8080/inbox?order=from" "Mozilla/5.0 (Macintosh; Intel Mac OS X 10_9_4) AppleWebKit/537.36 (KHTML, like Gecko) Chrome/42.0.2311.135 Safari/537.36"
0:0:0:0:0:0:0:1 -  -  [10/May/2015:20:13:12 +0000] "POST /orderbyManager?folder=inbox HTTP/1.1" 200 - "http://localhost:8080/inbox?order=from" "Mozilla/5.0 (Macintosh; Intel Mac OS X 10_9_4) AppleWebKit/537.36 (KHTML, like Gecko) Chrome/42.0.2311.135 Safari/537.36"
0:0:0:0:0:0:0:1 -  -  [10/May/2015:20:13:12 +0000] "GET /inbox?order=date HTTP/1.1" 200 - "http://localhost:8080/inbox?order=from" "Mozilla/5.0 (Macintosh; Intel Mac OS X 10_9_4) AppleWebKit/537.36 (KHTML, like Gecko) Chrome/42.0.2311.135 Safari/537.36"
0:0:0:0:0:0:0:1 -  -  [10/May/2015:20:13:13 +0000] "GET /rightManager?folder=inbox HTTP/1.1" 200 - "http://localhost:8080/inbox?order=date" "Mozilla/5.0 (Macintosh; Intel Mac OS X 10_9_4) AppleWebKit/537.36 (KHTML, like Gecko) Chrome/42.0.2311.135 Safari/537.36"
0:0:0:0:0:0:0:1 -  -  [10/May/2015:20:13:13 +0000] "GET /inbox?order=date HTTP/1.1" 200 - "http://localhost:8080/inbox?order=date" "Mozilla/5.0 (Macintosh; Intel Mac OS X 10_9_4) AppleWebKit/537.36 (KHTML, like Gecko) Chrome/42.0.2311.135 Safari/537.36"
0:0:0:0:0:0:0:1 -  -  [10/May/2015:20:13:14 +0000] "GET /leftManager?folder=inbox HTTP/1.1" 200 - "http://localhost:8080/inbox?order=date" "Mozilla/5.0 (Macintosh; Intel Mac OS X 10_9_4) AppleWebKit/537.36 (KHTML, like Gecko) Chrome/42.0.2311.135 Safari/537.36"
0:0:0:0:0:0:0:1 -  -  [10/May/2015:20:13:14 +0000] "GET /inbox?order=date HTTP/1.1" 200 - "http://localhost:8080/inbox?order=date" "Mozilla/5.0 (Macintosh; Intel Mac OS X 10_9_4) AppleWebKit/537.36 (KHTML, like Gecko) Chrome/42.0.2311.135 Safari/537.36"
0:0:0:0:0:0:0:1 -  -  [10/May/2015:20:13:15 +0000] "GET /rightManager?folder=inbox HTTP/1.1" 200 - "http://localhost:8080/inbox?order=date" "Mozilla/5.0 (Macintosh; Intel Mac OS X 10_9_4) AppleWebKit/537.36 (KHTML, like Gecko) Chrome/42.0.2311.135 Safari/537.36"
0:0:0:0:0:0:0:1 -  -  [10/May/2015:20:13:15 +0000] "GET /inbox?order=date HTTP/1.1" 200 - "http://localhost:8080/inbox?order=date" "Mozilla/5.0 (Macintosh; Intel Mac OS X 10_9_4) AppleWebKit/537.36 (KHTML, like Gecko) Chrome/42.0.2311.135 Safari/537.36"
0:0:0:0:0:0:0:1 -  -  [10/May/2015:20:13:15 +0000] "GET /leftManager?folder=inbox HTTP/1.1" 200 - "http://localhost:8080/inbox?order=date" "Mozilla/5.0 (Macintosh; Intel Mac OS X 10_9_4) AppleWebKit/537.36 (KHTML, like Gecko) Chrome/42.0.2311.135 Safari/537.36"
0:0:0:0:0:0:0:1 -  -  [10/May/2015:20:13:15 +0000] "GET /inbox?order=date HTTP/1.1" 200 - "http://localhost:8080/inbox?order=date" "Mozilla/5.0 (Macintosh; Intel Mac OS X 10_9_4) AppleWebKit/537.36 (KHTML, like Gecko) Chrome/42.0.2311.135 Safari/537.36"
0:0:0:0:0:0:0:1 -  -  [10/May/2015:20:13:18 +0000] "GET /sent HTTP/1.1" 200 - "http://localhost:8080/inbox?order=date" "Mozilla/5.0 (Macintosh; Intel Mac OS X 10_9_4) AppleWebKit/537.36 (KHTML, like Gecko) Chrome/42.0.2311.135 Safari/537.36"
0:0:0:0:0:0:0:1 -  -  [10/May/2015:20:13:19 +0000] "GET /inbox HTTP/1.1" 200 - "http://localhost:8080/sent" "Mozilla/5.0 (Macintosh; Intel Mac OS X 10_9_4) AppleWebKit/537.36 (KHTML, like Gecko) Chrome/42.0.2311.135 Safari/537.36"
0:0:0:0:0:0:0:1 -  -  [10/May/2015:20:13:20 +0000] "GET /rightManager?folder=inbox HTTP/1.1" 200 - "http://localhost:8080/inbox" "Mozilla/5.0 (Macintosh; Intel Mac OS X 10_9_4) AppleWebKit/537.36 (KHTML, like Gecko) Chrome/42.0.2311.135 Safari/537.36"
0:0:0:0:0:0:0:1 -  -  [10/May/2015:20:13:20 +0000] "GET /inbox?order=date HTTP/1.1" 200 - "http://localhost:8080/inbox" "Mozilla/5.0 (Macintosh; Intel Mac OS X 10_9_4) AppleWebKit/537.36 (KHTML, like Gecko) Chrome/42.0.2311.135 Safari/537.36"
0:0:0:0:0:0:0:1 -  -  [10/May/2015:20:13:21 +0000] "GET /leftManager?folder=inbox HTTP/1.1" 200 - "http://localhost:8080/inbox?order=date" "Mozilla/5.0 (Macintosh; Intel Mac OS X 10_9_4) AppleWebKit/537.36 (KHTML, like Gecko) Chrome/42.0.2311.135 Safari/537.36"
0:0:0:0:0:0:0:1 -  -  [10/May/2015:20:13:21 +0000] "GET /inbox?order=date HTTP/1.1" 200 - "http://localhost:8080/inbox?order=date" "Mozilla/5.0 (Macintosh; Intel Mac OS X 10_9_4) AppleWebKit/537.36 (KHTML, like Gecko) Chrome/42.0.2311.135 Safari/537.36"
0:0:0:0:0:0:0:1 -  -  [10/May/2015:20:13:22 +0000] "GET /rightManager?folder=inbox HTTP/1.1" 200 - "http://localhost:8080/inbox?order=date" "Mozilla/5.0 (Macintosh; Intel Mac OS X 10_9_4) AppleWebKit/537.36 (KHTML, like Gecko) Chrome/42.0.2311.135 Safari/537.36"
0:0:0:0:0:0:0:1 -  -  [10/May/2015:20:13:22 +0000] "GET /inbox?order=date HTTP/1.1" 200 - "http://localhost:8080/inbox?order=date" "Mozilla/5.0 (Macintosh; Intel Mac OS X 10_9_4) AppleWebKit/537.36 (KHTML, like Gecko) Chrome/42.0.2311.135 Safari/537.36"
0:0:0:0:0:0:0:1 -  -  [10/May/2015:20:13:22 +0000] "GET /leftManager?folder=inbox HTTP/1.1" 200 - "http://localhost:8080/inbox?order=date" "Mozilla/5.0 (Macintosh; Intel Mac OS X 10_9_4) AppleWebKit/537.36 (KHTML, like Gecko) Chrome/42.0.2311.135 Safari/537.36"
0:0:0:0:0:0:0:1 -  -  [10/May/2015:20:13:22 +0000] "GET /inbox?order=date HTTP/1.1" 200 - "http://localhost:8080/inbox?order=date" "Mozilla/5.0 (Macintosh; Intel Mac OS X 10_9_4) AppleWebKit/537.36 (KHTML, like Gecko) Chrome/42.0.2311.135 Safari/537.36"
0:0:0:0:0:0:0:1 -  -  [10/May/2015:20:13:24 +0000] "GET /rightManager?folder=inbox HTTP/1.1" 200 - "http://localhost:8080/inbox?order=date" "Mozilla/5.0 (Macintosh; Intel Mac OS X 10_9_4) AppleWebKit/537.36 (KHTML, like Gecko) Chrome/42.0.2311.135 Safari/537.36"
0:0:0:0:0:0:0:1 -  -  [10/May/2015:20:13:24 +0000] "GET /inbox?order=date HTTP/1.1" 200 - "http://localhost:8080/inbox?order=date" "Mozilla/5.0 (Macintosh; Intel Mac OS X 10_9_4) AppleWebKit/537.36 (KHTML, like Gecko) Chrome/42.0.2311.135 Safari/537.36"
0:0:0:0:0:0:0:1 -  -  [10/May/2015:20:13:24 +0000] "GET /rightManager?folder=inbox HTTP/1.1" 200 - "http://localhost:8080/inbox?order=date" "Mozilla/5.0 (Macintosh; Intel Mac OS X 10_9_4) AppleWebKit/537.36 (KHTML, like Gecko) Chrome/42.0.2311.135 Safari/537.36"
0:0:0:0:0:0:0:1 -  -  [10/May/2015:20:13:24 +0000] "GET /inbox?order=date HTTP/1.1" 200 - "http://localhost:8080/inbox?order=date" "Mozilla/5.0 (Macintosh; Intel Mac OS X 10_9_4) AppleWebKit/537.36 (KHTML, like Gecko) Chrome/42.0.2311.135 Safari/537.36"
0:0:0:0:0:0:0:1 -  -  [10/May/2015:20:13:25 +0000] "GET /leftManager?folder=inbox HTTP/1.1" 200 - "http://localhost:8080/inbox?order=date" "Mozilla/5.0 (Macintosh; Intel Mac OS X 10_9_4) AppleWebKit/537.36 (KHTML, like Gecko) Chrome/42.0.2311.135 Safari/537.36"
0:0:0:0:0:0:0:1 -  -  [10/May/2015:20:13:25 +0000] "GET /inbox?order=date HTTP/1.1" 200 - "http://localhost:8080/inbox?order=date" "Mozilla/5.0 (Macintosh; Intel Mac OS X 10_9_4) AppleWebKit/537.36 (KHTML, like Gecko) Chrome/42.0.2311.135 Safari/537.36"
0:0:0:0:0:0:0:1 -  -  [10/May/2015:20:13:25 +0000] "GET /leftManager?folder=inbox HTTP/1.1" 200 - "http://localhost:8080/inbox?order=date" "Mozilla/5.0 (Macintosh; Intel Mac OS X 10_9_4) AppleWebKit/537.36 (KHTML, like Gecko) Chrome/42.0.2311.135 Safari/537.36"
0:0:0:0:0:0:0:1 -  -  [10/May/2015:20:13:25 +0000] "GET /inbox?order=date HTTP/1.1" 200 - "http://localhost:8080/inbox?order=date" "Mozilla/5.0 (Macintosh; Intel Mac OS X 10_9_4) AppleWebKit/537.36 (KHTML, like Gecko) Chrome/42.0.2311.135 Safari/537.36"
0:0:0:0:0:0:0:1 -  -  [10/May/2015:20:13:26 +0000] "GET /rightManager?folder=inbox HTTP/1.1" 200 - "http://localhost:8080/inbox?order=date" "Mozilla/5.0 (Macintosh; Intel Mac OS X 10_9_4) AppleWebKit/537.36 (KHTML, like Gecko) Chrome/42.0.2311.135 Safari/537.36"
0:0:0:0:0:0:0:1 -  -  [10/May/2015:20:13:26 +0000] "GET /inbox?order=date HTTP/1.1" 200 - "http://localhost:8080/inbox?order=date" "Mozilla/5.0 (Macintosh; Intel Mac OS X 10_9_4) AppleWebKit/537.36 (KHTML, like Gecko) Chrome/42.0.2311.135 Safari/537.36"
0:0:0:0:0:0:0:1 -  -  [10/May/2015:20:13:27 +0000] "GET /leftManager?folder=inbox HTTP/1.1" 200 - "http://localhost:8080/inbox?order=date" "Mozilla/5.0 (Macintosh; Intel Mac OS X 10_9_4) AppleWebKit/537.36 (KHTML, like Gecko) Chrome/42.0.2311.135 Safari/537.36"
0:0:0:0:0:0:0:1 -  -  [10/May/2015:20:13:27 +0000] "GET /inbox?order=date HTTP/1.1" 200 - "http://localhost:8080/inbox?order=date" "Mozilla/5.0 (Macintosh; Intel Mac OS X 10_9_4) AppleWebKit/537.36 (KHTML, like Gecko) Chrome/42.0.2311.135 Safari/537.36"
0:0:0:0:0:0:0:1 -  -  [10/May/2015:20:13:32 +0000] "GET /rightManager?folder=inbox HTTP/1.1" 200 - "http://localhost:8080/inbox?order=date" "Mozilla/5.0 (Macintosh; Intel Mac OS X 10_9_4) AppleWebKit/537.36 (KHTML, like Gecko) Chrome/42.0.2311.135 Safari/537.36"
0:0:0:0:0:0:0:1 -  -  [10/May/2015:20:13:32 +0000] "GET /inbox?order=date HTTP/1.1" 200 - "http://localhost:8080/inbox?order=date" "Mozilla/5.0 (Macintosh; Intel Mac OS X 10_9_4) AppleWebKit/537.36 (KHTML, like Gecko) Chrome/42.0.2311.135 Safari/537.36"
0:0:0:0:0:0:0:1 -  -  [10/May/2015:20:13:33 +0000] "GET /leftManager?folder=inbox HTTP/1.1" 200 - "http://localhost:8080/inbox?order=date" "Mozilla/5.0 (Macintosh; Intel Mac OS X 10_9_4) AppleWebKit/537.36 (KHTML, like Gecko) Chrome/42.0.2311.135 Safari/537.36"
0:0:0:0:0:0:0:1 -  -  [10/May/2015:20:13:33 +0000] "GET /inbox?order=date HTTP/1.1" 200 - "http://localhost:8080/inbox?order=date" "Mozilla/5.0 (Macintosh; Intel Mac OS X 10_9_4) AppleWebKit/537.36 (KHTML, like Gecko) Chrome/42.0.2311.135 Safari/537.36"
0:0:0:0:0:0:0:1 -  -  [10/May/2015:20:13:34 +0000] "GET /sent HTTP/1.1" 200 - "http://localhost:8080/inbox?order=date" "Mozilla/5.0 (Macintosh; Intel Mac OS X 10_9_4) AppleWebKit/537.36 (KHTML, like Gecko) Chrome/42.0.2311.135 Safari/537.36"
0:0:0:0:0:0:0:1 -  -  [10/May/2015:20:13:35 +0000] "GET /trash HTTP/1.1" 200 - "http://localhost:8080/sent" "Mozilla/5.0 (Macintosh; Intel Mac OS X 10_9_4) AppleWebKit/537.36 (KHTML, like Gecko) Chrome/42.0.2311.135 Safari/537.36"
0:0:0:0:0:0:0:1 -  -  [10/May/2015:20:13:38 +0000] "GET /sent HTTP/1.1" 200 - "http://localhost:8080/trash" "Mozilla/5.0 (Macintosh; Intel Mac OS X 10_9_4) AppleWebKit/537.36 (KHTML, like Gecko) Chrome/42.0.2311.135 Safari/537.36"
0:0:0:0:0:0:0:1 -  -  [10/May/2015:20:13:39 +0000] "GET /rightManager?folder=sent HTTP/1.1" 200 - "http://localhost:8080/sent" "Mozilla/5.0 (Macintosh; Intel Mac OS X 10_9_4) AppleWebKit/537.36 (KHTML, like Gecko) Chrome/42.0.2311.135 Safari/537.36"
0:0:0:0:0:0:0:1 -  -  [10/May/2015:20:13:39 +0000] "GET /sent?order=date HTTP/1.1" 200 - "http://localhost:8080/sent" "Mozilla/5.0 (Macintosh; Intel Mac OS X 10_9_4) AppleWebKit/537.36 (KHTML, like Gecko) Chrome/42.0.2311.135 Safari/537.36"
0:0:0:0:0:0:0:1 -  -  [10/May/2015:20:13:40 +0000] "GET /rightManager?folder=sent HTTP/1.1" 200 - "http://localhost:8080/sent?order=date" "Mozilla/5.0 (Macintosh; Intel Mac OS X 10_9_4) AppleWebKit/537.36 (KHTML, like Gecko) Chrome/42.0.2311.135 Safari/537.36"
0:0:0:0:0:0:0:1 -  -  [10/May/2015:20:13:40 +0000] "GET /sent?order=date HTTP/1.1" 200 - "http://localhost:8080/sent?order=date" "Mozilla/5.0 (Macintosh; Intel Mac OS X 10_9_4) AppleWebKit/537.36 (KHTML, like Gecko) Chrome/42.0.2311.135 Safari/537.36"
0:0:0:0:0:0:0:1 -  -  [10/May/2015:20:13:42 +0000] "GET /rightManager?folder=sent HTTP/1.1" 200 - "http://localhost:8080/sent?order=date" "Mozilla/5.0 (Macintosh; Intel Mac OS X 10_9_4) AppleWebKit/537.36 (KHTML, like Gecko) Chrome/42.0.2311.135 Safari/537.36"
0:0:0:0:0:0:0:1 -  -  [10/May/2015:20:13:42 +0000] "GET /sent?order=date HTTP/1.1" 200 - "http://localhost:8080/sent?order=date" "Mozilla/5.0 (Macintosh; Intel Mac OS X 10_9_4) AppleWebKit/537.36 (KHTML, like Gecko) Chrome/42.0.2311.135 Safari/537.36"
0:0:0:0:0:0:0:1 -  -  [10/May/2015:20:13:43 +0000] "GET /leftManager?folder=sent HTTP/1.1" 200 - "http://localhost:8080/sent?order=date" "Mozilla/5.0 (Macintosh; Intel Mac OS X 10_9_4) AppleWebKit/537.36 (KHTML, like Gecko) Chrome/42.0.2311.135 Safari/537.36"
0:0:0:0:0:0:0:1 -  -  [10/May/2015:20:13:43 +0000] "GET /sent?order=date HTTP/1.1" 200 - "http://localhost:8080/sent?order=date" "Mozilla/5.0 (Macintosh; Intel Mac OS X 10_9_4) AppleWebKit/537.36 (KHTML, like Gecko) Chrome/42.0.2311.135 Safari/537.36"
0:0:0:0:0:0:0:1 -  -  [10/May/2015:20:13:43 +0000] "GET /leftManager?folder=sent HTTP/1.1" 200 - "http://localhost:8080/sent?order=date" "Mozilla/5.0 (Macintosh; Intel Mac OS X 10_9_4) AppleWebKit/537.36 (KHTML, like Gecko) Chrome/42.0.2311.135 Safari/537.36"
0:0:0:0:0:0:0:1 -  -  [10/May/2015:20:13:43 +0000] "GET /sent?order=date HTTP/1.1" 200 - "http://localhost:8080/sent?order=date" "Mozilla/5.0 (Macintosh; Intel Mac OS X 10_9_4) AppleWebKit/537.36 (KHTML, like Gecko) Chrome/42.0.2311.135 Safari/537.36"
0:0:0:0:0:0:0:1 -  -  [10/May/2015:20:13:43 +0000] "GET /leftManager?folder=sent HTTP/1.1" 200 - "http://localhost:8080/sent?order=date" "Mozilla/5.0 (Macintosh; Intel Mac OS X 10_9_4) AppleWebKit/537.36 (KHTML, like Gecko) Chrome/42.0.2311.135 Safari/537.36"
0:0:0:0:0:0:0:1 -  -  [10/May/2015:20:13:43 +0000] "GET /sent?order=date HTTP/1.1" 200 - "http://localhost:8080/sent?order=date" "Mozilla/5.0 (Macintosh; Intel Mac OS X 10_9_4) AppleWebKit/537.36 (KHTML, like Gecko) Chrome/42.0.2311.135 Safari/537.36"
0:0:0:0:0:0:0:1 -  -  [10/May/2015:20:13:44 +0000] "GET /leftManager?folder=sent HTTP/1.1" 200 - "http://localhost:8080/sent?order=date" "Mozilla/5.0 (Macintosh; Intel Mac OS X 10_9_4) AppleWebKit/537.36 (KHTML, like Gecko) Chrome/42.0.2311.135 Safari/537.36"
0:0:0:0:0:0:0:1 -  -  [10/May/2015:20:13:44 +0000] "GET /sent?order=date HTTP/1.1" 200 - "http://localhost:8080/sent?order=date" "Mozilla/5.0 (Macintosh; Intel Mac OS X 10_9_4) AppleWebKit/537.36 (KHTML, like Gecko) Chrome/42.0.2311.135 Safari/537.36"
0:0:0:0:0:0:0:1 -  -  [10/May/2015:20:13:46 +0000] "GET /rightManager?folder=sent HTTP/1.1" 200 - "http://localhost:8080/sent?order=date" "Mozilla/5.0 (Macintosh; Intel Mac OS X 10_9_4) AppleWebKit/537.36 (KHTML, like Gecko) Chrome/42.0.2311.135 Safari/537.36"
0:0:0:0:0:0:0:1 -  -  [10/May/2015:20:13:46 +0000] "GET /sent?order=date HTTP/1.1" 200 - "http://localhost:8080/sent?order=date" "Mozilla/5.0 (Macintosh; Intel Mac OS X 10_9_4) AppleWebKit/537.36 (KHTML, like Gecko) Chrome/42.0.2311.135 Safari/537.36"
0:0:0:0:0:0:0:1 -  -  [10/May/2015:20:13:46 +0000] "GET /leftManager?folder=sent HTTP/1.1" 200 - "http://localhost:8080/sent?order=date" "Mozilla/5.0 (Macintosh; Intel Mac OS X 10_9_4) AppleWebKit/537.36 (KHTML, like Gecko) Chrome/42.0.2311.135 Safari/537.36"
0:0:0:0:0:0:0:1 -  -  [10/May/2015:20:13:46 +0000] "GET /sent?order=date HTTP/1.1" 200 - "http://localhost:8080/sent?order=date" "Mozilla/5.0 (Macintosh; Intel Mac OS X 10_9_4) AppleWebKit/537.36 (KHTML, like Gecko) Chrome/42.0.2311.135 Safari/537.36"
0:0:0:0:0:0:0:1 -  -  [10/May/2015:20:13:47 +0000] "GET /rightManager?folder=sent HTTP/1.1" 200 - "http://localhost:8080/sent?order=date" "Mozilla/5.0 (Macintosh; Intel Mac OS X 10_9_4) AppleWebKit/537.36 (KHTML, like Gecko) Chrome/42.0.2311.135 Safari/537.36"
0:0:0:0:0:0:0:1 -  -  [10/May/2015:20:13:47 +0000] "GET /sent?order=date HTTP/1.1" 200 - "http://localhost:8080/sent?order=date" "Mozilla/5.0 (Macintosh; Intel Mac OS X 10_9_4) AppleWebKit/537.36 (KHTML, like Gecko) Chrome/42.0.2311.135 Safari/537.36"
0:0:0:0:0:0:0:1 -  -  [10/May/2015:20:13:48 +0000] "GET /leftManager?folder=sent HTTP/1.1" 200 - "http://localhost:8080/sent?order=date" "Mozilla/5.0 (Macintosh; Intel Mac OS X 10_9_4) AppleWebKit/537.36 (KHTML, like Gecko) Chrome/42.0.2311.135 Safari/537.36"
0:0:0:0:0:0:0:1 -  -  [10/May/2015:20:13:48 +0000] "GET /sent?order=date HTTP/1.1" 200 - "http://localhost:8080/sent?order=date" "Mozilla/5.0 (Macintosh; Intel Mac OS X 10_9_4) AppleWebKit/537.36 (KHTML, like Gecko) Chrome/42.0.2311.135 Safari/537.36"
0:0:0:0:0:0:0:1 -  -  [10/May/2015:20:13:49 +0000] "GET /inbox HTTP/1.1" 200 - "http://localhost:8080/sent?order=date" "Mozilla/5.0 (Macintosh; Intel Mac OS X 10_9_4) AppleWebKit/537.36 (KHTML, like Gecko) Chrome/42.0.2311.135 Safari/537.36"
0:0:0:0:0:0:0:1 -  -  [10/May/2015:20:13:51 +0000] "GET /rightManager?folder=inbox HTTP/1.1" 200 - "http://localhost:8080/inbox" "Mozilla/5.0 (Macintosh; Intel Mac OS X 10_9_4) AppleWebKit/537.36 (KHTML, like Gecko) Chrome/42.0.2311.135 Safari/537.36"
0:0:0:0:0:0:0:1 -  -  [10/May/2015:20:13:51 +0000] "GET /inbox?order=date HTTP/1.1" 200 - "http://localhost:8080/inbox" "Mozilla/5.0 (Macintosh; Intel Mac OS X 10_9_4) AppleWebKit/537.36 (KHTML, like Gecko) Chrome/42.0.2311.135 Safari/537.36"
0:0:0:0:0:0:0:1 -  -  [10/May/2015:20:13:51 +0000] "GET /leftManager?folder=inbox HTTP/1.1" 200 - "http://localhost:8080/inbox?order=date" "Mozilla/5.0 (Macintosh; Intel Mac OS X 10_9_4) AppleWebKit/537.36 (KHTML, like Gecko) Chrome/42.0.2311.135 Safari/537.36"
0:0:0:0:0:0:0:1 -  -  [10/May/2015:20:13:51 +0000] "GET /inbox?order=date HTTP/1.1" 200 - "http://localhost:8080/inbox?order=date" "Mozilla/5.0 (Macintosh; Intel Mac OS X 10_9_4) AppleWebKit/537.36 (KHTML, like Gecko) Chrome/42.0.2311.135 Safari/537.36"
0:0:0:0:0:0:0:1 -  -  [10/May/2015:20:14:03 +0000] "GET /userLogoutManager?logout=Logout HTTP/1.1" 200 - "http://localhost:8080/inbox?order=date" "Mozilla/5.0 (Macintosh; Intel Mac OS X 10_9_4) AppleWebKit/537.36 (KHTML, like Gecko) Chrome/42.0.2311.135 Safari/537.36"
0:0:0:0:0:0:0:1 -  -  [10/May/2015:20:14:03 +0000] "GET /login HTTP/1.1" 200 - "http://localhost:8080/inbox?order=date" "Mozilla/5.0 (Macintosh; Intel Mac OS X 10_9_4) AppleWebKit/537.36 (KHTML, like Gecko) Chrome/42.0.2311.135 Safari/537.36"
0:0:0:0:0:0:0:1 -  -  [10/May/2015:20:14:08 +0000] "POST /userLoginManager HTTP/1.1" 200 - "http://localhost:8080/login" "Mozilla/5.0 (Macintosh; Intel Mac OS X 10_9_4) AppleWebKit/537.36 (KHTML, like Gecko) Chrome/42.0.2311.135 Safari/537.36"
0:0:0:0:0:0:0:1 -  -  [10/May/2015:20:14:08 +0000] "GET /welcome HTTP/1.1" 200 - "http://localhost:8080/login" "Mozilla/5.0 (Macintosh; Intel Mac OS X 10_9_4) AppleWebKit/537.36 (KHTML, like Gecko) Chrome/42.0.2311.135 Safari/537.36"
0:0:0:0:0:0:0:1 -  -  [10/May/2015:20:14:09 +0000] "POST /afterWelcomeBeforeInboxManager HTTP/1.1" 200 - "http://localhost:8080/welcome" "Mozilla/5.0 (Macintosh; Intel Mac OS X 10_9_4) AppleWebKit/537.36 (KHTML, like Gecko) Chrome/42.0.2311.135 Safari/537.36"
0:0:0:0:0:0:0:1 -  -  [10/May/2015:20:14:09 +0000] "GET /inbox HTTP/1.1" 200 - "http://localhost:8080/welcome" "Mozilla/5.0 (Macintosh; Intel Mac OS X 10_9_4) AppleWebKit/537.36 (KHTML, like Gecko) Chrome/42.0.2311.135 Safari/537.36"
0:0:0:0:0:0:0:1 -  -  [10/May/2015:20:14:11 +0000] "GET /rightManager?folder=inbox HTTP/1.1" 200 - "http://localhost:8080/inbox" "Mozilla/5.0 (Macintosh; Intel Mac OS X 10_9_4) AppleWebKit/537.36 (KHTML, like Gecko) Chrome/42.0.2311.135 Safari/537.36"
0:0:0:0:0:0:0:1 -  -  [10/May/2015:20:14:11 +0000] "GET /inbox?order=date HTTP/1.1" 200 - "http://localhost:8080/inbox" "Mozilla/5.0 (Macintosh; Intel Mac OS X 10_9_4) AppleWebKit/537.36 (KHTML, like Gecko) Chrome/42.0.2311.135 Safari/537.36"
0:0:0:0:0:0:0:1 -  -  [10/May/2015:20:14:12 +0000] "GET /leftManager?folder=inbox HTTP/1.1" 200 - "http://localhost:8080/inbox?order=date" "Mozilla/5.0 (Macintosh; Intel Mac OS X 10_9_4) AppleWebKit/537.36 (KHTML, like Gecko) Chrome/42.0.2311.135 Safari/537.36"
0:0:0:0:0:0:0:1 -  -  [10/May/2015:20:14:12 +0000] "GET /inbox?order=date HTTP/1.1" 200 - "http://localhost:8080/inbox?order=date" "Mozilla/5.0 (Macintosh; Intel Mac OS X 10_9_4) AppleWebKit/537.36 (KHTML, like Gecko) Chrome/42.0.2311.135 Safari/537.36"
0:0:0:0:0:0:0:1 -  -  [10/May/2015:20:14:13 +0000] "GET /rightManager?folder=inbox HTTP/1.1" 200 - "http://localhost:8080/inbox?order=date" "Mozilla/5.0 (Macintosh; Intel Mac OS X 10_9_4) AppleWebKit/537.36 (KHTML, like Gecko) Chrome/42.0.2311.135 Safari/537.36"
0:0:0:0:0:0:0:1 -  -  [10/May/2015:20:14:13 +0000] "GET /inbox?order=date HTTP/1.1" 200 - "http://localhost:8080/inbox?order=date" "Mozilla/5.0 (Macintosh; Intel Mac OS X 10_9_4) AppleWebKit/537.36 (KHTML, like Gecko) Chrome/42.0.2311.135 Safari/537.36"
0:0:0:0:0:0:0:1 -  -  [10/May/2015:20:14:13 +0000] "GET /leftManager?folder=inbox HTTP/1.1" 200 - "http://localhost:8080/inbox?order=date" "Mozilla/5.0 (Macintosh; Intel Mac OS X 10_9_4) AppleWebKit/537.36 (KHTML, like Gecko) Chrome/42.0.2311.135 Safari/537.36"
0:0:0:0:0:0:0:1 -  -  [10/May/2015:20:14:13 +0000] "GET /inbox?order=date HTTP/1.1" 200 - "http://localhost:8080/inbox?order=date" "Mozilla/5.0 (Macintosh; Intel Mac OS X 10_9_4) AppleWebKit/537.36 (KHTML, like Gecko) Chrome/42.0.2311.135 Safari/537.36"
0:0:0:0:0:0:0:1 -  -  [10/May/2015:20:14:20 +0000] "GET /userFolder?folder=apple HTTP/1.1" 200 - "http://localhost:8080/inbox?order=date" "Mozilla/5.0 (Macintosh; Intel Mac OS X 10_9_4) AppleWebKit/537.36 (KHTML, like Gecko) Chrome/42.0.2311.135 Safari/537.36"
0:0:0:0:0:0:0:1 -  -  [10/May/2015:20:14:21 +0000] "GET /rightManager?folder=apple HTTP/1.1" 200 - "http://localhost:8080/userFolder?folder=apple" "Mozilla/5.0 (Macintosh; Intel Mac OS X 10_9_4) AppleWebKit/537.36 (KHTML, like Gecko) Chrome/42.0.2311.135 Safari/537.36"
0:0:0:0:0:0:0:1 -  -  [10/May/2015:20:14:21 +0000] "GET /userFolder?folder=apple&order=date HTTP/1.1" 200 - "http://localhost:8080/userFolder?folder=apple" "Mozilla/5.0 (Macintosh; Intel Mac OS X 10_9_4) AppleWebKit/537.36 (KHTML, like Gecko) Chrome/42.0.2311.135 Safari/537.36"
0:0:0:0:0:0:0:1 -  -  [10/May/2015:20:14:22 +0000] "GET /leftManager?folder=apple HTTP/1.1" 200 - "http://localhost:8080/userFolder?folder=apple&order=date" "Mozilla/5.0 (Macintosh; Intel Mac OS X 10_9_4) AppleWebKit/537.36 (KHTML, like Gecko) Chrome/42.0.2311.135 Safari/537.36"
0:0:0:0:0:0:0:1 -  -  [10/May/2015:20:14:22 +0000] "GET /userFolder?folder=apple&order=date HTTP/1.1" 200 - "http://localhost:8080/userFolder?folder=apple&order=date" "Mozilla/5.0 (Macintosh; Intel Mac OS X 10_9_4) AppleWebKit/537.36 (KHTML, like Gecko) Chrome/42.0.2311.135 Safari/537.36"
0:0:0:0:0:0:0:1 -  -  [10/May/2015:20:14:22 +0000] "GET /inbox HTTP/1.1" 200 - "http://localhost:8080/userFolder?folder=apple&order=date" "Mozilla/5.0 (Macintosh; Intel Mac OS X 10_9_4) AppleWebKit/537.36 (KHTML, like Gecko) Chrome/42.0.2311.135 Safari/537.36"
0:0:0:0:0:0:0:1 -  -  [10/May/2015:20:14:24 +0000] "GET /rightManager?folder=inbox HTTP/1.1" 200 - "http://localhost:8080/inbox" "Mozilla/5.0 (Macintosh; Intel Mac OS X 10_9_4) AppleWebKit/537.36 (KHTML, like Gecko) Chrome/42.0.2311.135 Safari/537.36"
0:0:0:0:0:0:0:1 -  -  [10/May/2015:20:14:24 +0000] "GET /inbox?order=date HTTP/1.1" 200 - "http://localhost:8080/inbox" "Mozilla/5.0 (Macintosh; Intel Mac OS X 10_9_4) AppleWebKit/537.36 (KHTML, like Gecko) Chrome/42.0.2311.135 Safari/537.36"
0:0:0:0:0:0:0:1 -  -  [10/May/2015:20:14:24 +0000] "GET /leftManager?folder=inbox HTTP/1.1" 200 - "http://localhost:8080/inbox?order=date" "Mozilla/5.0 (Macintosh; Intel Mac OS X 10_9_4) AppleWebKit/537.36 (KHTML, like Gecko) Chrome/42.0.2311.135 Safari/537.36"
0:0:0:0:0:0:0:1 -  -  [10/May/2015:20:14:24 +0000] "GET /inbox?order=date HTTP/1.1" 200 - "http://localhost:8080/inbox?order=date" "Mozilla/5.0 (Macintosh; Intel Mac OS X 10_9_4) AppleWebKit/537.36 (KHTML, like Gecko) Chrome/42.0.2311.135 Safari/537.36"
0:0:0:0:0:0:0:1 -  -  [10/May/2015:20:18:21 +0000] "GET / HTTP/1.1" 200 - "-" "Mozilla/5.0 (Macintosh; Intel Mac OS X 10_9_4) AppleWebKit/537.36 (KHTML, like Gecko) Chrome/42.0.2311.135 Safari/537.36"
0:0:0:0:0:0:0:1 -  -  [10/May/2015:20:18:22 +0000] "GET / HTTP/1.1" 200 - "-" "Mozilla/5.0 (Macintosh; Intel Mac OS X 10_9_4) AppleWebKit/537.36 (KHTML, like Gecko) Chrome/42.0.2311.135 Safari/537.36"
0:0:0:0:0:0:0:1 -  -  [10/May/2015:20:18:26 +0000] "POST /userLoginManager HTTP/1.1" 200 - "http://localhost:8080/" "Mozilla/5.0 (Macintosh; Intel Mac OS X 10_9_4) AppleWebKit/537.36 (KHTML, like Gecko) Chrome/42.0.2311.135 Safari/537.36"
0:0:0:0:0:0:0:1 -  -  [10/May/2015:20:18:26 +0000] "GET /welcome HTTP/1.1" 200 - "http://localhost:8080/" "Mozilla/5.0 (Macintosh; Intel Mac OS X 10_9_4) AppleWebKit/537.36 (KHTML, like Gecko) Chrome/42.0.2311.135 Safari/537.36"
0:0:0:0:0:0:0:1 -  -  [10/May/2015:20:18:27 +0000] "POST /afterWelcomeBeforeInboxManager HTTP/1.1" 200 - "http://localhost:8080/welcome" "Mozilla/5.0 (Macintosh; Intel Mac OS X 10_9_4) AppleWebKit/537.36 (KHTML, like Gecko) Chrome/42.0.2311.135 Safari/537.36"
0:0:0:0:0:0:0:1 -  -  [10/May/2015:20:18:27 +0000] "GET /inbox HTTP/1.1" 200 - "http://localhost:8080/welcome" "Mozilla/5.0 (Macintosh; Intel Mac OS X 10_9_4) AppleWebKit/537.36 (KHTML, like Gecko) Chrome/42.0.2311.135 Safari/537.36"
0:0:0:0:0:0:0:1 -  -  [10/May/2015:20:18:29 +0000] "GET /sendEmail HTTP/1.1" 200 - "http://localhost:8080/inbox" "Mozilla/5.0 (Macintosh; Intel Mac OS X 10_9_4) AppleWebKit/537.36 (KHTML, like Gecko) Chrome/42.0.2311.135 Safari/537.36"
0:0:0:0:0:0:0:1 -  -  [10/May/2015:20:18:49 +0000] "POST /uploadManager HTTP/1.1" 200 - "http://localhost:8080/sendEmail" "Mozilla/5.0 (Macintosh; Intel Mac OS X 10_9_4) AppleWebKit/537.36 (KHTML, like Gecko) Chrome/42.0.2311.135 Safari/537.36"
0:0:0:0:0:0:0:1 -  -  [10/May/2015:20:18:49 +0000] "GET /sendEmail HTTP/1.1" 200 - "http://localhost:8080/sendEmail" "Mozilla/5.0 (Macintosh; Intel Mac OS X 10_9_4) AppleWebKit/537.36 (KHTML, like Gecko) Chrome/42.0.2311.135 Safari/537.36"
0:0:0:0:0:0:0:1 -  -  [10/May/2015:20:20:58 +0000] "GET / HTTP/1.1" 200 - "-" "Mozilla/5.0 (Macintosh; Intel Mac OS X 10_9_4) AppleWebKit/537.36 (KHTML, like Gecko) Chrome/42.0.2311.135 Safari/537.36"
0:0:0:0:0:0:0:1 -  -  [10/May/2015:20:20:58 +0000] "GET / HTTP/1.1" 200 - "-" "Mozilla/5.0 (Macintosh; Intel Mac OS X 10_9_4) AppleWebKit/537.36 (KHTML, like Gecko) Chrome/42.0.2311.135 Safari/537.36"
0:0:0:0:0:0:0:1 -  -  [10/May/2015:20:21:04 +0000] "POST /userLoginManager HTTP/1.1" 200 - "http://localhost:8080/" "Mozilla/5.0 (Macintosh; Intel Mac OS X 10_9_4) AppleWebKit/537.36 (KHTML, like Gecko) Chrome/42.0.2311.135 Safari/537.36"
0:0:0:0:0:0:0:1 -  -  [10/May/2015:20:21:04 +0000] "GET /welcome HTTP/1.1" 200 - "http://localhost:8080/" "Mozilla/5.0 (Macintosh; Intel Mac OS X 10_9_4) AppleWebKit/537.36 (KHTML, like Gecko) Chrome/42.0.2311.135 Safari/537.36"
0:0:0:0:0:0:0:1 -  -  [10/May/2015:20:21:05 +0000] "POST /afterWelcomeBeforeInboxManager HTTP/1.1" 200 - "http://localhost:8080/welcome" "Mozilla/5.0 (Macintosh; Intel Mac OS X 10_9_4) AppleWebKit/537.36 (KHTML, like Gecko) Chrome/42.0.2311.135 Safari/537.36"
0:0:0:0:0:0:0:1 -  -  [10/May/2015:20:21:05 +0000] "GET /inbox HTTP/1.1" 200 - "http://localhost:8080/welcome" "Mozilla/5.0 (Macintosh; Intel Mac OS X 10_9_4) AppleWebKit/537.36 (KHTML, like Gecko) Chrome/42.0.2311.135 Safari/537.36"
0:0:0:0:0:0:0:1 -  -  [10/May/2015:20:21:07 +0000] "GET /sendEmail HTTP/1.1" 200 - "http://localhost:8080/inbox" "Mozilla/5.0 (Macintosh; Intel Mac OS X 10_9_4) AppleWebKit/537.36 (KHTML, like Gecko) Chrome/42.0.2311.135 Safari/537.36"
0:0:0:0:0:0:0:1 -  -  [10/May/2015:20:21:19 +0000] "POST /uploadManager?to=to HTTP/1.1" 200 - "http://localhost:8080/sendEmail" "Mozilla/5.0 (Macintosh; Intel Mac OS X 10_9_4) AppleWebKit/537.36 (KHTML, like Gecko) Chrome/42.0.2311.135 Safari/537.36"
0:0:0:0:0:0:0:1 -  -  [10/May/2015:20:21:19 +0000] "GET /sendEmail HTTP/1.1" 200 - "http://localhost:8080/sendEmail" "Mozilla/5.0 (Macintosh; Intel Mac OS X 10_9_4) AppleWebKit/537.36 (KHTML, like Gecko) Chrome/42.0.2311.135 Safari/537.36"
0:0:0:0:0:0:0:1 -  -  [10/May/2015:20:21:31 +0000] "POST /sendEmailManager HTTP/1.1" 200 - "http://localhost:8080/sendEmail" "Mozilla/5.0 (Macintosh; Intel Mac OS X 10_9_4) AppleWebKit/537.36 (KHTML, like Gecko) Chrome/42.0.2311.135 Safari/537.36"
0:0:0:0:0:0:0:1 -  -  [10/May/2015:20:21:32 +0000] "GET /emailSendSuccess HTTP/1.1" 200 - "http://localhost:8080/sendEmail" "Mozilla/5.0 (Macintosh; Intel Mac OS X 10_9_4) AppleWebKit/537.36 (KHTML, like Gecko) Chrome/42.0.2311.135 Safari/537.36"
0:0:0:0:0:0:0:1 -  -  [10/May/2015:20:21:34 +0000] "GET /sent HTTP/1.1" 200 - "http://localhost:8080/inbox" "Mozilla/5.0 (Macintosh; Intel Mac OS X 10_9_4) AppleWebKit/537.36 (KHTML, like Gecko) Chrome/42.0.2311.135 Safari/537.36"
0:0:0:0:0:0:0:1 -  -  [10/May/2015:20:21:35 +0000] "GET /deleteManager?emailID=173&folder=sent HTTP/1.1" 200 - "http://localhost:8080/sent" "Mozilla/5.0 (Macintosh; Intel Mac OS X 10_9_4) AppleWebKit/537.36 (KHTML, like Gecko) Chrome/42.0.2311.135 Safari/537.36"
0:0:0:0:0:0:0:1 -  -  [10/May/2015:20:21:35 +0000] "GET /sent HTTP/1.1" 200 - "http://localhost:8080/sent" "Mozilla/5.0 (Macintosh; Intel Mac OS X 10_9_4) AppleWebKit/537.36 (KHTML, like Gecko) Chrome/42.0.2311.135 Safari/537.36"
0:0:0:0:0:0:0:1 -  -  [10/May/2015:20:32:12 +0000] "GET / HTTP/1.1" 200 - "-" "Mozilla/5.0 (Macintosh; Intel Mac OS X 10_9_4) AppleWebKit/537.36 (KHTML, like Gecko) Chrome/42.0.2311.135 Safari/537.36"
0:0:0:0:0:0:0:1 -  -  [10/May/2015:20:32:12 +0000] "GET / HTTP/1.1" 200 - "-" "Mozilla/5.0 (Macintosh; Intel Mac OS X 10_9_4) AppleWebKit/537.36 (KHTML, like Gecko) Chrome/42.0.2311.135 Safari/537.36"
0:0:0:0:0:0:0:1 -  -  [10/May/2015:20:32:16 +0000] "POST /userLoginManager HTTP/1.1" 200 - "http://localhost:8080/" "Mozilla/5.0 (Macintosh; Intel Mac OS X 10_9_4) AppleWebKit/537.36 (KHTML, like Gecko) Chrome/42.0.2311.135 Safari/537.36"
0:0:0:0:0:0:0:1 -  -  [10/May/2015:20:32:16 +0000] "GET /welcome HTTP/1.1" 200 - "http://localhost:8080/" "Mozilla/5.0 (Macintosh; Intel Mac OS X 10_9_4) AppleWebKit/537.36 (KHTML, like Gecko) Chrome/42.0.2311.135 Safari/537.36"
0:0:0:0:0:0:0:1 -  -  [10/May/2015:20:32:17 +0000] "POST /afterWelcomeBeforeInboxManager HTTP/1.1" 200 - "http://localhost:8080/welcome" "Mozilla/5.0 (Macintosh; Intel Mac OS X 10_9_4) AppleWebKit/537.36 (KHTML, like Gecko) Chrome/42.0.2311.135 Safari/537.36"
0:0:0:0:0:0:0:1 -  -  [10/May/2015:20:32:17 +0000] "GET /inbox HTTP/1.1" 200 - "http://localhost:8080/welcome" "Mozilla/5.0 (Macintosh; Intel Mac OS X 10_9_4) AppleWebKit/537.36 (KHTML, like Gecko) Chrome/42.0.2311.135 Safari/537.36"
0:0:0:0:0:0:0:1 -  -  [10/May/2015:20:32:40 +0000] "GET /sent HTTP/1.1" 200 - "http://localhost:8080/inbox" "Mozilla/5.0 (Macintosh; Intel Mac OS X 10_9_4) AppleWebKit/537.36 (KHTML, like Gecko) Chrome/42.0.2311.135 Safari/537.36"
0:0:0:0:0:0:0:1 -  -  [10/May/2015:20:32:40 +0000] "GET /inbox HTTP/1.1" 200 - "http://localhost:8080/sent" "Mozilla/5.0 (Macintosh; Intel Mac OS X 10_9_4) AppleWebKit/537.36 (KHTML, like Gecko) Chrome/42.0.2311.135 Safari/537.36"
0:0:0:0:0:0:0:1 -  -  [10/May/2015:20:32:41 +0000] "GET /rightManager?folder=inbox HTTP/1.1" 200 - "http://localhost:8080/inbox" "Mozilla/5.0 (Macintosh; Intel Mac OS X 10_9_4) AppleWebKit/537.36 (KHTML, like Gecko) Chrome/42.0.2311.135 Safari/537.36"
0:0:0:0:0:0:0:1 -  -  [10/May/2015:20:32:41 +0000] "GET /inbox?order=date HTTP/1.1" 200 - "http://localhost:8080/inbox" "Mozilla/5.0 (Macintosh; Intel Mac OS X 10_9_4) AppleWebKit/537.36 (KHTML, like Gecko) Chrome/42.0.2311.135 Safari/537.36"
0:0:0:0:0:0:0:1 -  -  [10/May/2015:20:32:42 +0000] "GET /leftManager?folder=inbox HTTP/1.1" 200 - "http://localhost:8080/inbox?order=date" "Mozilla/5.0 (Macintosh; Intel Mac OS X 10_9_4) AppleWebKit/537.36 (KHTML, like Gecko) Chrome/42.0.2311.135 Safari/537.36"
0:0:0:0:0:0:0:1 -  -  [10/May/2015:20:32:42 +0000] "GET /inbox?order=date HTTP/1.1" 200 - "http://localhost:8080/inbox?order=date" "Mozilla/5.0 (Macintosh; Intel Mac OS X 10_9_4) AppleWebKit/537.36 (KHTML, like Gecko) Chrome/42.0.2311.135 Safari/537.36"
0:0:0:0:0:0:0:1 -  -  [10/May/2015:20:33:15 +0000] "GET / HTTP/1.1" 200 - "-" "Mozilla/5.0 (Macintosh; Intel Mac OS X 10_9_4) AppleWebKit/537.36 (KHTML, like Gecko) Chrome/42.0.2311.135 Safari/537.36"
0:0:0:0:0:0:0:1 -  -  [10/May/2015:20:33:15 +0000] "GET / HTTP/1.1" 200 - "-" "Mozilla/5.0 (Macintosh; Intel Mac OS X 10_9_4) AppleWebKit/537.36 (KHTML, like Gecko) Chrome/42.0.2311.135 Safari/537.36"
0:0:0:0:0:0:0:1 -  -  [10/May/2015:20:33:18 +0000] "POST /userLoginManager HTTP/1.1" 200 - "http://localhost:8080/" "Mozilla/5.0 (Macintosh; Intel Mac OS X 10_9_4) AppleWebKit/537.36 (KHTML, like Gecko) Chrome/42.0.2311.135 Safari/537.36"
0:0:0:0:0:0:0:1 -  -  [10/May/2015:20:33:19 +0000] "GET /welcome HTTP/1.1" 200 - "http://localhost:8080/" "Mozilla/5.0 (Macintosh; Intel Mac OS X 10_9_4) AppleWebKit/537.36 (KHTML, like Gecko) Chrome/42.0.2311.135 Safari/537.36"
0:0:0:0:0:0:0:1 -  -  [10/May/2015:20:33:20 +0000] "POST /afterWelcomeBeforeInboxManager HTTP/1.1" 200 - "http://localhost:8080/welcome" "Mozilla/5.0 (Macintosh; Intel Mac OS X 10_9_4) AppleWebKit/537.36 (KHTML, like Gecko) Chrome/42.0.2311.135 Safari/537.36"
0:0:0:0:0:0:0:1 -  -  [10/May/2015:20:33:20 +0000] "GET /inbox HTTP/1.1" 200 - "http://localhost:8080/welcome" "Mozilla/5.0 (Macintosh; Intel Mac OS X 10_9_4) AppleWebKit/537.36 (KHTML, like Gecko) Chrome/42.0.2311.135 Safari/537.36"
0:0:0:0:0:0:0:1 -  -  [10/May/2015:20:33:21 +0000] "GET /sendEmail HTTP/1.1" 200 - "http://localhost:8080/inbox" "Mozilla/5.0 (Macintosh; Intel Mac OS X 10_9_4) AppleWebKit/537.36 (KHTML, like Gecko) Chrome/42.0.2311.135 Safari/537.36"
0:0:0:0:0:0:0:1 -  -  [10/May/2015:20:35:28 +0000] "GET / HTTP/1.1" 200 - "-" "Mozilla/5.0 (Macintosh; Intel Mac OS X 10_9_4) AppleWebKit/537.36 (KHTML, like Gecko) Chrome/42.0.2311.135 Safari/537.36"
0:0:0:0:0:0:0:1 -  -  [10/May/2015:20:35:29 +0000] "GET / HTTP/1.1" 200 - "-" "Mozilla/5.0 (Macintosh; Intel Mac OS X 10_9_4) AppleWebKit/537.36 (KHTML, like Gecko) Chrome/42.0.2311.135 Safari/537.36"
0:0:0:0:0:0:0:1 -  -  [10/May/2015:20:35:32 +0000] "POST /userLoginManager HTTP/1.1" 200 - "http://localhost:8080/" "Mozilla/5.0 (Macintosh; Intel Mac OS X 10_9_4) AppleWebKit/537.36 (KHTML, like Gecko) Chrome/42.0.2311.135 Safari/537.36"
0:0:0:0:0:0:0:1 -  -  [10/May/2015:20:35:32 +0000] "GET /welcome HTTP/1.1" 200 - "http://localhost:8080/" "Mozilla/5.0 (Macintosh; Intel Mac OS X 10_9_4) AppleWebKit/537.36 (KHTML, like Gecko) Chrome/42.0.2311.135 Safari/537.36"
0:0:0:0:0:0:0:1 -  -  [10/May/2015:20:35:34 +0000] "POST /afterWelcomeBeforeInboxManager HTTP/1.1" 200 - "http://localhost:8080/welcome" "Mozilla/5.0 (Macintosh; Intel Mac OS X 10_9_4) AppleWebKit/537.36 (KHTML, like Gecko) Chrome/42.0.2311.135 Safari/537.36"
0:0:0:0:0:0:0:1 -  -  [10/May/2015:20:35:34 +0000] "GET /inbox HTTP/1.1" 200 - "http://localhost:8080/welcome" "Mozilla/5.0 (Macintosh; Intel Mac OS X 10_9_4) AppleWebKit/537.36 (KHTML, like Gecko) Chrome/42.0.2311.135 Safari/537.36"
0:0:0:0:0:0:0:1 -  -  [10/May/2015:20:35:35 +0000] "GET /sendEmail HTTP/1.1" 200 - "http://localhost:8080/inbox" "Mozilla/5.0 (Macintosh; Intel Mac OS X 10_9_4) AppleWebKit/537.36 (KHTML, like Gecko) Chrome/42.0.2311.135 Safari/537.36"
0:0:0:0:0:0:0:1 -  -  [10/May/2015:20:37:16 +0000] "GET / HTTP/1.1" 200 - "-" "Mozilla/5.0 (Macintosh; Intel Mac OS X 10_9_4) AppleWebKit/537.36 (KHTML, like Gecko) Chrome/42.0.2311.135 Safari/537.36"
0:0:0:0:0:0:0:1 -  -  [10/May/2015:20:37:21 +0000] "POST /userLoginManager HTTP/1.1" 200 - "http://localhost:8080/" "Mozilla/5.0 (Macintosh; Intel Mac OS X 10_9_4) AppleWebKit/537.36 (KHTML, like Gecko) Chrome/42.0.2311.135 Safari/537.36"
0:0:0:0:0:0:0:1 -  -  [10/May/2015:20:37:21 +0000] "GET /welcome HTTP/1.1" 200 - "http://localhost:8080/" "Mozilla/5.0 (Macintosh; Intel Mac OS X 10_9_4) AppleWebKit/537.36 (KHTML, like Gecko) Chrome/42.0.2311.135 Safari/537.36"
0:0:0:0:0:0:0:1 -  -  [10/May/2015:20:37:22 +0000] "POST /afterWelcomeBeforeInboxManager HTTP/1.1" 200 - "http://localhost:8080/welcome" "Mozilla/5.0 (Macintosh; Intel Mac OS X 10_9_4) AppleWebKit/537.36 (KHTML, like Gecko) Chrome/42.0.2311.135 Safari/537.36"
0:0:0:0:0:0:0:1 -  -  [10/May/2015:20:37:22 +0000] "GET /inbox HTTP/1.1" 200 - "http://localhost:8080/welcome" "Mozilla/5.0 (Macintosh; Intel Mac OS X 10_9_4) AppleWebKit/537.36 (KHTML, like Gecko) Chrome/42.0.2311.135 Safari/537.36"
0:0:0:0:0:0:0:1 -  -  [10/May/2015:20:37:23 +0000] "GET /sendEmail HTTP/1.1" 200 - "http://localhost:8080/inbox" "Mozilla/5.0 (Macintosh; Intel Mac OS X 10_9_4) AppleWebKit/537.36 (KHTML, like Gecko) Chrome/42.0.2311.135 Safari/537.36"
0:0:0:0:0:0:0:1 -  -  [10/May/2015:20:40:37 +0000] "GET / HTTP/1.1" 200 - "-" "Mozilla/5.0 (Macintosh; Intel Mac OS X 10_9_4) AppleWebKit/537.36 (KHTML, like Gecko) Chrome/42.0.2311.135 Safari/537.36"
0:0:0:0:0:0:0:1 -  -  [10/May/2015:20:40:37 +0000] "GET / HTTP/1.1" 200 - "-" "Mozilla/5.0 (Macintosh; Intel Mac OS X 10_9_4) AppleWebKit/537.36 (KHTML, like Gecko) Chrome/42.0.2311.135 Safari/537.36"
0:0:0:0:0:0:0:1 -  -  [10/May/2015:20:40:42 +0000] "POST /userLoginManager HTTP/1.1" 200 - "http://localhost:8080/" "Mozilla/5.0 (Macintosh; Intel Mac OS X 10_9_4) AppleWebKit/537.36 (KHTML, like Gecko) Chrome/42.0.2311.135 Safari/537.36"
0:0:0:0:0:0:0:1 -  -  [10/May/2015:20:40:43 +0000] "GET /welcome HTTP/1.1" 200 - "http://localhost:8080/" "Mozilla/5.0 (Macintosh; Intel Mac OS X 10_9_4) AppleWebKit/537.36 (KHTML, like Gecko) Chrome/42.0.2311.135 Safari/537.36"
0:0:0:0:0:0:0:1 -  -  [10/May/2015:20:40:44 +0000] "POST /afterWelcomeBeforeInboxManager HTTP/1.1" 200 - "http://localhost:8080/welcome" "Mozilla/5.0 (Macintosh; Intel Mac OS X 10_9_4) AppleWebKit/537.36 (KHTML, like Gecko) Chrome/42.0.2311.135 Safari/537.36"
0:0:0:0:0:0:0:1 -  -  [10/May/2015:20:40:44 +0000] "GET /inbox HTTP/1.1" 200 - "http://localhost:8080/welcome" "Mozilla/5.0 (Macintosh; Intel Mac OS X 10_9_4) AppleWebKit/537.36 (KHTML, like Gecko) Chrome/42.0.2311.135 Safari/537.36"
0:0:0:0:0:0:0:1 -  -  [10/May/2015:20:40:45 +0000] "GET /sendEmail HTTP/1.1" 200 - "http://localhost:8080/inbox" "Mozilla/5.0 (Macintosh; Intel Mac OS X 10_9_4) AppleWebKit/537.36 (KHTML, like Gecko) Chrome/42.0.2311.135 Safari/537.36"
0:0:0:0:0:0:0:1 -  -  [10/May/2015:20:40:58 +0000] "POST /sendEmailManager HTTP/1.1" 200 - "http://localhost:8080/sendEmail" "Mozilla/5.0 (Macintosh; Intel Mac OS X 10_9_4) AppleWebKit/537.36 (KHTML, like Gecko) Chrome/42.0.2311.135 Safari/537.36"
0:0:0:0:0:0:0:1 -  -  [10/May/2015:20:42:15 +0000] "GET / HTTP/1.1" 200 - "-" "Mozilla/5.0 (Macintosh; Intel Mac OS X 10_9_4) AppleWebKit/537.36 (KHTML, like Gecko) Chrome/42.0.2311.135 Safari/537.36"
0:0:0:0:0:0:0:1 -  -  [10/May/2015:20:42:15 +0000] "GET / HTTP/1.1" 200 - "-" "Mozilla/5.0 (Macintosh; Intel Mac OS X 10_9_4) AppleWebKit/537.36 (KHTML, like Gecko) Chrome/42.0.2311.135 Safari/537.36"
0:0:0:0:0:0:0:1 -  -  [10/May/2015:20:42:19 +0000] "POST /userLoginManager HTTP/1.1" 200 - "http://localhost:8080/" "Mozilla/5.0 (Macintosh; Intel Mac OS X 10_9_4) AppleWebKit/537.36 (KHTML, like Gecko) Chrome/42.0.2311.135 Safari/537.36"
0:0:0:0:0:0:0:1 -  -  [10/May/2015:20:42:19 +0000] "GET /welcome HTTP/1.1" 200 - "http://localhost:8080/" "Mozilla/5.0 (Macintosh; Intel Mac OS X 10_9_4) AppleWebKit/537.36 (KHTML, like Gecko) Chrome/42.0.2311.135 Safari/537.36"
0:0:0:0:0:0:0:1 -  -  [10/May/2015:20:42:20 +0000] "POST /afterWelcomeBeforeInboxManager HTTP/1.1" 200 - "http://localhost:8080/welcome" "Mozilla/5.0 (Macintosh; Intel Mac OS X 10_9_4) AppleWebKit/537.36 (KHTML, like Gecko) Chrome/42.0.2311.135 Safari/537.36"
0:0:0:0:0:0:0:1 -  -  [10/May/2015:20:42:20 +0000] "GET /inbox HTTP/1.1" 200 - "http://localhost:8080/welcome" "Mozilla/5.0 (Macintosh; Intel Mac OS X 10_9_4) AppleWebKit/537.36 (KHTML, like Gecko) Chrome/42.0.2311.135 Safari/537.36"
0:0:0:0:0:0:0:1 -  -  [10/May/2015:20:42:24 +0000] "GET /sendEmail HTTP/1.1" 200 - "http://localhost:8080/inbox" "Mozilla/5.0 (Macintosh; Intel Mac OS X 10_9_4) AppleWebKit/537.36 (KHTML, like Gecko) Chrome/42.0.2311.135 Safari/537.36"
0:0:0:0:0:0:0:1 -  -  [10/May/2015:20:42:32 +0000] "POST /uploadManager HTTP/1.1" 200 - "http://localhost:8080/sendEmail" "Mozilla/5.0 (Macintosh; Intel Mac OS X 10_9_4) AppleWebKit/537.36 (KHTML, like Gecko) Chrome/42.0.2311.135 Safari/537.36"
0:0:0:0:0:0:0:1 -  -  [10/May/2015:20:42:33 +0000] "GET /sendEmail HTTP/1.1" 200 - "http://localhost:8080/sendEmail" "Mozilla/5.0 (Macintosh; Intel Mac OS X 10_9_4) AppleWebKit/537.36 (KHTML, like Gecko) Chrome/42.0.2311.135 Safari/537.36"
0:0:0:0:0:0:0:1 -  -  [10/May/2015:20:43:53 +0000] "GET / HTTP/1.1" 200 - "-" "Mozilla/5.0 (Macintosh; Intel Mac OS X 10_9_4) AppleWebKit/537.36 (KHTML, like Gecko) Chrome/42.0.2311.135 Safari/537.36"
0:0:0:0:0:0:0:1 -  -  [10/May/2015:20:43:53 +0000] "GET / HTTP/1.1" 200 - "-" "Mozilla/5.0 (Macintosh; Intel Mac OS X 10_9_4) AppleWebKit/537.36 (KHTML, like Gecko) Chrome/42.0.2311.135 Safari/537.36"
0:0:0:0:0:0:0:1 -  -  [10/May/2015:20:43:57 +0000] "POST /userLoginManager HTTP/1.1" 200 - "http://localhost:8080/" "Mozilla/5.0 (Macintosh; Intel Mac OS X 10_9_4) AppleWebKit/537.36 (KHTML, like Gecko) Chrome/42.0.2311.135 Safari/537.36"
0:0:0:0:0:0:0:1 -  -  [10/May/2015:20:43:58 +0000] "GET /welcome HTTP/1.1" 200 - "http://localhost:8080/" "Mozilla/5.0 (Macintosh; Intel Mac OS X 10_9_4) AppleWebKit/537.36 (KHTML, like Gecko) Chrome/42.0.2311.135 Safari/537.36"
0:0:0:0:0:0:0:1 -  -  [10/May/2015:20:43:59 +0000] "POST /afterWelcomeBeforeInboxManager HTTP/1.1" 200 - "http://localhost:8080/welcome" "Mozilla/5.0 (Macintosh; Intel Mac OS X 10_9_4) AppleWebKit/537.36 (KHTML, like Gecko) Chrome/42.0.2311.135 Safari/537.36"
0:0:0:0:0:0:0:1 -  -  [10/May/2015:20:43:59 +0000] "GET /inbox HTTP/1.1" 200 - "http://localhost:8080/welcome" "Mozilla/5.0 (Macintosh; Intel Mac OS X 10_9_4) AppleWebKit/537.36 (KHTML, like Gecko) Chrome/42.0.2311.135 Safari/537.36"
0:0:0:0:0:0:0:1 -  -  [10/May/2015:20:44:00 +0000] "GET /sendEmail HTTP/1.1" 200 - "http://localhost:8080/inbox" "Mozilla/5.0 (Macintosh; Intel Mac OS X 10_9_4) AppleWebKit/537.36 (KHTML, like Gecko) Chrome/42.0.2311.135 Safari/537.36"
0:0:0:0:0:0:0:1 -  -  [10/May/2015:20:44:11 +0000] "POST /uploadManager HTTP/1.1" 200 - "http://localhost:8080/sendEmail" "Mozilla/5.0 (Macintosh; Intel Mac OS X 10_9_4) AppleWebKit/537.36 (KHTML, like Gecko) Chrome/42.0.2311.135 Safari/537.36"
0:0:0:0:0:0:0:1 -  -  [10/May/2015:20:44:11 +0000] "GET /sendEmail HTTP/1.1" 200 - "http://localhost:8080/sendEmail" "Mozilla/5.0 (Macintosh; Intel Mac OS X 10_9_4) AppleWebKit/537.36 (KHTML, like Gecko) Chrome/42.0.2311.135 Safari/537.36"
0:0:0:0:0:0:0:1 -  -  [10/May/2015:20:44:20 +0000] "POST /sendEmailManager HTTP/1.1" 200 - "http://localhost:8080/sendEmail" "Mozilla/5.0 (Macintosh; Intel Mac OS X 10_9_4) AppleWebKit/537.36 (KHTML, like Gecko) Chrome/42.0.2311.135 Safari/537.36"
0:0:0:0:0:0:0:1 -  -  [10/May/2015:20:44:36 +0000] "GET /sent HTTP/1.1" 200 - "http://localhost:8080/inbox" "Mozilla/5.0 (Macintosh; Intel Mac OS X 10_9_4) AppleWebKit/537.36 (KHTML, like Gecko) Chrome/42.0.2311.135 Safari/537.36"
0:0:0:0:0:0:0:1 -  -  [10/May/2015:20:44:38 +0000] "GET /inbox HTTP/1.1" 200 - "http://localhost:8080/sent" "Mozilla/5.0 (Macintosh; Intel Mac OS X 10_9_4) AppleWebKit/537.36 (KHTML, like Gecko) Chrome/42.0.2311.135 Safari/537.36"
0:0:0:0:0:0:0:1 -  -  [10/May/2015:20:47:13 +0000] "GET / HTTP/1.1" 200 - "-" "Mozilla/5.0 (Macintosh; Intel Mac OS X 10_9_4) AppleWebKit/537.36 (KHTML, like Gecko) Chrome/42.0.2311.135 Safari/537.36"
0:0:0:0:0:0:0:1 -  -  [10/May/2015:20:47:13 +0000] "GET / HTTP/1.1" 200 - "-" "Mozilla/5.0 (Macintosh; Intel Mac OS X 10_9_4) AppleWebKit/537.36 (KHTML, like Gecko) Chrome/42.0.2311.135 Safari/537.36"
0:0:0:0:0:0:0:1 -  -  [10/May/2015:20:47:19 +0000] "POST /userLoginManager HTTP/1.1" 200 - "http://localhost:8080/" "Mozilla/5.0 (Macintosh; Intel Mac OS X 10_9_4) AppleWebKit/537.36 (KHTML, like Gecko) Chrome/42.0.2311.135 Safari/537.36"
0:0:0:0:0:0:0:1 -  -  [10/May/2015:20:47:19 +0000] "GET /welcome HTTP/1.1" 200 - "http://localhost:8080/" "Mozilla/5.0 (Macintosh; Intel Mac OS X 10_9_4) AppleWebKit/537.36 (KHTML, like Gecko) Chrome/42.0.2311.135 Safari/537.36"
0:0:0:0:0:0:0:1 -  -  [10/May/2015:20:47:20 +0000] "POST /afterWelcomeBeforeInboxManager HTTP/1.1" 200 - "http://localhost:8080/welcome" "Mozilla/5.0 (Macintosh; Intel Mac OS X 10_9_4) AppleWebKit/537.36 (KHTML, like Gecko) Chrome/42.0.2311.135 Safari/537.36"
0:0:0:0:0:0:0:1 -  -  [10/May/2015:20:47:20 +0000] "GET /inbox HTTP/1.1" 200 - "http://localhost:8080/welcome" "Mozilla/5.0 (Macintosh; Intel Mac OS X 10_9_4) AppleWebKit/537.36 (KHTML, like Gecko) Chrome/42.0.2311.135 Safari/537.36"
0:0:0:0:0:0:0:1 -  -  [10/May/2015:20:47:21 +0000] "GET /sendEmail HTTP/1.1" 200 - "http://localhost:8080/inbox" "Mozilla/5.0 (Macintosh; Intel Mac OS X 10_9_4) AppleWebKit/537.36 (KHTML, like Gecko) Chrome/42.0.2311.135 Safari/537.36"
0:0:0:0:0:0:0:1 -  -  [10/May/2015:20:47:30 +0000] "POST /uploadManager HTTP/1.1" 200 - "http://localhost:8080/sendEmail" "Mozilla/5.0 (Macintosh; Intel Mac OS X 10_9_4) AppleWebKit/537.36 (KHTML, like Gecko) Chrome/42.0.2311.135 Safari/537.36"
0:0:0:0:0:0:0:1 -  -  [10/May/2015:20:47:30 +0000] "GET /sendEmail HTTP/1.1" 200 - "http://localhost:8080/sendEmail" "Mozilla/5.0 (Macintosh; Intel Mac OS X 10_9_4) AppleWebKit/537.36 (KHTML, like Gecko) Chrome/42.0.2311.135 Safari/537.36"
0:0:0:0:0:0:0:1 -  -  [10/May/2015:20:50:37 +0000] "GET / HTTP/1.1" 200 - "-" "Mozilla/5.0 (Macintosh; Intel Mac OS X 10_9_4) AppleWebKit/537.36 (KHTML, like Gecko) Chrome/42.0.2311.135 Safari/537.36"
0:0:0:0:0:0:0:1 -  -  [10/May/2015:20:50:37 +0000] "GET / HTTP/1.1" 200 - "-" "Mozilla/5.0 (Macintosh; Intel Mac OS X 10_9_4) AppleWebKit/537.36 (KHTML, like Gecko) Chrome/42.0.2311.135 Safari/537.36"
0:0:0:0:0:0:0:1 -  -  [10/May/2015:20:50:40 +0000] "POST /userLoginManager HTTP/1.1" 200 - "http://localhost:8080/" "Mozilla/5.0 (Macintosh; Intel Mac OS X 10_9_4) AppleWebKit/537.36 (KHTML, like Gecko) Chrome/42.0.2311.135 Safari/537.36"
0:0:0:0:0:0:0:1 -  -  [10/May/2015:20:50:40 +0000] "GET /welcome HTTP/1.1" 200 - "http://localhost:8080/" "Mozilla/5.0 (Macintosh; Intel Mac OS X 10_9_4) AppleWebKit/537.36 (KHTML, like Gecko) Chrome/42.0.2311.135 Safari/537.36"
0:0:0:0:0:0:0:1 -  -  [10/May/2015:20:50:42 +0000] "POST /afterWelcomeBeforeInboxManager HTTP/1.1" 200 - "http://localhost:8080/welcome" "Mozilla/5.0 (Macintosh; Intel Mac OS X 10_9_4) AppleWebKit/537.36 (KHTML, like Gecko) Chrome/42.0.2311.135 Safari/537.36"
0:0:0:0:0:0:0:1 -  -  [10/May/2015:20:50:42 +0000] "GET /inbox HTTP/1.1" 200 - "http://localhost:8080/welcome" "Mozilla/5.0 (Macintosh; Intel Mac OS X 10_9_4) AppleWebKit/537.36 (KHTML, like Gecko) Chrome/42.0.2311.135 Safari/537.36"
0:0:0:0:0:0:0:1 -  -  [10/May/2015:20:50:43 +0000] "GET /sendEmail HTTP/1.1" 200 - "http://localhost:8080/inbox" "Mozilla/5.0 (Macintosh; Intel Mac OS X 10_9_4) AppleWebKit/537.36 (KHTML, like Gecko) Chrome/42.0.2311.135 Safari/537.36"
0:0:0:0:0:0:0:1 -  -  [10/May/2015:20:50:48 +0000] "POST /sendEmailManager HTTP/1.1" 200 - "http://localhost:8080/sendEmail" "Mozilla/5.0 (Macintosh; Intel Mac OS X 10_9_4) AppleWebKit/537.36 (KHTML, like Gecko) Chrome/42.0.2311.135 Safari/537.36"
0:0:0:0:0:0:0:1 -  -  [10/May/2015:20:52:30 +0000] "GET / HTTP/1.1" 200 - "-" "Mozilla/5.0 (Macintosh; Intel Mac OS X 10_9_4) AppleWebKit/537.36 (KHTML, like Gecko) Chrome/42.0.2311.135 Safari/537.36"
0:0:0:0:0:0:0:1 -  -  [10/May/2015:20:52:30 +0000] "GET / HTTP/1.1" 200 - "-" "Mozilla/5.0 (Macintosh; Intel Mac OS X 10_9_4) AppleWebKit/537.36 (KHTML, like Gecko) Chrome/42.0.2311.135 Safari/537.36"
0:0:0:0:0:0:0:1 -  -  [10/May/2015:20:52:36 +0000] "POST /userLoginManager HTTP/1.1" 200 - "http://localhost:8080/" "Mozilla/5.0 (Macintosh; Intel Mac OS X 10_9_4) AppleWebKit/537.36 (KHTML, like Gecko) Chrome/42.0.2311.135 Safari/537.36"
0:0:0:0:0:0:0:1 -  -  [10/May/2015:20:52:36 +0000] "GET /welcome HTTP/1.1" 200 - "http://localhost:8080/" "Mozilla/5.0 (Macintosh; Intel Mac OS X 10_9_4) AppleWebKit/537.36 (KHTML, like Gecko) Chrome/42.0.2311.135 Safari/537.36"
0:0:0:0:0:0:0:1 -  -  [10/May/2015:20:52:37 +0000] "POST /afterWelcomeBeforeInboxManager HTTP/1.1" 200 - "http://localhost:8080/welcome" "Mozilla/5.0 (Macintosh; Intel Mac OS X 10_9_4) AppleWebKit/537.36 (KHTML, like Gecko) Chrome/42.0.2311.135 Safari/537.36"
0:0:0:0:0:0:0:1 -  -  [10/May/2015:20:52:37 +0000] "GET /inbox HTTP/1.1" 200 - "http://localhost:8080/welcome" "Mozilla/5.0 (Macintosh; Intel Mac OS X 10_9_4) AppleWebKit/537.36 (KHTML, like Gecko) Chrome/42.0.2311.135 Safari/537.36"
0:0:0:0:0:0:0:1 -  -  [10/May/2015:20:52:39 +0000] "GET /sendEmail HTTP/1.1" 200 - "http://localhost:8080/inbox" "Mozilla/5.0 (Macintosh; Intel Mac OS X 10_9_4) AppleWebKit/537.36 (KHTML, like Gecko) Chrome/42.0.2311.135 Safari/537.36"
0:0:0:0:0:0:0:1 -  -  [10/May/2015:20:52:47 +0000] "POST /sendEmailManager HTTP/1.1" 200 - "http://localhost:8080/sendEmail" "Mozilla/5.0 (Macintosh; Intel Mac OS X 10_9_4) AppleWebKit/537.36 (KHTML, like Gecko) Chrome/42.0.2311.135 Safari/537.36"
0:0:0:0:0:0:0:1 -  -  [10/May/2015:21:11:16 +0000] "GET / HTTP/1.1" 200 - "-" "Mozilla/5.0 (Macintosh; Intel Mac OS X 10_9_4) AppleWebKit/537.36 (KHTML, like Gecko) Chrome/42.0.2311.135 Safari/537.36"
0:0:0:0:0:0:0:1 -  -  [10/May/2015:21:11:16 +0000] "GET / HTTP/1.1" 200 - "-" "Mozilla/5.0 (Macintosh; Intel Mac OS X 10_9_4) AppleWebKit/537.36 (KHTML, like Gecko) Chrome/42.0.2311.135 Safari/537.36"
0:0:0:0:0:0:0:1 -  -  [10/May/2015:21:11:20 +0000] "POST /userLoginManager HTTP/1.1" 200 - "http://localhost:8080/" "Mozilla/5.0 (Macintosh; Intel Mac OS X 10_9_4) AppleWebKit/537.36 (KHTML, like Gecko) Chrome/42.0.2311.135 Safari/537.36"
0:0:0:0:0:0:0:1 -  -  [10/May/2015:21:11:20 +0000] "GET /welcome HTTP/1.1" 200 - "http://localhost:8080/" "Mozilla/5.0 (Macintosh; Intel Mac OS X 10_9_4) AppleWebKit/537.36 (KHTML, like Gecko) Chrome/42.0.2311.135 Safari/537.36"
0:0:0:0:0:0:0:1 -  -  [10/May/2015:21:11:21 +0000] "POST /afterWelcomeBeforeInboxManager HTTP/1.1" 200 - "http://localhost:8080/welcome" "Mozilla/5.0 (Macintosh; Intel Mac OS X 10_9_4) AppleWebKit/537.36 (KHTML, like Gecko) Chrome/42.0.2311.135 Safari/537.36"
0:0:0:0:0:0:0:1 -  -  [10/May/2015:21:11:21 +0000] "GET /inbox HTTP/1.1" 200 - "http://localhost:8080/welcome" "Mozilla/5.0 (Macintosh; Intel Mac OS X 10_9_4) AppleWebKit/537.36 (KHTML, like Gecko) Chrome/42.0.2311.135 Safari/537.36"
0:0:0:0:0:0:0:1 -  -  [10/May/2015:21:11:22 +0000] "GET /sendEmail HTTP/1.1" 200 - "http://localhost:8080/inbox" "Mozilla/5.0 (Macintosh; Intel Mac OS X 10_9_4) AppleWebKit/537.36 (KHTML, like Gecko) Chrome/42.0.2311.135 Safari/537.36"
0:0:0:0:0:0:0:1 -  -  [10/May/2015:21:13:09 +0000] "GET / HTTP/1.1" 200 - "-" "Mozilla/5.0 (Macintosh; Intel Mac OS X 10_9_4) AppleWebKit/537.36 (KHTML, like Gecko) Chrome/42.0.2311.135 Safari/537.36"
0:0:0:0:0:0:0:1 -  -  [10/May/2015:21:13:09 +0000] "GET / HTTP/1.1" 200 - "-" "Mozilla/5.0 (Macintosh; Intel Mac OS X 10_9_4) AppleWebKit/537.36 (KHTML, like Gecko) Chrome/42.0.2311.135 Safari/537.36"
0:0:0:0:0:0:0:1 -  -  [10/May/2015:21:13:13 +0000] "POST /userLoginManager HTTP/1.1" 200 - "http://localhost:8080/" "Mozilla/5.0 (Macintosh; Intel Mac OS X 10_9_4) AppleWebKit/537.36 (KHTML, like Gecko) Chrome/42.0.2311.135 Safari/537.36"
0:0:0:0:0:0:0:1 -  -  [10/May/2015:21:13:13 +0000] "GET /welcome HTTP/1.1" 200 - "http://localhost:8080/" "Mozilla/5.0 (Macintosh; Intel Mac OS X 10_9_4) AppleWebKit/537.36 (KHTML, like Gecko) Chrome/42.0.2311.135 Safari/537.36"
0:0:0:0:0:0:0:1 -  -  [10/May/2015:21:13:14 +0000] "POST /afterWelcomeBeforeInboxManager HTTP/1.1" 200 - "http://localhost:8080/welcome" "Mozilla/5.0 (Macintosh; Intel Mac OS X 10_9_4) AppleWebKit/537.36 (KHTML, like Gecko) Chrome/42.0.2311.135 Safari/537.36"
0:0:0:0:0:0:0:1 -  -  [10/May/2015:21:13:14 +0000] "GET /inbox HTTP/1.1" 200 - "http://localhost:8080/welcome" "Mozilla/5.0 (Macintosh; Intel Mac OS X 10_9_4) AppleWebKit/537.36 (KHTML, like Gecko) Chrome/42.0.2311.135 Safari/537.36"
0:0:0:0:0:0:0:1 -  -  [10/May/2015:21:13:15 +0000] "GET /sendEmail HTTP/1.1" 200 - "http://localhost:8080/inbox" "Mozilla/5.0 (Macintosh; Intel Mac OS X 10_9_4) AppleWebKit/537.36 (KHTML, like Gecko) Chrome/42.0.2311.135 Safari/537.36"
0:0:0:0:0:0:0:1 -  -  [10/May/2015:21:13:19 +0000] "POST / HTTP/1.1" 200 - "http://localhost:8080/sendEmail" "Mozilla/5.0 (Macintosh; Intel Mac OS X 10_9_4) AppleWebKit/537.36 (KHTML, like Gecko) Chrome/42.0.2311.135 Safari/537.36"
0:0:0:0:0:0:0:1 -  -  [10/May/2015:21:14:12 +0000] "GET / HTTP/1.1" 200 - "-" "Mozilla/5.0 (Macintosh; Intel Mac OS X 10_9_4) AppleWebKit/537.36 (KHTML, like Gecko) Chrome/42.0.2311.135 Safari/537.36"
0:0:0:0:0:0:0:1 -  -  [10/May/2015:21:14:12 +0000] "GET / HTTP/1.1" 200 - "-" "Mozilla/5.0 (Macintosh; Intel Mac OS X 10_9_4) AppleWebKit/537.36 (KHTML, like Gecko) Chrome/42.0.2311.135 Safari/537.36"
0:0:0:0:0:0:0:1 -  -  [10/May/2015:21:14:15 +0000] "POST /userLoginManager HTTP/1.1" 200 - "http://localhost:8080/" "Mozilla/5.0 (Macintosh; Intel Mac OS X 10_9_4) AppleWebKit/537.36 (KHTML, like Gecko) Chrome/42.0.2311.135 Safari/537.36"
0:0:0:0:0:0:0:1 -  -  [10/May/2015:21:14:15 +0000] "GET /welcome HTTP/1.1" 200 - "http://localhost:8080/" "Mozilla/5.0 (Macintosh; Intel Mac OS X 10_9_4) AppleWebKit/537.36 (KHTML, like Gecko) Chrome/42.0.2311.135 Safari/537.36"
0:0:0:0:0:0:0:1 -  -  [10/May/2015:21:14:16 +0000] "POST /afterWelcomeBeforeInboxManager HTTP/1.1" 200 - "http://localhost:8080/welcome" "Mozilla/5.0 (Macintosh; Intel Mac OS X 10_9_4) AppleWebKit/537.36 (KHTML, like Gecko) Chrome/42.0.2311.135 Safari/537.36"
0:0:0:0:0:0:0:1 -  -  [10/May/2015:21:14:16 +0000] "GET /inbox HTTP/1.1" 200 - "http://localhost:8080/welcome" "Mozilla/5.0 (Macintosh; Intel Mac OS X 10_9_4) AppleWebKit/537.36 (KHTML, like Gecko) Chrome/42.0.2311.135 Safari/537.36"
0:0:0:0:0:0:0:1 -  -  [10/May/2015:21:14:17 +0000] "GET /sendEmail HTTP/1.1" 200 - "http://localhost:8080/inbox" "Mozilla/5.0 (Macintosh; Intel Mac OS X 10_9_4) AppleWebKit/537.36 (KHTML, like Gecko) Chrome/42.0.2311.135 Safari/537.36"
0:0:0:0:0:0:0:1 -  -  [10/May/2015:21:14:21 +0000] "POST / HTTP/1.1" 200 - "http://localhost:8080/sendEmail" "Mozilla/5.0 (Macintosh; Intel Mac OS X 10_9_4) AppleWebKit/537.36 (KHTML, like Gecko) Chrome/42.0.2311.135 Safari/537.36"
0:0:0:0:0:0:0:1 -  -  [10/May/2015:21:14:42 +0000] "GET / HTTP/1.1" 200 - "-" "Mozilla/5.0 (Macintosh; Intel Mac OS X 10_9_4) AppleWebKit/537.36 (KHTML, like Gecko) Chrome/42.0.2311.135 Safari/537.36"
0:0:0:0:0:0:0:1 -  -  [10/May/2015:21:14:42 +0000] "GET / HTTP/1.1" 200 - "-" "Mozilla/5.0 (Macintosh; Intel Mac OS X 10_9_4) AppleWebKit/537.36 (KHTML, like Gecko) Chrome/42.0.2311.135 Safari/537.36"
0:0:0:0:0:0:0:1 -  -  [10/May/2015:21:14:46 +0000] "POST /userLoginManager HTTP/1.1" 200 - "http://localhost:8080/" "Mozilla/5.0 (Macintosh; Intel Mac OS X 10_9_4) AppleWebKit/537.36 (KHTML, like Gecko) Chrome/42.0.2311.135 Safari/537.36"
0:0:0:0:0:0:0:1 -  -  [10/May/2015:21:14:46 +0000] "GET /welcome HTTP/1.1" 200 - "http://localhost:8080/" "Mozilla/5.0 (Macintosh; Intel Mac OS X 10_9_4) AppleWebKit/537.36 (KHTML, like Gecko) Chrome/42.0.2311.135 Safari/537.36"
0:0:0:0:0:0:0:1 -  -  [10/May/2015:21:14:47 +0000] "POST /afterWelcomeBeforeInboxManager HTTP/1.1" 200 - "http://localhost:8080/welcome" "Mozilla/5.0 (Macintosh; Intel Mac OS X 10_9_4) AppleWebKit/537.36 (KHTML, like Gecko) Chrome/42.0.2311.135 Safari/537.36"
0:0:0:0:0:0:0:1 -  -  [10/May/2015:21:14:47 +0000] "GET /inbox HTTP/1.1" 200 - "http://localhost:8080/welcome" "Mozilla/5.0 (Macintosh; Intel Mac OS X 10_9_4) AppleWebKit/537.36 (KHTML, like Gecko) Chrome/42.0.2311.135 Safari/537.36"
0:0:0:0:0:0:0:1 -  -  [10/May/2015:21:14:49 +0000] "POST /afterWelcomeBeforeInboxManager HTTP/1.1" 200 - "http://localhost:8080/welcome" "Mozilla/5.0 (Macintosh; Intel Mac OS X 10_9_4) AppleWebKit/537.36 (KHTML, like Gecko) Chrome/42.0.2311.135 Safari/537.36"
0:0:0:0:0:0:0:1 -  -  [10/May/2015:21:14:49 +0000] "GET /inbox HTTP/1.1" 200 - "http://localhost:8080/welcome" "Mozilla/5.0 (Macintosh; Intel Mac OS X 10_9_4) AppleWebKit/537.36 (KHTML, like Gecko) Chrome/42.0.2311.135 Safari/537.36"
0:0:0:0:0:0:0:1 -  -  [10/May/2015:21:14:51 +0000] "GET /sendEmail HTTP/1.1" 200 - "http://localhost:8080/inbox" "Mozilla/5.0 (Macintosh; Intel Mac OS X 10_9_4) AppleWebKit/537.36 (KHTML, like Gecko) Chrome/42.0.2311.135 Safari/537.36"
0:0:0:0:0:0:0:1 -  -  [10/May/2015:21:14:55 +0000] "POST /sendEmailManager HTTP/1.1" 200 - "http://localhost:8080/sendEmail" "Mozilla/5.0 (Macintosh; Intel Mac OS X 10_9_4) AppleWebKit/537.36 (KHTML, like Gecko) Chrome/42.0.2311.135 Safari/537.36"
0:0:0:0:0:0:0:1 -  -  [10/May/2015:21:15:12 +0000] "GET / HTTP/1.1" 200 - "-" "Mozilla/5.0 (Macintosh; Intel Mac OS X 10_9_4) AppleWebKit/537.36 (KHTML, like Gecko) Chrome/42.0.2311.135 Safari/537.36"
0:0:0:0:0:0:0:1 -  -  [10/May/2015:21:15:12 +0000] "GET / HTTP/1.1" 200 - "-" "Mozilla/5.0 (Macintosh; Intel Mac OS X 10_9_4) AppleWebKit/537.36 (KHTML, like Gecko) Chrome/42.0.2311.135 Safari/537.36"
0:0:0:0:0:0:0:1 -  -  [10/May/2015:21:15:15 +0000] "POST /userLoginManager HTTP/1.1" 200 - "http://localhost:8080/" "Mozilla/5.0 (Macintosh; Intel Mac OS X 10_9_4) AppleWebKit/537.36 (KHTML, like Gecko) Chrome/42.0.2311.135 Safari/537.36"
0:0:0:0:0:0:0:1 -  -  [10/May/2015:21:15:15 +0000] "GET /welcome HTTP/1.1" 200 - "http://localhost:8080/" "Mozilla/5.0 (Macintosh; Intel Mac OS X 10_9_4) AppleWebKit/537.36 (KHTML, like Gecko) Chrome/42.0.2311.135 Safari/537.36"
0:0:0:0:0:0:0:1 -  -  [10/May/2015:21:15:16 +0000] "POST /afterWelcomeBeforeInboxManager HTTP/1.1" 200 - "http://localhost:8080/welcome" "Mozilla/5.0 (Macintosh; Intel Mac OS X 10_9_4) AppleWebKit/537.36 (KHTML, like Gecko) Chrome/42.0.2311.135 Safari/537.36"
0:0:0:0:0:0:0:1 -  -  [10/May/2015:21:15:16 +0000] "GET /inbox HTTP/1.1" 200 - "http://localhost:8080/welcome" "Mozilla/5.0 (Macintosh; Intel Mac OS X 10_9_4) AppleWebKit/537.36 (KHTML, like Gecko) Chrome/42.0.2311.135 Safari/537.36"
0:0:0:0:0:0:0:1 -  -  [10/May/2015:21:15:17 +0000] "GET /sendEmail HTTP/1.1" 200 - "http://localhost:8080/inbox" "Mozilla/5.0 (Macintosh; Intel Mac OS X 10_9_4) AppleWebKit/537.36 (KHTML, like Gecko) Chrome/42.0.2311.135 Safari/537.36"
0:0:0:0:0:0:0:1 -  -  [10/May/2015:21:15:21 +0000] "POST / HTTP/1.1" 200 - "http://localhost:8080/sendEmail" "Mozilla/5.0 (Macintosh; Intel Mac OS X 10_9_4) AppleWebKit/537.36 (KHTML, like Gecko) Chrome/42.0.2311.135 Safari/537.36"
0:0:0:0:0:0:0:1 -  -  [10/May/2015:21:18:12 +0000] "GET / HTTP/1.1" 200 - "-" "Mozilla/5.0 (Macintosh; Intel Mac OS X 10_9_4) AppleWebKit/537.36 (KHTML, like Gecko) Chrome/42.0.2311.135 Safari/537.36"
0:0:0:0:0:0:0:1 -  -  [10/May/2015:21:18:12 +0000] "GET / HTTP/1.1" 200 - "-" "Mozilla/5.0 (Macintosh; Intel Mac OS X 10_9_4) AppleWebKit/537.36 (KHTML, like Gecko) Chrome/42.0.2311.135 Safari/537.36"
0:0:0:0:0:0:0:1 -  -  [10/May/2015:21:18:16 +0000] "POST /userLoginManager HTTP/1.1" 200 - "http://localhost:8080/" "Mozilla/5.0 (Macintosh; Intel Mac OS X 10_9_4) AppleWebKit/537.36 (KHTML, like Gecko) Chrome/42.0.2311.135 Safari/537.36"
0:0:0:0:0:0:0:1 -  -  [10/May/2015:21:18:16 +0000] "GET /welcome HTTP/1.1" 200 - "http://localhost:8080/" "Mozilla/5.0 (Macintosh; Intel Mac OS X 10_9_4) AppleWebKit/537.36 (KHTML, like Gecko) Chrome/42.0.2311.135 Safari/537.36"
0:0:0:0:0:0:0:1 -  -  [10/May/2015:21:18:17 +0000] "POST /afterWelcomeBeforeInboxManager HTTP/1.1" 200 - "http://localhost:8080/welcome" "Mozilla/5.0 (Macintosh; Intel Mac OS X 10_9_4) AppleWebKit/537.36 (KHTML, like Gecko) Chrome/42.0.2311.135 Safari/537.36"
0:0:0:0:0:0:0:1 -  -  [10/May/2015:21:18:17 +0000] "GET /inbox HTTP/1.1" 200 - "http://localhost:8080/welcome" "Mozilla/5.0 (Macintosh; Intel Mac OS X 10_9_4) AppleWebKit/537.36 (KHTML, like Gecko) Chrome/42.0.2311.135 Safari/537.36"
0:0:0:0:0:0:0:1 -  -  [10/May/2015:21:18:19 +0000] "GET /sendEmail HTTP/1.1" 200 - "http://localhost:8080/inbox" "Mozilla/5.0 (Macintosh; Intel Mac OS X 10_9_4) AppleWebKit/537.36 (KHTML, like Gecko) Chrome/42.0.2311.135 Safari/537.36"
0:0:0:0:0:0:0:1 -  -  [10/May/2015:21:18:24 +0000] "POST / HTTP/1.1" 200 - "http://localhost:8080/sendEmail" "Mozilla/5.0 (Macintosh; Intel Mac OS X 10_9_4) AppleWebKit/537.36 (KHTML, like Gecko) Chrome/42.0.2311.135 Safari/537.36"
0:0:0:0:0:0:0:1 -  -  [10/May/2015:21:27:24 +0000] "GET / HTTP/1.1" 200 - "-" "Mozilla/5.0 (Macintosh; Intel Mac OS X 10_9_4) AppleWebKit/537.36 (KHTML, like Gecko) Chrome/42.0.2311.135 Safari/537.36"
0:0:0:0:0:0:0:1 -  -  [10/May/2015:21:27:28 +0000] "POST /userLoginManager HTTP/1.1" 200 - "http://localhost:8080/" "Mozilla/5.0 (Macintosh; Intel Mac OS X 10_9_4) AppleWebKit/537.36 (KHTML, like Gecko) Chrome/42.0.2311.135 Safari/537.36"
0:0:0:0:0:0:0:1 -  -  [10/May/2015:21:27:28 +0000] "GET /welcome HTTP/1.1" 200 - "http://localhost:8080/" "Mozilla/5.0 (Macintosh; Intel Mac OS X 10_9_4) AppleWebKit/537.36 (KHTML, like Gecko) Chrome/42.0.2311.135 Safari/537.36"
0:0:0:0:0:0:0:1 -  -  [10/May/2015:21:27:30 +0000] "POST /afterWelcomeBeforeInboxManager HTTP/1.1" 200 - "http://localhost:8080/welcome" "Mozilla/5.0 (Macintosh; Intel Mac OS X 10_9_4) AppleWebKit/537.36 (KHTML, like Gecko) Chrome/42.0.2311.135 Safari/537.36"
0:0:0:0:0:0:0:1 -  -  [10/May/2015:21:27:30 +0000] "GET /inbox HTTP/1.1" 200 - "http://localhost:8080/welcome" "Mozilla/5.0 (Macintosh; Intel Mac OS X 10_9_4) AppleWebKit/537.36 (KHTML, like Gecko) Chrome/42.0.2311.135 Safari/537.36"
0:0:0:0:0:0:0:1 -  -  [10/May/2015:21:27:30 +0000] "GET /sendEmail HTTP/1.1" 200 - "http://localhost:8080/inbox" "Mozilla/5.0 (Macintosh; Intel Mac OS X 10_9_4) AppleWebKit/537.36 (KHTML, like Gecko) Chrome/42.0.2311.135 Safari/537.36"
0:0:0:0:0:0:0:1 -  -  [10/May/2015:21:27:35 +0000] "POST /sendEmailManager HTTP/1.1" 200 - "http://localhost:8080/sendEmail" "Mozilla/5.0 (Macintosh; Intel Mac OS X 10_9_4) AppleWebKit/537.36 (KHTML, like Gecko) Chrome/42.0.2311.135 Safari/537.36"
0:0:0:0:0:0:0:1 -  -  [10/May/2015:21:42:13 +0000] "GET / HTTP/1.1" 200 - "-" "Mozilla/5.0 (Macintosh; Intel Mac OS X 10_9_4) AppleWebKit/537.36 (KHTML, like Gecko) Chrome/42.0.2311.135 Safari/537.36"
0:0:0:0:0:0:0:1 -  -  [10/May/2015:21:42:13 +0000] "GET / HTTP/1.1" 200 - "-" "Mozilla/5.0 (Macintosh; Intel Mac OS X 10_9_4) AppleWebKit/537.36 (KHTML, like Gecko) Chrome/42.0.2311.135 Safari/537.36"
0:0:0:0:0:0:0:1 -  -  [10/May/2015:21:42:16 +0000] "POST /userLoginManager HTTP/1.1" 200 - "http://localhost:8080/" "Mozilla/5.0 (Macintosh; Intel Mac OS X 10_9_4) AppleWebKit/537.36 (KHTML, like Gecko) Chrome/42.0.2311.135 Safari/537.36"
0:0:0:0:0:0:0:1 -  -  [10/May/2015:21:42:16 +0000] "GET /welcome HTTP/1.1" 200 - "http://localhost:8080/" "Mozilla/5.0 (Macintosh; Intel Mac OS X 10_9_4) AppleWebKit/537.36 (KHTML, like Gecko) Chrome/42.0.2311.135 Safari/537.36"
0:0:0:0:0:0:0:1 -  -  [10/May/2015:21:42:17 +0000] "POST /afterWelcomeBeforeInboxManager HTTP/1.1" 200 - "http://localhost:8080/welcome" "Mozilla/5.0 (Macintosh; Intel Mac OS X 10_9_4) AppleWebKit/537.36 (KHTML, like Gecko) Chrome/42.0.2311.135 Safari/537.36"
0:0:0:0:0:0:0:1 -  -  [10/May/2015:21:42:17 +0000] "GET /inbox HTTP/1.1" 200 - "http://localhost:8080/welcome" "Mozilla/5.0 (Macintosh; Intel Mac OS X 10_9_4) AppleWebKit/537.36 (KHTML, like Gecko) Chrome/42.0.2311.135 Safari/537.36"
0:0:0:0:0:0:0:1 -  -  [10/May/2015:21:42:19 +0000] "GET /sendEmail HTTP/1.1" 200 - "http://localhost:8080/inbox" "Mozilla/5.0 (Macintosh; Intel Mac OS X 10_9_4) AppleWebKit/537.36 (KHTML, like Gecko) Chrome/42.0.2311.135 Safari/537.36"
0:0:0:0:0:0:0:1 -  -  [10/May/2015:21:42:24 +0000] "POST /sendEmailManager HTTP/1.1" 200 - "http://localhost:8080/sendEmail" "Mozilla/5.0 (Macintosh; Intel Mac OS X 10_9_4) AppleWebKit/537.36 (KHTML, like Gecko) Chrome/42.0.2311.135 Safari/537.36"
0:0:0:0:0:0:0:1 -  -  [10/May/2015:21:50:31 +0000] "GET / HTTP/1.1" 200 - "-" "Mozilla/5.0 (Macintosh; Intel Mac OS X 10_9_4) AppleWebKit/537.36 (KHTML, like Gecko) Chrome/42.0.2311.135 Safari/537.36"
0:0:0:0:0:0:0:1 -  -  [10/May/2015:21:50:31 +0000] "GET / HTTP/1.1" 200 - "-" "Mozilla/5.0 (Macintosh; Intel Mac OS X 10_9_4) AppleWebKit/537.36 (KHTML, like Gecko) Chrome/42.0.2311.135 Safari/537.36"
0:0:0:0:0:0:0:1 -  -  [10/May/2015:21:50:34 +0000] "POST /userLoginManager HTTP/1.1" 200 - "http://localhost:8080/" "Mozilla/5.0 (Macintosh; Intel Mac OS X 10_9_4) AppleWebKit/537.36 (KHTML, like Gecko) Chrome/42.0.2311.135 Safari/537.36"
0:0:0:0:0:0:0:1 -  -  [10/May/2015:21:50:35 +0000] "GET /welcome HTTP/1.1" 200 - "http://localhost:8080/" "Mozilla/5.0 (Macintosh; Intel Mac OS X 10_9_4) AppleWebKit/537.36 (KHTML, like Gecko) Chrome/42.0.2311.135 Safari/537.36"
0:0:0:0:0:0:0:1 -  -  [10/May/2015:21:50:36 +0000] "POST /afterWelcomeBeforeInboxManager HTTP/1.1" 200 - "http://localhost:8080/welcome" "Mozilla/5.0 (Macintosh; Intel Mac OS X 10_9_4) AppleWebKit/537.36 (KHTML, like Gecko) Chrome/42.0.2311.135 Safari/537.36"
0:0:0:0:0:0:0:1 -  -  [10/May/2015:21:50:36 +0000] "GET /inbox HTTP/1.1" 200 - "http://localhost:8080/welcome" "Mozilla/5.0 (Macintosh; Intel Mac OS X 10_9_4) AppleWebKit/537.36 (KHTML, like Gecko) Chrome/42.0.2311.135 Safari/537.36"
0:0:0:0:0:0:0:1 -  -  [10/May/2015:21:50:37 +0000] "GET /sendEmail HTTP/1.1" 200 - "http://localhost:8080/inbox" "Mozilla/5.0 (Macintosh; Intel Mac OS X 10_9_4) AppleWebKit/537.36 (KHTML, like Gecko) Chrome/42.0.2311.135 Safari/537.36"
0:0:0:0:0:0:0:1 -  -  [10/May/2015:21:50:42 +0000] "POST /sendEmailManager HTTP/1.1" 200 - "http://localhost:8080/sendEmail" "Mozilla/5.0 (Macintosh; Intel Mac OS X 10_9_4) AppleWebKit/537.36 (KHTML, like Gecko) Chrome/42.0.2311.135 Safari/537.36"
0:0:0:0:0:0:0:1 -  -  [10/May/2015:21:58:12 +0000] "GET / HTTP/1.1" 200 - "-" "Mozilla/5.0 (Macintosh; Intel Mac OS X 10_9_4) AppleWebKit/537.36 (KHTML, like Gecko) Chrome/42.0.2311.135 Safari/537.36"
0:0:0:0:0:0:0:1 -  -  [10/May/2015:21:58:12 +0000] "GET / HTTP/1.1" 200 - "-" "Mozilla/5.0 (Macintosh; Intel Mac OS X 10_9_4) AppleWebKit/537.36 (KHTML, like Gecko) Chrome/42.0.2311.135 Safari/537.36"
0:0:0:0:0:0:0:1 -  -  [10/May/2015:21:58:15 +0000] "POST /userLoginManager HTTP/1.1" 200 - "http://localhost:8080/" "Mozilla/5.0 (Macintosh; Intel Mac OS X 10_9_4) AppleWebKit/537.36 (KHTML, like Gecko) Chrome/42.0.2311.135 Safari/537.36"
0:0:0:0:0:0:0:1 -  -  [10/May/2015:21:58:16 +0000] "GET /welcome HTTP/1.1" 200 - "http://localhost:8080/" "Mozilla/5.0 (Macintosh; Intel Mac OS X 10_9_4) AppleWebKit/537.36 (KHTML, like Gecko) Chrome/42.0.2311.135 Safari/537.36"
0:0:0:0:0:0:0:1 -  -  [10/May/2015:21:58:17 +0000] "POST /afterWelcomeBeforeInboxManager HTTP/1.1" 200 - "http://localhost:8080/welcome" "Mozilla/5.0 (Macintosh; Intel Mac OS X 10_9_4) AppleWebKit/537.36 (KHTML, like Gecko) Chrome/42.0.2311.135 Safari/537.36"
0:0:0:0:0:0:0:1 -  -  [10/May/2015:21:58:17 +0000] "GET /inbox HTTP/1.1" 200 - "http://localhost:8080/welcome" "Mozilla/5.0 (Macintosh; Intel Mac OS X 10_9_4) AppleWebKit/537.36 (KHTML, like Gecko) Chrome/42.0.2311.135 Safari/537.36"
0:0:0:0:0:0:0:1 -  -  [10/May/2015:21:58:18 +0000] "GET /sendEmail HTTP/1.1" 200 - "http://localhost:8080/inbox" "Mozilla/5.0 (Macintosh; Intel Mac OS X 10_9_4) AppleWebKit/537.36 (KHTML, like Gecko) Chrome/42.0.2311.135 Safari/537.36"
0:0:0:0:0:0:0:1 -  -  [10/May/2015:21:58:22 +0000] "POST /sendEmailManager HTTP/1.1" 200 - "http://localhost:8080/sendEmail" "Mozilla/5.0 (Macintosh; Intel Mac OS X 10_9_4) AppleWebKit/537.36 (KHTML, like Gecko) Chrome/42.0.2311.135 Safari/537.36"
