0:0:0:0:0:0:0:1 -  -  [09/May/2015:00:31:07 +0000] "GET / HTTP/1.1" 200 - "-" "Mozilla/5.0 (Macintosh; Intel Mac OS X 10_9_4) AppleWebKit/537.36 (KHTML, like Gecko) Chrome/42.0.2311.135 Safari/537.36"
0:0:0:0:0:0:0:1 -  -  [09/May/2015:00:31:07 +0000] "GET / HTTP/1.1" 200 - "-" "Mozilla/5.0 (Macintosh; Intel Mac OS X 10_9_4) AppleWebKit/537.36 (KHTML, like Gecko) Chrome/42.0.2311.135 Safari/537.36"
0:0:0:0:0:0:0:1 -  -  [09/May/2015:00:31:08 +0000] "GET /login HTTP/1.1" 200 - "http://localhost:8080/" "Mozilla/5.0 (Macintosh; Intel Mac OS X 10_9_4) AppleWebKit/537.36 (KHTML, like Gecko) Chrome/42.0.2311.135 Safari/537.36"
0:0:0:0:0:0:0:1 -  -  [09/May/2015:00:31:12 +0000] "POST /userLoginManager HTTP/1.1" 200 - "http://localhost:8080/login" "Mozilla/5.0 (Macintosh; Intel Mac OS X 10_9_4) AppleWebKit/537.36 (KHTML, like Gecko) Chrome/42.0.2311.135 Safari/537.36"
0:0:0:0:0:0:0:1 -  -  [09/May/2015:00:31:12 +0000] "GET /welcome HTTP/1.1" 200 - "http://localhost:8080/login" "Mozilla/5.0 (Macintosh; Intel Mac OS X 10_9_4) AppleWebKit/537.36 (KHTML, like Gecko) Chrome/42.0.2311.135 Safari/537.36"
0:0:0:0:0:0:0:1 -  -  [09/May/2015:00:31:14 +0000] "POST /afterWelcomeBeforeInboxManager HTTP/1.1" 200 - "http://localhost:8080/welcome" "Mozilla/5.0 (Macintosh; Intel Mac OS X 10_9_4) AppleWebKit/537.36 (KHTML, like Gecko) Chrome/42.0.2311.135 Safari/537.36"
0:0:0:0:0:0:0:1 -  -  [09/May/2015:00:31:14 +0000] "GET /inbox HTTP/1.1" 200 - "http://localhost:8080/welcome" "Mozilla/5.0 (Macintosh; Intel Mac OS X 10_9_4) AppleWebKit/537.36 (KHTML, like Gecko) Chrome/42.0.2311.135 Safari/537.36"
0:0:0:0:0:0:0:1 -  -  [09/May/2015:00:31:16 +0000] "GET /sent HTTP/1.1" 200 - "http://localhost:8080/inbox" "Mozilla/5.0 (Macintosh; Intel Mac OS X 10_9_4) AppleWebKit/537.36 (KHTML, like Gecko) Chrome/42.0.2311.135 Safari/537.36"
0:0:0:0:0:0:0:1 -  -  [09/May/2015:00:31:18 +0000] "GET /inbox HTTP/1.1" 200 - "http://localhost:8080/sent" "Mozilla/5.0 (Macintosh; Intel Mac OS X 10_9_4) AppleWebKit/537.36 (KHTML, like Gecko) Chrome/42.0.2311.135 Safari/537.36"
0:0:0:0:0:0:0:1 -  -  [09/May/2015:00:31:21 +0000] "GET /sent HTTP/1.1" 200 - "http://localhost:8080/inbox" "Mozilla/5.0 (Macintosh; Intel Mac OS X 10_9_4) AppleWebKit/537.36 (KHTML, like Gecko) Chrome/42.0.2311.135 Safari/537.36"
0:0:0:0:0:0:0:1 -  -  [09/May/2015:00:31:22 +0000] "GET /viewEmail?emailID=166&infolder=sent HTTP/1.1" 200 - "http://localhost:8080/sent" "Mozilla/5.0 (Macintosh; Intel Mac OS X 10_9_4) AppleWebKit/537.36 (KHTML, like Gecko) Chrome/42.0.2311.135 Safari/537.36"
0:0:0:0:0:0:0:1 -  -  [09/May/2015:00:31:28 +0000] "GET /returnManager?folder=sent HTTP/1.1" 200 - "http://localhost:8080/viewEmail?emailID=166&infolder=sent" "Mozilla/5.0 (Macintosh; Intel Mac OS X 10_9_4) AppleWebKit/537.36 (KHTML, like Gecko) Chrome/42.0.2311.135 Safari/537.36"
0:0:0:0:0:0:0:1 -  -  [09/May/2015:00:31:28 +0000] "GET /sent HTTP/1.1" 200 - "http://localhost:8080/viewEmail?emailID=166&infolder=sent" "Mozilla/5.0 (Macintosh; Intel Mac OS X 10_9_4) AppleWebKit/537.36 (KHTML, like Gecko) Chrome/42.0.2311.135 Safari/537.36"
0:0:0:0:0:0:0:1 -  -  [09/May/2015:00:31:32 +0000] "GET /inbox HTTP/1.1" 200 - "http://localhost:8080/sent" "Mozilla/5.0 (Macintosh; Intel Mac OS X 10_9_4) AppleWebKit/537.36 (KHTML, like Gecko) Chrome/42.0.2311.135 Safari/537.36"
0:0:0:0:0:0:0:1 -  -  [09/May/2015:00:31:33 +0000] "GET /sendEmail HTTP/1.1" 200 - "http://localhost:8080/inbox" "Mozilla/5.0 (Macintosh; Intel Mac OS X 10_9_4) AppleWebKit/537.36 (KHTML, like Gecko) Chrome/42.0.2311.135 Safari/537.36"
0:0:0:0:0:0:0:1 -  -  [09/May/2015:00:31:56 +0000] "POST /uploadManager HTTP/1.1" 200 - "http://localhost:8080/sendEmail" "Mozilla/5.0 (Macintosh; Intel Mac OS X 10_9_4) AppleWebKit/537.36 (KHTML, like Gecko) Chrome/42.0.2311.135 Safari/537.36"
0:0:0:0:0:0:0:1 -  -  [09/May/2015:00:31:56 +0000] "GET /sendEmail HTTP/1.1" 200 - "http://localhost:8080/sendEmail" "Mozilla/5.0 (Macintosh; Intel Mac OS X 10_9_4) AppleWebKit/537.36 (KHTML, like Gecko) Chrome/42.0.2311.135 Safari/537.36"
0:0:0:0:0:0:0:1 -  -  [09/May/2015:00:32:02 +0000] "POST /uploadManager HTTP/1.1" 200 - "http://localhost:8080/sendEmail" "Mozilla/5.0 (Macintosh; Intel Mac OS X 10_9_4) AppleWebKit/537.36 (KHTML, like Gecko) Chrome/42.0.2311.135 Safari/537.36"
0:0:0:0:0:0:0:1 -  -  [09/May/2015:00:32:02 +0000] "GET /sendEmail HTTP/1.1" 200 - "http://localhost:8080/sendEmail" "Mozilla/5.0 (Macintosh; Intel Mac OS X 10_9_4) AppleWebKit/537.36 (KHTML, like Gecko) Chrome/42.0.2311.135 Safari/537.36"
0:0:0:0:0:0:0:1 -  -  [09/May/2015:00:32:16 +0000] "POST /sendEmailManager HTTP/1.1" 200 - "http://localhost:8080/sendEmail" "Mozilla/5.0 (Macintosh; Intel Mac OS X 10_9_4) AppleWebKit/537.36 (KHTML, like Gecko) Chrome/42.0.2311.135 Safari/537.36"
0:0:0:0:0:0:0:1 -  -  [09/May/2015:00:32:19 +0000] "GET /emailSendSuccess HTTP/1.1" 200 - "http://localhost:8080/sendEmail" "Mozilla/5.0 (Macintosh; Intel Mac OS X 10_9_4) AppleWebKit/537.36 (KHTML, like Gecko) Chrome/42.0.2311.135 Safari/537.36"
0:0:0:0:0:0:0:1 -  -  [09/May/2015:00:33:47 +0000] "GET / HTTP/1.1" 200 - "-" "Mozilla/5.0 (Macintosh; Intel Mac OS X 10_9_4) AppleWebKit/537.36 (KHTML, like Gecko) Chrome/42.0.2311.135 Safari/537.36"
0:0:0:0:0:0:0:1 -  -  [09/May/2015:00:33:47 +0000] "GET / HTTP/1.1" 200 - "-" "Mozilla/5.0 (Macintosh; Intel Mac OS X 10_9_4) AppleWebKit/537.36 (KHTML, like Gecko) Chrome/42.0.2311.135 Safari/537.36"
0:0:0:0:0:0:0:1 -  -  [09/May/2015:00:33:48 +0000] "GET /login HTTP/1.1" 200 - "http://localhost:8080/" "Mozilla/5.0 (Macintosh; Intel Mac OS X 10_9_4) AppleWebKit/537.36 (KHTML, like Gecko) Chrome/42.0.2311.135 Safari/537.36"
0:0:0:0:0:0:0:1 -  -  [09/May/2015:00:33:53 +0000] "POST /userLoginManager HTTP/1.1" 200 - "http://localhost:8080/login" "Mozilla/5.0 (Macintosh; Intel Mac OS X 10_9_4) AppleWebKit/537.36 (KHTML, like Gecko) Chrome/42.0.2311.135 Safari/537.36"
0:0:0:0:0:0:0:1 -  -  [09/May/2015:00:33:53 +0000] "GET /welcome HTTP/1.1" 200 - "http://localhost:8080/login" "Mozilla/5.0 (Macintosh; Intel Mac OS X 10_9_4) AppleWebKit/537.36 (KHTML, like Gecko) Chrome/42.0.2311.135 Safari/537.36"
0:0:0:0:0:0:0:1 -  -  [09/May/2015:00:33:54 +0000] "POST /afterWelcomeBeforeInboxManager HTTP/1.1" 200 - "http://localhost:8080/welcome" "Mozilla/5.0 (Macintosh; Intel Mac OS X 10_9_4) AppleWebKit/537.36 (KHTML, like Gecko) Chrome/42.0.2311.135 Safari/537.36"
0:0:0:0:0:0:0:1 -  -  [09/May/2015:00:33:54 +0000] "GET /inbox HTTP/1.1" 200 - "http://localhost:8080/welcome" "Mozilla/5.0 (Macintosh; Intel Mac OS X 10_9_4) AppleWebKit/537.36 (KHTML, like Gecko) Chrome/42.0.2311.135 Safari/537.36"
0:0:0:0:0:0:0:1 -  -  [09/May/2015:00:33:57 +0000] "GET /sendEmail HTTP/1.1" 200 - "http://localhost:8080/inbox" "Mozilla/5.0 (Macintosh; Intel Mac OS X 10_9_4) AppleWebKit/537.36 (KHTML, like Gecko) Chrome/42.0.2311.135 Safari/537.36"
0:0:0:0:0:0:0:1 -  -  [09/May/2015:00:34:05 +0000] "POST /uploadManager HTTP/1.1" 200 - "http://localhost:8080/sendEmail" "Mozilla/5.0 (Macintosh; Intel Mac OS X 10_9_4) AppleWebKit/537.36 (KHTML, like Gecko) Chrome/42.0.2311.135 Safari/537.36"
0:0:0:0:0:0:0:1 -  -  [09/May/2015:00:34:05 +0000] "GET /sendEmail HTTP/1.1" 200 - "http://localhost:8080/sendEmail" "Mozilla/5.0 (Macintosh; Intel Mac OS X 10_9_4) AppleWebKit/537.36 (KHTML, like Gecko) Chrome/42.0.2311.135 Safari/537.36"
0:0:0:0:0:0:0:1 -  -  [09/May/2015:00:34:11 +0000] "POST /uploadManager HTTP/1.1" 200 - "http://localhost:8080/sendEmail" "Mozilla/5.0 (Macintosh; Intel Mac OS X 10_9_4) AppleWebKit/537.36 (KHTML, like Gecko) Chrome/42.0.2311.135 Safari/537.36"
0:0:0:0:0:0:0:1 -  -  [09/May/2015:00:34:11 +0000] "GET /sendEmail HTTP/1.1" 200 - "http://localhost:8080/sendEmail" "Mozilla/5.0 (Macintosh; Intel Mac OS X 10_9_4) AppleWebKit/537.36 (KHTML, like Gecko) Chrome/42.0.2311.135 Safari/537.36"
0:0:0:0:0:0:0:1 -  -  [09/May/2015:00:34:28 +0000] "POST /sendEmailManager HTTP/1.1" 200 - "http://localhost:8080/sendEmail" "Mozilla/5.0 (Macintosh; Intel Mac OS X 10_9_4) AppleWebKit/537.36 (KHTML, like Gecko) Chrome/42.0.2311.135 Safari/537.36"
0:0:0:0:0:0:0:1 -  -  [09/May/2015:00:34:30 +0000] "GET /emailSendSuccess HTTP/1.1" 200 - "http://localhost:8080/sendEmail" "Mozilla/5.0 (Macintosh; Intel Mac OS X 10_9_4) AppleWebKit/537.36 (KHTML, like Gecko) Chrome/42.0.2311.135 Safari/537.36"
0:0:0:0:0:0:0:1 -  -  [09/May/2015:00:52:02 +0000] "GET /sendEmail HTTP/1.1" 200 - "http://localhost:8080/inbox" "Mozilla/5.0 (Macintosh; Intel Mac OS X 10_9_4) AppleWebKit/537.36 (KHTML, like Gecko) Chrome/42.0.2311.135 Safari/537.36"
0:0:0:0:0:0:0:1 -  -  [09/May/2015:00:52:15 +0000] "POST /uploadManager HTTP/1.1" 200 - "http://localhost:8080/sendEmail" "Mozilla/5.0 (Macintosh; Intel Mac OS X 10_9_4) AppleWebKit/537.36 (KHTML, like Gecko) Chrome/42.0.2311.135 Safari/537.36"
0:0:0:0:0:0:0:1 -  -  [09/May/2015:00:52:15 +0000] "GET /sendEmail HTTP/1.1" 200 - "http://localhost:8080/sendEmail" "Mozilla/5.0 (Macintosh; Intel Mac OS X 10_9_4) AppleWebKit/537.36 (KHTML, like Gecko) Chrome/42.0.2311.135 Safari/537.36"
0:0:0:0:0:0:0:1 -  -  [09/May/2015:00:52:30 +0000] "POST /uploadManager HTTP/1.1" 200 - "http://localhost:8080/sendEmail" "Mozilla/5.0 (Macintosh; Intel Mac OS X 10_9_4) AppleWebKit/537.36 (KHTML, like Gecko) Chrome/42.0.2311.135 Safari/537.36"
0:0:0:0:0:0:0:1 -  -  [09/May/2015:00:52:30 +0000] "GET /sendEmail HTTP/1.1" 200 - "http://localhost:8080/sendEmail" "Mozilla/5.0 (Macintosh; Intel Mac OS X 10_9_4) AppleWebKit/537.36 (KHTML, like Gecko) Chrome/42.0.2311.135 Safari/537.36"
0:0:0:0:0:0:0:1 -  -  [09/May/2015:00:52:39 +0000] "POST /sendEmailManager HTTP/1.1" 200 - "http://localhost:8080/sendEmail" "Mozilla/5.0 (Macintosh; Intel Mac OS X 10_9_4) AppleWebKit/537.36 (KHTML, like Gecko) Chrome/42.0.2311.135 Safari/537.36"
0:0:0:0:0:0:0:1 -  -  [09/May/2015:00:52:43 +0000] "GET /emailSendSuccess HTTP/1.1" 200 - "http://localhost:8080/sendEmail" "Mozilla/5.0 (Macintosh; Intel Mac OS X 10_9_4) AppleWebKit/537.36 (KHTML, like Gecko) Chrome/42.0.2311.135 Safari/537.36"
0:0:0:0:0:0:0:1 -  -  [09/May/2015:00:53:37 +0000] "GET / HTTP/1.1" 200 - "-" "Mozilla/5.0 (Macintosh; Intel Mac OS X 10_9_4) AppleWebKit/537.36 (KHTML, like Gecko) Chrome/42.0.2311.135 Safari/537.36"
0:0:0:0:0:0:0:1 -  -  [09/May/2015:00:53:37 +0000] "GET / HTTP/1.1" 200 - "-" "Mozilla/5.0 (Macintosh; Intel Mac OS X 10_9_4) AppleWebKit/537.36 (KHTML, like Gecko) Chrome/42.0.2311.135 Safari/537.36"
0:0:0:0:0:0:0:1 -  -  [09/May/2015:00:53:38 +0000] "GET /login HTTP/1.1" 200 - "http://localhost:8080/" "Mozilla/5.0 (Macintosh; Intel Mac OS X 10_9_4) AppleWebKit/537.36 (KHTML, like Gecko) Chrome/42.0.2311.135 Safari/537.36"
0:0:0:0:0:0:0:1 -  -  [09/May/2015:00:53:43 +0000] "POST /userLoginManager HTTP/1.1" 200 - "http://localhost:8080/login" "Mozilla/5.0 (Macintosh; Intel Mac OS X 10_9_4) AppleWebKit/537.36 (KHTML, like Gecko) Chrome/42.0.2311.135 Safari/537.36"
0:0:0:0:0:0:0:1 -  -  [09/May/2015:00:53:43 +0000] "GET /welcome HTTP/1.1" 200 - "http://localhost:8080/login" "Mozilla/5.0 (Macintosh; Intel Mac OS X 10_9_4) AppleWebKit/537.36 (KHTML, like Gecko) Chrome/42.0.2311.135 Safari/537.36"
0:0:0:0:0:0:0:1 -  -  [09/May/2015:00:53:44 +0000] "POST /afterWelcomeBeforeInboxManager HTTP/1.1" 200 - "http://localhost:8080/welcome" "Mozilla/5.0 (Macintosh; Intel Mac OS X 10_9_4) AppleWebKit/537.36 (KHTML, like Gecko) Chrome/42.0.2311.135 Safari/537.36"
0:0:0:0:0:0:0:1 -  -  [09/May/2015:00:53:44 +0000] "GET /inbox HTTP/1.1" 200 - "http://localhost:8080/welcome" "Mozilla/5.0 (Macintosh; Intel Mac OS X 10_9_4) AppleWebKit/537.36 (KHTML, like Gecko) Chrome/42.0.2311.135 Safari/537.36"
0:0:0:0:0:0:0:1 -  -  [09/May/2015:00:53:57 +0000] "GET /contacts?infolder=inbox HTTP/1.1" 200 - "http://localhost:8080/inbox" "Mozilla/5.0 (Macintosh; Intel Mac OS X 10_9_4) AppleWebKit/537.36 (KHTML, like Gecko) Chrome/42.0.2311.135 Safari/537.36"
0:0:0:0:0:0:0:1 -  -  [09/May/2015:00:54:13 +0000] "GET /sendEmailWithTo?to=roger9217605@gmail.com HTTP/1.1" 200 - "http://localhost:8080/contacts?infolder=inbox" "Mozilla/5.0 (Macintosh; Intel Mac OS X 10_9_4) AppleWebKit/537.36 (KHTML, like Gecko) Chrome/42.0.2311.135 Safari/537.36"
0:0:0:0:0:0:0:1 -  -  [09/May/2015:00:54:21 +0000] "GET /sendEmailWithTo?to=test9217606@gmail.com HTTP/1.1" 200 - "http://localhost:8080/contacts?infolder=inbox" "Mozilla/5.0 (Macintosh; Intel Mac OS X 10_9_4) AppleWebKit/537.36 (KHTML, like Gecko) Chrome/42.0.2311.135 Safari/537.36"
0:0:0:0:0:0:0:1 -  -  [09/May/2015:00:54:31 +0000] "POST /sendEmailManager HTTP/1.1" 200 - "http://localhost:8080/sendEmailWithTo?to=test9217606@gmail.com" "Mozilla/5.0 (Macintosh; Intel Mac OS X 10_9_4) AppleWebKit/537.36 (KHTML, like Gecko) Chrome/42.0.2311.135 Safari/537.36"
0:0:0:0:0:0:0:1 -  -  [09/May/2015:00:54:33 +0000] "GET /emailSendSuccess HTTP/1.1" 200 - "http://localhost:8080/sendEmailWithTo?to=test9217606@gmail.com" "Mozilla/5.0 (Macintosh; Intel Mac OS X 10_9_4) AppleWebKit/537.36 (KHTML, like Gecko) Chrome/42.0.2311.135 Safari/537.36"
0:0:0:0:0:0:0:1 -  -  [09/May/2015:00:54:35 +0000] "GET /inbox HTTP/1.1" 200 - "http://localhost:8080/emailSendSuccess" "Mozilla/5.0 (Macintosh; Intel Mac OS X 10_9_4) AppleWebKit/537.36 (KHTML, like Gecko) Chrome/42.0.2311.135 Safari/537.36"
0:0:0:0:0:0:0:1 -  -  [09/May/2015:00:54:46 +0000] "GET /sent HTTP/1.1" 200 - "http://localhost:8080/inbox" "Mozilla/5.0 (Macintosh; Intel Mac OS X 10_9_4) AppleWebKit/537.36 (KHTML, like Gecko) Chrome/42.0.2311.135 Safari/537.36"
0:0:0:0:0:0:0:1 -  -  [09/May/2015:00:54:47 +0000] "GET /draft HTTP/1.1" 200 - "http://localhost:8080/sent" "Mozilla/5.0 (Macintosh; Intel Mac OS X 10_9_4) AppleWebKit/537.36 (KHTML, like Gecko) Chrome/42.0.2311.135 Safari/537.36"
0:0:0:0:0:0:0:1 -  -  [09/May/2015:00:54:49 +0000] "GET /trash HTTP/1.1" 200 - "http://localhost:8080/draft" "Mozilla/5.0 (Macintosh; Intel Mac OS X 10_9_4) AppleWebKit/537.36 (KHTML, like Gecko) Chrome/42.0.2311.135 Safari/537.36"
0:0:0:0:0:0:0:1 -  -  [09/May/2015:00:54:51 +0000] "GET /inbox HTTP/1.1" 200 - "http://localhost:8080/trash" "Mozilla/5.0 (Macintosh; Intel Mac OS X 10_9_4) AppleWebKit/537.36 (KHTML, like Gecko) Chrome/42.0.2311.135 Safari/537.36"
0:0:0:0:0:0:0:1 -  -  [09/May/2015:00:54:52 +0000] "GET /trash HTTP/1.1" 200 - "http://localhost:8080/inbox" "Mozilla/5.0 (Macintosh; Intel Mac OS X 10_9_4) AppleWebKit/537.36 (KHTML, like Gecko) Chrome/42.0.2311.135 Safari/537.36"
0:0:0:0:0:0:0:1 -  -  [09/May/2015:00:54:54 +0000] "GET /emptyManager HTTP/1.1" 200 - "http://localhost:8080/trash" "Mozilla/5.0 (Macintosh; Intel Mac OS X 10_9_4) AppleWebKit/537.36 (KHTML, like Gecko) Chrome/42.0.2311.135 Safari/537.36"
0:0:0:0:0:0:0:1 -  -  [09/May/2015:00:54:54 +0000] "GET /trash HTTP/1.1" 200 - "http://localhost:8080/trash" "Mozilla/5.0 (Macintosh; Intel Mac OS X 10_9_4) AppleWebKit/537.36 (KHTML, like Gecko) Chrome/42.0.2311.135 Safari/537.36"
0:0:0:0:0:0:0:1 -  -  [09/May/2015:00:54:55 +0000] "GET /inbox HTTP/1.1" 200 - "http://localhost:8080/trash" "Mozilla/5.0 (Macintosh; Intel Mac OS X 10_9_4) AppleWebKit/537.36 (KHTML, like Gecko) Chrome/42.0.2311.135 Safari/537.36"
0:0:0:0:0:0:0:1 -  -  [09/May/2015:00:56:10 +0000] "GET /checkEmailManager HTTP/1.1" 200 - "http://localhost:8080/inbox" "Mozilla/5.0 (Macintosh; Intel Mac OS X 10_9_4) AppleWebKit/537.36 (KHTML, like Gecko) Chrome/42.0.2311.135 Safari/537.36"
0:0:0:0:0:0:0:1 -  -  [09/May/2015:00:56:14 +0000] "GET /inbox HTTP/1.1" 200 - "http://localhost:8080/inbox" "Mozilla/5.0 (Macintosh; Intel Mac OS X 10_9_4) AppleWebKit/537.36 (KHTML, like Gecko) Chrome/42.0.2311.135 Safari/537.36"
0:0:0:0:0:0:0:1 -  -  [09/May/2015:00:56:15 +0000] "GET /viewEmail?emailID=171&infolder=inbox HTTP/1.1" 200 - "http://localhost:8080/inbox" "Mozilla/5.0 (Macintosh; Intel Mac OS X 10_9_4) AppleWebKit/537.36 (KHTML, like Gecko) Chrome/42.0.2311.135 Safari/537.36"
0:0:0:0:0:0:0:1 -  -  [09/May/2015:00:56:17 +0000] "GET /files/attachments/test9217605@gmail.com/GmailId14d362bede3caccf/Archive.zip HTTP/1.1" 200 - "-" "Mozilla/5.0 (Macintosh; Intel Mac OS X 10_9_4) AppleWebKit/537.36 (KHTML, like Gecko) Chrome/42.0.2311.135 Safari/537.36"
