0:0:0:0:0:0:0:1 -  -  [04/Dec/2014:05:09:30 +0000] "GET /login HTTP/1.1" 200 - "-" "Mozilla/5.0 (Macintosh; Intel Mac OS X 10_9_4) AppleWebKit/537.36 (KHTML, like Gecko) Chrome/39.0.2171.71 Safari/537.36"
0:0:0:0:0:0:0:1 -  -  [04/Dec/2014:05:09:34 +0000] "POST /userLoginManager HTTP/1.1" 200 - "http://localhost:8080/login" "Mozilla/5.0 (Macintosh; Intel Mac OS X 10_9_4) AppleWebKit/537.36 (KHTML, like Gecko) Chrome/39.0.2171.71 Safari/537.36"
0:0:0:0:0:0:0:1 -  -  [04/Dec/2014:05:09:35 +0000] "GET /welcome HTTP/1.1" 200 - "http://localhost:8080/login" "Mozilla/5.0 (Macintosh; Intel Mac OS X 10_9_4) AppleWebKit/537.36 (KHTML, like Gecko) Chrome/39.0.2171.71 Safari/537.36"
0:0:0:0:0:0:0:1 -  -  [04/Dec/2014:05:09:36 +0000] "POST /afterWelcomeBeforeInboxManager HTTP/1.1" 200 - "http://localhost:8080/welcome" "Mozilla/5.0 (Macintosh; Intel Mac OS X 10_9_4) AppleWebKit/537.36 (KHTML, like Gecko) Chrome/39.0.2171.71 Safari/537.36"
0:0:0:0:0:0:0:1 -  -  [04/Dec/2014:05:09:36 +0000] "GET /inbox HTTP/1.1" 200 - "http://localhost:8080/welcome" "Mozilla/5.0 (Macintosh; Intel Mac OS X 10_9_4) AppleWebKit/537.36 (KHTML, like Gecko) Chrome/39.0.2171.71 Safari/537.36"
0:0:0:0:0:0:0:1 -  -  [04/Dec/2014:05:09:36 +0000] "GET /files/images/right.png HTTP/1.1" 200 - "http://localhost:8080/inbox" "Mozilla/5.0 (Macintosh; Intel Mac OS X 10_9_4) AppleWebKit/537.36 (KHTML, like Gecko) Chrome/39.0.2171.71 Safari/537.36"
0:0:0:0:0:0:0:1 -  -  [04/Dec/2014:05:09:36 +0000] "GET /files/images/left.png HTTP/1.1" 200 - "http://localhost:8080/inbox" "Mozilla/5.0 (Macintosh; Intel Mac OS X 10_9_4) AppleWebKit/537.36 (KHTML, like Gecko) Chrome/39.0.2171.71 Safari/537.36"
0:0:0:0:0:0:0:1 -  -  [04/Dec/2014:05:09:49 +0000] "GET /checkEmailManager HTTP/1.1" 200 - "http://localhost:8080/inbox" "Mozilla/5.0 (Macintosh; Intel Mac OS X 10_9_4) AppleWebKit/537.36 (KHTML, like Gecko) Chrome/39.0.2171.71 Safari/537.36"
0:0:0:0:0:0:0:1 -  -  [04/Dec/2014:05:09:51 +0000] "GET /inbox HTTP/1.1" 200 - "http://localhost:8080/inbox" "Mozilla/5.0 (Macintosh; Intel Mac OS X 10_9_4) AppleWebKit/537.36 (KHTML, like Gecko) Chrome/39.0.2171.71 Safari/537.36"
0:0:0:0:0:0:0:1 -  -  [04/Dec/2014:05:10:24 +0000] "GET /sent HTTP/1.1" 200 - "http://localhost:8080/inbox" "Mozilla/5.0 (Macintosh; Intel Mac OS X 10_9_4) AppleWebKit/537.36 (KHTML, like Gecko) Chrome/39.0.2171.71 Safari/537.36"
0:0:0:0:0:0:0:1 -  -  [04/Dec/2014:05:10:27 +0000] "GET /rightManager?folder=sent HTTP/1.1" 200 - "http://localhost:8080/sent" "Mozilla/5.0 (Macintosh; Intel Mac OS X 10_9_4) AppleWebKit/537.36 (KHTML, like Gecko) Chrome/39.0.2171.71 Safari/537.36"
0:0:0:0:0:0:0:1 -  -  [04/Dec/2014:05:10:27 +0000] "GET /sent?order=date HTTP/1.1" 200 - "http://localhost:8080/sent" "Mozilla/5.0 (Macintosh; Intel Mac OS X 10_9_4) AppleWebKit/537.36 (KHTML, like Gecko) Chrome/39.0.2171.71 Safari/537.36"
0:0:0:0:0:0:0:1 -  -  [04/Dec/2014:05:10:28 +0000] "GET /leftManager?folder=sent HTTP/1.1" 200 - "http://localhost:8080/sent?order=date" "Mozilla/5.0 (Macintosh; Intel Mac OS X 10_9_4) AppleWebKit/537.36 (KHTML, like Gecko) Chrome/39.0.2171.71 Safari/537.36"
0:0:0:0:0:0:0:1 -  -  [04/Dec/2014:05:10:28 +0000] "GET /sent?order=date HTTP/1.1" 200 - "http://localhost:8080/sent?order=date" "Mozilla/5.0 (Macintosh; Intel Mac OS X 10_9_4) AppleWebKit/537.36 (KHTML, like Gecko) Chrome/39.0.2171.71 Safari/537.36"
0:0:0:0:0:0:0:1 -  -  [04/Dec/2014:05:11:21 +0000] "GET /sendEmail HTTP/1.1" 200 - "http://localhost:8080/sent?order=date" "Mozilla/5.0 (Macintosh; Intel Mac OS X 10_9_4) AppleWebKit/537.36 (KHTML, like Gecko) Chrome/39.0.2171.71 Safari/537.36"
0:0:0:0:0:0:0:1 -  -  [04/Dec/2014:05:11:25 +0000] "GET /checkEmailManager HTTP/1.1" 200 - "http://localhost:8080/sent?order=date" "Mozilla/5.0 (Macintosh; Intel Mac OS X 10_9_4) AppleWebKit/537.36 (KHTML, like Gecko) Chrome/39.0.2171.71 Safari/537.36"
0:0:0:0:0:0:0:1 -  -  [04/Dec/2014:05:11:28 +0000] "GET /inbox HTTP/1.1" 200 - "http://localhost:8080/sent?order=date" "Mozilla/5.0 (Macintosh; Intel Mac OS X 10_9_4) AppleWebKit/537.36 (KHTML, like Gecko) Chrome/39.0.2171.71 Safari/537.36"
0:0:0:0:0:0:0:1 -  -  [04/Dec/2014:05:11:35 +0000] "GET /checkEmailManager HTTP/1.1" 200 - "http://localhost:8080/inbox" "Mozilla/5.0 (Macintosh; Intel Mac OS X 10_9_4) AppleWebKit/537.36 (KHTML, like Gecko) Chrome/39.0.2171.71 Safari/537.36"
0:0:0:0:0:0:0:1 -  -  [04/Dec/2014:05:11:37 +0000] "GET /inbox HTTP/1.1" 200 - "http://localhost:8080/inbox" "Mozilla/5.0 (Macintosh; Intel Mac OS X 10_9_4) AppleWebKit/537.36 (KHTML, like Gecko) Chrome/39.0.2171.71 Safari/537.36"
0:0:0:0:0:0:0:1 -  -  [04/Dec/2014:05:11:43 +0000] "GET /deleteManager?emailID=83&folder=inbox HTTP/1.1" 200 - "http://localhost:8080/inbox" "Mozilla/5.0 (Macintosh; Intel Mac OS X 10_9_4) AppleWebKit/537.36 (KHTML, like Gecko) Chrome/39.0.2171.71 Safari/537.36"
0:0:0:0:0:0:0:1 -  -  [04/Dec/2014:05:11:43 +0000] "GET /inbox HTTP/1.1" 200 - "http://localhost:8080/inbox" "Mozilla/5.0 (Macintosh; Intel Mac OS X 10_9_4) AppleWebKit/537.36 (KHTML, like Gecko) Chrome/39.0.2171.71 Safari/537.36"
0:0:0:0:0:0:0:1 -  -  [04/Dec/2014:05:11:44 +0000] "GET /deleteManager?emailID=90&folder=inbox HTTP/1.1" 200 - "http://localhost:8080/inbox" "Mozilla/5.0 (Macintosh; Intel Mac OS X 10_9_4) AppleWebKit/537.36 (KHTML, like Gecko) Chrome/39.0.2171.71 Safari/537.36"
0:0:0:0:0:0:0:1 -  -  [04/Dec/2014:05:11:44 +0000] "GET /inbox HTTP/1.1" 200 - "http://localhost:8080/inbox" "Mozilla/5.0 (Macintosh; Intel Mac OS X 10_9_4) AppleWebKit/537.36 (KHTML, like Gecko) Chrome/39.0.2171.71 Safari/537.36"
0:0:0:0:0:0:0:1 -  -  [04/Dec/2014:05:11:46 +0000] "GET /sent HTTP/1.1" 200 - "http://localhost:8080/inbox" "Mozilla/5.0 (Macintosh; Intel Mac OS X 10_9_4) AppleWebKit/537.36 (KHTML, like Gecko) Chrome/39.0.2171.71 Safari/537.36"
0:0:0:0:0:0:0:1 -  -  [04/Dec/2014:05:11:52 +0000] "POST /orderbyManager?folder=sent HTTP/1.1" 200 - "http://localhost:8080/sent" "Mozilla/5.0 (Macintosh; Intel Mac OS X 10_9_4) AppleWebKit/537.36 (KHTML, like Gecko) Chrome/39.0.2171.71 Safari/537.36"
0:0:0:0:0:0:0:1 -  -  [04/Dec/2014:05:11:52 +0000] "GET /sent?order=to HTTP/1.1" 200 - "http://localhost:8080/sent" "Mozilla/5.0 (Macintosh; Intel Mac OS X 10_9_4) AppleWebKit/537.36 (KHTML, like Gecko) Chrome/39.0.2171.71 Safari/537.36"
0:0:0:0:0:0:0:1 -  -  [04/Dec/2014:05:11:54 +0000] "GET /rightManager?folder=sent HTTP/1.1" 200 - "http://localhost:8080/sent?order=to" "Mozilla/5.0 (Macintosh; Intel Mac OS X 10_9_4) AppleWebKit/537.36 (KHTML, like Gecko) Chrome/39.0.2171.71 Safari/537.36"
0:0:0:0:0:0:0:1 -  -  [04/Dec/2014:05:11:54 +0000] "GET /sent?order=to HTTP/1.1" 200 - "http://localhost:8080/sent?order=to" "Mozilla/5.0 (Macintosh; Intel Mac OS X 10_9_4) AppleWebKit/537.36 (KHTML, like Gecko) Chrome/39.0.2171.71 Safari/537.36"
0:0:0:0:0:0:0:1 -  -  [04/Dec/2014:05:11:55 +0000] "GET /leftManager?folder=sent HTTP/1.1" 200 - "http://localhost:8080/sent?order=to" "Mozilla/5.0 (Macintosh; Intel Mac OS X 10_9_4) AppleWebKit/537.36 (KHTML, like Gecko) Chrome/39.0.2171.71 Safari/537.36"
0:0:0:0:0:0:0:1 -  -  [04/Dec/2014:05:11:55 +0000] "GET /sent?order=to HTTP/1.1" 200 - "http://localhost:8080/sent?order=to" "Mozilla/5.0 (Macintosh; Intel Mac OS X 10_9_4) AppleWebKit/537.36 (KHTML, like Gecko) Chrome/39.0.2171.71 Safari/537.36"
0:0:0:0:0:0:0:1 -  -  [04/Dec/2014:05:12:00 +0000] "POST /orderbyManager?folder=sent HTTP/1.1" 200 - "http://localhost:8080/sent?order=to" "Mozilla/5.0 (Macintosh; Intel Mac OS X 10_9_4) AppleWebKit/537.36 (KHTML, like Gecko) Chrome/39.0.2171.71 Safari/537.36"
0:0:0:0:0:0:0:1 -  -  [04/Dec/2014:05:12:00 +0000] "GET /sent?order=date HTTP/1.1" 200 - "http://localhost:8080/sent?order=to" "Mozilla/5.0 (Macintosh; Intel Mac OS X 10_9_4) AppleWebKit/537.36 (KHTML, like Gecko) Chrome/39.0.2171.71 Safari/537.36"
0:0:0:0:0:0:0:1 -  -  [04/Dec/2014:05:12:03 +0000] "GET /trash HTTP/1.1" 200 - "http://localhost:8080/sent?order=date" "Mozilla/5.0 (Macintosh; Intel Mac OS X 10_9_4) AppleWebKit/537.36 (KHTML, like Gecko) Chrome/39.0.2171.71 Safari/537.36"
0:0:0:0:0:0:0:1 -  -  [04/Dec/2014:05:12:09 +0000] "GET /userLogoutManager?logout=Logout HTTP/1.1" 200 - "http://localhost:8080/trash" "Mozilla/5.0 (Macintosh; Intel Mac OS X 10_9_4) AppleWebKit/537.36 (KHTML, like Gecko) Chrome/39.0.2171.71 Safari/537.36"
0:0:0:0:0:0:0:1 -  -  [04/Dec/2014:05:12:09 +0000] "GET /login HTTP/1.1" 200 - "http://localhost:8080/trash" "Mozilla/5.0 (Macintosh; Intel Mac OS X 10_9_4) AppleWebKit/537.36 (KHTML, like Gecko) Chrome/39.0.2171.71 Safari/537.36"
0:0:0:0:0:0:0:1 -  -  [04/Dec/2014:05:12:17 +0000] "GET / HTTP/1.1" 200 - "-" "Mozilla/5.0 (Macintosh; Intel Mac OS X 10_9_4) AppleWebKit/537.36 (KHTML, like Gecko) Chrome/39.0.2171.71 Safari/537.36"
0:0:0:0:0:0:0:1 -  -  [04/Dec/2014:05:12:20 +0000] "GET /login HTTP/1.1" 200 - "https://localhost:8443/" "Mozilla/5.0 (Macintosh; Intel Mac OS X 10_9_4) AppleWebKit/537.36 (KHTML, like Gecko) Chrome/39.0.2171.71 Safari/537.36"
0:0:0:0:0:0:0:1 -  -  [04/Dec/2014:05:12:20 +0000] "GET /files/images/amail.png HTTP/1.1" 200 - "https://localhost:8443/login" "Mozilla/5.0 (Macintosh; Intel Mac OS X 10_9_4) AppleWebKit/537.36 (KHTML, like Gecko) Chrome/39.0.2171.71 Safari/537.36"
0:0:0:0:0:0:0:1 -  -  [04/Dec/2014:05:12:20 +0000] "GET /files/images/blank_person.png HTTP/1.1" 200 - "https://localhost:8443/login" "Mozilla/5.0 (Macintosh; Intel Mac OS X 10_9_4) AppleWebKit/537.36 (KHTML, like Gecko) Chrome/39.0.2171.71 Safari/537.36"
0:0:0:0:0:0:0:1 -  -  [04/Dec/2014:05:12:25 +0000] "POST /userLoginManager HTTP/1.1" 200 - "https://localhost:8443/login" "Mozilla/5.0 (Macintosh; Intel Mac OS X 10_9_4) AppleWebKit/537.36 (KHTML, like Gecko) Chrome/39.0.2171.71 Safari/537.36"
0:0:0:0:0:0:0:1 -  -  [04/Dec/2014:05:12:25 +0000] "GET /welcome HTTP/1.1" 200 - "https://localhost:8443/login" "Mozilla/5.0 (Macintosh; Intel Mac OS X 10_9_4) AppleWebKit/537.36 (KHTML, like Gecko) Chrome/39.0.2171.71 Safari/537.36"
0:0:0:0:0:0:0:1 -  -  [04/Dec/2014:05:12:26 +0000] "POST /afterWelcomeBeforeInboxManager HTTP/1.1" 200 - "https://localhost:8443/welcome" "Mozilla/5.0 (Macintosh; Intel Mac OS X 10_9_4) AppleWebKit/537.36 (KHTML, like Gecko) Chrome/39.0.2171.71 Safari/537.36"
0:0:0:0:0:0:0:1 -  -  [04/Dec/2014:05:12:26 +0000] "GET /inbox HTTP/1.1" 200 - "https://localhost:8443/welcome" "Mozilla/5.0 (Macintosh; Intel Mac OS X 10_9_4) AppleWebKit/537.36 (KHTML, like Gecko) Chrome/39.0.2171.71 Safari/537.36"
0:0:0:0:0:0:0:1 -  -  [04/Dec/2014:05:12:26 +0000] "GET /files/images/left.png HTTP/1.1" 200 - "https://localhost:8443/inbox" "Mozilla/5.0 (Macintosh; Intel Mac OS X 10_9_4) AppleWebKit/537.36 (KHTML, like Gecko) Chrome/39.0.2171.71 Safari/537.36"
0:0:0:0:0:0:0:1 -  -  [04/Dec/2014:05:12:26 +0000] "GET /files/images/right.png HTTP/1.1" 200 - "https://localhost:8443/inbox" "Mozilla/5.0 (Macintosh; Intel Mac OS X 10_9_4) AppleWebKit/537.36 (KHTML, like Gecko) Chrome/39.0.2171.71 Safari/537.36"
0:0:0:0:0:0:0:1 -  -  [04/Dec/2014:05:12:30 +0000] "GET /checkEmailManager HTTP/1.1" 200 - "https://localhost:8443/inbox" "Mozilla/5.0 (Macintosh; Intel Mac OS X 10_9_4) AppleWebKit/537.36 (KHTML, like Gecko) Chrome/39.0.2171.71 Safari/537.36"
0:0:0:0:0:0:0:1 -  -  [04/Dec/2014:05:12:32 +0000] "GET /inbox HTTP/1.1" 200 - "https://localhost:8443/inbox" "Mozilla/5.0 (Macintosh; Intel Mac OS X 10_9_4) AppleWebKit/537.36 (KHTML, like Gecko) Chrome/39.0.2171.71 Safari/537.36"
0:0:0:0:0:0:0:1 -  -  [04/Dec/2014:05:12:39 +0000] "GET /deleteManager?emailID=82&folder=inbox HTTP/1.1" 200 - "https://localhost:8443/inbox" "Mozilla/5.0 (Macintosh; Intel Mac OS X 10_9_4) AppleWebKit/537.36 (KHTML, like Gecko) Chrome/39.0.2171.71 Safari/537.36"
0:0:0:0:0:0:0:1 -  -  [04/Dec/2014:05:12:39 +0000] "GET /inbox HTTP/1.1" 200 - "https://localhost:8443/inbox" "Mozilla/5.0 (Macintosh; Intel Mac OS X 10_9_4) AppleWebKit/537.36 (KHTML, like Gecko) Chrome/39.0.2171.71 Safari/537.36"
0:0:0:0:0:0:0:1 -  -  [04/Dec/2014:05:12:41 +0000] "GET /trash HTTP/1.1" 200 - "https://localhost:8443/inbox" "Mozilla/5.0 (Macintosh; Intel Mac OS X 10_9_4) AppleWebKit/537.36 (KHTML, like Gecko) Chrome/39.0.2171.71 Safari/537.36"
0:0:0:0:0:0:0:1 -  -  [04/Dec/2014:05:12:44 +0000] "GET /userLogoutManager?logout=Logout HTTP/1.1" 200 - "https://localhost:8443/trash" "Mozilla/5.0 (Macintosh; Intel Mac OS X 10_9_4) AppleWebKit/537.36 (KHTML, like Gecko) Chrome/39.0.2171.71 Safari/537.36"
0:0:0:0:0:0:0:1 -  -  [04/Dec/2014:05:12:44 +0000] "GET /login HTTP/1.1" 200 - "https://localhost:8443/trash" "Mozilla/5.0 (Macintosh; Intel Mac OS X 10_9_4) AppleWebKit/537.36 (KHTML, like Gecko) Chrome/39.0.2171.71 Safari/537.36"
0:0:0:0:0:0:0:1 -  -  [04/Dec/2014:05:25:47 +0000] "GET / HTTP/1.1" 200 - "-" "Mozilla/5.0 (Macintosh; Intel Mac OS X 10_9_4) AppleWebKit/537.36 (KHTML, like Gecko) Chrome/39.0.2171.71 Safari/537.36"
0:0:0:0:0:0:0:1 -  -  [04/Dec/2014:05:25:50 +0000] "GET /login HTTP/1.1" 200 - "https://localhost:8443/" "Mozilla/5.0 (Macintosh; Intel Mac OS X 10_9_4) AppleWebKit/537.36 (KHTML, like Gecko) Chrome/39.0.2171.71 Safari/537.36"
0:0:0:0:0:0:0:1 -  -  [04/Dec/2014:05:25:50 +0000] "GET /files/images/amail.png HTTP/1.1" 200 - "https://localhost:8443/login" "Mozilla/5.0 (Macintosh; Intel Mac OS X 10_9_4) AppleWebKit/537.36 (KHTML, like Gecko) Chrome/39.0.2171.71 Safari/537.36"
0:0:0:0:0:0:0:1 -  -  [04/Dec/2014:05:25:50 +0000] "GET /files/images/blank_person.png HTTP/1.1" 200 - "https://localhost:8443/login" "Mozilla/5.0 (Macintosh; Intel Mac OS X 10_9_4) AppleWebKit/537.36 (KHTML, like Gecko) Chrome/39.0.2171.71 Safari/537.36"
0:0:0:0:0:0:0:1 -  -  [04/Dec/2014:05:25:54 +0000] "GET /registration HTTP/1.1" 200 - "https://localhost:8443/login" "Mozilla/5.0 (Macintosh; Intel Mac OS X 10_9_4) AppleWebKit/537.36 (KHTML, like Gecko) Chrome/39.0.2171.71 Safari/537.36"
0:0:0:0:0:0:0:1 -  -  [04/Dec/2014:05:25:56 +0000] "GET /login HTTP/1.1" 200 - "https://localhost:8443/" "Mozilla/5.0 (Macintosh; Intel Mac OS X 10_9_4) AppleWebKit/537.36 (KHTML, like Gecko) Chrome/39.0.2171.71 Safari/537.36"
0:0:0:0:0:0:0:1 -  -  [04/Dec/2014:05:39:52 +0000] "GET / HTTP/1.1" 200 - "-" "Mozilla/5.0 (Macintosh; Intel Mac OS X 10_9_4) AppleWebKit/537.36 (KHTML, like Gecko) Chrome/39.0.2171.71 Safari/537.36"
