0:0:0:0:0:0:0:1 -  -  [05/Dec/2014:00:42:35 +0000] "GET /login HTTP/1.1" 200 - "-" "Mozilla/5.0 (Macintosh; Intel Mac OS X 10_9_4) AppleWebKit/537.36 (KHTML, like Gecko) Chrome/39.0.2171.71 Safari/537.36"
0:0:0:0:0:0:0:1 -  -  [05/Dec/2014:00:42:35 +0000] "GET /files/images/blank_person.png HTTP/1.1" 200 - "http://localhost:8080/login" "Mozilla/5.0 (Macintosh; Intel Mac OS X 10_9_4) AppleWebKit/537.36 (KHTML, like Gecko) Chrome/39.0.2171.71 Safari/537.36"
0:0:0:0:0:0:0:1 -  -  [05/Dec/2014:00:42:35 +0000] "GET /favicon.ico HTTP/1.1" 200 - "-" "Mozilla/5.0 (Macintosh; Intel Mac OS X 10_9_4) AppleWebKit/537.36 (KHTML, like Gecko) Chrome/39.0.2171.71 Safari/537.36"
0:0:0:0:0:0:0:1 -  -  [05/Dec/2014:00:42:35 +0000] "GET /files/error.html HTTP/1.1" 200 - "-" "Mozilla/5.0 (Macintosh; Intel Mac OS X 10_9_4) AppleWebKit/537.36 (KHTML, like Gecko) Chrome/39.0.2171.71 Safari/537.36"
0:0:0:0:0:0:0:1 -  -  [05/Dec/2014:00:42:41 +0000] "POST /userLoginManager HTTP/1.1" 200 - "http://localhost:8080/login" "Mozilla/5.0 (Macintosh; Intel Mac OS X 10_9_4) AppleWebKit/537.36 (KHTML, like Gecko) Chrome/39.0.2171.71 Safari/537.36"
0:0:0:0:0:0:0:1 -  -  [05/Dec/2014:00:42:41 +0000] "GET /welcome HTTP/1.1" 200 - "http://localhost:8080/login" "Mozilla/5.0 (Macintosh; Intel Mac OS X 10_9_4) AppleWebKit/537.36 (KHTML, like Gecko) Chrome/39.0.2171.71 Safari/537.36"
0:0:0:0:0:0:0:1 -  -  [05/Dec/2014:00:42:42 +0000] "POST /afterWelcomeBeforeInboxManager HTTP/1.1" 200 - "http://localhost:8080/welcome" "Mozilla/5.0 (Macintosh; Intel Mac OS X 10_9_4) AppleWebKit/537.36 (KHTML, like Gecko) Chrome/39.0.2171.71 Safari/537.36"
0:0:0:0:0:0:0:1 -  -  [05/Dec/2014:00:42:42 +0000] "GET /inbox HTTP/1.1" 200 - "http://localhost:8080/welcome" "Mozilla/5.0 (Macintosh; Intel Mac OS X 10_9_4) AppleWebKit/537.36 (KHTML, like Gecko) Chrome/39.0.2171.71 Safari/537.36"
0:0:0:0:0:0:0:1 -  -  [05/Dec/2014:00:42:42 +0000] "GET /files/images/left.png HTTP/1.1" 200 - "http://localhost:8080/inbox" "Mozilla/5.0 (Macintosh; Intel Mac OS X 10_9_4) AppleWebKit/537.36 (KHTML, like Gecko) Chrome/39.0.2171.71 Safari/537.36"
0:0:0:0:0:0:0:1 -  -  [05/Dec/2014:00:42:42 +0000] "GET /files/images/right.png HTTP/1.1" 200 - "http://localhost:8080/inbox" "Mozilla/5.0 (Macintosh; Intel Mac OS X 10_9_4) AppleWebKit/537.36 (KHTML, like Gecko) Chrome/39.0.2171.71 Safari/537.36"
0:0:0:0:0:0:0:1 -  -  [05/Dec/2014:00:42:46 +0000] "GET /checkEmailManager HTTP/1.1" 200 - "http://localhost:8080/inbox" "Mozilla/5.0 (Macintosh; Intel Mac OS X 10_9_4) AppleWebKit/537.36 (KHTML, like Gecko) Chrome/39.0.2171.71 Safari/537.36"
0:0:0:0:0:0:0:1 -  -  [05/Dec/2014:00:44:40 +0000] "GET /login HTTP/1.1" 200 - "-" "Mozilla/5.0 (Macintosh; Intel Mac OS X 10_9_4) AppleWebKit/537.36 (KHTML, like Gecko) Chrome/39.0.2171.71 Safari/537.36"
0:0:0:0:0:0:0:1 -  -  [05/Dec/2014:00:44:51 +0000] "POST /userLoginManager HTTP/1.1" 200 - "http://localhost:8080/login" "Mozilla/5.0 (Macintosh; Intel Mac OS X 10_9_4) AppleWebKit/537.36 (KHTML, like Gecko) Chrome/39.0.2171.71 Safari/537.36"
0:0:0:0:0:0:0:1 -  -  [05/Dec/2014:00:44:51 +0000] "GET /welcome HTTP/1.1" 200 - "http://localhost:8080/login" "Mozilla/5.0 (Macintosh; Intel Mac OS X 10_9_4) AppleWebKit/537.36 (KHTML, like Gecko) Chrome/39.0.2171.71 Safari/537.36"
0:0:0:0:0:0:0:1 -  -  [05/Dec/2014:00:44:54 +0000] "POST /afterWelcomeBeforeInboxManager HTTP/1.1" 200 - "http://localhost:8080/welcome" "Mozilla/5.0 (Macintosh; Intel Mac OS X 10_9_4) AppleWebKit/537.36 (KHTML, like Gecko) Chrome/39.0.2171.71 Safari/537.36"
0:0:0:0:0:0:0:1 -  -  [05/Dec/2014:00:44:54 +0000] "GET /inbox HTTP/1.1" 200 - "http://localhost:8080/welcome" "Mozilla/5.0 (Macintosh; Intel Mac OS X 10_9_4) AppleWebKit/537.36 (KHTML, like Gecko) Chrome/39.0.2171.71 Safari/537.36"
0:0:0:0:0:0:0:1 -  -  [05/Dec/2014:00:44:58 +0000] "GET /checkEmailManager HTTP/1.1" 200 - "http://localhost:8080/inbox" "Mozilla/5.0 (Macintosh; Intel Mac OS X 10_9_4) AppleWebKit/537.36 (KHTML, like Gecko) Chrome/39.0.2171.71 Safari/537.36"
0:0:0:0:0:0:0:1 -  -  [05/Dec/2014:00:46:33 +0000] "GET /login HTTP/1.1" 200 - "-" "Mozilla/5.0 (Macintosh; Intel Mac OS X 10_9_4) AppleWebKit/537.36 (KHTML, like Gecko) Chrome/39.0.2171.71 Safari/537.36"
0:0:0:0:0:0:0:1 -  -  [05/Dec/2014:00:46:45 +0000] "POST /userLoginManager HTTP/1.1" 200 - "http://localhost:8080/login" "Mozilla/5.0 (Macintosh; Intel Mac OS X 10_9_4) AppleWebKit/537.36 (KHTML, like Gecko) Chrome/39.0.2171.71 Safari/537.36"
0:0:0:0:0:0:0:1 -  -  [05/Dec/2014:00:46:45 +0000] "GET /welcome HTTP/1.1" 200 - "http://localhost:8080/login" "Mozilla/5.0 (Macintosh; Intel Mac OS X 10_9_4) AppleWebKit/537.36 (KHTML, like Gecko) Chrome/39.0.2171.71 Safari/537.36"
0:0:0:0:0:0:0:1 -  -  [05/Dec/2014:00:46:47 +0000] "POST /afterWelcomeBeforeInboxManager HTTP/1.1" 200 - "http://localhost:8080/welcome" "Mozilla/5.0 (Macintosh; Intel Mac OS X 10_9_4) AppleWebKit/537.36 (KHTML, like Gecko) Chrome/39.0.2171.71 Safari/537.36"
0:0:0:0:0:0:0:1 -  -  [05/Dec/2014:00:46:47 +0000] "GET /inbox HTTP/1.1" 200 - "http://localhost:8080/welcome" "Mozilla/5.0 (Macintosh; Intel Mac OS X 10_9_4) AppleWebKit/537.36 (KHTML, like Gecko) Chrome/39.0.2171.71 Safari/537.36"
0:0:0:0:0:0:0:1 -  -  [05/Dec/2014:00:46:50 +0000] "GET /checkEmailManager HTTP/1.1" 200 - "http://localhost:8080/inbox" "Mozilla/5.0 (Macintosh; Intel Mac OS X 10_9_4) AppleWebKit/537.36 (KHTML, like Gecko) Chrome/39.0.2171.71 Safari/537.36"
0:0:0:0:0:0:0:1 -  -  [05/Dec/2014:00:47:52 +0000] "GET /login HTTP/1.1" 200 - "-" "Mozilla/5.0 (Macintosh; Intel Mac OS X 10_9_4) AppleWebKit/537.36 (KHTML, like Gecko) Chrome/39.0.2171.71 Safari/537.36"
0:0:0:0:0:0:0:1 -  -  [05/Dec/2014:00:47:57 +0000] "POST /userLoginManager HTTP/1.1" 200 - "http://localhost:8080/login" "Mozilla/5.0 (Macintosh; Intel Mac OS X 10_9_4) AppleWebKit/537.36 (KHTML, like Gecko) Chrome/39.0.2171.71 Safari/537.36"
0:0:0:0:0:0:0:1 -  -  [05/Dec/2014:00:47:57 +0000] "GET /welcome HTTP/1.1" 200 - "http://localhost:8080/login" "Mozilla/5.0 (Macintosh; Intel Mac OS X 10_9_4) AppleWebKit/537.36 (KHTML, like Gecko) Chrome/39.0.2171.71 Safari/537.36"
0:0:0:0:0:0:0:1 -  -  [05/Dec/2014:00:47:58 +0000] "POST /afterWelcomeBeforeInboxManager HTTP/1.1" 200 - "http://localhost:8080/welcome" "Mozilla/5.0 (Macintosh; Intel Mac OS X 10_9_4) AppleWebKit/537.36 (KHTML, like Gecko) Chrome/39.0.2171.71 Safari/537.36"
0:0:0:0:0:0:0:1 -  -  [05/Dec/2014:00:47:58 +0000] "GET /inbox HTTP/1.1" 200 - "http://localhost:8080/welcome" "Mozilla/5.0 (Macintosh; Intel Mac OS X 10_9_4) AppleWebKit/537.36 (KHTML, like Gecko) Chrome/39.0.2171.71 Safari/537.36"
0:0:0:0:0:0:0:1 -  -  [05/Dec/2014:00:48:01 +0000] "GET /checkEmailManager HTTP/1.1" 200 - "http://localhost:8080/inbox" "Mozilla/5.0 (Macintosh; Intel Mac OS X 10_9_4) AppleWebKit/537.36 (KHTML, like Gecko) Chrome/39.0.2171.71 Safari/537.36"
0:0:0:0:0:0:0:1 -  -  [05/Dec/2014:00:48:54 +0000] "GET /login HTTP/1.1" 200 - "-" "Mozilla/5.0 (Macintosh; Intel Mac OS X 10_9_4) AppleWebKit/537.36 (KHTML, like Gecko) Chrome/39.0.2171.71 Safari/537.36"
0:0:0:0:0:0:0:1 -  -  [05/Dec/2014:00:48:59 +0000] "POST /userLoginManager HTTP/1.1" 200 - "http://localhost:8080/login" "Mozilla/5.0 (Macintosh; Intel Mac OS X 10_9_4) AppleWebKit/537.36 (KHTML, like Gecko) Chrome/39.0.2171.71 Safari/537.36"
0:0:0:0:0:0:0:1 -  -  [05/Dec/2014:00:48:59 +0000] "GET /welcome HTTP/1.1" 200 - "http://localhost:8080/login" "Mozilla/5.0 (Macintosh; Intel Mac OS X 10_9_4) AppleWebKit/537.36 (KHTML, like Gecko) Chrome/39.0.2171.71 Safari/537.36"
0:0:0:0:0:0:0:1 -  -  [05/Dec/2014:00:49:00 +0000] "POST /afterWelcomeBeforeInboxManager HTTP/1.1" 200 - "http://localhost:8080/welcome" "Mozilla/5.0 (Macintosh; Intel Mac OS X 10_9_4) AppleWebKit/537.36 (KHTML, like Gecko) Chrome/39.0.2171.71 Safari/537.36"
0:0:0:0:0:0:0:1 -  -  [05/Dec/2014:00:49:00 +0000] "GET /inbox HTTP/1.1" 200 - "http://localhost:8080/welcome" "Mozilla/5.0 (Macintosh; Intel Mac OS X 10_9_4) AppleWebKit/537.36 (KHTML, like Gecko) Chrome/39.0.2171.71 Safari/537.36"
0:0:0:0:0:0:0:1 -  -  [05/Dec/2014:00:49:03 +0000] "GET /checkEmailManager HTTP/1.1" 200 - "http://localhost:8080/inbox" "Mozilla/5.0 (Macintosh; Intel Mac OS X 10_9_4) AppleWebKit/537.36 (KHTML, like Gecko) Chrome/39.0.2171.71 Safari/537.36"
0:0:0:0:0:0:0:1 -  -  [05/Dec/2014:00:49:04 +0000] "GET /inbox HTTP/1.1" 200 - "http://localhost:8080/inbox" "Mozilla/5.0 (Macintosh; Intel Mac OS X 10_9_4) AppleWebKit/537.36 (KHTML, like Gecko) Chrome/39.0.2171.71 Safari/537.36"
0:0:0:0:0:0:0:1 -  -  [05/Dec/2014:00:49:35 +0000] "GET /sendEmail HTTP/1.1" 200 - "http://localhost:8080/inbox" "Mozilla/5.0 (Macintosh; Intel Mac OS X 10_9_4) AppleWebKit/537.36 (KHTML, like Gecko) Chrome/39.0.2171.71 Safari/537.36"
0:0:0:0:0:0:0:1 -  -  [05/Dec/2014:00:50:00 +0000] "POST /sendEmailManager HTTP/1.1" 200 - "http://localhost:8080/sendEmail" "Mozilla/5.0 (Macintosh; Intel Mac OS X 10_9_4) AppleWebKit/537.36 (KHTML, like Gecko) Chrome/39.0.2171.71 Safari/537.36"
0:0:0:0:0:0:0:1 -  -  [05/Dec/2014:00:50:02 +0000] "GET /emailSendSuccess HTTP/1.1" 200 - "http://localhost:8080/sendEmail" "Mozilla/5.0 (Macintosh; Intel Mac OS X 10_9_4) AppleWebKit/537.36 (KHTML, like Gecko) Chrome/39.0.2171.71 Safari/537.36"
0:0:0:0:0:0:0:1 -  -  [05/Dec/2014:00:50:05 +0000] "GET /sent HTTP/1.1" 200 - "http://localhost:8080/inbox" "Mozilla/5.0 (Macintosh; Intel Mac OS X 10_9_4) AppleWebKit/537.36 (KHTML, like Gecko) Chrome/39.0.2171.71 Safari/537.36"
0:0:0:0:0:0:0:1 -  -  [05/Dec/2014:00:50:18 +0000] "GET /checkEmailManager HTTP/1.1" 200 - "http://localhost:8080/sent" "Mozilla/5.0 (Macintosh; Intel Mac OS X 10_9_4) AppleWebKit/537.36 (KHTML, like Gecko) Chrome/39.0.2171.71 Safari/537.36"
0:0:0:0:0:0:0:1 -  -  [05/Dec/2014:00:50:19 +0000] "GET /inbox HTTP/1.1" 200 - "http://localhost:8080/sent" "Mozilla/5.0 (Macintosh; Intel Mac OS X 10_9_4) AppleWebKit/537.36 (KHTML, like Gecko) Chrome/39.0.2171.71 Safari/537.36"
0:0:0:0:0:0:0:1 -  -  [05/Dec/2014:00:50:23 +0000] "GET /sent HTTP/1.1" 200 - "http://localhost:8080/inbox" "Mozilla/5.0 (Macintosh; Intel Mac OS X 10_9_4) AppleWebKit/537.36 (KHTML, like Gecko) Chrome/39.0.2171.71 Safari/537.36"
0:0:0:0:0:0:0:1 -  -  [05/Dec/2014:00:50:27 +0000] "GET /inbox HTTP/1.1" 200 - "http://localhost:8080/sent" "Mozilla/5.0 (Macintosh; Intel Mac OS X 10_9_4) AppleWebKit/537.36 (KHTML, like Gecko) Chrome/39.0.2171.71 Safari/537.36"
0:0:0:0:0:0:0:1 -  -  [05/Dec/2014:00:50:29 +0000] "GET /sent HTTP/1.1" 200 - "http://localhost:8080/inbox" "Mozilla/5.0 (Macintosh; Intel Mac OS X 10_9_4) AppleWebKit/537.36 (KHTML, like Gecko) Chrome/39.0.2171.71 Safari/537.36"
0:0:0:0:0:0:0:1 -  -  [05/Dec/2014:01:01:57 +0000] "GET /login HTTP/1.1" 200 - "-" "Mozilla/5.0 (Macintosh; Intel Mac OS X 10_9_4) AppleWebKit/537.36 (KHTML, like Gecko) Chrome/39.0.2171.71 Safari/537.36"
0:0:0:0:0:0:0:1 -  -  [05/Dec/2014:01:02:01 +0000] "POST /userLoginManager HTTP/1.1" 200 - "http://localhost:8080/login" "Mozilla/5.0 (Macintosh; Intel Mac OS X 10_9_4) AppleWebKit/537.36 (KHTML, like Gecko) Chrome/39.0.2171.71 Safari/537.36"
0:0:0:0:0:0:0:1 -  -  [05/Dec/2014:01:02:01 +0000] "GET /welcome HTTP/1.1" 200 - "http://localhost:8080/login" "Mozilla/5.0 (Macintosh; Intel Mac OS X 10_9_4) AppleWebKit/537.36 (KHTML, like Gecko) Chrome/39.0.2171.71 Safari/537.36"
0:0:0:0:0:0:0:1 -  -  [05/Dec/2014:01:02:02 +0000] "POST /afterWelcomeBeforeInboxManager HTTP/1.1" 200 - "http://localhost:8080/welcome" "Mozilla/5.0 (Macintosh; Intel Mac OS X 10_9_4) AppleWebKit/537.36 (KHTML, like Gecko) Chrome/39.0.2171.71 Safari/537.36"
0:0:0:0:0:0:0:1 -  -  [05/Dec/2014:01:02:02 +0000] "GET /inbox HTTP/1.1" 200 - "http://localhost:8080/welcome" "Mozilla/5.0 (Macintosh; Intel Mac OS X 10_9_4) AppleWebKit/537.36 (KHTML, like Gecko) Chrome/39.0.2171.71 Safari/537.36"
0:0:0:0:0:0:0:1 -  -  [05/Dec/2014:01:02:04 +0000] "GET /sent HTTP/1.1" 200 - "http://localhost:8080/inbox" "Mozilla/5.0 (Macintosh; Intel Mac OS X 10_9_4) AppleWebKit/537.36 (KHTML, like Gecko) Chrome/39.0.2171.71 Safari/537.36"
0:0:0:0:0:0:0:1 -  -  [05/Dec/2014:01:02:08 +0000] "GET /rightManager?folder=sent HTTP/1.1" 200 - "http://localhost:8080/sent" "Mozilla/5.0 (Macintosh; Intel Mac OS X 10_9_4) AppleWebKit/537.36 (KHTML, like Gecko) Chrome/39.0.2171.71 Safari/537.36"
0:0:0:0:0:0:0:1 -  -  [05/Dec/2014:01:02:08 +0000] "GET /sent?order=date HTTP/1.1" 200 - "http://localhost:8080/sent" "Mozilla/5.0 (Macintosh; Intel Mac OS X 10_9_4) AppleWebKit/537.36 (KHTML, like Gecko) Chrome/39.0.2171.71 Safari/537.36"
0:0:0:0:0:0:0:1 -  -  [05/Dec/2014:01:02:10 +0000] "GET /leftManager?folder=sent HTTP/1.1" 200 - "http://localhost:8080/sent?order=date" "Mozilla/5.0 (Macintosh; Intel Mac OS X 10_9_4) AppleWebKit/537.36 (KHTML, like Gecko) Chrome/39.0.2171.71 Safari/537.36"
0:0:0:0:0:0:0:1 -  -  [05/Dec/2014:01:02:10 +0000] "GET /sent?order=date HTTP/1.1" 200 - "http://localhost:8080/sent?order=date" "Mozilla/5.0 (Macintosh; Intel Mac OS X 10_9_4) AppleWebKit/537.36 (KHTML, like Gecko) Chrome/39.0.2171.71 Safari/537.36"
0:0:0:0:0:0:0:1 -  -  [05/Dec/2014:01:07:31 +0000] "GET /login HTTP/1.1" 200 - "-" "Mozilla/5.0 (Macintosh; Intel Mac OS X 10_9_4) AppleWebKit/537.36 (KHTML, like Gecko) Chrome/39.0.2171.71 Safari/537.36"
0:0:0:0:0:0:0:1 -  -  [05/Dec/2014:01:07:38 +0000] "POST /userLoginManager HTTP/1.1" 200 - "http://localhost:8080/login" "Mozilla/5.0 (Macintosh; Intel Mac OS X 10_9_4) AppleWebKit/537.36 (KHTML, like Gecko) Chrome/39.0.2171.71 Safari/537.36"
0:0:0:0:0:0:0:1 -  -  [05/Dec/2014:01:07:38 +0000] "GET /welcome HTTP/1.1" 200 - "http://localhost:8080/login" "Mozilla/5.0 (Macintosh; Intel Mac OS X 10_9_4) AppleWebKit/537.36 (KHTML, like Gecko) Chrome/39.0.2171.71 Safari/537.36"
0:0:0:0:0:0:0:1 -  -  [05/Dec/2014:01:07:40 +0000] "POST /afterWelcomeBeforeInboxManager HTTP/1.1" 200 - "http://localhost:8080/welcome" "Mozilla/5.0 (Macintosh; Intel Mac OS X 10_9_4) AppleWebKit/537.36 (KHTML, like Gecko) Chrome/39.0.2171.71 Safari/537.36"
0:0:0:0:0:0:0:1 -  -  [05/Dec/2014:01:07:40 +0000] "GET /inbox HTTP/1.1" 200 - "http://localhost:8080/welcome" "Mozilla/5.0 (Macintosh; Intel Mac OS X 10_9_4) AppleWebKit/537.36 (KHTML, like Gecko) Chrome/39.0.2171.71 Safari/537.36"
0:0:0:0:0:0:0:1 -  -  [05/Dec/2014:01:07:44 +0000] "GET /sent HTTP/1.1" 200 - "http://localhost:8080/inbox" "Mozilla/5.0 (Macintosh; Intel Mac OS X 10_9_4) AppleWebKit/537.36 (KHTML, like Gecko) Chrome/39.0.2171.71 Safari/537.36"
0:0:0:0:0:0:0:1 -  -  [05/Dec/2014:01:07:48 +0000] "GET /rightManager?folder=sent HTTP/1.1" 200 - "http://localhost:8080/sent" "Mozilla/5.0 (Macintosh; Intel Mac OS X 10_9_4) AppleWebKit/537.36 (KHTML, like Gecko) Chrome/39.0.2171.71 Safari/537.36"
0:0:0:0:0:0:0:1 -  -  [05/Dec/2014:01:07:48 +0000] "GET /sent?order=date HTTP/1.1" 200 - "http://localhost:8080/sent" "Mozilla/5.0 (Macintosh; Intel Mac OS X 10_9_4) AppleWebKit/537.36 (KHTML, like Gecko) Chrome/39.0.2171.71 Safari/537.36"
0:0:0:0:0:0:0:1 -  -  [05/Dec/2014:01:07:58 +0000] "GET /leftManager?folder=sent HTTP/1.1" 200 - "http://localhost:8080/sent?order=date" "Mozilla/5.0 (Macintosh; Intel Mac OS X 10_9_4) AppleWebKit/537.36 (KHTML, like Gecko) Chrome/39.0.2171.71 Safari/537.36"
0:0:0:0:0:0:0:1 -  -  [05/Dec/2014:01:07:58 +0000] "GET /sent?order=date HTTP/1.1" 200 - "http://localhost:8080/sent?order=date" "Mozilla/5.0 (Macintosh; Intel Mac OS X 10_9_4) AppleWebKit/537.36 (KHTML, like Gecko) Chrome/39.0.2171.71 Safari/537.36"
0:0:0:0:0:0:0:1 -  -  [05/Dec/2014:01:08:42 +0000] "GET /login HTTP/1.1" 200 - "-" "Mozilla/5.0 (Macintosh; Intel Mac OS X 10_9_4) AppleWebKit/537.36 (KHTML, like Gecko) Chrome/39.0.2171.71 Safari/537.36"
0:0:0:0:0:0:0:1 -  -  [05/Dec/2014:01:08:47 +0000] "POST /userLoginManager HTTP/1.1" 200 - "http://localhost:8080/login" "Mozilla/5.0 (Macintosh; Intel Mac OS X 10_9_4) AppleWebKit/537.36 (KHTML, like Gecko) Chrome/39.0.2171.71 Safari/537.36"
0:0:0:0:0:0:0:1 -  -  [05/Dec/2014:01:08:47 +0000] "GET /welcome HTTP/1.1" 200 - "http://localhost:8080/login" "Mozilla/5.0 (Macintosh; Intel Mac OS X 10_9_4) AppleWebKit/537.36 (KHTML, like Gecko) Chrome/39.0.2171.71 Safari/537.36"
0:0:0:0:0:0:0:1 -  -  [05/Dec/2014:01:08:48 +0000] "POST /afterWelcomeBeforeInboxManager HTTP/1.1" 200 - "http://localhost:8080/welcome" "Mozilla/5.0 (Macintosh; Intel Mac OS X 10_9_4) AppleWebKit/537.36 (KHTML, like Gecko) Chrome/39.0.2171.71 Safari/537.36"
0:0:0:0:0:0:0:1 -  -  [05/Dec/2014:01:08:48 +0000] "GET /inbox HTTP/1.1" 200 - "http://localhost:8080/welcome" "Mozilla/5.0 (Macintosh; Intel Mac OS X 10_9_4) AppleWebKit/537.36 (KHTML, like Gecko) Chrome/39.0.2171.71 Safari/537.36"
0:0:0:0:0:0:0:1 -  -  [05/Dec/2014:01:08:51 +0000] "GET /sent HTTP/1.1" 200 - "http://localhost:8080/inbox" "Mozilla/5.0 (Macintosh; Intel Mac OS X 10_9_4) AppleWebKit/537.36 (KHTML, like Gecko) Chrome/39.0.2171.71 Safari/537.36"
0:0:0:0:0:0:0:1 -  -  [05/Dec/2014:01:21:10 +0000] "GET /login HTTP/1.1" 200 - "-" "Mozilla/5.0 (Macintosh; Intel Mac OS X 10_9_4) AppleWebKit/537.36 (KHTML, like Gecko) Chrome/39.0.2171.71 Safari/537.36"
0:0:0:0:0:0:0:1 -  -  [05/Dec/2014:01:21:14 +0000] "POST /userLoginManager HTTP/1.1" 200 - "http://localhost:8080/login" "Mozilla/5.0 (Macintosh; Intel Mac OS X 10_9_4) AppleWebKit/537.36 (KHTML, like Gecko) Chrome/39.0.2171.71 Safari/537.36"
0:0:0:0:0:0:0:1 -  -  [05/Dec/2014:01:21:14 +0000] "GET /welcome HTTP/1.1" 200 - "http://localhost:8080/login" "Mozilla/5.0 (Macintosh; Intel Mac OS X 10_9_4) AppleWebKit/537.36 (KHTML, like Gecko) Chrome/39.0.2171.71 Safari/537.36"
0:0:0:0:0:0:0:1 -  -  [05/Dec/2014:01:21:15 +0000] "POST /afterWelcomeBeforeInboxManager HTTP/1.1" 200 - "http://localhost:8080/welcome" "Mozilla/5.0 (Macintosh; Intel Mac OS X 10_9_4) AppleWebKit/537.36 (KHTML, like Gecko) Chrome/39.0.2171.71 Safari/537.36"
0:0:0:0:0:0:0:1 -  -  [05/Dec/2014:01:21:15 +0000] "GET /inbox HTTP/1.1" 200 - "http://localhost:8080/welcome" "Mozilla/5.0 (Macintosh; Intel Mac OS X 10_9_4) AppleWebKit/537.36 (KHTML, like Gecko) Chrome/39.0.2171.71 Safari/537.36"
0:0:0:0:0:0:0:1 -  -  [05/Dec/2014:01:21:17 +0000] "GET /sent HTTP/1.1" 200 - "http://localhost:8080/inbox" "Mozilla/5.0 (Macintosh; Intel Mac OS X 10_9_4) AppleWebKit/537.36 (KHTML, like Gecko) Chrome/39.0.2171.71 Safari/537.36"
0:0:0:0:0:0:0:1 -  -  [05/Dec/2014:01:21:23 +0000] "GET /rightManager?folder=sent HTTP/1.1" 200 - "http://localhost:8080/sent" "Mozilla/5.0 (Macintosh; Intel Mac OS X 10_9_4) AppleWebKit/537.36 (KHTML, like Gecko) Chrome/39.0.2171.71 Safari/537.36"
0:0:0:0:0:0:0:1 -  -  [05/Dec/2014:01:21:23 +0000] "GET /sent?order=date HTTP/1.1" 200 - "http://localhost:8080/sent" "Mozilla/5.0 (Macintosh; Intel Mac OS X 10_9_4) AppleWebKit/537.36 (KHTML, like Gecko) Chrome/39.0.2171.71 Safari/537.36"
0:0:0:0:0:0:0:1 -  -  [05/Dec/2014:01:21:28 +0000] "GET /leftManager?folder=sent HTTP/1.1" 200 - "http://localhost:8080/sent?order=date" "Mozilla/5.0 (Macintosh; Intel Mac OS X 10_9_4) AppleWebKit/537.36 (KHTML, like Gecko) Chrome/39.0.2171.71 Safari/537.36"
0:0:0:0:0:0:0:1 -  -  [05/Dec/2014:01:21:28 +0000] "GET /sent?order=date HTTP/1.1" 200 - "http://localhost:8080/sent?order=date" "Mozilla/5.0 (Macintosh; Intel Mac OS X 10_9_4) AppleWebKit/537.36 (KHTML, like Gecko) Chrome/39.0.2171.71 Safari/537.36"
0:0:0:0:0:0:0:1 -  -  [05/Dec/2014:01:23:13 +0000] "GET /rightManager?folder=sent HTTP/1.1" 200 - "http://localhost:8080/sent?order=date" "Mozilla/5.0 (Macintosh; Intel Mac OS X 10_9_4) AppleWebKit/537.36 (KHTML, like Gecko) Chrome/39.0.2171.71 Safari/537.36"
0:0:0:0:0:0:0:1 -  -  [05/Dec/2014:01:23:13 +0000] "GET /sent?order=date HTTP/1.1" 200 - "http://localhost:8080/sent?order=date" "Mozilla/5.0 (Macintosh; Intel Mac OS X 10_9_4) AppleWebKit/537.36 (KHTML, like Gecko) Chrome/39.0.2171.71 Safari/537.36"
0:0:0:0:0:0:0:1 -  -  [05/Dec/2014:01:23:17 +0000] "GET /deleteManager?emailID=48&folder=sent HTTP/1.1" 200 - "http://localhost:8080/sent?order=date" "Mozilla/5.0 (Macintosh; Intel Mac OS X 10_9_4) AppleWebKit/537.36 (KHTML, like Gecko) Chrome/39.0.2171.71 Safari/537.36"
0:0:0:0:0:0:0:1 -  -  [05/Dec/2014:01:23:17 +0000] "GET /sent HTTP/1.1" 200 - "http://localhost:8080/sent?order=date" "Mozilla/5.0 (Macintosh; Intel Mac OS X 10_9_4) AppleWebKit/537.36 (KHTML, like Gecko) Chrome/39.0.2171.71 Safari/537.36"
0:0:0:0:0:0:0:1 -  -  [05/Dec/2014:01:23:18 +0000] "GET /deleteManager?emailID=2&folder=sent HTTP/1.1" 200 - "http://localhost:8080/sent" "Mozilla/5.0 (Macintosh; Intel Mac OS X 10_9_4) AppleWebKit/537.36 (KHTML, like Gecko) Chrome/39.0.2171.71 Safari/537.36"
0:0:0:0:0:0:0:1 -  -  [05/Dec/2014:01:23:18 +0000] "GET /sent HTTP/1.1" 200 - "http://localhost:8080/sent" "Mozilla/5.0 (Macintosh; Intel Mac OS X 10_9_4) AppleWebKit/537.36 (KHTML, like Gecko) Chrome/39.0.2171.71 Safari/537.36"
0:0:0:0:0:0:0:1 -  -  [05/Dec/2014:01:23:18 +0000] "GET /deleteManager?emailID=47&folder=sent HTTP/1.1" 200 - "http://localhost:8080/sent" "Mozilla/5.0 (Macintosh; Intel Mac OS X 10_9_4) AppleWebKit/537.36 (KHTML, like Gecko) Chrome/39.0.2171.71 Safari/537.36"
0:0:0:0:0:0:0:1 -  -  [05/Dec/2014:01:23:18 +0000] "GET /sent HTTP/1.1" 200 - "http://localhost:8080/sent" "Mozilla/5.0 (Macintosh; Intel Mac OS X 10_9_4) AppleWebKit/537.36 (KHTML, like Gecko) Chrome/39.0.2171.71 Safari/537.36"
0:0:0:0:0:0:0:1 -  -  [05/Dec/2014:01:23:19 +0000] "GET /deleteManager?emailID=1&folder=sent HTTP/1.1" 200 - "http://localhost:8080/sent" "Mozilla/5.0 (Macintosh; Intel Mac OS X 10_9_4) AppleWebKit/537.36 (KHTML, like Gecko) Chrome/39.0.2171.71 Safari/537.36"
0:0:0:0:0:0:0:1 -  -  [05/Dec/2014:01:23:19 +0000] "GET /sent HTTP/1.1" 200 - "http://localhost:8080/sent" "Mozilla/5.0 (Macintosh; Intel Mac OS X 10_9_4) AppleWebKit/537.36 (KHTML, like Gecko) Chrome/39.0.2171.71 Safari/537.36"
0:0:0:0:0:0:0:1 -  -  [05/Dec/2014:01:23:21 +0000] "GET /trash HTTP/1.1" 200 - "http://localhost:8080/sent" "Mozilla/5.0 (Macintosh; Intel Mac OS X 10_9_4) AppleWebKit/537.36 (KHTML, like Gecko) Chrome/39.0.2171.71 Safari/537.36"
0:0:0:0:0:0:0:1 -  -  [05/Dec/2014:01:23:27 +0000] "POST /orderbyManager?folder=trash HTTP/1.1" 200 - "http://localhost:8080/trash" "Mozilla/5.0 (Macintosh; Intel Mac OS X 10_9_4) AppleWebKit/537.36 (KHTML, like Gecko) Chrome/39.0.2171.71 Safari/537.36"
0:0:0:0:0:0:0:1 -  -  [05/Dec/2014:01:23:27 +0000] "GET /trash?order=from HTTP/1.1" 200 - "http://localhost:8080/trash" "Mozilla/5.0 (Macintosh; Intel Mac OS X 10_9_4) AppleWebKit/537.36 (KHTML, like Gecko) Chrome/39.0.2171.71 Safari/537.36"
0:0:0:0:0:0:0:1 -  -  [05/Dec/2014:01:23:36 +0000] "GET /leftManager?folder=trash HTTP/1.1" 200 - "http://localhost:8080/trash?order=from" "Mozilla/5.0 (Macintosh; Intel Mac OS X 10_9_4) AppleWebKit/537.36 (KHTML, like Gecko) Chrome/39.0.2171.71 Safari/537.36"
0:0:0:0:0:0:0:1 -  -  [05/Dec/2014:01:23:36 +0000] "GET /trash?order=from HTTP/1.1" 200 - "http://localhost:8080/trash?order=from" "Mozilla/5.0 (Macintosh; Intel Mac OS X 10_9_4) AppleWebKit/537.36 (KHTML, like Gecko) Chrome/39.0.2171.71 Safari/537.36"
0:0:0:0:0:0:0:1 -  -  [05/Dec/2014:01:23:37 +0000] "GET /rightManager?folder=trash HTTP/1.1" 200 - "http://localhost:8080/trash?order=from" "Mozilla/5.0 (Macintosh; Intel Mac OS X 10_9_4) AppleWebKit/537.36 (KHTML, like Gecko) Chrome/39.0.2171.71 Safari/537.36"
0:0:0:0:0:0:0:1 -  -  [05/Dec/2014:01:23:37 +0000] "GET /trash?order=from HTTP/1.1" 200 - "http://localhost:8080/trash?order=from" "Mozilla/5.0 (Macintosh; Intel Mac OS X 10_9_4) AppleWebKit/537.36 (KHTML, like Gecko) Chrome/39.0.2171.71 Safari/537.36"
0:0:0:0:0:0:0:1 -  -  [05/Dec/2014:01:23:39 +0000] "GET /rightManager?folder=trash HTTP/1.1" 200 - "http://localhost:8080/trash?order=from" "Mozilla/5.0 (Macintosh; Intel Mac OS X 10_9_4) AppleWebKit/537.36 (KHTML, like Gecko) Chrome/39.0.2171.71 Safari/537.36"
0:0:0:0:0:0:0:1 -  -  [05/Dec/2014:01:23:39 +0000] "GET /trash?order=from HTTP/1.1" 200 - "http://localhost:8080/trash?order=from" "Mozilla/5.0 (Macintosh; Intel Mac OS X 10_9_4) AppleWebKit/537.36 (KHTML, like Gecko) Chrome/39.0.2171.71 Safari/537.36"
0:0:0:0:0:0:0:1 -  -  [05/Dec/2014:01:23:40 +0000] "GET /leftManager?folder=trash HTTP/1.1" 200 - "http://localhost:8080/trash?order=from" "Mozilla/5.0 (Macintosh; Intel Mac OS X 10_9_4) AppleWebKit/537.36 (KHTML, like Gecko) Chrome/39.0.2171.71 Safari/537.36"
0:0:0:0:0:0:0:1 -  -  [05/Dec/2014:01:23:40 +0000] "GET /trash?order=from HTTP/1.1" 200 - "http://localhost:8080/trash?order=from" "Mozilla/5.0 (Macintosh; Intel Mac OS X 10_9_4) AppleWebKit/537.36 (KHTML, like Gecko) Chrome/39.0.2171.71 Safari/537.36"
0:0:0:0:0:0:0:1 -  -  [05/Dec/2014:01:23:41 +0000] "GET /leftManager?folder=trash HTTP/1.1" 200 - "http://localhost:8080/trash?order=from" "Mozilla/5.0 (Macintosh; Intel Mac OS X 10_9_4) AppleWebKit/537.36 (KHTML, like Gecko) Chrome/39.0.2171.71 Safari/537.36"
0:0:0:0:0:0:0:1 -  -  [05/Dec/2014:01:23:41 +0000] "GET /trash?order=from HTTP/1.1" 200 - "http://localhost:8080/trash?order=from" "Mozilla/5.0 (Macintosh; Intel Mac OS X 10_9_4) AppleWebKit/537.36 (KHTML, like Gecko) Chrome/39.0.2171.71 Safari/537.36"
0:0:0:0:0:0:0:1 -  -  [05/Dec/2014:01:23:44 +0000] "GET /sent HTTP/1.1" 200 - "http://localhost:8080/trash?order=from" "Mozilla/5.0 (Macintosh; Intel Mac OS X 10_9_4) AppleWebKit/537.36 (KHTML, like Gecko) Chrome/39.0.2171.71 Safari/537.36"
0:0:0:0:0:0:0:1 -  -  [05/Dec/2014:01:23:46 +0000] "GET /leftManager?folder=sent HTTP/1.1" 200 - "http://localhost:8080/sent" "Mozilla/5.0 (Macintosh; Intel Mac OS X 10_9_4) AppleWebKit/537.36 (KHTML, like Gecko) Chrome/39.0.2171.71 Safari/537.36"
0:0:0:0:0:0:0:1 -  -  [05/Dec/2014:01:23:46 +0000] "GET /sent?order=from HTTP/1.1" 200 - "http://localhost:8080/sent" "Mozilla/5.0 (Macintosh; Intel Mac OS X 10_9_4) AppleWebKit/537.36 (KHTML, like Gecko) Chrome/39.0.2171.71 Safari/537.36"
0:0:0:0:0:0:0:1 -  -  [05/Dec/2014:01:23:50 +0000] "GET /leftManager?folder=sent HTTP/1.1" 200 - "http://localhost:8080/sent?order=from" "Mozilla/5.0 (Macintosh; Intel Mac OS X 10_9_4) AppleWebKit/537.36 (KHTML, like Gecko) Chrome/39.0.2171.71 Safari/537.36"
0:0:0:0:0:0:0:1 -  -  [05/Dec/2014:01:23:50 +0000] "GET /sent?order=from HTTP/1.1" 200 - "http://localhost:8080/sent?order=from" "Mozilla/5.0 (Macintosh; Intel Mac OS X 10_9_4) AppleWebKit/537.36 (KHTML, like Gecko) Chrome/39.0.2171.71 Safari/537.36"
0:0:0:0:0:0:0:1 -  -  [05/Dec/2014:01:23:57 +0000] "POST /orderbyManager?folder=sent HTTP/1.1" 200 - "http://localhost:8080/sent?order=from" "Mozilla/5.0 (Macintosh; Intel Mac OS X 10_9_4) AppleWebKit/537.36 (KHTML, like Gecko) Chrome/39.0.2171.71 Safari/537.36"
0:0:0:0:0:0:0:1 -  -  [05/Dec/2014:01:23:57 +0000] "GET /sent?order=date HTTP/1.1" 200 - "http://localhost:8080/sent?order=from" "Mozilla/5.0 (Macintosh; Intel Mac OS X 10_9_4) AppleWebKit/537.36 (KHTML, like Gecko) Chrome/39.0.2171.71 Safari/537.36"
0:0:0:0:0:0:0:1 -  -  [05/Dec/2014:01:24:21 +0000] "GET /deleteManager?emailID=49&folder=sent HTTP/1.1" 200 - "http://localhost:8080/sent?order=date" "Mozilla/5.0 (Macintosh; Intel Mac OS X 10_9_4) AppleWebKit/537.36 (KHTML, like Gecko) Chrome/39.0.2171.71 Safari/537.36"
0:0:0:0:0:0:0:1 -  -  [05/Dec/2014:01:24:21 +0000] "GET /sent HTTP/1.1" 200 - "http://localhost:8080/sent?order=date" "Mozilla/5.0 (Macintosh; Intel Mac OS X 10_9_4) AppleWebKit/537.36 (KHTML, like Gecko) Chrome/39.0.2171.71 Safari/537.36"
0:0:0:0:0:0:0:1 -  -  [05/Dec/2014:01:24:21 +0000] "GET /deleteManager?emailID=53&folder=sent HTTP/1.1" 200 - "http://localhost:8080/sent" "Mozilla/5.0 (Macintosh; Intel Mac OS X 10_9_4) AppleWebKit/537.36 (KHTML, like Gecko) Chrome/39.0.2171.71 Safari/537.36"
0:0:0:0:0:0:0:1 -  -  [05/Dec/2014:01:24:21 +0000] "GET /sent HTTP/1.1" 200 - "http://localhost:8080/sent" "Mozilla/5.0 (Macintosh; Intel Mac OS X 10_9_4) AppleWebKit/537.36 (KHTML, like Gecko) Chrome/39.0.2171.71 Safari/537.36"
0:0:0:0:0:0:0:1 -  -  [05/Dec/2014:01:24:22 +0000] "GET /deleteManager?emailID=58&folder=sent HTTP/1.1" 200 - "http://localhost:8080/sent" "Mozilla/5.0 (Macintosh; Intel Mac OS X 10_9_4) AppleWebKit/537.36 (KHTML, like Gecko) Chrome/39.0.2171.71 Safari/537.36"
0:0:0:0:0:0:0:1 -  -  [05/Dec/2014:01:24:22 +0000] "GET /sent HTTP/1.1" 200 - "http://localhost:8080/sent" "Mozilla/5.0 (Macintosh; Intel Mac OS X 10_9_4) AppleWebKit/537.36 (KHTML, like Gecko) Chrome/39.0.2171.71 Safari/537.36"
0:0:0:0:0:0:0:1 -  -  [05/Dec/2014:01:24:22 +0000] "GET /deleteManager?emailID=54&folder=sent HTTP/1.1" 200 - "http://localhost:8080/sent" "Mozilla/5.0 (Macintosh; Intel Mac OS X 10_9_4) AppleWebKit/537.36 (KHTML, like Gecko) Chrome/39.0.2171.71 Safari/537.36"
0:0:0:0:0:0:0:1 -  -  [05/Dec/2014:01:24:22 +0000] "GET /sent HTTP/1.1" 200 - "http://localhost:8080/sent" "Mozilla/5.0 (Macintosh; Intel Mac OS X 10_9_4) AppleWebKit/537.36 (KHTML, like Gecko) Chrome/39.0.2171.71 Safari/537.36"
0:0:0:0:0:0:0:1 -  -  [05/Dec/2014:01:24:23 +0000] "GET /deleteManager?emailID=55&folder=sent HTTP/1.1" 200 - "http://localhost:8080/sent" "Mozilla/5.0 (Macintosh; Intel Mac OS X 10_9_4) AppleWebKit/537.36 (KHTML, like Gecko) Chrome/39.0.2171.71 Safari/537.36"
0:0:0:0:0:0:0:1 -  -  [05/Dec/2014:01:24:23 +0000] "GET /sent HTTP/1.1" 200 - "http://localhost:8080/sent" "Mozilla/5.0 (Macintosh; Intel Mac OS X 10_9_4) AppleWebKit/537.36 (KHTML, like Gecko) Chrome/39.0.2171.71 Safari/537.36"
0:0:0:0:0:0:0:1 -  -  [05/Dec/2014:01:24:24 +0000] "GET /deleteManager?emailID=56&folder=sent HTTP/1.1" 200 - "http://localhost:8080/sent" "Mozilla/5.0 (Macintosh; Intel Mac OS X 10_9_4) AppleWebKit/537.36 (KHTML, like Gecko) Chrome/39.0.2171.71 Safari/537.36"
0:0:0:0:0:0:0:1 -  -  [05/Dec/2014:01:24:24 +0000] "GET /sent HTTP/1.1" 200 - "http://localhost:8080/sent" "Mozilla/5.0 (Macintosh; Intel Mac OS X 10_9_4) AppleWebKit/537.36 (KHTML, like Gecko) Chrome/39.0.2171.71 Safari/537.36"
0:0:0:0:0:0:0:1 -  -  [05/Dec/2014:01:24:25 +0000] "GET /sent HTTP/1.1" 200 - "http://localhost:8080/sent" "Mozilla/5.0 (Macintosh; Intel Mac OS X 10_9_4) AppleWebKit/537.36 (KHTML, like Gecko) Chrome/39.0.2171.71 Safari/537.36"
0:0:0:0:0:0:0:1 -  -  [05/Dec/2014:01:24:28 +0000] "GET /inbox HTTP/1.1" 200 - "http://localhost:8080/sent" "Mozilla/5.0 (Macintosh; Intel Mac OS X 10_9_4) AppleWebKit/537.36 (KHTML, like Gecko) Chrome/39.0.2171.71 Safari/537.36"
0:0:0:0:0:0:0:1 -  -  [05/Dec/2014:01:24:29 +0000] "GET /sent HTTP/1.1" 200 - "http://localhost:8080/inbox" "Mozilla/5.0 (Macintosh; Intel Mac OS X 10_9_4) AppleWebKit/537.36 (KHTML, like Gecko) Chrome/39.0.2171.71 Safari/537.36"
0:0:0:0:0:0:0:1 -  -  [05/Dec/2014:01:24:31 +0000] "GET /rightManager?folder=sent HTTP/1.1" 200 - "http://localhost:8080/sent" "Mozilla/5.0 (Macintosh; Intel Mac OS X 10_9_4) AppleWebKit/537.36 (KHTML, like Gecko) Chrome/39.0.2171.71 Safari/537.36"
0:0:0:0:0:0:0:1 -  -  [05/Dec/2014:01:24:31 +0000] "GET /sent?order=date HTTP/1.1" 200 - "http://localhost:8080/sent" "Mozilla/5.0 (Macintosh; Intel Mac OS X 10_9_4) AppleWebKit/537.36 (KHTML, like Gecko) Chrome/39.0.2171.71 Safari/537.36"
0:0:0:0:0:0:0:1 -  -  [05/Dec/2014:01:24:32 +0000] "GET /leftManager?folder=sent HTTP/1.1" 200 - "http://localhost:8080/sent?order=date" "Mozilla/5.0 (Macintosh; Intel Mac OS X 10_9_4) AppleWebKit/537.36 (KHTML, like Gecko) Chrome/39.0.2171.71 Safari/537.36"
0:0:0:0:0:0:0:1 -  -  [05/Dec/2014:01:24:32 +0000] "GET /sent?order=date HTTP/1.1" 200 - "http://localhost:8080/sent?order=date" "Mozilla/5.0 (Macintosh; Intel Mac OS X 10_9_4) AppleWebKit/537.36 (KHTML, like Gecko) Chrome/39.0.2171.71 Safari/537.36"
0:0:0:0:0:0:0:1 -  -  [05/Dec/2014:01:24:33 +0000] "POST /orderbyManager?folder=sent HTTP/1.1" 200 - "http://localhost:8080/sent?order=date" "Mozilla/5.0 (Macintosh; Intel Mac OS X 10_9_4) AppleWebKit/537.36 (KHTML, like Gecko) Chrome/39.0.2171.71 Safari/537.36"
0:0:0:0:0:0:0:1 -  -  [05/Dec/2014:01:24:33 +0000] "GET /sent?order=date HTTP/1.1" 200 - "http://localhost:8080/sent?order=date" "Mozilla/5.0 (Macintosh; Intel Mac OS X 10_9_4) AppleWebKit/537.36 (KHTML, like Gecko) Chrome/39.0.2171.71 Safari/537.36"
0:0:0:0:0:0:0:1 -  -  [05/Dec/2014:01:24:36 +0000] "POST /orderbyManager?folder=sent HTTP/1.1" 200 - "http://localhost:8080/sent?order=date" "Mozilla/5.0 (Macintosh; Intel Mac OS X 10_9_4) AppleWebKit/537.36 (KHTML, like Gecko) Chrome/39.0.2171.71 Safari/537.36"
0:0:0:0:0:0:0:1 -  -  [05/Dec/2014:01:24:36 +0000] "GET /sent?order=from HTTP/1.1" 200 - "http://localhost:8080/sent?order=date" "Mozilla/5.0 (Macintosh; Intel Mac OS X 10_9_4) AppleWebKit/537.36 (KHTML, like Gecko) Chrome/39.0.2171.71 Safari/537.36"
0:0:0:0:0:0:0:1 -  -  [05/Dec/2014:01:25:39 +0000] "POST /orderbyManager?folder=sent HTTP/1.1" 200 - "http://localhost:8080/sent?order=from" "Mozilla/5.0 (Macintosh; Intel Mac OS X 10_9_4) AppleWebKit/537.36 (KHTML, like Gecko) Chrome/39.0.2171.71 Safari/537.36"
0:0:0:0:0:0:0:1 -  -  [05/Dec/2014:01:25:39 +0000] "GET /sent?order=date HTTP/1.1" 200 - "http://localhost:8080/sent?order=from" "Mozilla/5.0 (Macintosh; Intel Mac OS X 10_9_4) AppleWebKit/537.36 (KHTML, like Gecko) Chrome/39.0.2171.71 Safari/537.36"
0:0:0:0:0:0:0:1 -  -  [05/Dec/2014:01:25:40 +0000] "POST /orderbyManager?folder=sent HTTP/1.1" 200 - "http://localhost:8080/sent?order=date" "Mozilla/5.0 (Macintosh; Intel Mac OS X 10_9_4) AppleWebKit/537.36 (KHTML, like Gecko) Chrome/39.0.2171.71 Safari/537.36"
0:0:0:0:0:0:0:1 -  -  [05/Dec/2014:01:25:40 +0000] "GET /sent?order=date HTTP/1.1" 200 - "http://localhost:8080/sent?order=date" "Mozilla/5.0 (Macintosh; Intel Mac OS X 10_9_4) AppleWebKit/537.36 (KHTML, like Gecko) Chrome/39.0.2171.71 Safari/537.36"
0:0:0:0:0:0:0:1 -  -  [05/Dec/2014:01:25:45 +0000] "POST /orderbyManager?folder=sent HTTP/1.1" 200 - "http://localhost:8080/sent?order=date" "Mozilla/5.0 (Macintosh; Intel Mac OS X 10_9_4) AppleWebKit/537.36 (KHTML, like Gecko) Chrome/39.0.2171.71 Safari/537.36"
0:0:0:0:0:0:0:1 -  -  [05/Dec/2014:01:25:45 +0000] "GET /sent?order=from HTTP/1.1" 200 - "http://localhost:8080/sent?order=date" "Mozilla/5.0 (Macintosh; Intel Mac OS X 10_9_4) AppleWebKit/537.36 (KHTML, like Gecko) Chrome/39.0.2171.71 Safari/537.36"
0:0:0:0:0:0:0:1 -  -  [05/Dec/2014:01:25:52 +0000] "POST /orderbyManager?folder=sent HTTP/1.1" 200 - "http://localhost:8080/sent?order=from" "Mozilla/5.0 (Macintosh; Intel Mac OS X 10_9_4) AppleWebKit/537.36 (KHTML, like Gecko) Chrome/39.0.2171.71 Safari/537.36"
0:0:0:0:0:0:0:1 -  -  [05/Dec/2014:01:25:52 +0000] "GET /sent?order=date HTTP/1.1" 200 - "http://localhost:8080/sent?order=from" "Mozilla/5.0 (Macintosh; Intel Mac OS X 10_9_4) AppleWebKit/537.36 (KHTML, like Gecko) Chrome/39.0.2171.71 Safari/537.36"
0:0:0:0:0:0:0:1 -  -  [05/Dec/2014:01:26:05 +0000] "POST /orderbyManager?folder=sent HTTP/1.1" 200 - "http://localhost:8080/sent?order=date" "Mozilla/5.0 (Macintosh; Intel Mac OS X 10_9_4) AppleWebKit/537.36 (KHTML, like Gecko) Chrome/39.0.2171.71 Safari/537.36"
0:0:0:0:0:0:0:1 -  -  [05/Dec/2014:01:26:05 +0000] "GET /sent?order=from HTTP/1.1" 200 - "http://localhost:8080/sent?order=date" "Mozilla/5.0 (Macintosh; Intel Mac OS X 10_9_4) AppleWebKit/537.36 (KHTML, like Gecko) Chrome/39.0.2171.71 Safari/537.36"
0:0:0:0:0:0:0:1 -  -  [05/Dec/2014:01:26:19 +0000] "POST /orderbyManager?folder=sent HTTP/1.1" 200 - "http://localhost:8080/sent?order=from" "Mozilla/5.0 (Macintosh; Intel Mac OS X 10_9_4) AppleWebKit/537.36 (KHTML, like Gecko) Chrome/39.0.2171.71 Safari/537.36"
0:0:0:0:0:0:0:1 -  -  [05/Dec/2014:01:26:19 +0000] "GET /sent?order=date HTTP/1.1" 200 - "http://localhost:8080/sent?order=from" "Mozilla/5.0 (Macintosh; Intel Mac OS X 10_9_4) AppleWebKit/537.36 (KHTML, like Gecko) Chrome/39.0.2171.71 Safari/537.36"
0:0:0:0:0:0:0:1 -  -  [05/Dec/2014:01:26:21 +0000] "GET /viewEmail?emailID=60&infolder=sent HTTP/1.1" 200 - "http://localhost:8080/sent?order=date" "Mozilla/5.0 (Macintosh; Intel Mac OS X 10_9_4) AppleWebKit/537.36 (KHTML, like Gecko) Chrome/39.0.2171.71 Safari/537.36"
0:0:0:0:0:0:0:1 -  -  [05/Dec/2014:01:26:26 +0000] "GET /deleteManager?emailID=60&folder=sent HTTP/1.1" 200 - "http://localhost:8080/sent?order=date" "Mozilla/5.0 (Macintosh; Intel Mac OS X 10_9_4) AppleWebKit/537.36 (KHTML, like Gecko) Chrome/39.0.2171.71 Safari/537.36"
0:0:0:0:0:0:0:1 -  -  [05/Dec/2014:01:26:26 +0000] "GET /sent HTTP/1.1" 200 - "http://localhost:8080/sent?order=date" "Mozilla/5.0 (Macintosh; Intel Mac OS X 10_9_4) AppleWebKit/537.36 (KHTML, like Gecko) Chrome/39.0.2171.71 Safari/537.36"
0:0:0:0:0:0:0:1 -  -  [05/Dec/2014:01:26:27 +0000] "POST /orderbyManager?folder=sent HTTP/1.1" 200 - "http://localhost:8080/sent" "Mozilla/5.0 (Macintosh; Intel Mac OS X 10_9_4) AppleWebKit/537.36 (KHTML, like Gecko) Chrome/39.0.2171.71 Safari/537.36"
0:0:0:0:0:0:0:1 -  -  [05/Dec/2014:01:26:27 +0000] "GET /sent?order=date HTTP/1.1" 200 - "http://localhost:8080/sent" "Mozilla/5.0 (Macintosh; Intel Mac OS X 10_9_4) AppleWebKit/537.36 (KHTML, like Gecko) Chrome/39.0.2171.71 Safari/537.36"
0:0:0:0:0:0:0:1 -  -  [05/Dec/2014:01:26:36 +0000] "POST /orderbyManager?folder=sent HTTP/1.1" 200 - "http://localhost:8080/sent?order=date" "Mozilla/5.0 (Macintosh; Intel Mac OS X 10_9_4) AppleWebKit/537.36 (KHTML, like Gecko) Chrome/39.0.2171.71 Safari/537.36"
0:0:0:0:0:0:0:1 -  -  [05/Dec/2014:01:26:36 +0000] "GET /sent?order=from HTTP/1.1" 200 - "http://localhost:8080/sent?order=date" "Mozilla/5.0 (Macintosh; Intel Mac OS X 10_9_4) AppleWebKit/537.36 (KHTML, like Gecko) Chrome/39.0.2171.71 Safari/537.36"
0:0:0:0:0:0:0:1 -  -  [05/Dec/2014:01:27:34 +0000] "GET /login HTTP/1.1" 200 - "-" "Mozilla/5.0 (Macintosh; Intel Mac OS X 10_9_4) AppleWebKit/537.36 (KHTML, like Gecko) Chrome/39.0.2171.71 Safari/537.36"
0:0:0:0:0:0:0:1 -  -  [05/Dec/2014:01:27:38 +0000] "POST /userLoginManager HTTP/1.1" 200 - "http://localhost:8080/login" "Mozilla/5.0 (Macintosh; Intel Mac OS X 10_9_4) AppleWebKit/537.36 (KHTML, like Gecko) Chrome/39.0.2171.71 Safari/537.36"
0:0:0:0:0:0:0:1 -  -  [05/Dec/2014:01:27:38 +0000] "GET /welcome HTTP/1.1" 200 - "http://localhost:8080/login" "Mozilla/5.0 (Macintosh; Intel Mac OS X 10_9_4) AppleWebKit/537.36 (KHTML, like Gecko) Chrome/39.0.2171.71 Safari/537.36"
0:0:0:0:0:0:0:1 -  -  [05/Dec/2014:01:27:39 +0000] "POST /afterWelcomeBeforeInboxManager HTTP/1.1" 200 - "http://localhost:8080/welcome" "Mozilla/5.0 (Macintosh; Intel Mac OS X 10_9_4) AppleWebKit/537.36 (KHTML, like Gecko) Chrome/39.0.2171.71 Safari/537.36"
0:0:0:0:0:0:0:1 -  -  [05/Dec/2014:01:27:39 +0000] "GET /inbox HTTP/1.1" 200 - "http://localhost:8080/welcome" "Mozilla/5.0 (Macintosh; Intel Mac OS X 10_9_4) AppleWebKit/537.36 (KHTML, like Gecko) Chrome/39.0.2171.71 Safari/537.36"
0:0:0:0:0:0:0:1 -  -  [05/Dec/2014:01:27:40 +0000] "GET /sent HTTP/1.1" 200 - "http://localhost:8080/inbox" "Mozilla/5.0 (Macintosh; Intel Mac OS X 10_9_4) AppleWebKit/537.36 (KHTML, like Gecko) Chrome/39.0.2171.71 Safari/537.36"
0:0:0:0:0:0:0:1 -  -  [05/Dec/2014:01:27:48 +0000] "GET /trash HTTP/1.1" 200 - "http://localhost:8080/sent" "Mozilla/5.0 (Macintosh; Intel Mac OS X 10_9_4) AppleWebKit/537.36 (KHTML, like Gecko) Chrome/39.0.2171.71 Safari/537.36"
0:0:0:0:0:0:0:1 -  -  [05/Dec/2014:01:27:51 +0000] "GET /inbox HTTP/1.1" 200 - "http://localhost:8080/trash" "Mozilla/5.0 (Macintosh; Intel Mac OS X 10_9_4) AppleWebKit/537.36 (KHTML, like Gecko) Chrome/39.0.2171.71 Safari/537.36"
0:0:0:0:0:0:0:1 -  -  [05/Dec/2014:01:27:57 +0000] "GET /sent HTTP/1.1" 200 - "http://localhost:8080/inbox" "Mozilla/5.0 (Macintosh; Intel Mac OS X 10_9_4) AppleWebKit/537.36 (KHTML, like Gecko) Chrome/39.0.2171.71 Safari/537.36"
0:0:0:0:0:0:0:1 -  -  [05/Dec/2014:01:28:00 +0000] "GET /rightManager?folder=sent HTTP/1.1" 200 - "http://localhost:8080/sent" "Mozilla/5.0 (Macintosh; Intel Mac OS X 10_9_4) AppleWebKit/537.36 (KHTML, like Gecko) Chrome/39.0.2171.71 Safari/537.36"
0:0:0:0:0:0:0:1 -  -  [05/Dec/2014:01:28:00 +0000] "GET /sent?order=date HTTP/1.1" 200 - "http://localhost:8080/sent" "Mozilla/5.0 (Macintosh; Intel Mac OS X 10_9_4) AppleWebKit/537.36 (KHTML, like Gecko) Chrome/39.0.2171.71 Safari/537.36"
0:0:0:0:0:0:0:1 -  -  [05/Dec/2014:01:28:01 +0000] "GET /leftManager?folder=sent HTTP/1.1" 200 - "http://localhost:8080/sent?order=date" "Mozilla/5.0 (Macintosh; Intel Mac OS X 10_9_4) AppleWebKit/537.36 (KHTML, like Gecko) Chrome/39.0.2171.71 Safari/537.36"
0:0:0:0:0:0:0:1 -  -  [05/Dec/2014:01:28:01 +0000] "GET /sent?order=date HTTP/1.1" 200 - "http://localhost:8080/sent?order=date" "Mozilla/5.0 (Macintosh; Intel Mac OS X 10_9_4) AppleWebKit/537.36 (KHTML, like Gecko) Chrome/39.0.2171.71 Safari/537.36"
0:0:0:0:0:0:0:1 -  -  [05/Dec/2014:01:28:06 +0000] "GET /sendEmail HTTP/1.1" 200 - "http://localhost:8080/sent?order=date" "Mozilla/5.0 (Macintosh; Intel Mac OS X 10_9_4) AppleWebKit/537.36 (KHTML, like Gecko) Chrome/39.0.2171.71 Safari/537.36"
0:0:0:0:0:0:0:1 -  -  [05/Dec/2014:01:28:26 +0000] "POST /sendEmailManager HTTP/1.1" 200 - "http://localhost:8080/sendEmail" "Mozilla/5.0 (Macintosh; Intel Mac OS X 10_9_4) AppleWebKit/537.36 (KHTML, like Gecko) Chrome/39.0.2171.71 Safari/537.36"
0:0:0:0:0:0:0:1 -  -  [05/Dec/2014:01:28:28 +0000] "GET /emailSendSuccess HTTP/1.1" 200 - "http://localhost:8080/sendEmail" "Mozilla/5.0 (Macintosh; Intel Mac OS X 10_9_4) AppleWebKit/537.36 (KHTML, like Gecko) Chrome/39.0.2171.71 Safari/537.36"
0:0:0:0:0:0:0:1 -  -  [05/Dec/2014:01:28:31 +0000] "GET /inbox HTTP/1.1" 200 - "http://localhost:8080/sent?order=date" "Mozilla/5.0 (Macintosh; Intel Mac OS X 10_9_4) AppleWebKit/537.36 (KHTML, like Gecko) Chrome/39.0.2171.71 Safari/537.36"
0:0:0:0:0:0:0:1 -  -  [05/Dec/2014:01:28:34 +0000] "GET /sent HTTP/1.1" 200 - "http://localhost:8080/inbox" "Mozilla/5.0 (Macintosh; Intel Mac OS X 10_9_4) AppleWebKit/537.36 (KHTML, like Gecko) Chrome/39.0.2171.71 Safari/537.36"
0:0:0:0:0:0:0:1 -  -  [05/Dec/2014:01:28:41 +0000] "GET /inbox HTTP/1.1" 200 - "http://localhost:8080/sent" "Mozilla/5.0 (Macintosh; Intel Mac OS X 10_9_4) AppleWebKit/537.36 (KHTML, like Gecko) Chrome/39.0.2171.71 Safari/537.36"
0:0:0:0:0:0:0:1 -  -  [05/Dec/2014:01:28:41 +0000] "GET /sent HTTP/1.1" 200 - "http://localhost:8080/inbox" "Mozilla/5.0 (Macintosh; Intel Mac OS X 10_9_4) AppleWebKit/537.36 (KHTML, like Gecko) Chrome/39.0.2171.71 Safari/537.36"
0:0:0:0:0:0:0:1 -  -  [05/Dec/2014:01:34:35 +0000] "GET /login HTTP/1.1" 200 - "-" "Mozilla/5.0 (Macintosh; Intel Mac OS X 10_9_4) AppleWebKit/537.36 (KHTML, like Gecko) Chrome/39.0.2171.71 Safari/537.36"
0:0:0:0:0:0:0:1 -  -  [05/Dec/2014:01:34:40 +0000] "POST /userLoginManager HTTP/1.1" 200 - "http://localhost:8080/login" "Mozilla/5.0 (Macintosh; Intel Mac OS X 10_9_4) AppleWebKit/537.36 (KHTML, like Gecko) Chrome/39.0.2171.71 Safari/537.36"
0:0:0:0:0:0:0:1 -  -  [05/Dec/2014:01:34:40 +0000] "GET /welcome HTTP/1.1" 200 - "http://localhost:8080/login" "Mozilla/5.0 (Macintosh; Intel Mac OS X 10_9_4) AppleWebKit/537.36 (KHTML, like Gecko) Chrome/39.0.2171.71 Safari/537.36"
0:0:0:0:0:0:0:1 -  -  [05/Dec/2014:01:34:40 +0000] "POST /afterWelcomeBeforeInboxManager HTTP/1.1" 200 - "http://localhost:8080/welcome" "Mozilla/5.0 (Macintosh; Intel Mac OS X 10_9_4) AppleWebKit/537.36 (KHTML, like Gecko) Chrome/39.0.2171.71 Safari/537.36"
0:0:0:0:0:0:0:1 -  -  [05/Dec/2014:01:34:40 +0000] "GET /inbox HTTP/1.1" 200 - "http://localhost:8080/welcome" "Mozilla/5.0 (Macintosh; Intel Mac OS X 10_9_4) AppleWebKit/537.36 (KHTML, like Gecko) Chrome/39.0.2171.71 Safari/537.36"
0:0:0:0:0:0:0:1 -  -  [05/Dec/2014:01:34:43 +0000] "GET /sent HTTP/1.1" 200 - "http://localhost:8080/inbox" "Mozilla/5.0 (Macintosh; Intel Mac OS X 10_9_4) AppleWebKit/537.36 (KHTML, like Gecko) Chrome/39.0.2171.71 Safari/537.36"
0:0:0:0:0:0:0:1 -  -  [05/Dec/2014:01:34:59 +0000] "POST /orderbyManager?folder=sent HTTP/1.1" 200 - "http://localhost:8080/sent" "Mozilla/5.0 (Macintosh; Intel Mac OS X 10_9_4) AppleWebKit/537.36 (KHTML, like Gecko) Chrome/39.0.2171.71 Safari/537.36"
0:0:0:0:0:0:0:1 -  -  [05/Dec/2014:01:34:59 +0000] "GET /sent?order=to HTTP/1.1" 200 - "http://localhost:8080/sent" "Mozilla/5.0 (Macintosh; Intel Mac OS X 10_9_4) AppleWebKit/537.36 (KHTML, like Gecko) Chrome/39.0.2171.71 Safari/537.36"
0:0:0:0:0:0:0:1 -  -  [05/Dec/2014:01:35:21 +0000] "POST /orderbyManager?folder=sent HTTP/1.1" 200 - "http://localhost:8080/sent?order=to" "Mozilla/5.0 (Macintosh; Intel Mac OS X 10_9_4) AppleWebKit/537.36 (KHTML, like Gecko) Chrome/39.0.2171.71 Safari/537.36"
0:0:0:0:0:0:0:1 -  -  [05/Dec/2014:01:35:21 +0000] "GET /sent?order=subject HTTP/1.1" 200 - "http://localhost:8080/sent?order=to" "Mozilla/5.0 (Macintosh; Intel Mac OS X 10_9_4) AppleWebKit/537.36 (KHTML, like Gecko) Chrome/39.0.2171.71 Safari/537.36"
0:0:0:0:0:0:0:1 -  -  [05/Dec/2014:01:35:27 +0000] "POST /orderbyManager?folder=sent HTTP/1.1" 200 - "http://localhost:8080/sent?order=subject" "Mozilla/5.0 (Macintosh; Intel Mac OS X 10_9_4) AppleWebKit/537.36 (KHTML, like Gecko) Chrome/39.0.2171.71 Safari/537.36"
0:0:0:0:0:0:0:1 -  -  [05/Dec/2014:01:35:27 +0000] "GET /sent?order=date HTTP/1.1" 200 - "http://localhost:8080/sent?order=subject" "Mozilla/5.0 (Macintosh; Intel Mac OS X 10_9_4) AppleWebKit/537.36 (KHTML, like Gecko) Chrome/39.0.2171.71 Safari/537.36"
0:0:0:0:0:0:0:1 -  -  [05/Dec/2014:01:35:34 +0000] "GET /sendEmail HTTP/1.1" 200 - "http://localhost:8080/sent?order=date" "Mozilla/5.0 (Macintosh; Intel Mac OS X 10_9_4) AppleWebKit/537.36 (KHTML, like Gecko) Chrome/39.0.2171.71 Safari/537.36"
0:0:0:0:0:0:0:1 -  -  [05/Dec/2014:01:35:43 +0000] "POST /sendEmailManager HTTP/1.1" 200 - "http://localhost:8080/sendEmail" "Mozilla/5.0 (Macintosh; Intel Mac OS X 10_9_4) AppleWebKit/537.36 (KHTML, like Gecko) Chrome/39.0.2171.71 Safari/537.36"
0:0:0:0:0:0:0:1 -  -  [05/Dec/2014:01:35:45 +0000] "GET /emailSendSuccess HTTP/1.1" 200 - "http://localhost:8080/sendEmail" "Mozilla/5.0 (Macintosh; Intel Mac OS X 10_9_4) AppleWebKit/537.36 (KHTML, like Gecko) Chrome/39.0.2171.71 Safari/537.36"
0:0:0:0:0:0:0:1 -  -  [05/Dec/2014:01:35:48 +0000] "GET /sendEmail HTTP/1.1" 200 - "http://localhost:8080/sent?order=date" "Mozilla/5.0 (Macintosh; Intel Mac OS X 10_9_4) AppleWebKit/537.36 (KHTML, like Gecko) Chrome/39.0.2171.71 Safari/537.36"
0:0:0:0:0:0:0:1 -  -  [05/Dec/2014:01:35:54 +0000] "POST /sendEmailManager HTTP/1.1" 200 - "http://localhost:8080/sendEmail" "Mozilla/5.0 (Macintosh; Intel Mac OS X 10_9_4) AppleWebKit/537.36 (KHTML, like Gecko) Chrome/39.0.2171.71 Safari/537.36"
0:0:0:0:0:0:0:1 -  -  [05/Dec/2014:01:35:56 +0000] "GET /emailSendSuccess HTTP/1.1" 200 - "http://localhost:8080/sendEmail" "Mozilla/5.0 (Macintosh; Intel Mac OS X 10_9_4) AppleWebKit/537.36 (KHTML, like Gecko) Chrome/39.0.2171.71 Safari/537.36"
0:0:0:0:0:0:0:1 -  -  [05/Dec/2014:01:35:59 +0000] "GET /sendEmail HTTP/1.1" 200 - "http://localhost:8080/sent?order=date" "Mozilla/5.0 (Macintosh; Intel Mac OS X 10_9_4) AppleWebKit/537.36 (KHTML, like Gecko) Chrome/39.0.2171.71 Safari/537.36"
0:0:0:0:0:0:0:1 -  -  [05/Dec/2014:01:36:04 +0000] "POST /sendEmailManager HTTP/1.1" 200 - "http://localhost:8080/sendEmail" "Mozilla/5.0 (Macintosh; Intel Mac OS X 10_9_4) AppleWebKit/537.36 (KHTML, like Gecko) Chrome/39.0.2171.71 Safari/537.36"
0:0:0:0:0:0:0:1 -  -  [05/Dec/2014:01:36:05 +0000] "GET /emailSendSuccess HTTP/1.1" 200 - "http://localhost:8080/sendEmail" "Mozilla/5.0 (Macintosh; Intel Mac OS X 10_9_4) AppleWebKit/537.36 (KHTML, like Gecko) Chrome/39.0.2171.71 Safari/537.36"
0:0:0:0:0:0:0:1 -  -  [05/Dec/2014:01:36:09 +0000] "GET /sendEmail HTTP/1.1" 200 - "http://localhost:8080/sent?order=date" "Mozilla/5.0 (Macintosh; Intel Mac OS X 10_9_4) AppleWebKit/537.36 (KHTML, like Gecko) Chrome/39.0.2171.71 Safari/537.36"
0:0:0:0:0:0:0:1 -  -  [05/Dec/2014:01:36:13 +0000] "POST /sendEmailManager HTTP/1.1" 200 - "http://localhost:8080/sendEmail" "Mozilla/5.0 (Macintosh; Intel Mac OS X 10_9_4) AppleWebKit/537.36 (KHTML, like Gecko) Chrome/39.0.2171.71 Safari/537.36"
0:0:0:0:0:0:0:1 -  -  [05/Dec/2014:01:36:15 +0000] "GET /emailSendSuccess HTTP/1.1" 200 - "http://localhost:8080/sendEmail" "Mozilla/5.0 (Macintosh; Intel Mac OS X 10_9_4) AppleWebKit/537.36 (KHTML, like Gecko) Chrome/39.0.2171.71 Safari/537.36"
0:0:0:0:0:0:0:1 -  -  [05/Dec/2014:01:36:17 +0000] "GET /sendEmail HTTP/1.1" 200 - "http://localhost:8080/sent?order=date" "Mozilla/5.0 (Macintosh; Intel Mac OS X 10_9_4) AppleWebKit/537.36 (KHTML, like Gecko) Chrome/39.0.2171.71 Safari/537.36"
0:0:0:0:0:0:0:1 -  -  [05/Dec/2014:01:36:22 +0000] "POST /sendEmailManager HTTP/1.1" 200 - "http://localhost:8080/sendEmail" "Mozilla/5.0 (Macintosh; Intel Mac OS X 10_9_4) AppleWebKit/537.36 (KHTML, like Gecko) Chrome/39.0.2171.71 Safari/537.36"
0:0:0:0:0:0:0:1 -  -  [05/Dec/2014:01:36:24 +0000] "GET /emailSendSuccess HTTP/1.1" 200 - "http://localhost:8080/sendEmail" "Mozilla/5.0 (Macintosh; Intel Mac OS X 10_9_4) AppleWebKit/537.36 (KHTML, like Gecko) Chrome/39.0.2171.71 Safari/537.36"
0:0:0:0:0:0:0:1 -  -  [05/Dec/2014:01:36:27 +0000] "GET /sendEmail HTTP/1.1" 200 - "http://localhost:8080/sent?order=date" "Mozilla/5.0 (Macintosh; Intel Mac OS X 10_9_4) AppleWebKit/537.36 (KHTML, like Gecko) Chrome/39.0.2171.71 Safari/537.36"
0:0:0:0:0:0:0:1 -  -  [05/Dec/2014:01:36:34 +0000] "POST /sendEmailManager HTTP/1.1" 200 - "http://localhost:8080/sendEmail" "Mozilla/5.0 (Macintosh; Intel Mac OS X 10_9_4) AppleWebKit/537.36 (KHTML, like Gecko) Chrome/39.0.2171.71 Safari/537.36"
0:0:0:0:0:0:0:1 -  -  [05/Dec/2014:01:36:35 +0000] "GET /emailSendSuccess HTTP/1.1" 200 - "http://localhost:8080/sendEmail" "Mozilla/5.0 (Macintosh; Intel Mac OS X 10_9_4) AppleWebKit/537.36 (KHTML, like Gecko) Chrome/39.0.2171.71 Safari/537.36"
0:0:0:0:0:0:0:1 -  -  [05/Dec/2014:01:36:39 +0000] "GET /inbox HTTP/1.1" 200 - "http://localhost:8080/sent?order=date" "Mozilla/5.0 (Macintosh; Intel Mac OS X 10_9_4) AppleWebKit/537.36 (KHTML, like Gecko) Chrome/39.0.2171.71 Safari/537.36"
0:0:0:0:0:0:0:1 -  -  [05/Dec/2014:01:36:40 +0000] "GET /sent HTTP/1.1" 200 - "http://localhost:8080/inbox" "Mozilla/5.0 (Macintosh; Intel Mac OS X 10_9_4) AppleWebKit/537.36 (KHTML, like Gecko) Chrome/39.0.2171.71 Safari/537.36"
0:0:0:0:0:0:0:1 -  -  [05/Dec/2014:01:36:45 +0000] "GET /rightManager?folder=sent HTTP/1.1" 200 - "http://localhost:8080/sent" "Mozilla/5.0 (Macintosh; Intel Mac OS X 10_9_4) AppleWebKit/537.36 (KHTML, like Gecko) Chrome/39.0.2171.71 Safari/537.36"
0:0:0:0:0:0:0:1 -  -  [05/Dec/2014:01:36:45 +0000] "GET /sent?order=date HTTP/1.1" 200 - "http://localhost:8080/sent" "Mozilla/5.0 (Macintosh; Intel Mac OS X 10_9_4) AppleWebKit/537.36 (KHTML, like Gecko) Chrome/39.0.2171.71 Safari/537.36"
0:0:0:0:0:0:0:1 -  -  [05/Dec/2014:01:36:46 +0000] "GET /leftManager?folder=sent HTTP/1.1" 200 - "http://localhost:8080/sent?order=date" "Mozilla/5.0 (Macintosh; Intel Mac OS X 10_9_4) AppleWebKit/537.36 (KHTML, like Gecko) Chrome/39.0.2171.71 Safari/537.36"
0:0:0:0:0:0:0:1 -  -  [05/Dec/2014:01:36:46 +0000] "GET /sent?order=date HTTP/1.1" 200 - "http://localhost:8080/sent?order=date" "Mozilla/5.0 (Macintosh; Intel Mac OS X 10_9_4) AppleWebKit/537.36 (KHTML, like Gecko) Chrome/39.0.2171.71 Safari/537.36"
0:0:0:0:0:0:0:1 -  -  [05/Dec/2014:01:37:59 +0000] "GET /login HTTP/1.1" 200 - "-" "Mozilla/5.0 (Macintosh; Intel Mac OS X 10_9_4) AppleWebKit/537.36 (KHTML, like Gecko) Chrome/39.0.2171.71 Safari/537.36"
0:0:0:0:0:0:0:1 -  -  [05/Dec/2014:01:38:04 +0000] "POST /userLoginManager HTTP/1.1" 200 - "http://localhost:8080/login" "Mozilla/5.0 (Macintosh; Intel Mac OS X 10_9_4) AppleWebKit/537.36 (KHTML, like Gecko) Chrome/39.0.2171.71 Safari/537.36"
0:0:0:0:0:0:0:1 -  -  [05/Dec/2014:01:38:04 +0000] "GET /welcome HTTP/1.1" 200 - "http://localhost:8080/login" "Mozilla/5.0 (Macintosh; Intel Mac OS X 10_9_4) AppleWebKit/537.36 (KHTML, like Gecko) Chrome/39.0.2171.71 Safari/537.36"
0:0:0:0:0:0:0:1 -  -  [05/Dec/2014:01:38:05 +0000] "POST /afterWelcomeBeforeInboxManager HTTP/1.1" 200 - "http://localhost:8080/welcome" "Mozilla/5.0 (Macintosh; Intel Mac OS X 10_9_4) AppleWebKit/537.36 (KHTML, like Gecko) Chrome/39.0.2171.71 Safari/537.36"
0:0:0:0:0:0:0:1 -  -  [05/Dec/2014:01:38:05 +0000] "GET /inbox HTTP/1.1" 200 - "http://localhost:8080/welcome" "Mozilla/5.0 (Macintosh; Intel Mac OS X 10_9_4) AppleWebKit/537.36 (KHTML, like Gecko) Chrome/39.0.2171.71 Safari/537.36"
0:0:0:0:0:0:0:1 -  -  [05/Dec/2014:01:38:12 +0000] "POST /orderbyManager?folder=inbox HTTP/1.1" 200 - "http://localhost:8080/inbox" "Mozilla/5.0 (Macintosh; Intel Mac OS X 10_9_4) AppleWebKit/537.36 (KHTML, like Gecko) Chrome/39.0.2171.71 Safari/537.36"
0:0:0:0:0:0:0:1 -  -  [05/Dec/2014:01:38:12 +0000] "GET /inbox?order=date HTTP/1.1" 200 - "http://localhost:8080/inbox" "Mozilla/5.0 (Macintosh; Intel Mac OS X 10_9_4) AppleWebKit/537.36 (KHTML, like Gecko) Chrome/39.0.2171.71 Safari/537.36"
0:0:0:0:0:0:0:1 -  -  [05/Dec/2014:01:38:19 +0000] "GET /rightManager?folder=inbox HTTP/1.1" 200 - "http://localhost:8080/inbox?order=date" "Mozilla/5.0 (Macintosh; Intel Mac OS X 10_9_4) AppleWebKit/537.36 (KHTML, like Gecko) Chrome/39.0.2171.71 Safari/537.36"
0:0:0:0:0:0:0:1 -  -  [05/Dec/2014:01:38:19 +0000] "GET /inbox?order=date HTTP/1.1" 200 - "http://localhost:8080/inbox?order=date" "Mozilla/5.0 (Macintosh; Intel Mac OS X 10_9_4) AppleWebKit/537.36 (KHTML, like Gecko) Chrome/39.0.2171.71 Safari/537.36"
0:0:0:0:0:0:0:1 -  -  [05/Dec/2014:01:41:04 +0000] "GET /login HTTP/1.1" 200 - "-" "Mozilla/5.0 (Macintosh; Intel Mac OS X 10_9_4) AppleWebKit/537.36 (KHTML, like Gecko) Chrome/39.0.2171.71 Safari/537.36"
0:0:0:0:0:0:0:1 -  -  [05/Dec/2014:01:41:09 +0000] "POST /userLoginManager HTTP/1.1" 200 - "http://localhost:8080/login" "Mozilla/5.0 (Macintosh; Intel Mac OS X 10_9_4) AppleWebKit/537.36 (KHTML, like Gecko) Chrome/39.0.2171.71 Safari/537.36"
0:0:0:0:0:0:0:1 -  -  [05/Dec/2014:01:41:09 +0000] "GET /welcome HTTP/1.1" 200 - "http://localhost:8080/login" "Mozilla/5.0 (Macintosh; Intel Mac OS X 10_9_4) AppleWebKit/537.36 (KHTML, like Gecko) Chrome/39.0.2171.71 Safari/537.36"
0:0:0:0:0:0:0:1 -  -  [05/Dec/2014:01:41:13 +0000] "POST /afterWelcomeBeforeInboxManager HTTP/1.1" 200 - "http://localhost:8080/welcome" "Mozilla/5.0 (Macintosh; Intel Mac OS X 10_9_4) AppleWebKit/537.36 (KHTML, like Gecko) Chrome/39.0.2171.71 Safari/537.36"
0:0:0:0:0:0:0:1 -  -  [05/Dec/2014:01:41:13 +0000] "GET /inbox HTTP/1.1" 200 - "http://localhost:8080/welcome" "Mozilla/5.0 (Macintosh; Intel Mac OS X 10_9_4) AppleWebKit/537.36 (KHTML, like Gecko) Chrome/39.0.2171.71 Safari/537.36"
0:0:0:0:0:0:0:1 -  -  [05/Dec/2014:01:41:18 +0000] "POST /orderbyManager?folder=inbox HTTP/1.1" 200 - "http://localhost:8080/inbox" "Mozilla/5.0 (Macintosh; Intel Mac OS X 10_9_4) AppleWebKit/537.36 (KHTML, like Gecko) Chrome/39.0.2171.71 Safari/537.36"
0:0:0:0:0:0:0:1 -  -  [05/Dec/2014:01:41:18 +0000] "GET /inbox?order=date HTTP/1.1" 200 - "http://localhost:8080/inbox" "Mozilla/5.0 (Macintosh; Intel Mac OS X 10_9_4) AppleWebKit/537.36 (KHTML, like Gecko) Chrome/39.0.2171.71 Safari/537.36"
0:0:0:0:0:0:0:1 -  -  [05/Dec/2014:01:41:20 +0000] "GET /rightManager?folder=inbox HTTP/1.1" 200 - "http://localhost:8080/inbox?order=date" "Mozilla/5.0 (Macintosh; Intel Mac OS X 10_9_4) AppleWebKit/537.36 (KHTML, like Gecko) Chrome/39.0.2171.71 Safari/537.36"
0:0:0:0:0:0:0:1 -  -  [05/Dec/2014:01:41:20 +0000] "GET /inbox?order=date HTTP/1.1" 200 - "http://localhost:8080/inbox?order=date" "Mozilla/5.0 (Macintosh; Intel Mac OS X 10_9_4) AppleWebKit/537.36 (KHTML, like Gecko) Chrome/39.0.2171.71 Safari/537.36"
0:0:0:0:0:0:0:1 -  -  [05/Dec/2014:01:41:22 +0000] "GET /rightManager?folder=inbox HTTP/1.1" 200 - "http://localhost:8080/inbox?order=date" "Mozilla/5.0 (Macintosh; Intel Mac OS X 10_9_4) AppleWebKit/537.36 (KHTML, like Gecko) Chrome/39.0.2171.71 Safari/537.36"
0:0:0:0:0:0:0:1 -  -  [05/Dec/2014:01:41:22 +0000] "GET /inbox?order=date HTTP/1.1" 200 - "http://localhost:8080/inbox?order=date" "Mozilla/5.0 (Macintosh; Intel Mac OS X 10_9_4) AppleWebKit/537.36 (KHTML, like Gecko) Chrome/39.0.2171.71 Safari/537.36"
0:0:0:0:0:0:0:1 -  -  [05/Dec/2014:01:41:27 +0000] "GET /leftManager?folder=inbox HTTP/1.1" 200 - "http://localhost:8080/inbox?order=date" "Mozilla/5.0 (Macintosh; Intel Mac OS X 10_9_4) AppleWebKit/537.36 (KHTML, like Gecko) Chrome/39.0.2171.71 Safari/537.36"
0:0:0:0:0:0:0:1 -  -  [05/Dec/2014:01:41:27 +0000] "GET /inbox?order=date HTTP/1.1" 200 - "http://localhost:8080/inbox?order=date" "Mozilla/5.0 (Macintosh; Intel Mac OS X 10_9_4) AppleWebKit/537.36 (KHTML, like Gecko) Chrome/39.0.2171.71 Safari/537.36"
0:0:0:0:0:0:0:1 -  -  [05/Dec/2014:01:41:27 +0000] "GET /leftManager?folder=inbox HTTP/1.1" 200 - "http://localhost:8080/inbox?order=date" "Mozilla/5.0 (Macintosh; Intel Mac OS X 10_9_4) AppleWebKit/537.36 (KHTML, like Gecko) Chrome/39.0.2171.71 Safari/537.36"
0:0:0:0:0:0:0:1 -  -  [05/Dec/2014:01:41:27 +0000] "GET /inbox?order=date HTTP/1.1" 200 - "http://localhost:8080/inbox?order=date" "Mozilla/5.0 (Macintosh; Intel Mac OS X 10_9_4) AppleWebKit/537.36 (KHTML, like Gecko) Chrome/39.0.2171.71 Safari/537.36"
0:0:0:0:0:0:0:1 -  -  [05/Dec/2014:01:43:21 +0000] "GET /sendEmail HTTP/1.1" 200 - "http://localhost:8080/inbox?order=date" "Mozilla/5.0 (Macintosh; Intel Mac OS X 10_9_4) AppleWebKit/537.36 (KHTML, like Gecko) Chrome/39.0.2171.71 Safari/537.36"
0:0:0:0:0:0:0:1 -  -  [05/Dec/2014:01:43:23 +0000] "GET /checkEmailManager HTTP/1.1" 200 - "http://localhost:8080/inbox?order=date" "Mozilla/5.0 (Macintosh; Intel Mac OS X 10_9_4) AppleWebKit/537.36 (KHTML, like Gecko) Chrome/39.0.2171.71 Safari/537.36"
0:0:0:0:0:0:0:1 -  -  [05/Dec/2014:01:43:25 +0000] "GET /inbox HTTP/1.1" 200 - "http://localhost:8080/inbox?order=date" "Mozilla/5.0 (Macintosh; Intel Mac OS X 10_9_4) AppleWebKit/537.36 (KHTML, like Gecko) Chrome/39.0.2171.71 Safari/537.36"
0:0:0:0:0:0:0:1 -  -  [05/Dec/2014:01:43:41 +0000] "GET /sent HTTP/1.1" 200 - "http://localhost:8080/inbox" "Mozilla/5.0 (Macintosh; Intel Mac OS X 10_9_4) AppleWebKit/537.36 (KHTML, like Gecko) Chrome/39.0.2171.71 Safari/537.36"
0:0:0:0:0:0:0:1 -  -  [05/Dec/2014:01:43:44 +0000] "GET /rightManager?folder=sent HTTP/1.1" 200 - "http://localhost:8080/sent" "Mozilla/5.0 (Macintosh; Intel Mac OS X 10_9_4) AppleWebKit/537.36 (KHTML, like Gecko) Chrome/39.0.2171.71 Safari/537.36"
0:0:0:0:0:0:0:1 -  -  [05/Dec/2014:01:43:44 +0000] "GET /sent?order=date HTTP/1.1" 200 - "http://localhost:8080/sent" "Mozilla/5.0 (Macintosh; Intel Mac OS X 10_9_4) AppleWebKit/537.36 (KHTML, like Gecko) Chrome/39.0.2171.71 Safari/537.36"
0:0:0:0:0:0:0:1 -  -  [05/Dec/2014:01:43:45 +0000] "GET /leftManager?folder=sent HTTP/1.1" 200 - "http://localhost:8080/sent?order=date" "Mozilla/5.0 (Macintosh; Intel Mac OS X 10_9_4) AppleWebKit/537.36 (KHTML, like Gecko) Chrome/39.0.2171.71 Safari/537.36"
0:0:0:0:0:0:0:1 -  -  [05/Dec/2014:01:43:45 +0000] "GET /sent?order=date HTTP/1.1" 200 - "http://localhost:8080/sent?order=date" "Mozilla/5.0 (Macintosh; Intel Mac OS X 10_9_4) AppleWebKit/537.36 (KHTML, like Gecko) Chrome/39.0.2171.71 Safari/537.36"
0:0:0:0:0:0:0:1 -  -  [05/Dec/2014:01:43:46 +0000] "GET /sendEmail HTTP/1.1" 200 - "http://localhost:8080/sent?order=date" "Mozilla/5.0 (Macintosh; Intel Mac OS X 10_9_4) AppleWebKit/537.36 (KHTML, like Gecko) Chrome/39.0.2171.71 Safari/537.36"
0:0:0:0:0:0:0:1 -  -  [05/Dec/2014:01:43:52 +0000] "POST /sendEmailManager HTTP/1.1" 200 - "http://localhost:8080/sendEmail" "Mozilla/5.0 (Macintosh; Intel Mac OS X 10_9_4) AppleWebKit/537.36 (KHTML, like Gecko) Chrome/39.0.2171.71 Safari/537.36"
0:0:0:0:0:0:0:1 -  -  [05/Dec/2014:01:43:54 +0000] "GET /emailSendSuccess HTTP/1.1" 200 - "http://localhost:8080/sendEmail" "Mozilla/5.0 (Macintosh; Intel Mac OS X 10_9_4) AppleWebKit/537.36 (KHTML, like Gecko) Chrome/39.0.2171.71 Safari/537.36"
0:0:0:0:0:0:0:1 -  -  [05/Dec/2014:01:44:00 +0000] "GET /sent HTTP/1.1" 200 - "http://localhost:8080/sent?order=date" "Mozilla/5.0 (Macintosh; Intel Mac OS X 10_9_4) AppleWebKit/537.36 (KHTML, like Gecko) Chrome/39.0.2171.71 Safari/537.36"
0:0:0:0:0:0:0:1 -  -  [05/Dec/2014:01:44:02 +0000] "GET /rightManager?folder=sent HTTP/1.1" 200 - "http://localhost:8080/sent" "Mozilla/5.0 (Macintosh; Intel Mac OS X 10_9_4) AppleWebKit/537.36 (KHTML, like Gecko) Chrome/39.0.2171.71 Safari/537.36"
0:0:0:0:0:0:0:1 -  -  [05/Dec/2014:01:44:02 +0000] "GET /sent?order=date HTTP/1.1" 200 - "http://localhost:8080/sent" "Mozilla/5.0 (Macintosh; Intel Mac OS X 10_9_4) AppleWebKit/537.36 (KHTML, like Gecko) Chrome/39.0.2171.71 Safari/537.36"
0:0:0:0:0:0:0:1 -  -  [05/Dec/2014:01:44:03 +0000] "GET /leftManager?folder=sent HTTP/1.1" 200 - "http://localhost:8080/sent?order=date" "Mozilla/5.0 (Macintosh; Intel Mac OS X 10_9_4) AppleWebKit/537.36 (KHTML, like Gecko) Chrome/39.0.2171.71 Safari/537.36"
0:0:0:0:0:0:0:1 -  -  [05/Dec/2014:01:44:03 +0000] "GET /sent?order=date HTTP/1.1" 200 - "http://localhost:8080/sent?order=date" "Mozilla/5.0 (Macintosh; Intel Mac OS X 10_9_4) AppleWebKit/537.36 (KHTML, like Gecko) Chrome/39.0.2171.71 Safari/537.36"
0:0:0:0:0:0:0:1 -  -  [05/Dec/2014:01:44:05 +0000] "GET /trash HTTP/1.1" 200 - "http://localhost:8080/sent?order=date" "Mozilla/5.0 (Macintosh; Intel Mac OS X 10_9_4) AppleWebKit/537.36 (KHTML, like Gecko) Chrome/39.0.2171.71 Safari/537.36"
0:0:0:0:0:0:0:1 -  -  [05/Dec/2014:01:44:06 +0000] "GET /emptyManager HTTP/1.1" 200 - "http://localhost:8080/trash" "Mozilla/5.0 (Macintosh; Intel Mac OS X 10_9_4) AppleWebKit/537.36 (KHTML, like Gecko) Chrome/39.0.2171.71 Safari/537.36"
0:0:0:0:0:0:0:1 -  -  [05/Dec/2014:01:44:06 +0000] "GET /trash HTTP/1.1" 200 - "http://localhost:8080/trash" "Mozilla/5.0 (Macintosh; Intel Mac OS X 10_9_4) AppleWebKit/537.36 (KHTML, like Gecko) Chrome/39.0.2171.71 Safari/537.36"
0:0:0:0:0:0:0:1 -  -  [05/Dec/2014:01:44:07 +0000] "GET /sent HTTP/1.1" 200 - "http://localhost:8080/trash" "Mozilla/5.0 (Macintosh; Intel Mac OS X 10_9_4) AppleWebKit/537.36 (KHTML, like Gecko) Chrome/39.0.2171.71 Safari/537.36"
0:0:0:0:0:0:0:1 -  -  [05/Dec/2014:01:44:12 +0000] "GET /inbox HTTP/1.1" 200 - "http://localhost:8080/sent" "Mozilla/5.0 (Macintosh; Intel Mac OS X 10_9_4) AppleWebKit/537.36 (KHTML, like Gecko) Chrome/39.0.2171.71 Safari/537.36"
0:0:0:0:0:0:0:1 -  -  [05/Dec/2014:01:44:15 +0000] "GET /deleteManager?emailID=100&folder=inbox HTTP/1.1" 200 - "http://localhost:8080/inbox" "Mozilla/5.0 (Macintosh; Intel Mac OS X 10_9_4) AppleWebKit/537.36 (KHTML, like Gecko) Chrome/39.0.2171.71 Safari/537.36"
0:0:0:0:0:0:0:1 -  -  [05/Dec/2014:01:44:15 +0000] "GET /inbox HTTP/1.1" 200 - "http://localhost:8080/inbox" "Mozilla/5.0 (Macintosh; Intel Mac OS X 10_9_4) AppleWebKit/537.36 (KHTML, like Gecko) Chrome/39.0.2171.71 Safari/537.36"
0:0:0:0:0:0:0:1 -  -  [05/Dec/2014:01:44:19 +0000] "GET /trash HTTP/1.1" 200 - "http://localhost:8080/inbox" "Mozilla/5.0 (Macintosh; Intel Mac OS X 10_9_4) AppleWebKit/537.36 (KHTML, like Gecko) Chrome/39.0.2171.71 Safari/537.36"
0:0:0:0:0:0:0:1 -  -  [05/Dec/2014:01:44:22 +0000] "GET /inbox HTTP/1.1" 200 - "http://localhost:8080/trash" "Mozilla/5.0 (Macintosh; Intel Mac OS X 10_9_4) AppleWebKit/537.36 (KHTML, like Gecko) Chrome/39.0.2171.71 Safari/537.36"
0:0:0:0:0:0:0:1 -  -  [05/Dec/2014:02:00:07 +0000] "GET /login HTTP/1.1" 200 - "-" "Mozilla/5.0 (Macintosh; Intel Mac OS X 10_9_4) AppleWebKit/537.36 (KHTML, like Gecko) Chrome/39.0.2171.71 Safari/537.36"
0:0:0:0:0:0:0:1 -  -  [05/Dec/2014:02:00:11 +0000] "POST /userLoginManager HTTP/1.1" 200 - "http://localhost:8080/login" "Mozilla/5.0 (Macintosh; Intel Mac OS X 10_9_4) AppleWebKit/537.36 (KHTML, like Gecko) Chrome/39.0.2171.71 Safari/537.36"
0:0:0:0:0:0:0:1 -  -  [05/Dec/2014:02:00:11 +0000] "GET /welcome HTTP/1.1" 200 - "http://localhost:8080/login" "Mozilla/5.0 (Macintosh; Intel Mac OS X 10_9_4) AppleWebKit/537.36 (KHTML, like Gecko) Chrome/39.0.2171.71 Safari/537.36"
0:0:0:0:0:0:0:1 -  -  [05/Dec/2014:02:00:12 +0000] "POST /afterWelcomeBeforeInboxManager HTTP/1.1" 200 - "http://localhost:8080/welcome" "Mozilla/5.0 (Macintosh; Intel Mac OS X 10_9_4) AppleWebKit/537.36 (KHTML, like Gecko) Chrome/39.0.2171.71 Safari/537.36"
0:0:0:0:0:0:0:1 -  -  [05/Dec/2014:02:00:12 +0000] "GET /inbox HTTP/1.1" 200 - "http://localhost:8080/welcome" "Mozilla/5.0 (Macintosh; Intel Mac OS X 10_9_4) AppleWebKit/537.36 (KHTML, like Gecko) Chrome/39.0.2171.71 Safari/537.36"
0:0:0:0:0:0:0:1 -  -  [05/Dec/2014:02:00:16 +0000] "GET /checkEmailManager HTTP/1.1" 200 - "http://localhost:8080/inbox" "Mozilla/5.0 (Macintosh; Intel Mac OS X 10_9_4) AppleWebKit/537.36 (KHTML, like Gecko) Chrome/39.0.2171.71 Safari/537.36"
0:0:0:0:0:0:0:1 -  -  [05/Dec/2014:02:00:18 +0000] "GET /inbox HTTP/1.1" 200 - "http://localhost:8080/inbox" "Mozilla/5.0 (Macintosh; Intel Mac OS X 10_9_4) AppleWebKit/537.36 (KHTML, like Gecko) Chrome/39.0.2171.71 Safari/537.36"
0:0:0:0:0:0:0:1 -  -  [05/Dec/2014:02:09:26 +0000] "GET /deleteManager?emailID=102&folder=inbox HTTP/1.1" 200 - "http://localhost:8080/inbox" "Mozilla/5.0 (Macintosh; Intel Mac OS X 10_9_4) AppleWebKit/537.36 (KHTML, like Gecko) Chrome/39.0.2171.71 Safari/537.36"
0:0:0:0:0:0:0:1 -  -  [05/Dec/2014:02:09:26 +0000] "GET /inbox HTTP/1.1" 200 - "http://localhost:8080/inbox" "Mozilla/5.0 (Macintosh; Intel Mac OS X 10_9_4) AppleWebKit/537.36 (KHTML, like Gecko) Chrome/39.0.2171.71 Safari/537.36"
0:0:0:0:0:0:0:1 -  -  [05/Dec/2014:02:09:29 +0000] "GET /deleteManager?emailID=111&folder=inbox HTTP/1.1" 200 - "http://localhost:8080/inbox" "Mozilla/5.0 (Macintosh; Intel Mac OS X 10_9_4) AppleWebKit/537.36 (KHTML, like Gecko) Chrome/39.0.2171.71 Safari/537.36"
0:0:0:0:0:0:0:1 -  -  [05/Dec/2014:02:09:29 +0000] "GET /inbox HTTP/1.1" 200 - "http://localhost:8080/inbox" "Mozilla/5.0 (Macintosh; Intel Mac OS X 10_9_4) AppleWebKit/537.36 (KHTML, like Gecko) Chrome/39.0.2171.71 Safari/537.36"
